<?xml version="1.0" encoding="UTF-8"?>
<!-- Generated by org.testng.reporters.JUnitXMLReporter -->
<testsuite ignored="0" hostname="TEST-010" failures="0" tests="3" name="Default test" time="64.645" errors="0" timestamp="2023-03-14T17:26:03 IST">
  <testcase classname="CompanyScripts.ConfigureDeptScripts" name="create_Dept" time="18.018"/>
  <testcase classname="CompanyScripts.ConfigureDeptScripts" name="Edit_Dept" time="18.343"/>
  <testcase classname="CompanyScripts.ConfigureDeptScripts" name="Delete_Dept" time="14.792"/>
</testsuite> <!-- Default test -->
