<?xml version="1.0" encoding="UTF-8"?>
<!-- Generated by org.testng.reporters.JUnitXMLReporter -->
<testsuite ignored="0" hostname="TEST-010" failures="0" tests="3" name="Default test" time="39.481" errors="0" timestamp="2023-03-13T17:55:18 IST">
  <testcase classname="endToendTests.Certifications" name="CreateMarketing_System" time="6.555"/>
  <testcase classname="endToendTests.Certifications" name="CreateQuestionBank" time="9.91"/>
  <testcase classname="endToendTests.Certifications" name="CreateTemplate" time="8.691"/>
</testsuite> <!-- Default test -->
