<?xml version="1.0" encoding="UTF-8"?>
<!-- Generated by org.testng.reporters.JUnitXMLReporter -->
<testsuite ignored="0" hostname="TEST-010" failures="2" tests="37" name="Test" time="557.357" errors="0" timestamp="2023-02-15T18:05:35 IST">
  <testcase classname="scripts.createPostScripts" name="UploadText" time="10.89">
    <skipped/>
  </testcase> <!-- UploadText -->
  <testcase classname="scripts.createPostScripts" name="UploadText" time="9.565"/>
  <testcase classname="scripts.createPostScripts" name="UploadImage" time="7.802"/>
  <testcase classname="scripts.createPostScripts" name="UploadVideo" time="10.398"/>
  <testcase classname="scripts.createPostScripts" name="Upload_youtube_Url" time="10.208"/>
  <testcase classname="scripts.createPostScripts" name="upload_Five_Images" time="15.921"/>
  <testcase classname="scripts.createPostScripts" name="upload_FivePlus_Images" time="18.546"/>
  <testcase classname="scripts.createPostScripts" name="UploadVideo_Multiple" time="12.111">
    <skipped/>
  </testcase> <!-- UploadVideo_Multiple -->
  <testcase classname="scripts.createPostScripts" name="UploadVideo_Multiple" time="12.949">
    <skipped/>
  </testcase> <!-- UploadVideo_Multiple -->
  <testcase classname="scripts.createPostScripts" name="UploadVideo_Multiple" time="13.143">
    <skipped/>
  </testcase> <!-- UploadVideo_Multiple -->
  <testcase classname="scripts.createPostScripts" name="UploadVideo_Multiple" time="12.217">
    <failure type="java.lang.AssertionError" message="expected [Upload Count : 2] but found [Upload Count : 1]">
      <![CDATA[java.lang.AssertionError: expected [Upload Count : 2] but found [Upload Count : 1]
at scripts.createPostScripts.UploadVideo_Multiple(createPostScripts.java:215)
at java.base/java.util.ArrayList.forEach(ArrayList.java:1511)
... Removed 33 stack frames]]>
    </failure>
  </testcase> <!-- UploadVideo_Multiple -->
  <testcase classname="scripts.createPostScripts" name="public_Employees" time="5.768"/>
  <testcase classname="scripts.createPostScripts" name="public_Manaufacturer" time="5.872"/>
  <testcase classname="scripts.createPostScripts" name="public_Share_holder" time="6.047"/>
  <testcase classname="scripts.createPostScripts" name="public_Vendor" time="6.265"/>
  <testcase classname="scripts.createPostScripts" name="public_ALL_Man_Vend_Dist" time="8.952"/>
  <testcase classname="scripts.createPostScripts" name="public_ALL_Emp_Part_Share" time="8.58"/>
  <testcase classname="scripts.createPostScripts" name="Status_archieve" time="9.799"/>
  <testcase classname="scripts.createPostScripts" name="UploadImageAndCancel" time="5.927"/>
  <testcase classname="scripts.NewsFeed_Home" name="Edit_Post" time="9.36"/>
  <testcase classname="scripts.NewsFeed_Home" name="Delete_Post_SaveArchieve" time="11.447"/>
  <testcase classname="scripts.NewsFeed_Home" name="Delete_Post" time="14.081">
    <skipped/>
  </testcase> <!-- Delete_Post -->
  <testcase classname="scripts.NewsFeed_Home" name="Delete_Post" time="13.75"/>
  <testcase classname="scripts.NewsFeed_Home" name="Add_to_bookmark" time="11.773"/>
  <testcase classname="scripts.NewsFeed_Home" name="searchFeedwithCompany" time="11.203"/>
  <testcase classname="scripts.NewsFeed_Home" name="SearchFeedFilter_All" time="5.546"/>
  <testcase classname="scripts.NewsFeed_Home" name="SearchFeedFilter_SelfPost" time="4.828"/>
  <testcase classname="scripts.NewsFeed_Home" name="SearchFeedFilter_Compitators" time="3.892"/>
  <testcase classname="scripts.NewsFeed_Home" name="SearchFeedFilter_IndustrialRelationship" time="4.67"/>
  <testcase classname="scripts.NewsFeed_Home" name="SearchFeedFilter_Partner" time="3.851"/>
  <testcase classname="scripts.NewsFeed_Home" name="SearchFeedFilter_ShareHolder" time="4.782"/>
  <testcase classname="scripts.NewsFeed_Home" name="BookmaarkPost_Like" time="20.615"/>
  <testcase classname="scripts.NewsFeed_Home" name="BookmaarkPost_Comment" time="28.723"/>
  <testcase classname="scripts.NewsFeed_Home" name="BookmaarkPost_share" time="24.375"/>
  <testcase classname="scripts.NewsFeed_Home" name="ScrollFeedUntilLoadmore" time="7.053"/>
  <testcase classname="scripts.NewsFeed_Home" name="LikeAndShareFeedPost" time="21.368"/>
  <testcase classname="scripts.NewsFeed_Home" name="Play_Posted_Video" time="18.966">
    <failure type="org.openqa.selenium.NoSuchElementException" message="no such element: Unable to locate element: {&amp;quot;method&amp;quot;:&amp;quot;xpath&amp;quot;,&amp;quot;selector&amp;quot;:&amp;quot;//div[@class=&amp;apos;reactPlayerWidth&amp;apos;]//video&amp;quot;}
  (Session info: chrome=110.0.5481.96)
For documentation on this error, please visit: https://www.seleniumhq.org/exceptions/no_such_element.html
Build info: version: &amp;apos;3.141.59&amp;apos;, revision: &amp;apos;e82be7d358&amp;apos;, time: &amp;apos;2018-11-14T08:17:03&amp;apos;
System info: host: &amp;apos;TEST-010&amp;apos;, ip: &amp;apos;172.16.16.7&amp;apos;, os.name: &amp;apos;Windows 10&amp;apos;, os.arch: &amp;apos;amd64&amp;apos;, os.version: &amp;apos;10.0&amp;apos;, java.version: &amp;apos;17.0.5&amp;apos;
Driver info: org.openqa.selenium.chrome.ChromeDriver
Capabilities {acceptInsecureCerts: false, browserName: chrome, browserVersion: 110.0.5481.96, chrome: {chromedriverVersion: 110.0.5481.77 (65ed616c6e8e..., userDataDir: C:\Users\SOHEL~1.TES\AppDat...}, goog:chromeOptions: {debuggerAddress: localhost:57806}, javascriptEnabled: true, networkConnectionEnabled: false, pageLoadStrategy: normal, platform: WINDOWS, platformName: WINDOWS, proxy: Proxy(), setWindowRect: true, strictFileInteractability: false, timeouts: {implicit: 0, pageLoad: 300000, script: 30000}, unhandledPromptBehavior: dismiss and notify, webauthn:extension:credBlob: true, webauthn:extension:largeBlob: true, webauthn:virtualAuthenticators: true}
Session ID: 4f67b8a4a6c326c3549338f3f3434caa
*** Element info: {Using=xpath, value=//div[@class=&amp;apos;reactPlayerWidth&amp;apos;]//video}">
      <![CDATA[org.openqa.selenium.NoSuchElementException: no such element: Unable to locate element: {"method":"xpath","selector":"//div[@class='reactPlayerWidth']//video"}
  (Session info: chrome=110.0.5481.96)
For documentation on this error, please visit: https://www.seleniumhq.org/exceptions/no_such_element.html
Build info: version: '3.141.59', revision: 'e82be7d358', time: '2018-11-14T08:17:03'
System info: host: 'TEST-010', ip: '172.16.16.7', os.name: 'Windows 10', os.arch: 'amd64', os.version: '10.0', java.version: '17.0.5'
Driver info: org.openqa.selenium.chrome.ChromeDriver
Capabilities {acceptInsecureCerts: false, browserName: chrome, browserVersion: 110.0.5481.96, chrome: {chromedriverVersion: 110.0.5481.77 (65ed616c6e8e..., userDataDir: C:\Users\SOHEL~1.TES\AppDat...}, goog:chromeOptions: {debuggerAddress: localhost:57806}, javascriptEnabled: true, networkConnectionEnabled: false, pageLoadStrategy: normal, platform: WINDOWS, platformName: WINDOWS, proxy: Proxy(), setWindowRect: true, strictFileInteractability: false, timeouts: {implicit: 0, pageLoad: 300000, script: 30000}, unhandledPromptBehavior: dismiss and notify, webauthn:extension:credBlob: true, webauthn:extension:largeBlob: true, webauthn:virtualAuthenticators: true}
Session ID: 4f67b8a4a6c326c3549338f3f3434caa
*** Element info: {Using=xpath, value=//div[@class='reactPlayerWidth']//video}
at org.openqa.selenium.remote.http.W3CHttpResponseCodec.createException(W3CHttpResponseCodec.java:187)
at org.openqa.selenium.remote.http.W3CHttpResponseCodec.decode(W3CHttpResponseCodec.java:122)
at org.openqa.selenium.remote.http.W3CHttpResponseCodec.decode(W3CHttpResponseCodec.java:49)
at org.openqa.selenium.remote.HttpCommandExecutor.execute(HttpCommandExecutor.java:158)
at org.openqa.selenium.remote.service.DriverCommandExecutor.execute(DriverCommandExecutor.java:83)
at org.openqa.selenium.remote.RemoteWebDriver.execute(RemoteWebDriver.java:552)
at org.openqa.selenium.remote.RemoteWebDriver.findElement(RemoteWebDriver.java:323)
at org.openqa.selenium.remote.RemoteWebDriver.findElementByXPath(RemoteWebDriver.java:428)
at org.openqa.selenium.By$ByXPath.findElement(By.java:353)
at org.openqa.selenium.remote.RemoteWebDriver.findElement(RemoteWebDriver.java:315)
at scripts.NewsFeed_Home.Play_Posted_Video(NewsFeed_Home.java:585)
at java.base/java.util.ArrayList.forEach(ArrayList.java:1511)
... Removed 32 stack frames]]>
    </failure>
  </testcase> <!-- Play_Posted_Video -->
</testsuite> <!-- Test -->
