<?xml version="1.0" encoding="UTF-8"?>
<!-- Generated by org.testng.reporters.JUnitXMLReporter -->
<testsuite ignored="0" hostname="TEST-010" failures="5" tests="68" name="Test" time="1002.328" errors="0" timestamp="2023-03-08T16:20:20 IST">
  <testcase classname="CompanyScripts.compEmployeesScripts" name="ChangeRoleAs_Admin" time="14.039"/>
  <testcase classname="CompanyScripts.compEmployeesScripts" name="ChangeRoleAs_Employee" time="11.48"/>
  <testcase classname="CompanyScripts.compEmployeesScripts" name="Edit_Official_Details" time="14.548"/>
  <testcase classname="CompanyScripts.compEmployeesScripts" name="EmployeeProfile_NewsFeed" time="7.962"/>
  <testcase classname="CompanyScripts.compEmployeesScripts" name="EmployeeProfile" time="8.308"/>
  <testcase classname="CompanyScripts.compEmployeesScripts" name="Pendinf_Approve_Cancel" time="13.184"/>
  <testcase classname="CompanyScripts.compEmployeesScripts" name="Pending_reject_Cancel" time="6.31"/>
  <testcase classname="CompanyScripts.compEmployeesScripts" name="Pendinf_rejected" time="4.042"/>
  <testcase classname="CompanyScripts.compEmployeesScripts" name="SortBy_Filter" time="5.645"/>
  <testcase classname="CompanyScripts.compEmployeesScripts" name="InviteWithEmail_send" time="7.86">
    <skipped/>
  </testcase> <!-- InviteWithEmail_send -->
  <testcase classname="CompanyScripts.compEmployeesScripts" name="InviteWithEmail_send" time="7.199"/>
  <testcase classname="CompanyScripts.compEmployeesScripts" name="InviteWithEmail_Cancel" time="7.485"/>
  <testcase classname="CompanyScripts.compEmployeesScripts" name="createEmployeeInvalidDetails" time="8.602"/>
  <testcase classname="CompanyScripts.compEmployeesScripts" name="createEmployeeValid_Cancel" time="7.466"/>
  <testcase classname="CompanyScripts.compEmployeesScripts" name="createEmployeeValid_Add" time="7.32"/>
  <testcase classname="CompanyScripts.compNetworks" name="networksPage" time="5.604"/>
  <testcase classname="CompanyScripts.compNetworks" name="nPendingFeature" time="4.776"/>
  <testcase classname="CompanyScripts.compNetworks" name="nFollowFeature" time="4.715"/>
  <testcase classname="CompanyScripts.compNetworks" name="nBlockList" time="4.71"/>
  <testcase classname="CompanyScripts.compNetworks" name="All_RelationsFilter" time="5.32"/>
  <testcase classname="CompanyScripts.compNetworks" name="HumanResorseOf_RelationsFilter" time="6.171"/>
  <testcase classname="CompanyScripts.compNetworks" name="partenerOF_RelationsFilter" time="5.512"/>
  <testcase classname="CompanyScripts.compNetworks" name="CompanyProfile" time="8.816"/>
  <testcase classname="CompanyScripts.compNetworks" name="CompanyFollow_Unfollow" time="13.208"/>
  <testcase classname="CompanyScripts.compNetworks" name="Recommanded_Industries" time="13.62"/>
  <testcase classname="CompanyScripts.compNetworks" name="RecInd_NewsFeed" time="13.513"/>
  <testcase classname="CompanyScripts.compNetworks" name="InviteBusiness" time="7.692"/>
  <testcase classname="CompanyScripts.compNetworks" name="WhatsApp_InviteBusiness" time="10.204"/>
  <testcase classname="CompanyScripts.compNetworks" name="Facebook_InviteBusiness" time="9.431"/>
  <testcase classname="CompanyScripts.compNetworks" name="Twitter_InviteBusiness" time="12.333"/>
  <testcase classname="CompanyScripts.compNetworks" name="Instagram_InviteBusiness" time="10.762"/>
  <testcase classname="CompanyScripts.compNetworks" name="Linkedin_InviteBusiness" time="11.319"/>
  <testcase classname="CompanyScripts.compNetworks" name="Telegram_InviteBusiness" time="12.602"/>
  <testcase classname="CompanyScripts.compNetworks" name="Gmail_InviteBusiness" time="10.904"/>
  <testcase classname="CompanyScripts.ConfigureDeptScripts" name="create_Dept" time="8.074">
    <failure type="org.openqa.selenium.ElementNotInteractableException" message="element not interactable
  (Session info: chrome=110.0.5481.178)
Build info: version: &amp;apos;3.141.59&amp;apos;, revision: &amp;apos;e82be7d358&amp;apos;, time: &amp;apos;2018-11-14T08:17:03&amp;apos;
System info: host: &amp;apos;TEST-010&amp;apos;, ip: &amp;apos;172.16.16.34&amp;apos;, os.name: &amp;apos;Windows 10&amp;apos;, os.arch: &amp;apos;amd64&amp;apos;, os.version: &amp;apos;10.0&amp;apos;, java.version: &amp;apos;17.0.5&amp;apos;
Driver info: org.openqa.selenium.chrome.ChromeDriver
Capabilities {acceptInsecureCerts: false, browserName: chrome, browserVersion: 110.0.5481.178, chrome: {chromedriverVersion: 110.0.5481.77 (65ed616c6e8e..., userDataDir: C:\Users\SOHEL~1.TES\AppDat...}, goog:chromeOptions: {debuggerAddress: localhost:64460}, javascriptEnabled: true, networkConnectionEnabled: false, pageLoadStrategy: normal, platform: WINDOWS, platformName: WINDOWS, proxy: Proxy(), setWindowRect: true, strictFileInteractability: false, timeouts: {implicit: 0, pageLoad: 300000, script: 30000}, unhandledPromptBehavior: dismiss and notify, webauthn:extension:credBlob: true, webauthn:extension:largeBlob: true, webauthn:virtualAuthenticators: true}
Session ID: 7a404d6f6ae8fd6a3e455e528f9b86ef">
      <![CDATA[org.openqa.selenium.ElementNotInteractableException: element not interactable
  (Session info: chrome=110.0.5481.178)
Build info: version: '3.141.59', revision: 'e82be7d358', time: '2018-11-14T08:17:03'
System info: host: 'TEST-010', ip: '172.16.16.34', os.name: 'Windows 10', os.arch: 'amd64', os.version: '10.0', java.version: '17.0.5'
Driver info: org.openqa.selenium.chrome.ChromeDriver
Capabilities {acceptInsecureCerts: false, browserName: chrome, browserVersion: 110.0.5481.178, chrome: {chromedriverVersion: 110.0.5481.77 (65ed616c6e8e..., userDataDir: C:\Users\SOHEL~1.TES\AppDat...}, goog:chromeOptions: {debuggerAddress: localhost:64460}, javascriptEnabled: true, networkConnectionEnabled: false, pageLoadStrategy: normal, platform: WINDOWS, platformName: WINDOWS, proxy: Proxy(), setWindowRect: true, strictFileInteractability: false, timeouts: {implicit: 0, pageLoad: 300000, script: 30000}, unhandledPromptBehavior: dismiss and notify, webauthn:extension:credBlob: true, webauthn:extension:largeBlob: true, webauthn:virtualAuthenticators: true}
Session ID: 7a404d6f6ae8fd6a3e455e528f9b86ef
at org.openqa.selenium.remote.http.W3CHttpResponseCodec.createException(W3CHttpResponseCodec.java:187)
at org.openqa.selenium.remote.http.W3CHttpResponseCodec.decode(W3CHttpResponseCodec.java:122)
at org.openqa.selenium.remote.http.W3CHttpResponseCodec.decode(W3CHttpResponseCodec.java:49)
at org.openqa.selenium.remote.HttpCommandExecutor.execute(HttpCommandExecutor.java:158)
at org.openqa.selenium.remote.service.DriverCommandExecutor.execute(DriverCommandExecutor.java:83)
at org.openqa.selenium.remote.RemoteWebDriver.execute(RemoteWebDriver.java:552)
at org.openqa.selenium.remote.RemoteWebElement.execute(RemoteWebElement.java:285)
at org.openqa.selenium.remote.RemoteWebElement.sendKeys(RemoteWebElement.java:106)
at org.openqa.selenium.support.pagefactory.internal.LocatingElementHandler.invoke(LocatingElementHandler.java:51)
at jdk.proxy2/jdk.proxy2.$Proxy12.sendKeys(Unknown Source)
at pomPages.configurationPage.searchDeptField(configurationPage.java:70)
at CompanyScripts.ConfigureDeptScripts.create_Dept(ConfigureDeptScripts.java:29)
at java.base/java.util.ArrayList.forEach(ArrayList.java:1511)
... Removed 35 stack frames]]>
    </failure>
  </testcase> <!-- create_Dept -->
  <testcase classname="CompanyScripts.ConfigureDeptScripts" name="Edit_Dept" time="5.184">
    <failure type="org.openqa.selenium.ElementNotInteractableException" message="element not interactable
  (Session info: chrome=110.0.5481.178)
Build info: version: &amp;apos;3.141.59&amp;apos;, revision: &amp;apos;e82be7d358&amp;apos;, time: &amp;apos;2018-11-14T08:17:03&amp;apos;
System info: host: &amp;apos;TEST-010&amp;apos;, ip: &amp;apos;172.16.16.34&amp;apos;, os.name: &amp;apos;Windows 10&amp;apos;, os.arch: &amp;apos;amd64&amp;apos;, os.version: &amp;apos;10.0&amp;apos;, java.version: &amp;apos;17.0.5&amp;apos;
Driver info: org.openqa.selenium.chrome.ChromeDriver
Capabilities {acceptInsecureCerts: false, browserName: chrome, browserVersion: 110.0.5481.178, chrome: {chromedriverVersion: 110.0.5481.77 (65ed616c6e8e..., userDataDir: C:\Users\SOHEL~1.TES\AppDat...}, goog:chromeOptions: {debuggerAddress: localhost:64497}, javascriptEnabled: true, networkConnectionEnabled: false, pageLoadStrategy: normal, platform: WINDOWS, platformName: WINDOWS, proxy: Proxy(), setWindowRect: true, strictFileInteractability: false, timeouts: {implicit: 0, pageLoad: 300000, script: 30000}, unhandledPromptBehavior: dismiss and notify, webauthn:extension:credBlob: true, webauthn:extension:largeBlob: true, webauthn:virtualAuthenticators: true}
Session ID: cfd0c40c07b84081a647a52b9b8260d0">
      <![CDATA[org.openqa.selenium.ElementNotInteractableException: element not interactable
  (Session info: chrome=110.0.5481.178)
Build info: version: '3.141.59', revision: 'e82be7d358', time: '2018-11-14T08:17:03'
System info: host: 'TEST-010', ip: '172.16.16.34', os.name: 'Windows 10', os.arch: 'amd64', os.version: '10.0', java.version: '17.0.5'
Driver info: org.openqa.selenium.chrome.ChromeDriver
Capabilities {acceptInsecureCerts: false, browserName: chrome, browserVersion: 110.0.5481.178, chrome: {chromedriverVersion: 110.0.5481.77 (65ed616c6e8e..., userDataDir: C:\Users\SOHEL~1.TES\AppDat...}, goog:chromeOptions: {debuggerAddress: localhost:64497}, javascriptEnabled: true, networkConnectionEnabled: false, pageLoadStrategy: normal, platform: WINDOWS, platformName: WINDOWS, proxy: Proxy(), setWindowRect: true, strictFileInteractability: false, timeouts: {implicit: 0, pageLoad: 300000, script: 30000}, unhandledPromptBehavior: dismiss and notify, webauthn:extension:credBlob: true, webauthn:extension:largeBlob: true, webauthn:virtualAuthenticators: true}
Session ID: cfd0c40c07b84081a647a52b9b8260d0
at org.openqa.selenium.remote.http.W3CHttpResponseCodec.createException(W3CHttpResponseCodec.java:187)
at org.openqa.selenium.remote.http.W3CHttpResponseCodec.decode(W3CHttpResponseCodec.java:122)
at org.openqa.selenium.remote.http.W3CHttpResponseCodec.decode(W3CHttpResponseCodec.java:49)
at org.openqa.selenium.remote.HttpCommandExecutor.execute(HttpCommandExecutor.java:158)
at org.openqa.selenium.remote.service.DriverCommandExecutor.execute(DriverCommandExecutor.java:83)
at org.openqa.selenium.remote.RemoteWebDriver.execute(RemoteWebDriver.java:552)
at org.openqa.selenium.remote.RemoteWebElement.execute(RemoteWebElement.java:285)
at org.openqa.selenium.remote.RemoteWebElement.sendKeys(RemoteWebElement.java:106)
at org.openqa.selenium.support.pagefactory.internal.LocatingElementHandler.invoke(LocatingElementHandler.java:51)
at jdk.proxy2/jdk.proxy2.$Proxy12.sendKeys(Unknown Source)
at pomPages.configurationPage.searchDeptField(configurationPage.java:70)
at CompanyScripts.ConfigureDeptScripts.Edit_Dept(ConfigureDeptScripts.java:60)
at java.base/java.util.ArrayList.forEach(ArrayList.java:1511)
... Removed 35 stack frames]]>
    </failure>
  </testcase> <!-- Edit_Dept -->
  <testcase classname="CompanyScripts.ConfigureDeptScripts" name="Delete_Dept" time="5.734">
    <failure type="org.openqa.selenium.ElementNotInteractableException" message="element not interactable
  (Session info: chrome=110.0.5481.178)
Build info: version: &amp;apos;3.141.59&amp;apos;, revision: &amp;apos;e82be7d358&amp;apos;, time: &amp;apos;2018-11-14T08:17:03&amp;apos;
System info: host: &amp;apos;TEST-010&amp;apos;, ip: &amp;apos;172.16.16.34&amp;apos;, os.name: &amp;apos;Windows 10&amp;apos;, os.arch: &amp;apos;amd64&amp;apos;, os.version: &amp;apos;10.0&amp;apos;, java.version: &amp;apos;17.0.5&amp;apos;
Driver info: org.openqa.selenium.chrome.ChromeDriver
Capabilities {acceptInsecureCerts: false, browserName: chrome, browserVersion: 110.0.5481.178, chrome: {chromedriverVersion: 110.0.5481.77 (65ed616c6e8e..., userDataDir: C:\Users\SOHEL~1.TES\AppDat...}, goog:chromeOptions: {debuggerAddress: localhost:64534}, javascriptEnabled: true, networkConnectionEnabled: false, pageLoadStrategy: normal, platform: WINDOWS, platformName: WINDOWS, proxy: Proxy(), setWindowRect: true, strictFileInteractability: false, timeouts: {implicit: 0, pageLoad: 300000, script: 30000}, unhandledPromptBehavior: dismiss and notify, webauthn:extension:credBlob: true, webauthn:extension:largeBlob: true, webauthn:virtualAuthenticators: true}
Session ID: 6b75382883552766e793e3336797ce4e">
      <![CDATA[org.openqa.selenium.ElementNotInteractableException: element not interactable
  (Session info: chrome=110.0.5481.178)
Build info: version: '3.141.59', revision: 'e82be7d358', time: '2018-11-14T08:17:03'
System info: host: 'TEST-010', ip: '172.16.16.34', os.name: 'Windows 10', os.arch: 'amd64', os.version: '10.0', java.version: '17.0.5'
Driver info: org.openqa.selenium.chrome.ChromeDriver
Capabilities {acceptInsecureCerts: false, browserName: chrome, browserVersion: 110.0.5481.178, chrome: {chromedriverVersion: 110.0.5481.77 (65ed616c6e8e..., userDataDir: C:\Users\SOHEL~1.TES\AppDat...}, goog:chromeOptions: {debuggerAddress: localhost:64534}, javascriptEnabled: true, networkConnectionEnabled: false, pageLoadStrategy: normal, platform: WINDOWS, platformName: WINDOWS, proxy: Proxy(), setWindowRect: true, strictFileInteractability: false, timeouts: {implicit: 0, pageLoad: 300000, script: 30000}, unhandledPromptBehavior: dismiss and notify, webauthn:extension:credBlob: true, webauthn:extension:largeBlob: true, webauthn:virtualAuthenticators: true}
Session ID: 6b75382883552766e793e3336797ce4e
at org.openqa.selenium.remote.http.W3CHttpResponseCodec.createException(W3CHttpResponseCodec.java:187)
at org.openqa.selenium.remote.http.W3CHttpResponseCodec.decode(W3CHttpResponseCodec.java:122)
at org.openqa.selenium.remote.http.W3CHttpResponseCodec.decode(W3CHttpResponseCodec.java:49)
at org.openqa.selenium.remote.HttpCommandExecutor.execute(HttpCommandExecutor.java:158)
at org.openqa.selenium.remote.service.DriverCommandExecutor.execute(DriverCommandExecutor.java:83)
at org.openqa.selenium.remote.RemoteWebDriver.execute(RemoteWebDriver.java:552)
at org.openqa.selenium.remote.RemoteWebElement.execute(RemoteWebElement.java:285)
at org.openqa.selenium.remote.RemoteWebElement.sendKeys(RemoteWebElement.java:106)
at org.openqa.selenium.support.pagefactory.internal.LocatingElementHandler.invoke(LocatingElementHandler.java:51)
at jdk.proxy2/jdk.proxy2.$Proxy12.sendKeys(Unknown Source)
at pomPages.configurationPage.searchDeptField(configurationPage.java:70)
at CompanyScripts.ConfigureDeptScripts.Delete_Dept(ConfigureDeptScripts.java:95)
at java.base/java.util.ArrayList.forEach(ArrayList.java:1511)
... Removed 35 stack frames]]>
    </failure>
  </testcase> <!-- Delete_Dept -->
  <testcase classname="CompanyScripts.compCreatePostScripts" name="UploadText" time="8.438"/>
  <testcase classname="CompanyScripts.compCreatePostScripts" name="UploadImage" time="9.331"/>
  <testcase classname="CompanyScripts.compCreatePostScripts" name="UploadVideo" time="10.947"/>
  <testcase classname="CompanyScripts.compCreatePostScripts" name="Upload_youtube_Url" time="11.708"/>
  <testcase classname="CompanyScripts.compCreatePostScripts" name="upload_Five_Images" time="15.774"/>
  <testcase classname="CompanyScripts.compCreatePostScripts" name="upload_FivePlus_Images" time="20.553">
    <skipped/>
  </testcase> <!-- upload_FivePlus_Images -->
  <testcase classname="CompanyScripts.compCreatePostScripts" name="upload_FivePlus_Images" time="18.322"/>
  <testcase classname="CompanyScripts.compCreatePostScripts" name="public_Employees" time="9.554"/>
  <testcase classname="CompanyScripts.compCreatePostScripts" name="public_Manaufacturer" time="7.653"/>
  <testcase classname="CompanyScripts.compCreatePostScripts" name="public_Share_holder" time="5.898">
    <failure type="org.openqa.selenium.ElementClickInterceptedException" message="element click intercepted: Element &amp;lt;input class=&amp;quot;PrivateSwitchBase-input MuiSwitch-input css-1m9pwf3&amp;quot; id=&amp;quot;public&amp;quot; type=&amp;quot;checkbox&amp;quot; value=&amp;quot;true&amp;quot; checked=&amp;quot;&amp;quot;&amp;gt; is not clickable at point (881, 388). Other element would receive the click: &amp;lt;div class=&amp;quot;flexCol pdngXS mrgnTSM brdrTSM&amp;quot;&amp;gt;...&amp;lt;/div&amp;gt;
  (Session info: chrome=110.0.5481.178)
Build info: version: &amp;apos;3.141.59&amp;apos;, revision: &amp;apos;e82be7d358&amp;apos;, time: &amp;apos;2018-11-14T08:17:03&amp;apos;
System info: host: &amp;apos;TEST-010&amp;apos;, ip: &amp;apos;172.16.16.34&amp;apos;, os.name: &amp;apos;Windows 10&amp;apos;, os.arch: &amp;apos;amd64&amp;apos;, os.version: &amp;apos;10.0&amp;apos;, java.version: &amp;apos;17.0.5&amp;apos;
Driver info: org.openqa.selenium.chrome.ChromeDriver
Capabilities {acceptInsecureCerts: false, browserName: chrome, browserVersion: 110.0.5481.178, chrome: {chromedriverVersion: 110.0.5481.77 (65ed616c6e8e..., userDataDir: C:\Users\SOHEL~1.TES\AppDat...}, goog:chromeOptions: {debuggerAddress: localhost:65081}, javascriptEnabled: true, networkConnectionEnabled: false, pageLoadStrategy: normal, platform: WINDOWS, platformName: WINDOWS, proxy: Proxy(), setWindowRect: true, strictFileInteractability: false, timeouts: {implicit: 0, pageLoad: 300000, script: 30000}, unhandledPromptBehavior: dismiss and notify, webauthn:extension:credBlob: true, webauthn:extension:largeBlob: true, webauthn:virtualAuthenticators: true}
Session ID: 49b39ae0ac5b51745daa7d8ae8fa86cd">
      <![CDATA[org.openqa.selenium.ElementClickInterceptedException: element click intercepted: Element <input class="PrivateSwitchBase-input MuiSwitch-input css-1m9pwf3" id="public" type="checkbox" value="true" checked=""> is not clickable at point (881, 388). Other element would receive the click: <div class="flexCol pdngXS mrgnTSM brdrTSM">...</div>
  (Session info: chrome=110.0.5481.178)
Build info: version: '3.141.59', revision: 'e82be7d358', time: '2018-11-14T08:17:03'
System info: host: 'TEST-010', ip: '172.16.16.34', os.name: 'Windows 10', os.arch: 'amd64', os.version: '10.0', java.version: '17.0.5'
Driver info: org.openqa.selenium.chrome.ChromeDriver
Capabilities {acceptInsecureCerts: false, browserName: chrome, browserVersion: 110.0.5481.178, chrome: {chromedriverVersion: 110.0.5481.77 (65ed616c6e8e..., userDataDir: C:\Users\SOHEL~1.TES\AppDat...}, goog:chromeOptions: {debuggerAddress: localhost:65081}, javascriptEnabled: true, networkConnectionEnabled: false, pageLoadStrategy: normal, platform: WINDOWS, platformName: WINDOWS, proxy: Proxy(), setWindowRect: true, strictFileInteractability: false, timeouts: {implicit: 0, pageLoad: 300000, script: 30000}, unhandledPromptBehavior: dismiss and notify, webauthn:extension:credBlob: true, webauthn:extension:largeBlob: true, webauthn:virtualAuthenticators: true}
Session ID: 49b39ae0ac5b51745daa7d8ae8fa86cd
at org.openqa.selenium.remote.http.W3CHttpResponseCodec.createException(W3CHttpResponseCodec.java:187)
at org.openqa.selenium.remote.http.W3CHttpResponseCodec.decode(W3CHttpResponseCodec.java:122)
at org.openqa.selenium.remote.http.W3CHttpResponseCodec.decode(W3CHttpResponseCodec.java:49)
at org.openqa.selenium.remote.HttpCommandExecutor.execute(HttpCommandExecutor.java:158)
at org.openqa.selenium.remote.service.DriverCommandExecutor.execute(DriverCommandExecutor.java:83)
at org.openqa.selenium.remote.RemoteWebDriver.execute(RemoteWebDriver.java:552)
at org.openqa.selenium.remote.RemoteWebElement.execute(RemoteWebElement.java:285)
at org.openqa.selenium.remote.RemoteWebElement.click(RemoteWebElement.java:84)
at org.openqa.selenium.support.pagefactory.internal.LocatingElementHandler.invoke(LocatingElementHandler.java:51)
at jdk.proxy2/jdk.proxy2.$Proxy12.click(Unknown Source)
at pomPages.createNews.PublicButton(createNews.java:122)
at CompanyScripts.compCreatePostScripts.public_Share_holder(compCreatePostScripts.java:283)
at java.base/java.util.ArrayList.forEach(ArrayList.java:1511)
... Removed 35 stack frames]]>
    </failure>
  </testcase> <!-- public_Share_holder -->
  <testcase classname="CompanyScripts.compCreatePostScripts" name="public_Vendor" time="9.986"/>
  <testcase classname="CompanyScripts.compCreatePostScripts" name="public_ALL_Man_Vend_Dist" time="9.75"/>
  <testcase classname="CompanyScripts.compCreatePostScripts" name="public_ALL_Emp_Part_Share" time="7.119">
    <skipped/>
  </testcase> <!-- public_ALL_Emp_Part_Share -->
  <testcase classname="CompanyScripts.compCreatePostScripts" name="public_ALL_Emp_Part_Share" time="7.486"/>
  <testcase classname="CompanyScripts.compCreatePostScripts" name="Status_archieve" time="12.584"/>
  <testcase classname="CompanyScripts.compCreatePostScripts" name="UploadImageAndCancel" time="7.934">
    <skipped/>
  </testcase> <!-- UploadImageAndCancel -->
  <testcase classname="CompanyScripts.compCreatePostScripts" name="UploadImageAndCancel" time="7.768">
    <skipped/>
  </testcase> <!-- UploadImageAndCancel -->
  <testcase classname="CompanyScripts.compCreatePostScripts" name="UploadImageAndCancel" time="7.749">
    <skipped/>
  </testcase> <!-- UploadImageAndCancel -->
  <testcase classname="CompanyScripts.compCreatePostScripts" name="UploadImageAndCancel" time="7.715">
    <failure type="org.openqa.selenium.ElementClickInterceptedException" message="element click intercepted: Element &amp;lt;div class=&amp;quot;flexAutoRow alignCntr pdngHXS&amp;quot;&amp;gt;...&amp;lt;/div&amp;gt; is not clickable at point (910, 64). Other element would receive the click: &amp;lt;div class=&amp;quot;loaderCntnr fullWidthLoader&amp;quot;&amp;gt;...&amp;lt;/div&amp;gt;
  (Session info: chrome=110.0.5481.178)
Build info: version: &amp;apos;3.141.59&amp;apos;, revision: &amp;apos;e82be7d358&amp;apos;, time: &amp;apos;2018-11-14T08:17:03&amp;apos;
System info: host: &amp;apos;TEST-010&amp;apos;, ip: &amp;apos;172.16.16.34&amp;apos;, os.name: &amp;apos;Windows 10&amp;apos;, os.arch: &amp;apos;amd64&amp;apos;, os.version: &amp;apos;10.0&amp;apos;, java.version: &amp;apos;17.0.5&amp;apos;
Driver info: org.openqa.selenium.chrome.ChromeDriver
Capabilities {acceptInsecureCerts: false, browserName: chrome, browserVersion: 110.0.5481.178, chrome: {chromedriverVersion: 110.0.5481.77 (65ed616c6e8e..., userDataDir: C:\Users\SOHEL~1.TES\AppDat...}, goog:chromeOptions: {debuggerAddress: localhost:65499}, javascriptEnabled: true, networkConnectionEnabled: false, pageLoadStrategy: normal, platform: WINDOWS, platformName: WINDOWS, proxy: Proxy(), setWindowRect: true, strictFileInteractability: false, timeouts: {implicit: 0, pageLoad: 300000, script: 30000}, unhandledPromptBehavior: dismiss and notify, webauthn:extension:credBlob: true, webauthn:extension:largeBlob: true, webauthn:virtualAuthenticators: true}
Session ID: 952ee355cb1c78bbcf21b32d20b3c277">
      <![CDATA[org.openqa.selenium.ElementClickInterceptedException: element click intercepted: Element <div class="flexAutoRow alignCntr pdngHXS">...</div> is not clickable at point (910, 64). Other element would receive the click: <div class="loaderCntnr fullWidthLoader">...</div>
  (Session info: chrome=110.0.5481.178)
Build info: version: '3.141.59', revision: 'e82be7d358', time: '2018-11-14T08:17:03'
System info: host: 'TEST-010', ip: '172.16.16.34', os.name: 'Windows 10', os.arch: 'amd64', os.version: '10.0', java.version: '17.0.5'
Driver info: org.openqa.selenium.chrome.ChromeDriver
Capabilities {acceptInsecureCerts: false, browserName: chrome, browserVersion: 110.0.5481.178, chrome: {chromedriverVersion: 110.0.5481.77 (65ed616c6e8e..., userDataDir: C:\Users\SOHEL~1.TES\AppDat...}, goog:chromeOptions: {debuggerAddress: localhost:65499}, javascriptEnabled: true, networkConnectionEnabled: false, pageLoadStrategy: normal, platform: WINDOWS, platformName: WINDOWS, proxy: Proxy(), setWindowRect: true, strictFileInteractability: false, timeouts: {implicit: 0, pageLoad: 300000, script: 30000}, unhandledPromptBehavior: dismiss and notify, webauthn:extension:credBlob: true, webauthn:extension:largeBlob: true, webauthn:virtualAuthenticators: true}
Session ID: 952ee355cb1c78bbcf21b32d20b3c277
at org.openqa.selenium.remote.http.W3CHttpResponseCodec.createException(W3CHttpResponseCodec.java:187)
at org.openqa.selenium.remote.http.W3CHttpResponseCodec.decode(W3CHttpResponseCodec.java:122)
at org.openqa.selenium.remote.http.W3CHttpResponseCodec.decode(W3CHttpResponseCodec.java:49)
at org.openqa.selenium.remote.HttpCommandExecutor.execute(HttpCommandExecutor.java:158)
at org.openqa.selenium.remote.service.DriverCommandExecutor.execute(DriverCommandExecutor.java:83)
at org.openqa.selenium.remote.RemoteWebDriver.execute(RemoteWebDriver.java:552)
at org.openqa.selenium.remote.RemoteWebElement.execute(RemoteWebElement.java:285)
at org.openqa.selenium.remote.RemoteWebElement.click(RemoteWebElement.java:84)
at org.openqa.selenium.support.pagefactory.internal.LocatingElementHandler.invoke(LocatingElementHandler.java:51)
at jdk.proxy2/jdk.proxy2.$Proxy12.click(Unknown Source)
at pomPages.createNews.Cancel_Button(createNews.java:157)
at CompanyScripts.compCreatePostScripts.UploadImageAndCancel(compCreatePostScripts.java:494)
at java.base/java.util.ArrayList.forEach(ArrayList.java:1511)
... Removed 35 stack frames]]>
    </failure>
  </testcase> <!-- UploadImageAndCancel -->
  <testcase classname="CompanyScripts.compCreatePostScripts" name="public_Distribtor" time="9.749"/>
  <testcase classname="CompanyScripts.compNewsFeed_Home" name="BookmaarkPost_Comment" time="30.852"/>
  <testcase classname="CompanyScripts.compNewsFeed_Home" name="Edit_Post" time="11.736"/>
  <testcase classname="CompanyScripts.compNewsFeed_Home" name="Delete_Post" time="13.936">
    <skipped/>
  </testcase> <!-- Delete_Post -->
  <testcase classname="CompanyScripts.compNewsFeed_Home" name="Delete_Post" time="14.562"/>
  <testcase classname="CompanyScripts.compNewsFeed_Home" name="Add_to_bookmark" time="13.072"/>
  <testcase classname="CompanyScripts.compNewsFeed_Home" name="searchFeedwithCompany" time="11.036"/>
  <testcase classname="CompanyScripts.compNewsFeed_Home" name="BookmaarkPost_Like" time="20.478"/>
  <testcase classname="CompanyScripts.compNewsFeed_Home" name="BookmaarkPost_share" time="25.165"/>
  <testcase classname="CompanyScripts.compNewsFeed_Home" name="ScrollFeedUntilLoadmore" time="8.263"/>
  <testcase classname="CompanyScripts.compNewsFeed_Home" name="LikeAndShareFeedPost" time="21.16"/>
  <testcase classname="CompanyScripts.compNewsFeed_Home" name="Play_Posted_Video" time="16.92"/>
</testsuite> <!-- Test -->
