<?xml version="1.0" encoding="UTF-8"?>
<!-- Generated by org.testng.reporters.JUnitXMLReporter -->
<testsuite ignored="0" hostname="TEST-010" failures="1" tests="21" name="Test" time="311.892" errors="0" timestamp="2023-03-07T10:46:23 IST">
  <testcase classname="CompanyScripts.compNetworks" name="networksPage" time="5.148"/>
  <testcase classname="CompanyScripts.compNetworks" name="nPendingFeature" time="5.252"/>
  <testcase classname="CompanyScripts.compNetworks" name="nFollowFeature" time="5.306"/>
  <testcase classname="CompanyScripts.compNetworks" name="nBlockList" time="5.047"/>
  <testcase classname="CompanyScripts.compNetworks" name="All_RelationsFilter" time="5.621"/>
  <testcase classname="CompanyScripts.compNetworks" name="HumanResorseOf_RelationsFilter" time="6.126"/>
  <testcase classname="CompanyScripts.compNetworks" name="partenerOF_RelationsFilter" time="6.009"/>
  <testcase classname="CompanyScripts.compNetworks" name="CompanyProfile" time="9.693"/>
  <testcase classname="CompanyScripts.compNetworks" name="CompanyFollow_Unfollow" time="21.552">
    <skipped/>
  </testcase> <!-- CompanyFollow_Unfollow -->
  <testcase classname="CompanyScripts.compNetworks" name="CompanyFollow_Unfollow" time="21.188">
    <skipped/>
  </testcase> <!-- CompanyFollow_Unfollow -->
  <testcase classname="CompanyScripts.compNetworks" name="CompanyFollow_Unfollow" time="13.314"/>
  <testcase classname="CompanyScripts.compNetworks" name="Recommanded_Industries" time="14.562"/>
  <testcase classname="CompanyScripts.compNetworks" name="RecInd_NewsFeed" time="14.623"/>
  <testcase classname="CompanyScripts.compNetworks" name="InviteBusiness" time="8.056"/>
  <testcase classname="CompanyScripts.compNetworks" name="WhatsApp_InviteBusiness" time="10.773">
    <failure type="java.lang.AssertionError" message="expected [https://web.whatsapp.com/send?text=https%3A%2F%2Ftestapp.inlink.pro%2Fcompany] but found [https://web.whatsapp.com/]">
      <![CDATA[java.lang.AssertionError: expected [https://web.whatsapp.com/send?text=https%3A%2F%2Ftestapp.inlink.pro%2Fcompany] but found [https://web.whatsapp.com/]
at CompanyScripts.compNetworks.WhatsApp_InviteBusiness(compNetworks.java:292)
at java.base/java.util.ArrayList.forEach(ArrayList.java:1511)
... Removed 33 stack frames]]>
    </failure>
  </testcase> <!-- WhatsApp_InviteBusiness -->
  <testcase classname="CompanyScripts.compNetworks" name="Facebook_InviteBusiness" time="10.384"/>
  <testcase classname="CompanyScripts.compNetworks" name="Twitter_InviteBusiness" time="12.364"/>
  <testcase classname="CompanyScripts.compNetworks" name="Instagram_InviteBusiness" time="12.578"/>
  <testcase classname="CompanyScripts.compNetworks" name="Linkedin_InviteBusiness" time="11.239"/>
  <testcase classname="CompanyScripts.compNetworks" name="Telegram_InviteBusiness" time="13.437"/>
  <testcase classname="CompanyScripts.compNetworks" name="Gmail_InviteBusiness" time="12.059"/>
</testsuite> <!-- Test -->
