<?xml version="1.0" encoding="UTF-8"?>
<!-- Generated by org.testng.reporters.JUnitXMLReporter -->
<testsuite ignored="0" hostname="TEST-010" failures="0" tests="11" name="Test" time="158.877" errors="0" timestamp="2023-03-10T17:59:17 IST">
  <testcase classname="CompanyScripts.resourcesScripts" name="ResourcesPage" time="4.025"/>
  <testcase classname="CompanyScripts.resourcesScripts" name="Create_Category" time="9.528"/>
  <testcase classname="CompanyScripts.resourcesScripts" name="Update_Category" time="10.91"/>
  <testcase classname="CompanyScripts.resourcesScripts" name="Delete_Category" time="7.881"/>
  <testcase classname="CompanyScripts.resourcesScripts" name="Create_category" time="8.066"/>
  <testcase classname="CompanyScripts.resourcesScripts" name="CreateSub_Category" time="11.51"/>
  <testcase classname="CompanyScripts.resourcesScripts" name="Create_Content" time="23.128"/>
  <testcase classname="CompanyScripts.resourcesScripts" name="Delete_Content" time="15.476"/>
  <testcase classname="CompanyScripts.resourcesScripts" name="AllFilter" time="6.448"/>
  <testcase classname="CompanyScripts.resourcesScripts" name="EnabledFilter" time="5.202"/>
  <testcase classname="CompanyScripts.resourcesScripts" name="DisableFilter" time="5.312"/>
</testsuite> <!-- Test -->
