<?xml version="1.0" encoding="UTF-8"?>
<testng-results retried="1" ignored="0" total="26" passed="25" failed="0" skipped="0">
  <reporter-output>
  </reporter-output>
  <suite started-at="2023-02-27T15:18:14 IST" name="Suite" finished-at="2023-02-27T15:25:42 IST" duration-ms="447842">
    <groups>
    </groups>
    <test started-at="2023-02-27T15:18:14 IST" name="Test" finished-at="2023-02-27T15:25:42 IST" duration-ms="447842">
      <class name="CompanyScripts.compCreatePostScripts">
        <test-method is-config="true" signature="openApp()[pri:0, instance:CompanyScripts.compCreatePostScripts@75329a49]" started-at="2023-02-27T15:18:14 IST" name="openApp" finished-at="2023-02-27T15:18:19 IST" duration-ms="5063" status="PASS">
          <reporter-output>
          </reporter-output>
        </test-method> <!-- openApp -->
        <test-method signature="UploadText()[pri:1, instance:CompanyScripts.compCreatePostScripts@75329a49]" started-at="2023-02-27T15:18:19 IST" name="UploadText" finished-at="2023-02-27T15:18:28 IST" duration-ms="9111" status="PASS">
          <reporter-output>
          </reporter-output>
        </test-method> <!-- UploadText -->
        <test-method is-config="true" signature="closeApp(org.testng.ITestResult)[pri:0, instance:CompanyScripts.compCreatePostScripts@75329a49]" started-at="2023-02-27T15:18:28 IST" name="closeApp" finished-at="2023-02-27T15:18:30 IST" duration-ms="1453" status="PASS">
          <params>
            <param index="0">
              <value>
                <![CDATA[[TestResult name=UploadText status=SUCCESS method=compCreatePostScripts.UploadText()[pri:1, instance:CompanyScripts.compCreatePostScripts@75329a49] output={null}]]]>
              </value>
            </param>
          </params>
          <reporter-output>
          </reporter-output>
        </test-method> <!-- closeApp -->
        <test-method is-config="true" signature="openApp()[pri:0, instance:CompanyScripts.compCreatePostScripts@75329a49]" started-at="2023-02-27T15:18:30 IST" name="openApp" finished-at="2023-02-27T15:18:33 IST" duration-ms="3631" status="PASS">
          <reporter-output>
          </reporter-output>
        </test-method> <!-- openApp -->
        <test-method signature="UploadImage()[pri:2, instance:CompanyScripts.compCreatePostScripts@75329a49]" started-at="2023-02-27T15:18:33 IST" name="UploadImage" finished-at="2023-02-27T15:18:42 IST" duration-ms="8454" status="PASS">
          <reporter-output>
          </reporter-output>
        </test-method> <!-- UploadImage -->
        <test-method is-config="true" signature="closeApp(org.testng.ITestResult)[pri:0, instance:CompanyScripts.compCreatePostScripts@75329a49]" started-at="2023-02-27T15:18:42 IST" name="closeApp" finished-at="2023-02-27T15:18:42 IST" duration-ms="344" status="PASS">
          <params>
            <param index="0">
              <value>
                <![CDATA[[TestResult name=UploadImage status=SUCCESS method=compCreatePostScripts.UploadImage()[pri:2, instance:CompanyScripts.compCreatePostScripts@75329a49] output={null}]]]>
              </value>
            </param>
          </params>
          <reporter-output>
          </reporter-output>
        </test-method> <!-- closeApp -->
        <test-method is-config="true" signature="openApp()[pri:0, instance:CompanyScripts.compCreatePostScripts@75329a49]" started-at="2023-02-27T15:18:42 IST" name="openApp" finished-at="2023-02-27T15:18:45 IST" duration-ms="3417" status="PASS">
          <reporter-output>
          </reporter-output>
        </test-method> <!-- openApp -->
        <test-method signature="UploadVideo()[pri:3, instance:CompanyScripts.compCreatePostScripts@75329a49]" started-at="2023-02-27T15:18:45 IST" name="UploadVideo" finished-at="2023-02-27T15:18:57 IST" duration-ms="11421" status="PASS">
          <reporter-output>
          </reporter-output>
        </test-method> <!-- UploadVideo -->
        <test-method is-config="true" signature="closeApp(org.testng.ITestResult)[pri:0, instance:CompanyScripts.compCreatePostScripts@75329a49]" started-at="2023-02-27T15:18:57 IST" name="closeApp" finished-at="2023-02-27T15:18:57 IST" duration-ms="325" status="PASS">
          <params>
            <param index="0">
              <value>
                <![CDATA[[TestResult name=UploadVideo status=SUCCESS method=compCreatePostScripts.UploadVideo()[pri:3, instance:CompanyScripts.compCreatePostScripts@75329a49] output={null}]]]>
              </value>
            </param>
          </params>
          <reporter-output>
          </reporter-output>
        </test-method> <!-- closeApp -->
        <test-method is-config="true" signature="openApp()[pri:0, instance:CompanyScripts.compCreatePostScripts@75329a49]" started-at="2023-02-27T15:18:57 IST" name="openApp" finished-at="2023-02-27T15:19:01 IST" duration-ms="3381" status="PASS">
          <reporter-output>
          </reporter-output>
        </test-method> <!-- openApp -->
        <test-method signature="Upload_youtube_Url()[pri:4, instance:CompanyScripts.compCreatePostScripts@75329a49]" started-at="2023-02-27T15:19:01 IST" name="Upload_youtube_Url" finished-at="2023-02-27T15:19:12 IST" duration-ms="11934" status="PASS">
          <reporter-output>
          </reporter-output>
        </test-method> <!-- Upload_youtube_Url -->
        <test-method is-config="true" signature="closeApp(org.testng.ITestResult)[pri:0, instance:CompanyScripts.compCreatePostScripts@75329a49]" started-at="2023-02-27T15:19:12 IST" name="closeApp" finished-at="2023-02-27T15:19:13 IST" duration-ms="425" status="PASS">
          <params>
            <param index="0">
              <value>
                <![CDATA[[TestResult name=Upload_youtube_Url status=SUCCESS method=compCreatePostScripts.Upload_youtube_Url()[pri:4, instance:CompanyScripts.compCreatePostScripts@75329a49] output={null}]]]>
              </value>
            </param>
          </params>
          <reporter-output>
          </reporter-output>
        </test-method> <!-- closeApp -->
        <test-method is-config="true" signature="openApp()[pri:0, instance:CompanyScripts.compCreatePostScripts@75329a49]" started-at="2023-02-27T15:19:13 IST" name="openApp" finished-at="2023-02-27T15:19:16 IST" duration-ms="3403" status="PASS">
          <reporter-output>
          </reporter-output>
        </test-method> <!-- openApp -->
        <test-method signature="upload_Five_Images()[pri:5, instance:CompanyScripts.compCreatePostScripts@75329a49]" started-at="2023-02-27T15:19:16 IST" name="upload_Five_Images" finished-at="2023-02-27T15:19:33 IST" duration-ms="16298" status="PASS">
          <reporter-output>
          </reporter-output>
        </test-method> <!-- upload_Five_Images -->
        <test-method is-config="true" signature="closeApp(org.testng.ITestResult)[pri:0, instance:CompanyScripts.compCreatePostScripts@75329a49]" started-at="2023-02-27T15:19:33 IST" name="closeApp" finished-at="2023-02-27T15:19:34 IST" duration-ms="1311" status="PASS">
          <params>
            <param index="0">
              <value>
                <![CDATA[[TestResult name=upload_Five_Images status=SUCCESS method=compCreatePostScripts.upload_Five_Images()[pri:5, instance:CompanyScripts.compCreatePostScripts@75329a49] output={null}]]]>
              </value>
            </param>
          </params>
          <reporter-output>
          </reporter-output>
        </test-method> <!-- closeApp -->
        <test-method is-config="true" signature="openApp()[pri:0, instance:CompanyScripts.compCreatePostScripts@75329a49]" started-at="2023-02-27T15:19:34 IST" name="openApp" finished-at="2023-02-27T15:19:37 IST" duration-ms="3557" status="PASS">
          <reporter-output>
          </reporter-output>
        </test-method> <!-- openApp -->
        <test-method signature="upload_FivePlus_Images()[pri:6, instance:CompanyScripts.compCreatePostScripts@75329a49]" started-at="2023-02-27T15:19:37 IST" name="upload_FivePlus_Images" finished-at="2023-02-27T15:19:55 IST" duration-ms="17355" status="PASS">
          <reporter-output>
          </reporter-output>
        </test-method> <!-- upload_FivePlus_Images -->
        <test-method is-config="true" signature="closeApp(org.testng.ITestResult)[pri:0, instance:CompanyScripts.compCreatePostScripts@75329a49]" started-at="2023-02-27T15:19:55 IST" name="closeApp" finished-at="2023-02-27T15:19:55 IST" duration-ms="442" status="PASS">
          <params>
            <param index="0">
              <value>
                <![CDATA[[TestResult name=upload_FivePlus_Images status=SUCCESS method=compCreatePostScripts.upload_FivePlus_Images()[pri:6, instance:CompanyScripts.compCreatePostScripts@75329a49] output={null}]]]>
              </value>
            </param>
          </params>
          <reporter-output>
          </reporter-output>
        </test-method> <!-- closeApp -->
        <test-method is-config="true" signature="openApp()[pri:0, instance:CompanyScripts.compCreatePostScripts@75329a49]" started-at="2023-02-27T15:19:55 IST" name="openApp" finished-at="2023-02-27T15:19:59 IST" duration-ms="4179" status="PASS">
          <reporter-output>
          </reporter-output>
        </test-method> <!-- openApp -->
        <test-method signature="public_Employees()[pri:8, instance:CompanyScripts.compCreatePostScripts@75329a49]" started-at="2023-02-27T15:19:59 IST" name="public_Employees" finished-at="2023-02-27T15:20:08 IST" duration-ms="8457" status="PASS">
          <reporter-output>
          </reporter-output>
        </test-method> <!-- public_Employees -->
        <test-method is-config="true" signature="closeApp(org.testng.ITestResult)[pri:0, instance:CompanyScripts.compCreatePostScripts@75329a49]" started-at="2023-02-27T15:20:08 IST" name="closeApp" finished-at="2023-02-27T15:20:09 IST" duration-ms="648" status="PASS">
          <params>
            <param index="0">
              <value>
                <![CDATA[[TestResult name=public_Employees status=SUCCESS method=compCreatePostScripts.public_Employees()[pri:8, instance:CompanyScripts.compCreatePostScripts@75329a49] output={null}]]]>
              </value>
            </param>
          </params>
          <reporter-output>
          </reporter-output>
        </test-method> <!-- closeApp -->
        <test-method is-config="true" signature="openApp()[pri:0, instance:CompanyScripts.compCreatePostScripts@75329a49]" started-at="2023-02-27T15:20:09 IST" name="openApp" finished-at="2023-02-27T15:20:13 IST" duration-ms="4070" status="PASS">
          <reporter-output>
          </reporter-output>
        </test-method> <!-- openApp -->
        <test-method signature="public_Manaufacturer()[pri:9, instance:CompanyScripts.compCreatePostScripts@75329a49]" started-at="2023-02-27T15:20:13 IST" name="public_Manaufacturer" finished-at="2023-02-27T15:20:19 IST" duration-ms="6584" status="PASS">
          <reporter-output>
          </reporter-output>
        </test-method> <!-- public_Manaufacturer -->
        <test-method is-config="true" signature="closeApp(org.testng.ITestResult)[pri:0, instance:CompanyScripts.compCreatePostScripts@75329a49]" started-at="2023-02-27T15:20:19 IST" name="closeApp" finished-at="2023-02-27T15:20:19 IST" duration-ms="313" status="PASS">
          <params>
            <param index="0">
              <value>
                <![CDATA[[TestResult name=public_Manaufacturer status=SUCCESS method=compCreatePostScripts.public_Manaufacturer()[pri:9, instance:CompanyScripts.compCreatePostScripts@75329a49] output={null}]]]>
              </value>
            </param>
          </params>
          <reporter-output>
          </reporter-output>
        </test-method> <!-- closeApp -->
        <test-method is-config="true" signature="openApp()[pri:0, instance:CompanyScripts.compCreatePostScripts@75329a49]" started-at="2023-02-27T15:20:19 IST" name="openApp" finished-at="2023-02-27T15:20:23 IST" duration-ms="3412" status="PASS">
          <reporter-output>
          </reporter-output>
        </test-method> <!-- openApp -->
        <test-method signature="public_Share_holder()[pri:10, instance:CompanyScripts.compCreatePostScripts@75329a49]" started-at="2023-02-27T15:20:23 IST" name="public_Share_holder" finished-at="2023-02-27T15:20:29 IST" duration-ms="6452" status="PASS">
          <reporter-output>
          </reporter-output>
        </test-method> <!-- public_Share_holder -->
        <test-method is-config="true" signature="closeApp(org.testng.ITestResult)[pri:0, instance:CompanyScripts.compCreatePostScripts@75329a49]" started-at="2023-02-27T15:20:29 IST" name="closeApp" finished-at="2023-02-27T15:20:30 IST" duration-ms="341" status="PASS">
          <params>
            <param index="0">
              <value>
                <![CDATA[[TestResult name=public_Share_holder status=SUCCESS method=compCreatePostScripts.public_Share_holder()[pri:10, instance:CompanyScripts.compCreatePostScripts@75329a49] output={null}]]]>
              </value>
            </param>
          </params>
          <reporter-output>
          </reporter-output>
        </test-method> <!-- closeApp -->
        <test-method is-config="true" signature="openApp()[pri:0, instance:CompanyScripts.compCreatePostScripts@75329a49]" started-at="2023-02-27T15:20:30 IST" name="openApp" finished-at="2023-02-27T15:20:33 IST" duration-ms="3400" status="PASS">
          <reporter-output>
          </reporter-output>
        </test-method> <!-- openApp -->
        <test-method signature="public_Vendor()[pri:11, instance:CompanyScripts.compCreatePostScripts@75329a49]" started-at="2023-02-27T15:20:33 IST" name="public_Vendor" finished-at="2023-02-27T15:20:42 IST" duration-ms="8518" status="PASS">
          <reporter-output>
          </reporter-output>
        </test-method> <!-- public_Vendor -->
        <test-method is-config="true" signature="closeApp(org.testng.ITestResult)[pri:0, instance:CompanyScripts.compCreatePostScripts@75329a49]" started-at="2023-02-27T15:20:42 IST" name="closeApp" finished-at="2023-02-27T15:20:42 IST" duration-ms="668" status="PASS">
          <params>
            <param index="0">
              <value>
                <![CDATA[[TestResult name=public_Vendor status=SUCCESS method=compCreatePostScripts.public_Vendor()[pri:11, instance:CompanyScripts.compCreatePostScripts@75329a49] output={null}]]]>
              </value>
            </param>
          </params>
          <reporter-output>
          </reporter-output>
        </test-method> <!-- closeApp -->
        <test-method is-config="true" signature="openApp()[pri:0, instance:CompanyScripts.compCreatePostScripts@75329a49]" started-at="2023-02-27T15:20:42 IST" name="openApp" finished-at="2023-02-27T15:20:46 IST" duration-ms="3379" status="PASS">
          <reporter-output>
          </reporter-output>
        </test-method> <!-- openApp -->
        <test-method signature="public_ALL_Man_Vend_Dist()[pri:12, instance:CompanyScripts.compCreatePostScripts@75329a49]" started-at="2023-02-27T15:20:46 IST" name="public_ALL_Man_Vend_Dist" finished-at="2023-02-27T15:20:54 IST" duration-ms="8599" status="PASS">
          <reporter-output>
          </reporter-output>
        </test-method> <!-- public_ALL_Man_Vend_Dist -->
        <test-method is-config="true" signature="closeApp(org.testng.ITestResult)[pri:0, instance:CompanyScripts.compCreatePostScripts@75329a49]" started-at="2023-02-27T15:20:54 IST" name="closeApp" finished-at="2023-02-27T15:20:55 IST" duration-ms="1224" status="PASS">
          <params>
            <param index="0">
              <value>
                <![CDATA[[TestResult name=public_ALL_Man_Vend_Dist status=SUCCESS method=compCreatePostScripts.public_ALL_Man_Vend_Dist()[pri:12, instance:CompanyScripts.compCreatePostScripts@75329a49] output={null}]]]>
              </value>
            </param>
          </params>
          <reporter-output>
          </reporter-output>
        </test-method> <!-- closeApp -->
        <test-method is-config="true" signature="openApp()[pri:0, instance:CompanyScripts.compCreatePostScripts@75329a49]" started-at="2023-02-27T15:20:55 IST" name="openApp" finished-at="2023-02-27T15:20:59 IST" duration-ms="3446" status="PASS">
          <reporter-output>
          </reporter-output>
        </test-method> <!-- openApp -->
        <test-method signature="public_ALL_Emp_Part_Share()[pri:13, instance:CompanyScripts.compCreatePostScripts@75329a49]" started-at="2023-02-27T15:20:59 IST" name="public_ALL_Emp_Part_Share" finished-at="2023-02-27T15:21:07 IST" duration-ms="8519" status="PASS">
          <reporter-output>
          </reporter-output>
        </test-method> <!-- public_ALL_Emp_Part_Share -->
        <test-method is-config="true" signature="closeApp(org.testng.ITestResult)[pri:0, instance:CompanyScripts.compCreatePostScripts@75329a49]" started-at="2023-02-27T15:21:07 IST" name="closeApp" finished-at="2023-02-27T15:21:09 IST" duration-ms="1184" status="PASS">
          <params>
            <param index="0">
              <value>
                <![CDATA[[TestResult name=public_ALL_Emp_Part_Share status=SUCCESS method=compCreatePostScripts.public_ALL_Emp_Part_Share()[pri:13, instance:CompanyScripts.compCreatePostScripts@75329a49] output={null}]]]>
              </value>
            </param>
          </params>
          <reporter-output>
          </reporter-output>
        </test-method> <!-- closeApp -->
        <test-method is-config="true" signature="openApp()[pri:0, instance:CompanyScripts.compCreatePostScripts@75329a49]" started-at="2023-02-27T15:21:09 IST" name="openApp" finished-at="2023-02-27T15:21:12 IST" duration-ms="3452" status="PASS">
          <reporter-output>
          </reporter-output>
        </test-method> <!-- openApp -->
        <test-method signature="Status_archieve()[pri:14, instance:CompanyScripts.compCreatePostScripts@75329a49]" started-at="2023-02-27T15:21:12 IST" name="Status_archieve" finished-at="2023-02-27T15:21:22 IST" duration-ms="10356" status="PASS">
          <reporter-output>
          </reporter-output>
        </test-method> <!-- Status_archieve -->
        <test-method is-config="true" signature="closeApp(org.testng.ITestResult)[pri:0, instance:CompanyScripts.compCreatePostScripts@75329a49]" started-at="2023-02-27T15:21:22 IST" name="closeApp" finished-at="2023-02-27T15:21:23 IST" duration-ms="368" status="PASS">
          <params>
            <param index="0">
              <value>
                <![CDATA[[TestResult name=Status_archieve status=SUCCESS method=compCreatePostScripts.Status_archieve()[pri:14, instance:CompanyScripts.compCreatePostScripts@75329a49] output={null}]]]>
              </value>
            </param>
          </params>
          <reporter-output>
          </reporter-output>
        </test-method> <!-- closeApp -->
        <test-method is-config="true" signature="openApp()[pri:0, instance:CompanyScripts.compCreatePostScripts@75329a49]" started-at="2023-02-27T15:21:23 IST" name="openApp" finished-at="2023-02-27T15:21:26 IST" duration-ms="3210" status="PASS">
          <reporter-output>
          </reporter-output>
        </test-method> <!-- openApp -->
        <test-method signature="UploadImageAndCancel()[pri:15, instance:CompanyScripts.compCreatePostScripts@75329a49]" started-at="2023-02-27T15:21:26 IST" name="UploadImageAndCancel" finished-at="2023-02-27T15:21:33 IST" duration-ms="6761" status="PASS">
          <reporter-output>
          </reporter-output>
        </test-method> <!-- UploadImageAndCancel -->
        <test-method is-config="true" signature="closeApp(org.testng.ITestResult)[pri:0, instance:CompanyScripts.compCreatePostScripts@75329a49]" started-at="2023-02-27T15:21:33 IST" name="closeApp" finished-at="2023-02-27T15:21:34 IST" duration-ms="1369" status="PASS">
          <params>
            <param index="0">
              <value>
                <![CDATA[[TestResult name=UploadImageAndCancel status=SUCCESS method=compCreatePostScripts.UploadImageAndCancel()[pri:15, instance:CompanyScripts.compCreatePostScripts@75329a49] output={null}]]]>
              </value>
            </param>
          </params>
          <reporter-output>
          </reporter-output>
        </test-method> <!-- closeApp -->
        <test-method is-config="true" signature="openApp()[pri:0, instance:CompanyScripts.compCreatePostScripts@75329a49]" started-at="2023-02-27T15:21:34 IST" name="openApp" finished-at="2023-02-27T15:21:38 IST" duration-ms="3467" status="PASS">
          <reporter-output>
          </reporter-output>
        </test-method> <!-- openApp -->
        <test-method signature="public_Distribtor()[pri:16, instance:CompanyScripts.compCreatePostScripts@75329a49]" started-at="2023-02-27T15:21:38 IST" name="public_Distribtor" finished-at="2023-02-27T15:21:46 IST" duration-ms="8017" status="PASS">
          <reporter-output>
          </reporter-output>
        </test-method> <!-- public_Distribtor -->
        <test-method is-config="true" signature="closeApp(org.testng.ITestResult)[pri:0, instance:CompanyScripts.compCreatePostScripts@75329a49]" started-at="2023-02-27T15:21:46 IST" name="closeApp" finished-at="2023-02-27T15:21:47 IST" duration-ms="1575" status="PASS">
          <params>
            <param index="0">
              <value>
                <![CDATA[[TestResult name=public_Distribtor status=SUCCESS method=compCreatePostScripts.public_Distribtor()[pri:16, instance:CompanyScripts.compCreatePostScripts@75329a49] output={null}]]]>
              </value>
            </param>
          </params>
          <reporter-output>
          </reporter-output>
        </test-method> <!-- closeApp -->
      </class> <!-- CompanyScripts.compCreatePostScripts -->
      <class name="CompanyScripts.compNewsFeed_Home">
        <test-method is-config="true" signature="openApp()[pri:0, instance:CompanyScripts.compNewsFeed_Home@49b0b76]" started-at="2023-02-27T15:21:47 IST" name="openApp" finished-at="2023-02-27T15:21:51 IST" duration-ms="3458" status="PASS">
          <reporter-output>
          </reporter-output>
        </test-method> <!-- openApp -->
        <test-method signature="BookmaarkPost_Comment()[pri:0, instance:CompanyScripts.compNewsFeed_Home@49b0b76]" started-at="2023-02-27T15:21:51 IST" name="BookmaarkPost_Comment" finished-at="2023-02-27T15:22:18 IST" duration-ms="27557" status="PASS">
          <reporter-output>
          </reporter-output>
        </test-method> <!-- BookmaarkPost_Comment -->
        <test-method is-config="true" signature="closeApp(org.testng.ITestResult)[pri:0, instance:CompanyScripts.compNewsFeed_Home@49b0b76]" started-at="2023-02-27T15:22:18 IST" name="closeApp" finished-at="2023-02-27T15:22:19 IST" duration-ms="320" status="PASS">
          <params>
            <param index="0">
              <value>
                <![CDATA[[TestResult name=BookmaarkPost_Comment status=SUCCESS method=compNewsFeed_Home.BookmaarkPost_Comment()[pri:0, instance:CompanyScripts.compNewsFeed_Home@49b0b76] output={null}]]]>
              </value>
            </param>
          </params>
          <reporter-output>
          </reporter-output>
        </test-method> <!-- closeApp -->
        <test-method is-config="true" signature="openApp()[pri:0, instance:CompanyScripts.compNewsFeed_Home@49b0b76]" started-at="2023-02-27T15:22:19 IST" name="openApp" finished-at="2023-02-27T15:22:22 IST" duration-ms="3234" status="PASS">
          <reporter-output>
          </reporter-output>
        </test-method> <!-- openApp -->
        <test-method signature="Edit_Post()[pri:0, instance:CompanyScripts.compNewsFeed_Home@49b0b76]" started-at="2023-02-27T15:22:22 IST" name="Edit_Post" finished-at="2023-02-27T15:22:32 IST" duration-ms="10359" status="PASS">
          <reporter-output>
          </reporter-output>
        </test-method> <!-- Edit_Post -->
        <test-method is-config="true" signature="closeApp(org.testng.ITestResult)[pri:0, instance:CompanyScripts.compNewsFeed_Home@49b0b76]" started-at="2023-02-27T15:22:32 IST" name="closeApp" finished-at="2023-02-27T15:22:32 IST" duration-ms="346" status="PASS">
          <params>
            <param index="0">
              <value>
                <![CDATA[[TestResult name=Edit_Post status=SUCCESS method=compNewsFeed_Home.Edit_Post()[pri:0, instance:CompanyScripts.compNewsFeed_Home@49b0b76] output={null}]]]>
              </value>
            </param>
          </params>
          <reporter-output>
          </reporter-output>
        </test-method> <!-- closeApp -->
        <test-method is-config="true" signature="openApp()[pri:0, instance:CompanyScripts.compNewsFeed_Home@49b0b76]" started-at="2023-02-27T15:22:32 IST" name="openApp" finished-at="2023-02-27T15:22:36 IST" duration-ms="3250" status="PASS">
          <reporter-output>
          </reporter-output>
        </test-method> <!-- openApp -->
        <test-method retried="true" signature="Delete_Post()[pri:3, instance:CompanyScripts.compNewsFeed_Home@49b0b76]" started-at="2023-02-27T15:22:36 IST" name="Delete_Post" finished-at="2023-02-27T15:22:49 IST" duration-ms="13098" status="SKIP">
          <exception class="java.lang.AssertionError">
            <message>
              <![CDATA[expected [] but found [News Feed Deleted Successfully!]]]>
            </message>
            <full-stacktrace>
              <![CDATA[java.lang.AssertionError: expected [] but found [News Feed Deleted Successfully!]
at org.testng.Assert.fail(Assert.java:99)
at org.testng.Assert.failNotEquals(Assert.java:1037)
at org.testng.Assert.assertEqualsImpl(Assert.java:140)
at org.testng.Assert.assertEquals(Assert.java:122)
at org.testng.Assert.assertEquals(Assert.java:629)
at org.testng.Assert.assertEquals(Assert.java:639)
at CompanyScripts.compNewsFeed_Home.Delete_Post(compNewsFeed_Home.java:78)
at java.base/jdk.internal.reflect.NativeMethodAccessorImpl.invoke0(Native Method)
at java.base/jdk.internal.reflect.NativeMethodAccessorImpl.invoke(NativeMethodAccessorImpl.java:77)
at java.base/jdk.internal.reflect.DelegatingMethodAccessorImpl.invoke(DelegatingMethodAccessorImpl.java:43)
at java.base/java.lang.reflect.Method.invoke(Method.java:568)
at org.testng.internal.MethodInvocationHelper.invokeMethod(MethodInvocationHelper.java:133)
at org.testng.internal.TestInvoker.invokeMethod(TestInvoker.java:598)
at org.testng.internal.TestInvoker.invokeTestMethod(TestInvoker.java:173)
at org.testng.internal.MethodRunner.runInSequence(MethodRunner.java:46)
at org.testng.internal.TestInvoker$MethodInvocationAgent.invoke(TestInvoker.java:824)
at org.testng.internal.TestInvoker.invokeTestMethods(TestInvoker.java:146)
at org.testng.internal.TestMethodWorker.invokeTestMethods(TestMethodWorker.java:146)
at org.testng.internal.TestMethodWorker.run(TestMethodWorker.java:128)
at java.base/java.util.ArrayList.forEach(ArrayList.java:1511)
at org.testng.TestRunner.privateRun(TestRunner.java:794)
at org.testng.TestRunner.run(TestRunner.java:596)
at org.testng.SuiteRunner.runTest(SuiteRunner.java:377)
at org.testng.SuiteRunner.runSequentially(SuiteRunner.java:371)
at org.testng.SuiteRunner.privateRun(SuiteRunner.java:332)
at org.testng.SuiteRunner.run(SuiteRunner.java:276)
at org.testng.SuiteRunnerWorker.runSuite(SuiteRunnerWorker.java:53)
at org.testng.SuiteRunnerWorker.run(SuiteRunnerWorker.java:96)
at org.testng.TestNG.runSuitesSequentially(TestNG.java:1212)
at org.testng.TestNG.runSuitesLocally(TestNG.java:1134)
at org.testng.TestNG.runSuites(TestNG.java:1063)
at org.testng.TestNG.run(TestNG.java:1031)
at org.apache.maven.surefire.testng.TestNGExecutor.run(TestNGExecutor.java:324)
at org.apache.maven.surefire.testng.TestNGXmlTestSuite.execute(TestNGXmlTestSuite.java:74)
at org.apache.maven.surefire.testng.TestNGProvider.invoke(TestNGProvider.java:123)
at org.apache.maven.surefire.booter.ForkedBooter.runSuitesInProcess(ForkedBooter.java:456)
at org.apache.maven.surefire.booter.ForkedBooter.execute(ForkedBooter.java:169)
at org.apache.maven.surefire.booter.ForkedBooter.run(ForkedBooter.java:595)
at org.apache.maven.surefire.booter.ForkedBooter.main(ForkedBooter.java:581)
]]>
            </full-stacktrace>
          </exception> <!-- java.lang.AssertionError -->
          <reporter-output>
          </reporter-output>
        </test-method> <!-- Delete_Post -->
        <test-method is-config="true" signature="closeApp(org.testng.ITestResult)[pri:0, instance:CompanyScripts.compNewsFeed_Home@49b0b76]" started-at="2023-02-27T15:22:49 IST" name="closeApp" finished-at="2023-02-27T15:22:49 IST" duration-ms="449" status="PASS">
          <params>
            <param index="0">
              <value>
                <![CDATA[[TestResult name=Delete_Post status=SKIP method=compNewsFeed_Home.Delete_Post()[pri:3, instance:CompanyScripts.compNewsFeed_Home@49b0b76] output={null}]]]>
              </value>
            </param>
          </params>
          <reporter-output>
          </reporter-output>
        </test-method> <!-- closeApp -->
        <test-method is-config="true" signature="openApp()[pri:0, instance:CompanyScripts.compNewsFeed_Home@49b0b76]" started-at="2023-02-27T15:22:49 IST" name="openApp" finished-at="2023-02-27T15:22:53 IST" duration-ms="3346" status="PASS">
          <reporter-output>
          </reporter-output>
        </test-method> <!-- openApp -->
        <test-method signature="Delete_Post()[pri:3, instance:CompanyScripts.compNewsFeed_Home@49b0b76]" started-at="2023-02-27T15:22:53 IST" name="Delete_Post" finished-at="2023-02-27T15:23:06 IST" duration-ms="13226" status="PASS">
          <reporter-output>
          </reporter-output>
        </test-method> <!-- Delete_Post -->
        <test-method is-config="true" signature="closeApp(org.testng.ITestResult)[pri:0, instance:CompanyScripts.compNewsFeed_Home@49b0b76]" started-at="2023-02-27T15:23:06 IST" name="closeApp" finished-at="2023-02-27T15:23:06 IST" duration-ms="299" status="PASS">
          <params>
            <param index="0">
              <value>
                <![CDATA[[TestResult name=Delete_Post status=SUCCESS method=compNewsFeed_Home.Delete_Post()[pri:3, instance:CompanyScripts.compNewsFeed_Home@49b0b76] output={null}]]]>
              </value>
            </param>
          </params>
          <reporter-output>
          </reporter-output>
        </test-method> <!-- closeApp -->
        <test-method is-config="true" signature="openApp()[pri:0, instance:CompanyScripts.compNewsFeed_Home@49b0b76]" started-at="2023-02-27T15:23:06 IST" name="openApp" finished-at="2023-02-27T15:23:09 IST" duration-ms="3311" status="PASS">
          <reporter-output>
          </reporter-output>
        </test-method> <!-- openApp -->
        <test-method signature="Add_to_bookmark()[pri:4, instance:CompanyScripts.compNewsFeed_Home@49b0b76]" started-at="2023-02-27T15:23:09 IST" name="Add_to_bookmark" finished-at="2023-02-27T15:23:22 IST" duration-ms="12491" status="PASS">
          <reporter-output>
          </reporter-output>
        </test-method> <!-- Add_to_bookmark -->
        <test-method is-config="true" signature="closeApp(org.testng.ITestResult)[pri:0, instance:CompanyScripts.compNewsFeed_Home@49b0b76]" started-at="2023-02-27T15:23:22 IST" name="closeApp" finished-at="2023-02-27T15:23:23 IST" duration-ms="1425" status="PASS">
          <params>
            <param index="0">
              <value>
                <![CDATA[[TestResult name=Add_to_bookmark status=SUCCESS method=compNewsFeed_Home.Add_to_bookmark()[pri:4, instance:CompanyScripts.compNewsFeed_Home@49b0b76] output={null}]]]>
              </value>
            </param>
          </params>
          <reporter-output>
          </reporter-output>
        </test-method> <!-- closeApp -->
        <test-method is-config="true" signature="openApp()[pri:0, instance:CompanyScripts.compNewsFeed_Home@49b0b76]" started-at="2023-02-27T15:23:23 IST" name="openApp" finished-at="2023-02-27T15:23:27 IST" duration-ms="4074" status="PASS">
          <reporter-output>
          </reporter-output>
        </test-method> <!-- openApp -->
        <test-method signature="searchFeedwithCompany()[pri:5, instance:CompanyScripts.compNewsFeed_Home@49b0b76]" started-at="2023-02-27T15:23:27 IST" name="searchFeedwithCompany" finished-at="2023-02-27T15:23:39 IST" duration-ms="11186" status="PASS">
          <reporter-output>
          </reporter-output>
        </test-method> <!-- searchFeedwithCompany -->
        <test-method is-config="true" signature="closeApp(org.testng.ITestResult)[pri:0, instance:CompanyScripts.compNewsFeed_Home@49b0b76]" started-at="2023-02-27T15:23:39 IST" name="closeApp" finished-at="2023-02-27T15:23:40 IST" duration-ms="1311" status="PASS">
          <params>
            <param index="0">
              <value>
                <![CDATA[[TestResult name=searchFeedwithCompany status=SUCCESS method=compNewsFeed_Home.searchFeedwithCompany()[pri:5, instance:CompanyScripts.compNewsFeed_Home@49b0b76] output={null}]]]>
              </value>
            </param>
          </params>
          <reporter-output>
          </reporter-output>
        </test-method> <!-- closeApp -->
        <test-method is-config="true" signature="openApp()[pri:0, instance:CompanyScripts.compNewsFeed_Home@49b0b76]" started-at="2023-02-27T15:23:40 IST" name="openApp" finished-at="2023-02-27T15:23:43 IST" duration-ms="3372" status="PASS">
          <reporter-output>
          </reporter-output>
        </test-method> <!-- openApp -->
        <test-method signature="BookmaarkPost_Like()[pri:13, instance:CompanyScripts.compNewsFeed_Home@49b0b76]" started-at="2023-02-27T15:23:43 IST" name="BookmaarkPost_Like" finished-at="2023-02-27T15:24:09 IST" duration-ms="25211" status="PASS">
          <reporter-output>
          </reporter-output>
        </test-method> <!-- BookmaarkPost_Like -->
        <test-method is-config="true" signature="closeApp(org.testng.ITestResult)[pri:0, instance:CompanyScripts.compNewsFeed_Home@49b0b76]" started-at="2023-02-27T15:24:09 IST" name="closeApp" finished-at="2023-02-27T15:24:09 IST" duration-ms="347" status="PASS">
          <params>
            <param index="0">
              <value>
                <![CDATA[[TestResult name=BookmaarkPost_Like status=SUCCESS method=compNewsFeed_Home.BookmaarkPost_Like()[pri:13, instance:CompanyScripts.compNewsFeed_Home@49b0b76] output={null}]]]>
              </value>
            </param>
          </params>
          <reporter-output>
          </reporter-output>
        </test-method> <!-- closeApp -->
        <test-method is-config="true" signature="openApp()[pri:0, instance:CompanyScripts.compNewsFeed_Home@49b0b76]" started-at="2023-02-27T15:24:09 IST" name="openApp" finished-at="2023-02-27T15:24:13 IST" duration-ms="3636" status="PASS">
          <reporter-output>
          </reporter-output>
        </test-method> <!-- openApp -->
        <test-method signature="BookmaarkPost_share()[pri:15, instance:CompanyScripts.compNewsFeed_Home@49b0b76]" started-at="2023-02-27T15:24:13 IST" name="BookmaarkPost_share" finished-at="2023-02-27T15:24:38 IST" duration-ms="25650" status="PASS">
          <reporter-output>
          </reporter-output>
        </test-method> <!-- BookmaarkPost_share -->
        <test-method is-config="true" signature="closeApp(org.testng.ITestResult)[pri:0, instance:CompanyScripts.compNewsFeed_Home@49b0b76]" started-at="2023-02-27T15:24:38 IST" name="closeApp" finished-at="2023-02-27T15:24:39 IST" duration-ms="342" status="PASS">
          <params>
            <param index="0">
              <value>
                <![CDATA[[TestResult name=BookmaarkPost_share status=SUCCESS method=compNewsFeed_Home.BookmaarkPost_share()[pri:15, instance:CompanyScripts.compNewsFeed_Home@49b0b76] output={null}]]]>
              </value>
            </param>
          </params>
          <reporter-output>
          </reporter-output>
        </test-method> <!-- closeApp -->
        <test-method is-config="true" signature="openApp()[pri:0, instance:CompanyScripts.compNewsFeed_Home@49b0b76]" started-at="2023-02-27T15:24:39 IST" name="openApp" finished-at="2023-02-27T15:24:42 IST" duration-ms="3789" status="PASS">
          <reporter-output>
          </reporter-output>
        </test-method> <!-- openApp -->
        <test-method signature="ScrollFeedUntilLoadmore()[pri:16, instance:CompanyScripts.compNewsFeed_Home@49b0b76]" started-at="2023-02-27T15:24:42 IST" name="ScrollFeedUntilLoadmore" finished-at="2023-02-27T15:24:51 IST" duration-ms="8617" status="PASS">
          <reporter-output>
          </reporter-output>
        </test-method> <!-- ScrollFeedUntilLoadmore -->
        <test-method is-config="true" signature="closeApp(org.testng.ITestResult)[pri:0, instance:CompanyScripts.compNewsFeed_Home@49b0b76]" started-at="2023-02-27T15:24:51 IST" name="closeApp" finished-at="2023-02-27T15:24:52 IST" duration-ms="1321" status="PASS">
          <params>
            <param index="0">
              <value>
                <![CDATA[[TestResult name=ScrollFeedUntilLoadmore status=SUCCESS method=compNewsFeed_Home.ScrollFeedUntilLoadmore()[pri:16, instance:CompanyScripts.compNewsFeed_Home@49b0b76] output={null}]]]>
              </value>
            </param>
          </params>
          <reporter-output>
          </reporter-output>
        </test-method> <!-- closeApp -->
        <test-method is-config="true" signature="openApp()[pri:0, instance:CompanyScripts.compNewsFeed_Home@49b0b76]" started-at="2023-02-27T15:24:52 IST" name="openApp" finished-at="2023-02-27T15:24:56 IST" duration-ms="3351" status="PASS">
          <reporter-output>
          </reporter-output>
        </test-method> <!-- openApp -->
        <test-method signature="LikeAndShareFeedPost()[pri:17, instance:CompanyScripts.compNewsFeed_Home@49b0b76]" started-at="2023-02-27T15:24:56 IST" name="LikeAndShareFeedPost" finished-at="2023-02-27T15:25:20 IST" duration-ms="24046" status="PASS">
          <reporter-output>
          </reporter-output>
        </test-method> <!-- LikeAndShareFeedPost -->
        <test-method is-config="true" signature="closeApp(org.testng.ITestResult)[pri:0, instance:CompanyScripts.compNewsFeed_Home@49b0b76]" started-at="2023-02-27T15:25:20 IST" name="closeApp" finished-at="2023-02-27T15:25:20 IST" duration-ms="371" status="PASS">
          <params>
            <param index="0">
              <value>
                <![CDATA[[TestResult name=LikeAndShareFeedPost status=SUCCESS method=compNewsFeed_Home.LikeAndShareFeedPost()[pri:17, instance:CompanyScripts.compNewsFeed_Home@49b0b76] output={null}]]]>
              </value>
            </param>
          </params>
          <reporter-output>
          </reporter-output>
        </test-method> <!-- closeApp -->
        <test-method is-config="true" signature="openApp()[pri:0, instance:CompanyScripts.compNewsFeed_Home@49b0b76]" started-at="2023-02-27T15:25:20 IST" name="openApp" finished-at="2023-02-27T15:25:23 IST" duration-ms="3265" status="PASS">
          <reporter-output>
          </reporter-output>
        </test-method> <!-- openApp -->
        <test-method signature="Play_Posted_Video()[pri:18, instance:CompanyScripts.compNewsFeed_Home@49b0b76]" started-at="2023-02-27T15:25:23 IST" name="Play_Posted_Video" finished-at="2023-02-27T15:25:41 IST" duration-ms="18031" status="PASS">
          <reporter-output>
          </reporter-output>
        </test-method> <!-- Play_Posted_Video -->
        <test-method is-config="true" signature="closeApp(org.testng.ITestResult)[pri:0, instance:CompanyScripts.compNewsFeed_Home@49b0b76]" started-at="2023-02-27T15:25:41 IST" name="closeApp" finished-at="2023-02-27T15:25:42 IST" duration-ms="356" status="PASS">
          <params>
            <param index="0">
              <value>
                <![CDATA[[TestResult name=Play_Posted_Video status=SUCCESS method=compNewsFeed_Home.Play_Posted_Video()[pri:18, instance:CompanyScripts.compNewsFeed_Home@49b0b76] output={null}]]]>
              </value>
            </param>
          </params>
          <reporter-output>
          </reporter-output>
        </test-method> <!-- closeApp -->
      </class> <!-- CompanyScripts.compNewsFeed_Home -->
    </test> <!-- Test -->
  </suite> <!-- Suite -->
</testng-results>
