<?xml version="1.0" encoding="UTF-8"?>
<testng-results ignored="0" total="5" passed="4" failed="1" skipped="0">
  <reporter-output>
  </reporter-output>
  <suite started-at="2023-03-14T14:47:46 IST" name="Suite" finished-at="2023-03-14T14:49:25 IST" duration-ms="99609">
    <groups>
    </groups>
    <test started-at="2023-03-14T14:47:46 IST" name="Test" finished-at="2023-03-14T14:49:25 IST" duration-ms="99609">
      <class name="CompanyScripts.compCertification">
        <test-method is-config="true" signature="openApp()[pri:0, instance:CompanyScripts.compCertification@309e345f]" started-at="2023-03-14T14:47:46 IST" name="openApp" finished-at="2023-03-14T14:47:50 IST" duration-ms="4796" status="PASS">
          <reporter-output>
          </reporter-output>
        </test-method> <!-- openApp -->
        <test-method signature="CertificationPage()[pri:1, instance:CompanyScripts.compCertification@309e345f]" started-at="2023-03-14T14:47:50 IST" name="CertificationPage" finished-at="2023-03-14T14:47:57 IST" duration-ms="6050" status="PASS">
          <reporter-output>
          </reporter-output>
        </test-method> <!-- CertificationPage -->
        <test-method is-config="true" signature="closeApp(org.testng.ITestResult)[pri:0, instance:CompanyScripts.compCertification@309e345f]" started-at="2023-03-14T14:47:57 IST" name="closeApp" finished-at="2023-03-14T14:47:58 IST" duration-ms="1265" status="PASS">
          <params>
            <param index="0">
              <value>
                <![CDATA[[TestResult name=CertificationPage status=SUCCESS method=compCertification.CertificationPage()[pri:1, instance:CompanyScripts.compCertification@309e345f] output={null}]]]>
              </value>
            </param>
          </params>
          <reporter-output>
          </reporter-output>
        </test-method> <!-- closeApp -->
        <test-method is-config="true" signature="openApp()[pri:0, instance:CompanyScripts.compCertification@309e345f]" started-at="2023-03-14T14:47:58 IST" name="openApp" finished-at="2023-03-14T14:48:02 IST" duration-ms="4688" status="PASS">
          <reporter-output>
          </reporter-output>
        </test-method> <!-- openApp -->
        <test-method signature="CreateMarketing_SystemDelete()[pri:2, instance:CompanyScripts.compCertification@309e345f]" started-at="2023-03-14T14:48:02 IST" name="CreateMarketing_SystemDelete" finished-at="2023-03-14T14:48:11 IST" duration-ms="8635" status="PASS">
          <reporter-output>
          </reporter-output>
        </test-method> <!-- CreateMarketing_SystemDelete -->
        <test-method is-config="true" signature="closeApp(org.testng.ITestResult)[pri:0, instance:CompanyScripts.compCertification@309e345f]" started-at="2023-03-14T14:48:11 IST" name="closeApp" finished-at="2023-03-14T14:48:11 IST" duration-ms="263" status="PASS">
          <params>
            <param index="0">
              <value>
                <![CDATA[[TestResult name=CreateMarketing_SystemDelete status=SUCCESS method=compCertification.CreateMarketing_SystemDelete()[pri:2, instance:CompanyScripts.compCertification@309e345f] output={null}]]]>
              </value>
            </param>
          </params>
          <reporter-output>
          </reporter-output>
        </test-method> <!-- closeApp -->
        <test-method is-config="true" signature="openApp()[pri:0, instance:CompanyScripts.compCertification@309e345f]" started-at="2023-03-14T14:48:11 IST" name="openApp" finished-at="2023-03-14T14:48:16 IST" duration-ms="4580" status="PASS">
          <reporter-output>
          </reporter-output>
        </test-method> <!-- openApp -->
        <test-method signature="CreateQuestionBankDelete()[pri:3, instance:CompanyScripts.compCertification@309e345f]" started-at="2023-03-14T14:48:16 IST" name="CreateQuestionBankDelete" finished-at="2023-03-14T14:48:34 IST" duration-ms="18311" status="FAIL">
          <exception class="org.openqa.selenium.NoSuchElementException">
            <message>
              <![CDATA[no such element: Unable to locate element: {"method":"xpath","selector":"//span[@class='flexInline headingSM pointer brdrBlackSM brdrRadiusXSM mcPdng']"}
  (Session info: chrome=110.0.5481.180)
For documentation on this error, please visit: https://www.seleniumhq.org/exceptions/no_such_element.html
Build info: version: '3.141.59', revision: 'e82be7d358', time: '2018-11-14T08:17:03'
System info: host: 'TEST-010', ip: '172.16.16.34', os.name: 'Windows 10', os.arch: 'amd64', os.version: '10.0', java.version: '17.0.6'
Driver info: org.openqa.selenium.chrome.ChromeDriver
Capabilities {acceptInsecureCerts: false, browserName: chrome, browserVersion: 110.0.5481.180, chrome: {chromedriverVersion: 110.0.5481.77 (65ed616c6e8e..., userDataDir: C:\Users\SOHEL~1.TES\AppDat...}, goog:chromeOptions: {debuggerAddress: localhost:55500}, javascriptEnabled: true, networkConnectionEnabled: false, pageLoadStrategy: normal, platform: WINDOWS, platformName: WINDOWS, proxy: Proxy(), setWindowRect: true, strictFileInteractability: false, timeouts: {implicit: 0, pageLoad: 300000, script: 30000}, unhandledPromptBehavior: dismiss and notify, webauthn:extension:credBlob: true, webauthn:extension:largeBlob: true, webauthn:virtualAuthenticators: true}
Session ID: dd692f45466949165ae10b147c8b8d40
*** Element info: {Using=xpath, value=//span[@class='flexInline headingSM pointer brdrBlackSM brdrRadiusXSM mcPdng']}]]>
            </message>
            <full-stacktrace>
              <![CDATA[org.openqa.selenium.NoSuchElementException: no such element: Unable to locate element: {"method":"xpath","selector":"//span[@class='flexInline headingSM pointer brdrBlackSM brdrRadiusXSM mcPdng']"}
  (Session info: chrome=110.0.5481.180)
For documentation on this error, please visit: https://www.seleniumhq.org/exceptions/no_such_element.html
Build info: version: '3.141.59', revision: 'e82be7d358', time: '2018-11-14T08:17:03'
System info: host: 'TEST-010', ip: '172.16.16.34', os.name: 'Windows 10', os.arch: 'amd64', os.version: '10.0', java.version: '17.0.6'
Driver info: org.openqa.selenium.chrome.ChromeDriver
Capabilities {acceptInsecureCerts: false, browserName: chrome, browserVersion: 110.0.5481.180, chrome: {chromedriverVersion: 110.0.5481.77 (65ed616c6e8e..., userDataDir: C:\Users\SOHEL~1.TES\AppDat...}, goog:chromeOptions: {debuggerAddress: localhost:55500}, javascriptEnabled: true, networkConnectionEnabled: false, pageLoadStrategy: normal, platform: WINDOWS, platformName: WINDOWS, proxy: Proxy(), setWindowRect: true, strictFileInteractability: false, timeouts: {implicit: 0, pageLoad: 300000, script: 30000}, unhandledPromptBehavior: dismiss and notify, webauthn:extension:credBlob: true, webauthn:extension:largeBlob: true, webauthn:virtualAuthenticators: true}
Session ID: dd692f45466949165ae10b147c8b8d40
*** Element info: {Using=xpath, value=//span[@class='flexInline headingSM pointer brdrBlackSM brdrRadiusXSM mcPdng']}
at java.base/jdk.internal.reflect.NativeConstructorAccessorImpl.newInstance0(Native Method)
at java.base/jdk.internal.reflect.NativeConstructorAccessorImpl.newInstance(NativeConstructorAccessorImpl.java:77)
at java.base/jdk.internal.reflect.DelegatingConstructorAccessorImpl.newInstance(DelegatingConstructorAccessorImpl.java:45)
at java.base/java.lang.reflect.Constructor.newInstanceWithCaller(Constructor.java:499)
at java.base/java.lang.reflect.Constructor.newInstance(Constructor.java:480)
at org.openqa.selenium.remote.http.W3CHttpResponseCodec.createException(W3CHttpResponseCodec.java:187)
at org.openqa.selenium.remote.http.W3CHttpResponseCodec.decode(W3CHttpResponseCodec.java:122)
at org.openqa.selenium.remote.http.W3CHttpResponseCodec.decode(W3CHttpResponseCodec.java:49)
at org.openqa.selenium.remote.HttpCommandExecutor.execute(HttpCommandExecutor.java:158)
at org.openqa.selenium.remote.service.DriverCommandExecutor.execute(DriverCommandExecutor.java:83)
at org.openqa.selenium.remote.RemoteWebDriver.execute(RemoteWebDriver.java:552)
at org.openqa.selenium.remote.RemoteWebDriver.findElement(RemoteWebDriver.java:323)
at org.openqa.selenium.remote.RemoteWebDriver.findElementByXPath(RemoteWebDriver.java:428)
at org.openqa.selenium.By$ByXPath.findElement(By.java:353)
at org.openqa.selenium.remote.RemoteWebDriver.findElement(RemoteWebDriver.java:315)
at CompanyScripts.compCertification.CreateQuestionBankDelete(compCertification.java:110)
at java.base/jdk.internal.reflect.NativeMethodAccessorImpl.invoke0(Native Method)
at java.base/jdk.internal.reflect.NativeMethodAccessorImpl.invoke(NativeMethodAccessorImpl.java:77)
at java.base/jdk.internal.reflect.DelegatingMethodAccessorImpl.invoke(DelegatingMethodAccessorImpl.java:43)
at java.base/java.lang.reflect.Method.invoke(Method.java:568)
at org.testng.internal.MethodInvocationHelper.invokeMethod(MethodInvocationHelper.java:133)
at org.testng.internal.TestInvoker.invokeMethod(TestInvoker.java:598)
at org.testng.internal.TestInvoker.invokeTestMethod(TestInvoker.java:173)
at org.testng.internal.MethodRunner.runInSequence(MethodRunner.java:46)
at org.testng.internal.TestInvoker$MethodInvocationAgent.invoke(TestInvoker.java:824)
at org.testng.internal.TestInvoker.invokeTestMethods(TestInvoker.java:146)
at org.testng.internal.TestMethodWorker.invokeTestMethods(TestMethodWorker.java:146)
at org.testng.internal.TestMethodWorker.run(TestMethodWorker.java:128)
at java.base/java.util.ArrayList.forEach(ArrayList.java:1511)
at org.testng.TestRunner.privateRun(TestRunner.java:794)
at org.testng.TestRunner.run(TestRunner.java:596)
at org.testng.SuiteRunner.runTest(SuiteRunner.java:377)
at org.testng.SuiteRunner.runSequentially(SuiteRunner.java:371)
at org.testng.SuiteRunner.privateRun(SuiteRunner.java:332)
at org.testng.SuiteRunner.run(SuiteRunner.java:276)
at org.testng.SuiteRunnerWorker.runSuite(SuiteRunnerWorker.java:53)
at org.testng.SuiteRunnerWorker.run(SuiteRunnerWorker.java:96)
at org.testng.TestNG.runSuitesSequentially(TestNG.java:1212)
at org.testng.TestNG.runSuitesLocally(TestNG.java:1134)
at org.testng.TestNG.runSuites(TestNG.java:1063)
at org.testng.TestNG.run(TestNG.java:1031)
at org.apache.maven.surefire.testng.TestNGExecutor.run(TestNGExecutor.java:324)
at org.apache.maven.surefire.testng.TestNGXmlTestSuite.execute(TestNGXmlTestSuite.java:74)
at org.apache.maven.surefire.testng.TestNGProvider.invoke(TestNGProvider.java:123)
at org.apache.maven.surefire.booter.ForkedBooter.runSuitesInProcess(ForkedBooter.java:456)
at org.apache.maven.surefire.booter.ForkedBooter.execute(ForkedBooter.java:169)
at org.apache.maven.surefire.booter.ForkedBooter.run(ForkedBooter.java:595)
at org.apache.maven.surefire.booter.ForkedBooter.main(ForkedBooter.java:581)
]]>
            </full-stacktrace>
          </exception> <!-- org.openqa.selenium.NoSuchElementException -->
          <reporter-output>
          </reporter-output>
        </test-method> <!-- CreateQuestionBankDelete -->
        <test-method is-config="true" signature="closeApp(org.testng.ITestResult)[pri:0, instance:CompanyScripts.compCertification@309e345f]" started-at="2023-03-14T14:48:34 IST" name="closeApp" finished-at="2023-03-14T14:48:35 IST" duration-ms="911" status="PASS">
          <params>
            <param index="0">
              <value>
                <![CDATA[[TestResult name=CreateQuestionBankDelete status=FAILURE method=compCertification.CreateQuestionBankDelete()[pri:3, instance:CompanyScripts.compCertification@309e345f] output={null}]]]>
              </value>
            </param>
          </params>
          <reporter-output>
          </reporter-output>
        </test-method> <!-- closeApp -->
        <test-method is-config="true" signature="openApp()[pri:0, instance:CompanyScripts.compCertification@309e345f]" started-at="2023-03-14T14:48:35 IST" name="openApp" finished-at="2023-03-14T14:48:40 IST" duration-ms="4391" status="PASS">
          <reporter-output>
          </reporter-output>
        </test-method> <!-- openApp -->
        <test-method signature="CreateTemplatDelete()[pri:4, instance:CompanyScripts.compCertification@309e345f]" started-at="2023-03-14T14:48:40 IST" name="CreateTemplatDelete" finished-at="2023-03-14T14:48:56 IST" duration-ms="16648" status="PASS">
          <reporter-output>
          </reporter-output>
        </test-method> <!-- CreateTemplatDelete -->
        <test-method is-config="true" signature="closeApp(org.testng.ITestResult)[pri:0, instance:CompanyScripts.compCertification@309e345f]" started-at="2023-03-14T14:48:56 IST" name="closeApp" finished-at="2023-03-14T14:48:57 IST" duration-ms="346" status="PASS">
          <params>
            <param index="0">
              <value>
                <![CDATA[[TestResult name=CreateTemplatDelete status=SUCCESS method=compCertification.CreateTemplatDelete()[pri:4, instance:CompanyScripts.compCertification@309e345f] output={null}]]]>
              </value>
            </param>
          </params>
          <reporter-output>
          </reporter-output>
        </test-method> <!-- closeApp -->
        <test-method is-config="true" signature="openApp()[pri:0, instance:CompanyScripts.compCertification@309e345f]" started-at="2023-03-14T14:48:57 IST" name="openApp" finished-at="2023-03-14T14:49:01 IST" duration-ms="4374" status="PASS">
          <reporter-output>
          </reporter-output>
        </test-method> <!-- openApp -->
        <test-method signature="CreateCertificationDelete()[pri:5, instance:CompanyScripts.compCertification@309e345f]" started-at="2023-03-14T14:49:01 IST" name="CreateCertificationDelete" finished-at="2023-03-14T14:49:25 IST" duration-ms="23849" status="PASS">
          <reporter-output>
          </reporter-output>
        </test-method> <!-- CreateCertificationDelete -->
        <test-method is-config="true" signature="closeApp(org.testng.ITestResult)[pri:0, instance:CompanyScripts.compCertification@309e345f]" started-at="2023-03-14T14:49:25 IST" name="closeApp" finished-at="2023-03-14T14:49:25 IST" duration-ms="421" status="PASS">
          <params>
            <param index="0">
              <value>
                <![CDATA[[TestResult name=CreateCertificationDelete status=SUCCESS method=compCertification.CreateCertificationDelete()[pri:5, instance:CompanyScripts.compCertification@309e345f] output={null}]]]>
              </value>
            </param>
          </params>
          <reporter-output>
          </reporter-output>
        </test-method> <!-- closeApp -->
      </class> <!-- CompanyScripts.compCertification -->
    </test> <!-- Test -->
  </suite> <!-- Suite -->
</testng-results>
