<?xml version="1.0" encoding="UTF-8"?>
<testng-results retried="1" ignored="0" total="26" passed="25" failed="0" skipped="0">
  <reporter-output>
  </reporter-output>
  <suite started-at="2023-03-01T14:44:11 IST" name="Suite" finished-at="2023-03-01T14:51:58 IST" duration-ms="466370">
    <groups>
    </groups>
    <test started-at="2023-03-01T14:44:11 IST" name="Test" finished-at="2023-03-01T14:51:58 IST" duration-ms="466370">
      <class name="CompanyScripts.compCreatePostScripts">
        <test-method is-config="true" signature="openApp()[pri:0, instance:CompanyScripts.compCreatePostScripts@75329a49]" started-at="2023-03-01T14:44:11 IST" name="openApp" finished-at="2023-03-01T14:44:17 IST" duration-ms="5564" status="PASS">
          <reporter-output>
          </reporter-output>
        </test-method> <!-- openApp -->
        <test-method signature="UploadText()[pri:1, instance:CompanyScripts.compCreatePostScripts@75329a49]" started-at="2023-03-01T14:44:17 IST" name="UploadText" finished-at="2023-03-01T14:44:27 IST" duration-ms="9642" status="PASS">
          <reporter-output>
          </reporter-output>
        </test-method> <!-- UploadText -->
        <test-method is-config="true" signature="closeApp(org.testng.ITestResult)[pri:0, instance:CompanyScripts.compCreatePostScripts@75329a49]" started-at="2023-03-01T14:44:27 IST" name="closeApp" finished-at="2023-03-01T14:44:28 IST" duration-ms="1546" status="PASS">
          <params>
            <param index="0">
              <value>
                <![CDATA[[TestResult name=UploadText status=SUCCESS method=compCreatePostScripts.UploadText()[pri:1, instance:CompanyScripts.compCreatePostScripts@75329a49] output={null}]]]>
              </value>
            </param>
          </params>
          <reporter-output>
          </reporter-output>
        </test-method> <!-- closeApp -->
        <test-method is-config="true" signature="openApp()[pri:0, instance:CompanyScripts.compCreatePostScripts@75329a49]" started-at="2023-03-01T14:44:28 IST" name="openApp" finished-at="2023-03-01T14:44:32 IST" duration-ms="4150" status="PASS">
          <reporter-output>
          </reporter-output>
        </test-method> <!-- openApp -->
        <test-method signature="UploadImage()[pri:2, instance:CompanyScripts.compCreatePostScripts@75329a49]" started-at="2023-03-01T14:44:32 IST" name="UploadImage" finished-at="2023-03-01T14:44:42 IST" duration-ms="9915" status="PASS">
          <reporter-output>
          </reporter-output>
        </test-method> <!-- UploadImage -->
        <test-method is-config="true" signature="closeApp(org.testng.ITestResult)[pri:0, instance:CompanyScripts.compCreatePostScripts@75329a49]" started-at="2023-03-01T14:44:42 IST" name="closeApp" finished-at="2023-03-01T14:44:44 IST" duration-ms="1587" status="PASS">
          <params>
            <param index="0">
              <value>
                <![CDATA[[TestResult name=UploadImage status=SUCCESS method=compCreatePostScripts.UploadImage()[pri:2, instance:CompanyScripts.compCreatePostScripts@75329a49] output={null}]]]>
              </value>
            </param>
          </params>
          <reporter-output>
          </reporter-output>
        </test-method> <!-- closeApp -->
        <test-method is-config="true" signature="openApp()[pri:0, instance:CompanyScripts.compCreatePostScripts@75329a49]" started-at="2023-03-01T14:44:44 IST" name="openApp" finished-at="2023-03-01T14:44:48 IST" duration-ms="3801" status="PASS">
          <reporter-output>
          </reporter-output>
        </test-method> <!-- openApp -->
        <test-method signature="UploadVideo()[pri:3, instance:CompanyScripts.compCreatePostScripts@75329a49]" started-at="2023-03-01T14:44:48 IST" name="UploadVideo" finished-at="2023-03-01T14:45:02 IST" duration-ms="14089" status="PASS">
          <reporter-output>
          </reporter-output>
        </test-method> <!-- UploadVideo -->
        <test-method is-config="true" signature="closeApp(org.testng.ITestResult)[pri:0, instance:CompanyScripts.compCreatePostScripts@75329a49]" started-at="2023-03-01T14:45:02 IST" name="closeApp" finished-at="2023-03-01T14:45:02 IST" duration-ms="341" status="PASS">
          <params>
            <param index="0">
              <value>
                <![CDATA[[TestResult name=UploadVideo status=SUCCESS method=compCreatePostScripts.UploadVideo()[pri:3, instance:CompanyScripts.compCreatePostScripts@75329a49] output={null}]]]>
              </value>
            </param>
          </params>
          <reporter-output>
          </reporter-output>
        </test-method> <!-- closeApp -->
        <test-method is-config="true" signature="openApp()[pri:0, instance:CompanyScripts.compCreatePostScripts@75329a49]" started-at="2023-03-01T14:45:02 IST" name="openApp" finished-at="2023-03-01T14:45:06 IST" duration-ms="3701" status="PASS">
          <reporter-output>
          </reporter-output>
        </test-method> <!-- openApp -->
        <test-method signature="Upload_youtube_Url()[pri:4, instance:CompanyScripts.compCreatePostScripts@75329a49]" started-at="2023-03-01T14:45:06 IST" name="Upload_youtube_Url" finished-at="2023-03-01T14:45:19 IST" duration-ms="13051" status="PASS">
          <reporter-output>
          </reporter-output>
        </test-method> <!-- Upload_youtube_Url -->
        <test-method is-config="true" signature="closeApp(org.testng.ITestResult)[pri:0, instance:CompanyScripts.compCreatePostScripts@75329a49]" started-at="2023-03-01T14:45:19 IST" name="closeApp" finished-at="2023-03-01T14:45:19 IST" duration-ms="314" status="PASS">
          <params>
            <param index="0">
              <value>
                <![CDATA[[TestResult name=Upload_youtube_Url status=SUCCESS method=compCreatePostScripts.Upload_youtube_Url()[pri:4, instance:CompanyScripts.compCreatePostScripts@75329a49] output={null}]]]>
              </value>
            </param>
          </params>
          <reporter-output>
          </reporter-output>
        </test-method> <!-- closeApp -->
        <test-method is-config="true" signature="openApp()[pri:0, instance:CompanyScripts.compCreatePostScripts@75329a49]" started-at="2023-03-01T14:45:19 IST" name="openApp" finished-at="2023-03-01T14:45:23 IST" duration-ms="3733" status="PASS">
          <reporter-output>
          </reporter-output>
        </test-method> <!-- openApp -->
        <test-method signature="upload_Five_Images()[pri:5, instance:CompanyScripts.compCreatePostScripts@75329a49]" started-at="2023-03-01T14:45:23 IST" name="upload_Five_Images" finished-at="2023-03-01T14:45:42 IST" duration-ms="19232" status="PASS">
          <reporter-output>
          </reporter-output>
        </test-method> <!-- upload_Five_Images -->
        <test-method is-config="true" signature="closeApp(org.testng.ITestResult)[pri:0, instance:CompanyScripts.compCreatePostScripts@75329a49]" started-at="2023-03-01T14:45:42 IST" name="closeApp" finished-at="2023-03-01T14:45:42 IST" duration-ms="389" status="PASS">
          <params>
            <param index="0">
              <value>
                <![CDATA[[TestResult name=upload_Five_Images status=SUCCESS method=compCreatePostScripts.upload_Five_Images()[pri:5, instance:CompanyScripts.compCreatePostScripts@75329a49] output={null}]]]>
              </value>
            </param>
          </params>
          <reporter-output>
          </reporter-output>
        </test-method> <!-- closeApp -->
        <test-method is-config="true" signature="openApp()[pri:0, instance:CompanyScripts.compCreatePostScripts@75329a49]" started-at="2023-03-01T14:45:42 IST" name="openApp" finished-at="2023-03-01T14:45:46 IST" duration-ms="3794" status="PASS">
          <reporter-output>
          </reporter-output>
        </test-method> <!-- openApp -->
        <test-method signature="upload_FivePlus_Images()[pri:6, instance:CompanyScripts.compCreatePostScripts@75329a49]" started-at="2023-03-01T14:45:46 IST" name="upload_FivePlus_Images" finished-at="2023-03-01T14:46:05 IST" duration-ms="19300" status="PASS">
          <reporter-output>
          </reporter-output>
        </test-method> <!-- upload_FivePlus_Images -->
        <test-method is-config="true" signature="closeApp(org.testng.ITestResult)[pri:0, instance:CompanyScripts.compCreatePostScripts@75329a49]" started-at="2023-03-01T14:46:05 IST" name="closeApp" finished-at="2023-03-01T14:46:06 IST" duration-ms="453" status="PASS">
          <params>
            <param index="0">
              <value>
                <![CDATA[[TestResult name=upload_FivePlus_Images status=SUCCESS method=compCreatePostScripts.upload_FivePlus_Images()[pri:6, instance:CompanyScripts.compCreatePostScripts@75329a49] output={null}]]]>
              </value>
            </param>
          </params>
          <reporter-output>
          </reporter-output>
        </test-method> <!-- closeApp -->
        <test-method is-config="true" signature="openApp()[pri:0, instance:CompanyScripts.compCreatePostScripts@75329a49]" started-at="2023-03-01T14:46:06 IST" name="openApp" finished-at="2023-03-01T14:46:10 IST" duration-ms="3685" status="PASS">
          <reporter-output>
          </reporter-output>
        </test-method> <!-- openApp -->
        <test-method signature="public_Employees()[pri:8, instance:CompanyScripts.compCreatePostScripts@75329a49]" started-at="2023-03-01T14:46:10 IST" name="public_Employees" finished-at="2023-03-01T14:46:17 IST" duration-ms="7706" status="PASS">
          <reporter-output>
          </reporter-output>
        </test-method> <!-- public_Employees -->
        <test-method is-config="true" signature="closeApp(org.testng.ITestResult)[pri:0, instance:CompanyScripts.compCreatePostScripts@75329a49]" started-at="2023-03-01T14:46:17 IST" name="closeApp" finished-at="2023-03-01T14:46:18 IST" duration-ms="445" status="PASS">
          <params>
            <param index="0">
              <value>
                <![CDATA[[TestResult name=public_Employees status=SUCCESS method=compCreatePostScripts.public_Employees()[pri:8, instance:CompanyScripts.compCreatePostScripts@75329a49] output={null}]]]>
              </value>
            </param>
          </params>
          <reporter-output>
          </reporter-output>
        </test-method> <!-- closeApp -->
        <test-method is-config="true" signature="openApp()[pri:0, instance:CompanyScripts.compCreatePostScripts@75329a49]" started-at="2023-03-01T14:46:18 IST" name="openApp" finished-at="2023-03-01T14:46:21 IST" duration-ms="3465" status="PASS">
          <reporter-output>
          </reporter-output>
        </test-method> <!-- openApp -->
        <test-method signature="public_Manaufacturer()[pri:9, instance:CompanyScripts.compCreatePostScripts@75329a49]" started-at="2023-03-01T14:46:21 IST" name="public_Manaufacturer" finished-at="2023-03-01T14:46:30 IST" duration-ms="9068" status="PASS">
          <reporter-output>
          </reporter-output>
        </test-method> <!-- public_Manaufacturer -->
        <test-method is-config="true" signature="closeApp(org.testng.ITestResult)[pri:0, instance:CompanyScripts.compCreatePostScripts@75329a49]" started-at="2023-03-01T14:46:30 IST" name="closeApp" finished-at="2023-03-01T14:46:31 IST" duration-ms="408" status="PASS">
          <params>
            <param index="0">
              <value>
                <![CDATA[[TestResult name=public_Manaufacturer status=SUCCESS method=compCreatePostScripts.public_Manaufacturer()[pri:9, instance:CompanyScripts.compCreatePostScripts@75329a49] output={null}]]]>
              </value>
            </param>
          </params>
          <reporter-output>
          </reporter-output>
        </test-method> <!-- closeApp -->
        <test-method is-config="true" signature="openApp()[pri:0, instance:CompanyScripts.compCreatePostScripts@75329a49]" started-at="2023-03-01T14:46:31 IST" name="openApp" finished-at="2023-03-01T14:46:34 IST" duration-ms="3636" status="PASS">
          <reporter-output>
          </reporter-output>
        </test-method> <!-- openApp -->
        <test-method signature="public_Share_holder()[pri:10, instance:CompanyScripts.compCreatePostScripts@75329a49]" started-at="2023-03-01T14:46:34 IST" name="public_Share_holder" finished-at="2023-03-01T14:46:42 IST" duration-ms="8016" status="PASS">
          <reporter-output>
          </reporter-output>
        </test-method> <!-- public_Share_holder -->
        <test-method is-config="true" signature="closeApp(org.testng.ITestResult)[pri:0, instance:CompanyScripts.compCreatePostScripts@75329a49]" started-at="2023-03-01T14:46:42 IST" name="closeApp" finished-at="2023-03-01T14:46:43 IST" duration-ms="432" status="PASS">
          <params>
            <param index="0">
              <value>
                <![CDATA[[TestResult name=public_Share_holder status=SUCCESS method=compCreatePostScripts.public_Share_holder()[pri:10, instance:CompanyScripts.compCreatePostScripts@75329a49] output={null}]]]>
              </value>
            </param>
          </params>
          <reporter-output>
          </reporter-output>
        </test-method> <!-- closeApp -->
        <test-method is-config="true" signature="openApp()[pri:0, instance:CompanyScripts.compCreatePostScripts@75329a49]" started-at="2023-03-01T14:46:43 IST" name="openApp" finished-at="2023-03-01T14:46:46 IST" duration-ms="3569" status="PASS">
          <reporter-output>
          </reporter-output>
        </test-method> <!-- openApp -->
        <test-method signature="public_Vendor()[pri:11, instance:CompanyScripts.compCreatePostScripts@75329a49]" started-at="2023-03-01T14:46:46 IST" name="public_Vendor" finished-at="2023-03-01T14:46:54 IST" duration-ms="7640" status="PASS">
          <reporter-output>
          </reporter-output>
        </test-method> <!-- public_Vendor -->
        <test-method is-config="true" signature="closeApp(org.testng.ITestResult)[pri:0, instance:CompanyScripts.compCreatePostScripts@75329a49]" started-at="2023-03-01T14:46:54 IST" name="closeApp" finished-at="2023-03-01T14:46:54 IST" duration-ms="391" status="PASS">
          <params>
            <param index="0">
              <value>
                <![CDATA[[TestResult name=public_Vendor status=SUCCESS method=compCreatePostScripts.public_Vendor()[pri:11, instance:CompanyScripts.compCreatePostScripts@75329a49] output={null}]]]>
              </value>
            </param>
          </params>
          <reporter-output>
          </reporter-output>
        </test-method> <!-- closeApp -->
        <test-method is-config="true" signature="openApp()[pri:0, instance:CompanyScripts.compCreatePostScripts@75329a49]" started-at="2023-03-01T14:46:54 IST" name="openApp" finished-at="2023-03-01T14:46:58 IST" duration-ms="3474" status="PASS">
          <reporter-output>
          </reporter-output>
        </test-method> <!-- openApp -->
        <test-method signature="public_ALL_Man_Vend_Dist()[pri:12, instance:CompanyScripts.compCreatePostScripts@75329a49]" started-at="2023-03-01T14:46:58 IST" name="public_ALL_Man_Vend_Dist" finished-at="2023-03-01T14:47:07 IST" duration-ms="8913" status="PASS">
          <reporter-output>
          </reporter-output>
        </test-method> <!-- public_ALL_Man_Vend_Dist -->
        <test-method is-config="true" signature="closeApp(org.testng.ITestResult)[pri:0, instance:CompanyScripts.compCreatePostScripts@75329a49]" started-at="2023-03-01T14:47:07 IST" name="closeApp" finished-at="2023-03-01T14:47:07 IST" duration-ms="377" status="PASS">
          <params>
            <param index="0">
              <value>
                <![CDATA[[TestResult name=public_ALL_Man_Vend_Dist status=SUCCESS method=compCreatePostScripts.public_ALL_Man_Vend_Dist()[pri:12, instance:CompanyScripts.compCreatePostScripts@75329a49] output={null}]]]>
              </value>
            </param>
          </params>
          <reporter-output>
          </reporter-output>
        </test-method> <!-- closeApp -->
        <test-method is-config="true" signature="openApp()[pri:0, instance:CompanyScripts.compCreatePostScripts@75329a49]" started-at="2023-03-01T14:47:07 IST" name="openApp" finished-at="2023-03-01T14:47:11 IST" duration-ms="3936" status="PASS">
          <reporter-output>
          </reporter-output>
        </test-method> <!-- openApp -->
        <test-method signature="public_ALL_Emp_Part_Share()[pri:13, instance:CompanyScripts.compCreatePostScripts@75329a49]" started-at="2023-03-01T14:47:11 IST" name="public_ALL_Emp_Part_Share" finished-at="2023-03-01T14:47:20 IST" duration-ms="9025" status="PASS">
          <reporter-output>
          </reporter-output>
        </test-method> <!-- public_ALL_Emp_Part_Share -->
        <test-method is-config="true" signature="closeApp(org.testng.ITestResult)[pri:0, instance:CompanyScripts.compCreatePostScripts@75329a49]" started-at="2023-03-01T14:47:20 IST" name="closeApp" finished-at="2023-03-01T14:47:21 IST" duration-ms="383" status="PASS">
          <params>
            <param index="0">
              <value>
                <![CDATA[[TestResult name=public_ALL_Emp_Part_Share status=SUCCESS method=compCreatePostScripts.public_ALL_Emp_Part_Share()[pri:13, instance:CompanyScripts.compCreatePostScripts@75329a49] output={null}]]]>
              </value>
            </param>
          </params>
          <reporter-output>
          </reporter-output>
        </test-method> <!-- closeApp -->
        <test-method is-config="true" signature="openApp()[pri:0, instance:CompanyScripts.compCreatePostScripts@75329a49]" started-at="2023-03-01T14:47:21 IST" name="openApp" finished-at="2023-03-01T14:47:25 IST" duration-ms="4691" status="PASS">
          <reporter-output>
          </reporter-output>
        </test-method> <!-- openApp -->
        <test-method signature="Status_archieve()[pri:14, instance:CompanyScripts.compCreatePostScripts@75329a49]" started-at="2023-03-01T14:47:25 IST" name="Status_archieve" finished-at="2023-03-01T14:47:38 IST" duration-ms="12416" status="PASS">
          <reporter-output>
          </reporter-output>
        </test-method> <!-- Status_archieve -->
        <test-method is-config="true" signature="closeApp(org.testng.ITestResult)[pri:0, instance:CompanyScripts.compCreatePostScripts@75329a49]" started-at="2023-03-01T14:47:38 IST" name="closeApp" finished-at="2023-03-01T14:47:38 IST" duration-ms="405" status="PASS">
          <params>
            <param index="0">
              <value>
                <![CDATA[[TestResult name=Status_archieve status=SUCCESS method=compCreatePostScripts.Status_archieve()[pri:14, instance:CompanyScripts.compCreatePostScripts@75329a49] output={null}]]]>
              </value>
            </param>
          </params>
          <reporter-output>
          </reporter-output>
        </test-method> <!-- closeApp -->
        <test-method is-config="true" signature="openApp()[pri:0, instance:CompanyScripts.compCreatePostScripts@75329a49]" started-at="2023-03-01T14:47:38 IST" name="openApp" finished-at="2023-03-01T14:47:42 IST" duration-ms="3513" status="PASS">
          <reporter-output>
          </reporter-output>
        </test-method> <!-- openApp -->
        <test-method signature="UploadImageAndCancel()[pri:15, instance:CompanyScripts.compCreatePostScripts@75329a49]" started-at="2023-03-01T14:47:42 IST" name="UploadImageAndCancel" finished-at="2023-03-01T14:47:49 IST" duration-ms="7161" status="PASS">
          <reporter-output>
          </reporter-output>
        </test-method> <!-- UploadImageAndCancel -->
        <test-method is-config="true" signature="closeApp(org.testng.ITestResult)[pri:0, instance:CompanyScripts.compCreatePostScripts@75329a49]" started-at="2023-03-01T14:47:49 IST" name="closeApp" finished-at="2023-03-01T14:47:49 IST" duration-ms="336" status="PASS">
          <params>
            <param index="0">
              <value>
                <![CDATA[[TestResult name=UploadImageAndCancel status=SUCCESS method=compCreatePostScripts.UploadImageAndCancel()[pri:15, instance:CompanyScripts.compCreatePostScripts@75329a49] output={null}]]]>
              </value>
            </param>
          </params>
          <reporter-output>
          </reporter-output>
        </test-method> <!-- closeApp -->
        <test-method is-config="true" signature="openApp()[pri:0, instance:CompanyScripts.compCreatePostScripts@75329a49]" started-at="2023-03-01T14:47:49 IST" name="openApp" finished-at="2023-03-01T14:47:53 IST" duration-ms="3559" status="PASS">
          <reporter-output>
          </reporter-output>
        </test-method> <!-- openApp -->
        <test-method signature="public_Distribtor()[pri:16, instance:CompanyScripts.compCreatePostScripts@75329a49]" started-at="2023-03-01T14:47:53 IST" name="public_Distribtor" finished-at="2023-03-01T14:48:01 IST" duration-ms="8013" status="PASS">
          <reporter-output>
          </reporter-output>
        </test-method> <!-- public_Distribtor -->
        <test-method is-config="true" signature="closeApp(org.testng.ITestResult)[pri:0, instance:CompanyScripts.compCreatePostScripts@75329a49]" started-at="2023-03-01T14:48:01 IST" name="closeApp" finished-at="2023-03-01T14:48:01 IST" duration-ms="504" status="PASS">
          <params>
            <param index="0">
              <value>
                <![CDATA[[TestResult name=public_Distribtor status=SUCCESS method=compCreatePostScripts.public_Distribtor()[pri:16, instance:CompanyScripts.compCreatePostScripts@75329a49] output={null}]]]>
              </value>
            </param>
          </params>
          <reporter-output>
          </reporter-output>
        </test-method> <!-- closeApp -->
      </class> <!-- CompanyScripts.compCreatePostScripts -->
      <class name="CompanyScripts.compNewsFeed_Home">
        <test-method is-config="true" signature="openApp()[pri:0, instance:CompanyScripts.compNewsFeed_Home@49b0b76]" started-at="2023-03-01T14:48:01 IST" name="openApp" finished-at="2023-03-01T14:48:05 IST" duration-ms="3458" status="PASS">
          <reporter-output>
          </reporter-output>
        </test-method> <!-- openApp -->
        <test-method signature="BookmaarkPost_Comment()[pri:0, instance:CompanyScripts.compNewsFeed_Home@49b0b76]" started-at="2023-03-01T14:48:05 IST" name="BookmaarkPost_Comment" finished-at="2023-03-01T14:48:37 IST" duration-ms="31930" status="PASS">
          <reporter-output>
          </reporter-output>
        </test-method> <!-- BookmaarkPost_Comment -->
        <test-method is-config="true" signature="closeApp(org.testng.ITestResult)[pri:0, instance:CompanyScripts.compNewsFeed_Home@49b0b76]" started-at="2023-03-01T14:48:37 IST" name="closeApp" finished-at="2023-03-01T14:48:37 IST" duration-ms="334" status="PASS">
          <params>
            <param index="0">
              <value>
                <![CDATA[[TestResult name=BookmaarkPost_Comment status=SUCCESS method=compNewsFeed_Home.BookmaarkPost_Comment()[pri:0, instance:CompanyScripts.compNewsFeed_Home@49b0b76] output={null}]]]>
              </value>
            </param>
          </params>
          <reporter-output>
          </reporter-output>
        </test-method> <!-- closeApp -->
        <test-method is-config="true" signature="openApp()[pri:0, instance:CompanyScripts.compNewsFeed_Home@49b0b76]" started-at="2023-03-01T14:48:37 IST" name="openApp" finished-at="2023-03-01T14:48:41 IST" duration-ms="4237" status="PASS">
          <reporter-output>
          </reporter-output>
        </test-method> <!-- openApp -->
        <test-method signature="Edit_Post()[pri:0, instance:CompanyScripts.compNewsFeed_Home@49b0b76]" started-at="2023-03-01T14:48:41 IST" name="Edit_Post" finished-at="2023-03-01T14:48:53 IST" duration-ms="12302" status="PASS">
          <reporter-output>
          </reporter-output>
        </test-method> <!-- Edit_Post -->
        <test-method is-config="true" signature="closeApp(org.testng.ITestResult)[pri:0, instance:CompanyScripts.compNewsFeed_Home@49b0b76]" started-at="2023-03-01T14:48:53 IST" name="closeApp" finished-at="2023-03-01T14:48:54 IST" duration-ms="654" status="PASS">
          <params>
            <param index="0">
              <value>
                <![CDATA[[TestResult name=Edit_Post status=SUCCESS method=compNewsFeed_Home.Edit_Post()[pri:0, instance:CompanyScripts.compNewsFeed_Home@49b0b76] output={null}]]]>
              </value>
            </param>
          </params>
          <reporter-output>
          </reporter-output>
        </test-method> <!-- closeApp -->
        <test-method is-config="true" signature="openApp()[pri:0, instance:CompanyScripts.compNewsFeed_Home@49b0b76]" started-at="2023-03-01T14:48:54 IST" name="openApp" finished-at="2023-03-01T14:48:57 IST" duration-ms="3289" status="PASS">
          <reporter-output>
          </reporter-output>
        </test-method> <!-- openApp -->
        <test-method retried="true" signature="Delete_Post()[pri:3, instance:CompanyScripts.compNewsFeed_Home@49b0b76]" started-at="2023-03-01T14:48:57 IST" name="Delete_Post" finished-at="2023-03-01T14:49:12 IST" duration-ms="14313" status="SKIP">
          <exception class="java.lang.AssertionError">
            <message>
              <![CDATA[expected [] but found [News Feed Deleted Successfully!]]]>
            </message>
            <full-stacktrace>
              <![CDATA[java.lang.AssertionError: expected [] but found [News Feed Deleted Successfully!]
at org.testng.Assert.fail(Assert.java:99)
at org.testng.Assert.failNotEquals(Assert.java:1037)
at org.testng.Assert.assertEqualsImpl(Assert.java:140)
at org.testng.Assert.assertEquals(Assert.java:122)
at org.testng.Assert.assertEquals(Assert.java:629)
at org.testng.Assert.assertEquals(Assert.java:639)
at CompanyScripts.compNewsFeed_Home.Delete_Post(compNewsFeed_Home.java:78)
at java.base/jdk.internal.reflect.NativeMethodAccessorImpl.invoke0(Native Method)
at java.base/jdk.internal.reflect.NativeMethodAccessorImpl.invoke(NativeMethodAccessorImpl.java:77)
at java.base/jdk.internal.reflect.DelegatingMethodAccessorImpl.invoke(DelegatingMethodAccessorImpl.java:43)
at java.base/java.lang.reflect.Method.invoke(Method.java:568)
at org.testng.internal.MethodInvocationHelper.invokeMethod(MethodInvocationHelper.java:133)
at org.testng.internal.TestInvoker.invokeMethod(TestInvoker.java:598)
at org.testng.internal.TestInvoker.invokeTestMethod(TestInvoker.java:173)
at org.testng.internal.MethodRunner.runInSequence(MethodRunner.java:46)
at org.testng.internal.TestInvoker$MethodInvocationAgent.invoke(TestInvoker.java:824)
at org.testng.internal.TestInvoker.invokeTestMethods(TestInvoker.java:146)
at org.testng.internal.TestMethodWorker.invokeTestMethods(TestMethodWorker.java:146)
at org.testng.internal.TestMethodWorker.run(TestMethodWorker.java:128)
at java.base/java.util.ArrayList.forEach(ArrayList.java:1511)
at org.testng.TestRunner.privateRun(TestRunner.java:794)
at org.testng.TestRunner.run(TestRunner.java:596)
at org.testng.SuiteRunner.runTest(SuiteRunner.java:377)
at org.testng.SuiteRunner.runSequentially(SuiteRunner.java:371)
at org.testng.SuiteRunner.privateRun(SuiteRunner.java:332)
at org.testng.SuiteRunner.run(SuiteRunner.java:276)
at org.testng.SuiteRunnerWorker.runSuite(SuiteRunnerWorker.java:53)
at org.testng.SuiteRunnerWorker.run(SuiteRunnerWorker.java:96)
at org.testng.TestNG.runSuitesSequentially(TestNG.java:1212)
at org.testng.TestNG.runSuitesLocally(TestNG.java:1134)
at org.testng.TestNG.runSuites(TestNG.java:1063)
at org.testng.TestNG.run(TestNG.java:1031)
at org.apache.maven.surefire.testng.TestNGExecutor.run(TestNGExecutor.java:324)
at org.apache.maven.surefire.testng.TestNGXmlTestSuite.execute(TestNGXmlTestSuite.java:74)
at org.apache.maven.surefire.testng.TestNGProvider.invoke(TestNGProvider.java:123)
at org.apache.maven.surefire.booter.ForkedBooter.runSuitesInProcess(ForkedBooter.java:456)
at org.apache.maven.surefire.booter.ForkedBooter.execute(ForkedBooter.java:169)
at org.apache.maven.surefire.booter.ForkedBooter.run(ForkedBooter.java:595)
at org.apache.maven.surefire.booter.ForkedBooter.main(ForkedBooter.java:581)
]]>
            </full-stacktrace>
          </exception> <!-- java.lang.AssertionError -->
          <reporter-output>
          </reporter-output>
        </test-method> <!-- Delete_Post -->
        <test-method is-config="true" signature="closeApp(org.testng.ITestResult)[pri:0, instance:CompanyScripts.compNewsFeed_Home@49b0b76]" started-at="2023-03-01T14:49:12 IST" name="closeApp" finished-at="2023-03-01T14:49:12 IST" duration-ms="302" status="PASS">
          <params>
            <param index="0">
              <value>
                <![CDATA[[TestResult name=Delete_Post status=SKIP method=compNewsFeed_Home.Delete_Post()[pri:3, instance:CompanyScripts.compNewsFeed_Home@49b0b76] output={null}]]]>
              </value>
            </param>
          </params>
          <reporter-output>
          </reporter-output>
        </test-method> <!-- closeApp -->
        <test-method is-config="true" signature="openApp()[pri:0, instance:CompanyScripts.compNewsFeed_Home@49b0b76]" started-at="2023-03-01T14:49:12 IST" name="openApp" finished-at="2023-03-01T14:49:15 IST" duration-ms="3385" status="PASS">
          <reporter-output>
          </reporter-output>
        </test-method> <!-- openApp -->
        <test-method signature="Delete_Post()[pri:3, instance:CompanyScripts.compNewsFeed_Home@49b0b76]" started-at="2023-03-01T14:49:15 IST" name="Delete_Post" finished-at="2023-03-01T14:49:29 IST" duration-ms="13761" status="PASS">
          <reporter-output>
          </reporter-output>
        </test-method> <!-- Delete_Post -->
        <test-method is-config="true" signature="closeApp(org.testng.ITestResult)[pri:0, instance:CompanyScripts.compNewsFeed_Home@49b0b76]" started-at="2023-03-01T14:49:29 IST" name="closeApp" finished-at="2023-03-01T14:49:30 IST" duration-ms="585" status="PASS">
          <params>
            <param index="0">
              <value>
                <![CDATA[[TestResult name=Delete_Post status=SUCCESS method=compNewsFeed_Home.Delete_Post()[pri:3, instance:CompanyScripts.compNewsFeed_Home@49b0b76] output={null}]]]>
              </value>
            </param>
          </params>
          <reporter-output>
          </reporter-output>
        </test-method> <!-- closeApp -->
        <test-method is-config="true" signature="openApp()[pri:0, instance:CompanyScripts.compNewsFeed_Home@49b0b76]" started-at="2023-03-01T14:49:30 IST" name="openApp" finished-at="2023-03-01T14:49:33 IST" duration-ms="3169" status="PASS">
          <reporter-output>
          </reporter-output>
        </test-method> <!-- openApp -->
        <test-method signature="Add_to_bookmark()[pri:4, instance:CompanyScripts.compNewsFeed_Home@49b0b76]" started-at="2023-03-01T14:49:33 IST" name="Add_to_bookmark" finished-at="2023-03-01T14:49:46 IST" duration-ms="13169" status="PASS">
          <reporter-output>
          </reporter-output>
        </test-method> <!-- Add_to_bookmark -->
        <test-method is-config="true" signature="closeApp(org.testng.ITestResult)[pri:0, instance:CompanyScripts.compNewsFeed_Home@49b0b76]" started-at="2023-03-01T14:49:46 IST" name="closeApp" finished-at="2023-03-01T14:49:47 IST" duration-ms="1090" status="PASS">
          <params>
            <param index="0">
              <value>
                <![CDATA[[TestResult name=Add_to_bookmark status=SUCCESS method=compNewsFeed_Home.Add_to_bookmark()[pri:4, instance:CompanyScripts.compNewsFeed_Home@49b0b76] output={null}]]]>
              </value>
            </param>
          </params>
          <reporter-output>
          </reporter-output>
        </test-method> <!-- closeApp -->
        <test-method is-config="true" signature="openApp()[pri:0, instance:CompanyScripts.compNewsFeed_Home@49b0b76]" started-at="2023-03-01T14:49:47 IST" name="openApp" finished-at="2023-03-01T14:49:51 IST" duration-ms="3503" status="PASS">
          <reporter-output>
          </reporter-output>
        </test-method> <!-- openApp -->
        <test-method signature="searchFeedwithCompany()[pri:5, instance:CompanyScripts.compNewsFeed_Home@49b0b76]" started-at="2023-03-01T14:49:51 IST" name="searchFeedwithCompany" finished-at="2023-03-01T14:50:02 IST" duration-ms="11016" status="PASS">
          <reporter-output>
          </reporter-output>
        </test-method> <!-- searchFeedwithCompany -->
        <test-method is-config="true" signature="closeApp(org.testng.ITestResult)[pri:0, instance:CompanyScripts.compNewsFeed_Home@49b0b76]" started-at="2023-03-01T14:50:02 IST" name="closeApp" finished-at="2023-03-01T14:50:02 IST" duration-ms="455" status="PASS">
          <params>
            <param index="0">
              <value>
                <![CDATA[[TestResult name=searchFeedwithCompany status=SUCCESS method=compNewsFeed_Home.searchFeedwithCompany()[pri:5, instance:CompanyScripts.compNewsFeed_Home@49b0b76] output={null}]]]>
              </value>
            </param>
          </params>
          <reporter-output>
          </reporter-output>
        </test-method> <!-- closeApp -->
        <test-method is-config="true" signature="openApp()[pri:0, instance:CompanyScripts.compNewsFeed_Home@49b0b76]" started-at="2023-03-01T14:50:02 IST" name="openApp" finished-at="2023-03-01T14:50:06 IST" duration-ms="3588" status="PASS">
          <reporter-output>
          </reporter-output>
        </test-method> <!-- openApp -->
        <test-method signature="BookmaarkPost_Like()[pri:13, instance:CompanyScripts.compNewsFeed_Home@49b0b76]" started-at="2023-03-01T14:50:06 IST" name="BookmaarkPost_Like" finished-at="2023-03-01T14:50:26 IST" duration-ms="20444" status="PASS">
          <reporter-output>
          </reporter-output>
        </test-method> <!-- BookmaarkPost_Like -->
        <test-method is-config="true" signature="closeApp(org.testng.ITestResult)[pri:0, instance:CompanyScripts.compNewsFeed_Home@49b0b76]" started-at="2023-03-01T14:50:26 IST" name="closeApp" finished-at="2023-03-01T14:50:26 IST" duration-ms="314" status="PASS">
          <params>
            <param index="0">
              <value>
                <![CDATA[[TestResult name=BookmaarkPost_Like status=SUCCESS method=compNewsFeed_Home.BookmaarkPost_Like()[pri:13, instance:CompanyScripts.compNewsFeed_Home@49b0b76] output={null}]]]>
              </value>
            </param>
          </params>
          <reporter-output>
          </reporter-output>
        </test-method> <!-- closeApp -->
        <test-method is-config="true" signature="openApp()[pri:0, instance:CompanyScripts.compNewsFeed_Home@49b0b76]" started-at="2023-03-01T14:50:26 IST" name="openApp" finished-at="2023-03-01T14:50:30 IST" duration-ms="3307" status="PASS">
          <reporter-output>
          </reporter-output>
        </test-method> <!-- openApp -->
        <test-method signature="BookmaarkPost_share()[pri:15, instance:CompanyScripts.compNewsFeed_Home@49b0b76]" started-at="2023-03-01T14:50:30 IST" name="BookmaarkPost_share" finished-at="2023-03-01T14:50:55 IST" duration-ms="25243" status="PASS">
          <reporter-output>
          </reporter-output>
        </test-method> <!-- BookmaarkPost_share -->
        <test-method is-config="true" signature="closeApp(org.testng.ITestResult)[pri:0, instance:CompanyScripts.compNewsFeed_Home@49b0b76]" started-at="2023-03-01T14:50:55 IST" name="closeApp" finished-at="2023-03-01T14:50:55 IST" duration-ms="435" status="PASS">
          <params>
            <param index="0">
              <value>
                <![CDATA[[TestResult name=BookmaarkPost_share status=SUCCESS method=compNewsFeed_Home.BookmaarkPost_share()[pri:15, instance:CompanyScripts.compNewsFeed_Home@49b0b76] output={null}]]]>
              </value>
            </param>
          </params>
          <reporter-output>
          </reporter-output>
        </test-method> <!-- closeApp -->
        <test-method is-config="true" signature="openApp()[pri:0, instance:CompanyScripts.compNewsFeed_Home@49b0b76]" started-at="2023-03-01T14:50:55 IST" name="openApp" finished-at="2023-03-01T14:50:59 IST" duration-ms="3302" status="PASS">
          <reporter-output>
          </reporter-output>
        </test-method> <!-- openApp -->
        <test-method signature="ScrollFeedUntilLoadmore()[pri:16, instance:CompanyScripts.compNewsFeed_Home@49b0b76]" started-at="2023-03-01T14:50:59 IST" name="ScrollFeedUntilLoadmore" finished-at="2023-03-01T14:51:07 IST" duration-ms="8447" status="PASS">
          <reporter-output>
          </reporter-output>
        </test-method> <!-- ScrollFeedUntilLoadmore -->
        <test-method is-config="true" signature="closeApp(org.testng.ITestResult)[pri:0, instance:CompanyScripts.compNewsFeed_Home@49b0b76]" started-at="2023-03-01T14:51:07 IST" name="closeApp" finished-at="2023-03-01T14:51:07 IST" duration-ms="336" status="PASS">
          <params>
            <param index="0">
              <value>
                <![CDATA[[TestResult name=ScrollFeedUntilLoadmore status=SUCCESS method=compNewsFeed_Home.ScrollFeedUntilLoadmore()[pri:16, instance:CompanyScripts.compNewsFeed_Home@49b0b76] output={null}]]]>
              </value>
            </param>
          </params>
          <reporter-output>
          </reporter-output>
        </test-method> <!-- closeApp -->
        <test-method is-config="true" signature="openApp()[pri:0, instance:CompanyScripts.compNewsFeed_Home@49b0b76]" started-at="2023-03-01T14:51:07 IST" name="openApp" finished-at="2023-03-01T14:51:11 IST" duration-ms="3256" status="PASS">
          <reporter-output>
          </reporter-output>
        </test-method> <!-- openApp -->
        <test-method signature="LikeAndShareFeedPost()[pri:17, instance:CompanyScripts.compNewsFeed_Home@49b0b76]" started-at="2023-03-01T14:51:11 IST" name="LikeAndShareFeedPost" finished-at="2023-03-01T14:51:33 IST" duration-ms="22616" status="PASS">
          <reporter-output>
          </reporter-output>
        </test-method> <!-- LikeAndShareFeedPost -->
        <test-method is-config="true" signature="closeApp(org.testng.ITestResult)[pri:0, instance:CompanyScripts.compNewsFeed_Home@49b0b76]" started-at="2023-03-01T14:51:33 IST" name="closeApp" finished-at="2023-03-01T14:51:34 IST" duration-ms="411" status="PASS">
          <params>
            <param index="0">
              <value>
                <![CDATA[[TestResult name=LikeAndShareFeedPost status=SUCCESS method=compNewsFeed_Home.LikeAndShareFeedPost()[pri:17, instance:CompanyScripts.compNewsFeed_Home@49b0b76] output={null}]]]>
              </value>
            </param>
          </params>
          <reporter-output>
          </reporter-output>
        </test-method> <!-- closeApp -->
        <test-method is-config="true" signature="openApp()[pri:0, instance:CompanyScripts.compNewsFeed_Home@49b0b76]" started-at="2023-03-01T14:51:34 IST" name="openApp" finished-at="2023-03-01T14:51:39 IST" duration-ms="4952" status="PASS">
          <reporter-output>
          </reporter-output>
        </test-method> <!-- openApp -->
        <test-method signature="Play_Posted_Video()[pri:18, instance:CompanyScripts.compNewsFeed_Home@49b0b76]" started-at="2023-03-01T14:51:39 IST" name="Play_Posted_Video" finished-at="2023-03-01T14:51:57 IST" duration-ms="18555" status="PASS">
          <reporter-output>
          </reporter-output>
        </test-method> <!-- Play_Posted_Video -->
        <test-method is-config="true" signature="closeApp(org.testng.ITestResult)[pri:0, instance:CompanyScripts.compNewsFeed_Home@49b0b76]" started-at="2023-03-01T14:51:57 IST" name="closeApp" finished-at="2023-03-01T14:51:58 IST" duration-ms="339" status="PASS">
          <params>
            <param index="0">
              <value>
                <![CDATA[[TestResult name=Play_Posted_Video status=SUCCESS method=compNewsFeed_Home.Play_Posted_Video()[pri:18, instance:CompanyScripts.compNewsFeed_Home@49b0b76] output={null}]]]>
              </value>
            </param>
          </params>
          <reporter-output>
          </reporter-output>
        </test-method> <!-- closeApp -->
      </class> <!-- CompanyScripts.compNewsFeed_Home -->
    </test> <!-- Test -->
  </suite> <!-- Suite -->
</testng-results>
