<?xml version="1.0" encoding="UTF-8"?>
<testng-results retried="1" ignored="0" total="45" passed="44" failed="0" skipped="0">
  <reporter-output>
  </reporter-output>
  <suite started-at="2023-03-02T10:27:54 IST" name="Suite" finished-at="2023-03-02T10:40:36 IST" duration-ms="762309">
    <groups>
    </groups>
    <test started-at="2023-03-02T10:27:54 IST" name="Test" finished-at="2023-03-02T10:40:36 IST" duration-ms="762309">
      <class name="CompanyScripts.compCreatePostScripts">
        <test-method is-config="true" signature="openApp()[pri:0, instance:CompanyScripts.compCreatePostScripts@703580bf]" started-at="2023-03-02T10:32:52 IST" name="openApp" finished-at="2023-03-02T10:32:55 IST" duration-ms="3265" status="PASS">
          <reporter-output>
          </reporter-output>
        </test-method> <!-- openApp -->
        <test-method signature="UploadText()[pri:1, instance:CompanyScripts.compCreatePostScripts@703580bf]" started-at="2023-03-02T10:32:55 IST" name="UploadText" finished-at="2023-03-02T10:33:04 IST" duration-ms="8576" status="PASS">
          <reporter-output>
          </reporter-output>
        </test-method> <!-- UploadText -->
        <test-method is-config="true" signature="closeApp(org.testng.ITestResult)[pri:0, instance:CompanyScripts.compCreatePostScripts@703580bf]" started-at="2023-03-02T10:33:04 IST" name="closeApp" finished-at="2023-03-02T10:33:04 IST" duration-ms="334" status="PASS">
          <params>
            <param index="0">
              <value>
                <![CDATA[[TestResult name=UploadText status=SUCCESS method=compCreatePostScripts.UploadText()[pri:1, instance:CompanyScripts.compCreatePostScripts@703580bf] output={null}]]]>
              </value>
            </param>
          </params>
          <reporter-output>
          </reporter-output>
        </test-method> <!-- closeApp -->
        <test-method is-config="true" signature="openApp()[pri:0, instance:CompanyScripts.compCreatePostScripts@703580bf]" started-at="2023-03-02T10:33:04 IST" name="openApp" finished-at="2023-03-02T10:33:08 IST" duration-ms="3876" status="PASS">
          <reporter-output>
          </reporter-output>
        </test-method> <!-- openApp -->
        <test-method signature="UploadImage()[pri:2, instance:CompanyScripts.compCreatePostScripts@703580bf]" started-at="2023-03-02T10:33:08 IST" name="UploadImage" finished-at="2023-03-02T10:33:17 IST" duration-ms="9006" status="PASS">
          <reporter-output>
          </reporter-output>
        </test-method> <!-- UploadImage -->
        <test-method is-config="true" signature="closeApp(org.testng.ITestResult)[pri:0, instance:CompanyScripts.compCreatePostScripts@703580bf]" started-at="2023-03-02T10:33:17 IST" name="closeApp" finished-at="2023-03-02T10:33:17 IST" duration-ms="368" status="PASS">
          <params>
            <param index="0">
              <value>
                <![CDATA[[TestResult name=UploadImage status=SUCCESS method=compCreatePostScripts.UploadImage()[pri:2, instance:CompanyScripts.compCreatePostScripts@703580bf] output={null}]]]>
              </value>
            </param>
          </params>
          <reporter-output>
          </reporter-output>
        </test-method> <!-- closeApp -->
        <test-method is-config="true" signature="openApp()[pri:0, instance:CompanyScripts.compCreatePostScripts@703580bf]" started-at="2023-03-02T10:33:17 IST" name="openApp" finished-at="2023-03-02T10:33:21 IST" duration-ms="3752" status="PASS">
          <reporter-output>
          </reporter-output>
        </test-method> <!-- openApp -->
        <test-method signature="UploadVideo()[pri:3, instance:CompanyScripts.compCreatePostScripts@703580bf]" started-at="2023-03-02T10:33:21 IST" name="UploadVideo" finished-at="2023-03-02T10:33:33 IST" duration-ms="12245" status="PASS">
          <reporter-output>
          </reporter-output>
        </test-method> <!-- UploadVideo -->
        <test-method is-config="true" signature="closeApp(org.testng.ITestResult)[pri:0, instance:CompanyScripts.compCreatePostScripts@703580bf]" started-at="2023-03-02T10:33:33 IST" name="closeApp" finished-at="2023-03-02T10:33:34 IST" duration-ms="349" status="PASS">
          <params>
            <param index="0">
              <value>
                <![CDATA[[TestResult name=UploadVideo status=SUCCESS method=compCreatePostScripts.UploadVideo()[pri:3, instance:CompanyScripts.compCreatePostScripts@703580bf] output={null}]]]>
              </value>
            </param>
          </params>
          <reporter-output>
          </reporter-output>
        </test-method> <!-- closeApp -->
        <test-method is-config="true" signature="openApp()[pri:0, instance:CompanyScripts.compCreatePostScripts@703580bf]" started-at="2023-03-02T10:33:34 IST" name="openApp" finished-at="2023-03-02T10:33:38 IST" duration-ms="3920" status="PASS">
          <reporter-output>
          </reporter-output>
        </test-method> <!-- openApp -->
        <test-method signature="Upload_youtube_Url()[pri:4, instance:CompanyScripts.compCreatePostScripts@703580bf]" started-at="2023-03-02T10:33:38 IST" name="Upload_youtube_Url" finished-at="2023-03-02T10:33:51 IST" duration-ms="12831" status="PASS">
          <reporter-output>
          </reporter-output>
        </test-method> <!-- Upload_youtube_Url -->
        <test-method is-config="true" signature="closeApp(org.testng.ITestResult)[pri:0, instance:CompanyScripts.compCreatePostScripts@703580bf]" started-at="2023-03-02T10:33:51 IST" name="closeApp" finished-at="2023-03-02T10:33:51 IST" duration-ms="368" status="PASS">
          <params>
            <param index="0">
              <value>
                <![CDATA[[TestResult name=Upload_youtube_Url status=SUCCESS method=compCreatePostScripts.Upload_youtube_Url()[pri:4, instance:CompanyScripts.compCreatePostScripts@703580bf] output={null}]]]>
              </value>
            </param>
          </params>
          <reporter-output>
          </reporter-output>
        </test-method> <!-- closeApp -->
        <test-method is-config="true" signature="openApp()[pri:0, instance:CompanyScripts.compCreatePostScripts@703580bf]" started-at="2023-03-02T10:33:51 IST" name="openApp" finished-at="2023-03-02T10:33:56 IST" duration-ms="5344" status="PASS">
          <reporter-output>
          </reporter-output>
        </test-method> <!-- openApp -->
        <test-method signature="upload_Five_Images()[pri:5, instance:CompanyScripts.compCreatePostScripts@703580bf]" started-at="2023-03-02T10:33:56 IST" name="upload_Five_Images" finished-at="2023-03-02T10:34:14 IST" duration-ms="17543" status="PASS">
          <reporter-output>
          </reporter-output>
        </test-method> <!-- upload_Five_Images -->
        <test-method is-config="true" signature="closeApp(org.testng.ITestResult)[pri:0, instance:CompanyScripts.compCreatePostScripts@703580bf]" started-at="2023-03-02T10:34:14 IST" name="closeApp" finished-at="2023-03-02T10:34:14 IST" duration-ms="338" status="PASS">
          <params>
            <param index="0">
              <value>
                <![CDATA[[TestResult name=upload_Five_Images status=SUCCESS method=compCreatePostScripts.upload_Five_Images()[pri:5, instance:CompanyScripts.compCreatePostScripts@703580bf] output={null}]]]>
              </value>
            </param>
          </params>
          <reporter-output>
          </reporter-output>
        </test-method> <!-- closeApp -->
        <test-method is-config="true" signature="openApp()[pri:0, instance:CompanyScripts.compCreatePostScripts@703580bf]" started-at="2023-03-02T10:34:14 IST" name="openApp" finished-at="2023-03-02T10:34:18 IST" duration-ms="3866" status="PASS">
          <reporter-output>
          </reporter-output>
        </test-method> <!-- openApp -->
        <test-method signature="upload_FivePlus_Images()[pri:6, instance:CompanyScripts.compCreatePostScripts@703580bf]" started-at="2023-03-02T10:34:18 IST" name="upload_FivePlus_Images" finished-at="2023-03-02T10:34:37 IST" duration-ms="18812" status="PASS">
          <reporter-output>
          </reporter-output>
        </test-method> <!-- upload_FivePlus_Images -->
        <test-method is-config="true" signature="closeApp(org.testng.ITestResult)[pri:0, instance:CompanyScripts.compCreatePostScripts@703580bf]" started-at="2023-03-02T10:34:37 IST" name="closeApp" finished-at="2023-03-02T10:34:37 IST" duration-ms="459" status="PASS">
          <params>
            <param index="0">
              <value>
                <![CDATA[[TestResult name=upload_FivePlus_Images status=SUCCESS method=compCreatePostScripts.upload_FivePlus_Images()[pri:6, instance:CompanyScripts.compCreatePostScripts@703580bf] output={null}]]]>
              </value>
            </param>
          </params>
          <reporter-output>
          </reporter-output>
        </test-method> <!-- closeApp -->
        <test-method is-config="true" signature="openApp()[pri:0, instance:CompanyScripts.compCreatePostScripts@703580bf]" started-at="2023-03-02T10:34:37 IST" name="openApp" finished-at="2023-03-02T10:34:41 IST" duration-ms="3880" status="PASS">
          <reporter-output>
          </reporter-output>
        </test-method> <!-- openApp -->
        <test-method signature="public_Employees()[pri:8, instance:CompanyScripts.compCreatePostScripts@703580bf]" started-at="2023-03-02T10:34:41 IST" name="public_Employees" finished-at="2023-03-02T10:34:49 IST" duration-ms="7406" status="PASS">
          <reporter-output>
          </reporter-output>
        </test-method> <!-- public_Employees -->
        <test-method is-config="true" signature="closeApp(org.testng.ITestResult)[pri:0, instance:CompanyScripts.compCreatePostScripts@703580bf]" started-at="2023-03-02T10:34:49 IST" name="closeApp" finished-at="2023-03-02T10:34:49 IST" duration-ms="366" status="PASS">
          <params>
            <param index="0">
              <value>
                <![CDATA[[TestResult name=public_Employees status=SUCCESS method=compCreatePostScripts.public_Employees()[pri:8, instance:CompanyScripts.compCreatePostScripts@703580bf] output={null}]]]>
              </value>
            </param>
          </params>
          <reporter-output>
          </reporter-output>
        </test-method> <!-- closeApp -->
        <test-method is-config="true" signature="openApp()[pri:0, instance:CompanyScripts.compCreatePostScripts@703580bf]" started-at="2023-03-02T10:34:49 IST" name="openApp" finished-at="2023-03-02T10:34:53 IST" duration-ms="3651" status="PASS">
          <reporter-output>
          </reporter-output>
        </test-method> <!-- openApp -->
        <test-method signature="public_Manaufacturer()[pri:9, instance:CompanyScripts.compCreatePostScripts@703580bf]" started-at="2023-03-02T10:34:53 IST" name="public_Manaufacturer" finished-at="2023-03-02T10:35:01 IST" duration-ms="8110" status="PASS">
          <reporter-output>
          </reporter-output>
        </test-method> <!-- public_Manaufacturer -->
        <test-method is-config="true" signature="closeApp(org.testng.ITestResult)[pri:0, instance:CompanyScripts.compCreatePostScripts@703580bf]" started-at="2023-03-02T10:35:01 IST" name="closeApp" finished-at="2023-03-02T10:35:01 IST" duration-ms="392" status="PASS">
          <params>
            <param index="0">
              <value>
                <![CDATA[[TestResult name=public_Manaufacturer status=SUCCESS method=compCreatePostScripts.public_Manaufacturer()[pri:9, instance:CompanyScripts.compCreatePostScripts@703580bf] output={null}]]]>
              </value>
            </param>
          </params>
          <reporter-output>
          </reporter-output>
        </test-method> <!-- closeApp -->
        <test-method is-config="true" signature="openApp()[pri:0, instance:CompanyScripts.compCreatePostScripts@703580bf]" started-at="2023-03-02T10:35:01 IST" name="openApp" finished-at="2023-03-02T10:35:05 IST" duration-ms="3702" status="PASS">
          <reporter-output>
          </reporter-output>
        </test-method> <!-- openApp -->
        <test-method signature="public_Share_holder()[pri:10, instance:CompanyScripts.compCreatePostScripts@703580bf]" started-at="2023-03-02T10:35:05 IST" name="public_Share_holder" finished-at="2023-03-02T10:35:12 IST" duration-ms="7508" status="PASS">
          <reporter-output>
          </reporter-output>
        </test-method> <!-- public_Share_holder -->
        <test-method is-config="true" signature="closeApp(org.testng.ITestResult)[pri:0, instance:CompanyScripts.compCreatePostScripts@703580bf]" started-at="2023-03-02T10:35:12 IST" name="closeApp" finished-at="2023-03-02T10:35:13 IST" duration-ms="446" status="PASS">
          <params>
            <param index="0">
              <value>
                <![CDATA[[TestResult name=public_Share_holder status=SUCCESS method=compCreatePostScripts.public_Share_holder()[pri:10, instance:CompanyScripts.compCreatePostScripts@703580bf] output={null}]]]>
              </value>
            </param>
          </params>
          <reporter-output>
          </reporter-output>
        </test-method> <!-- closeApp -->
        <test-method is-config="true" signature="openApp()[pri:0, instance:CompanyScripts.compCreatePostScripts@703580bf]" started-at="2023-03-02T10:35:13 IST" name="openApp" finished-at="2023-03-02T10:35:16 IST" duration-ms="3609" status="PASS">
          <reporter-output>
          </reporter-output>
        </test-method> <!-- openApp -->
        <test-method signature="public_Vendor()[pri:11, instance:CompanyScripts.compCreatePostScripts@703580bf]" started-at="2023-03-02T10:35:16 IST" name="public_Vendor" finished-at="2023-03-02T10:35:24 IST" duration-ms="7511" status="PASS">
          <reporter-output>
          </reporter-output>
        </test-method> <!-- public_Vendor -->
        <test-method is-config="true" signature="closeApp(org.testng.ITestResult)[pri:0, instance:CompanyScripts.compCreatePostScripts@703580bf]" started-at="2023-03-02T10:35:24 IST" name="closeApp" finished-at="2023-03-02T10:35:24 IST" duration-ms="406" status="PASS">
          <params>
            <param index="0">
              <value>
                <![CDATA[[TestResult name=public_Vendor status=SUCCESS method=compCreatePostScripts.public_Vendor()[pri:11, instance:CompanyScripts.compCreatePostScripts@703580bf] output={null}]]]>
              </value>
            </param>
          </params>
          <reporter-output>
          </reporter-output>
        </test-method> <!-- closeApp -->
        <test-method is-config="true" signature="openApp()[pri:0, instance:CompanyScripts.compCreatePostScripts@703580bf]" started-at="2023-03-02T10:35:24 IST" name="openApp" finished-at="2023-03-02T10:35:28 IST" duration-ms="3881" status="PASS">
          <reporter-output>
          </reporter-output>
        </test-method> <!-- openApp -->
        <test-method signature="public_ALL_Man_Vend_Dist()[pri:12, instance:CompanyScripts.compCreatePostScripts@703580bf]" started-at="2023-03-02T10:35:28 IST" name="public_ALL_Man_Vend_Dist" finished-at="2023-03-02T10:35:38 IST" duration-ms="9801" status="PASS">
          <reporter-output>
          </reporter-output>
        </test-method> <!-- public_ALL_Man_Vend_Dist -->
        <test-method is-config="true" signature="closeApp(org.testng.ITestResult)[pri:0, instance:CompanyScripts.compCreatePostScripts@703580bf]" started-at="2023-03-02T10:35:38 IST" name="closeApp" finished-at="2023-03-02T10:35:39 IST" duration-ms="1274" status="PASS">
          <params>
            <param index="0">
              <value>
                <![CDATA[[TestResult name=public_ALL_Man_Vend_Dist status=SUCCESS method=compCreatePostScripts.public_ALL_Man_Vend_Dist()[pri:12, instance:CompanyScripts.compCreatePostScripts@703580bf] output={null}]]]>
              </value>
            </param>
          </params>
          <reporter-output>
          </reporter-output>
        </test-method> <!-- closeApp -->
        <test-method is-config="true" signature="openApp()[pri:0, instance:CompanyScripts.compCreatePostScripts@703580bf]" started-at="2023-03-02T10:35:39 IST" name="openApp" finished-at="2023-03-02T10:35:43 IST" duration-ms="3687" status="PASS">
          <reporter-output>
          </reporter-output>
        </test-method> <!-- openApp -->
        <test-method signature="public_ALL_Emp_Part_Share()[pri:13, instance:CompanyScripts.compCreatePostScripts@703580bf]" started-at="2023-03-02T10:35:43 IST" name="public_ALL_Emp_Part_Share" finished-at="2023-03-02T10:35:53 IST" duration-ms="10435" status="PASS">
          <reporter-output>
          </reporter-output>
        </test-method> <!-- public_ALL_Emp_Part_Share -->
        <test-method is-config="true" signature="closeApp(org.testng.ITestResult)[pri:0, instance:CompanyScripts.compCreatePostScripts@703580bf]" started-at="2023-03-02T10:35:53 IST" name="closeApp" finished-at="2023-03-02T10:35:55 IST" duration-ms="1191" status="PASS">
          <params>
            <param index="0">
              <value>
                <![CDATA[[TestResult name=public_ALL_Emp_Part_Share status=SUCCESS method=compCreatePostScripts.public_ALL_Emp_Part_Share()[pri:13, instance:CompanyScripts.compCreatePostScripts@703580bf] output={null}]]]>
              </value>
            </param>
          </params>
          <reporter-output>
          </reporter-output>
        </test-method> <!-- closeApp -->
        <test-method is-config="true" signature="openApp()[pri:0, instance:CompanyScripts.compCreatePostScripts@703580bf]" started-at="2023-03-02T10:35:55 IST" name="openApp" finished-at="2023-03-02T10:35:58 IST" duration-ms="3641" status="PASS">
          <reporter-output>
          </reporter-output>
        </test-method> <!-- openApp -->
        <test-method signature="Status_archieve()[pri:14, instance:CompanyScripts.compCreatePostScripts@703580bf]" started-at="2023-03-02T10:35:58 IST" name="Status_archieve" finished-at="2023-03-02T10:36:10 IST" duration-ms="11464" status="PASS">
          <reporter-output>
          </reporter-output>
        </test-method> <!-- Status_archieve -->
        <test-method is-config="true" signature="closeApp(org.testng.ITestResult)[pri:0, instance:CompanyScripts.compCreatePostScripts@703580bf]" started-at="2023-03-02T10:36:10 IST" name="closeApp" finished-at="2023-03-02T10:36:10 IST" duration-ms="432" status="PASS">
          <params>
            <param index="0">
              <value>
                <![CDATA[[TestResult name=Status_archieve status=SUCCESS method=compCreatePostScripts.Status_archieve()[pri:14, instance:CompanyScripts.compCreatePostScripts@703580bf] output={null}]]]>
              </value>
            </param>
          </params>
          <reporter-output>
          </reporter-output>
        </test-method> <!-- closeApp -->
        <test-method is-config="true" signature="openApp()[pri:0, instance:CompanyScripts.compCreatePostScripts@703580bf]" started-at="2023-03-02T10:36:10 IST" name="openApp" finished-at="2023-03-02T10:36:14 IST" duration-ms="3523" status="PASS">
          <reporter-output>
          </reporter-output>
        </test-method> <!-- openApp -->
        <test-method signature="UploadImageAndCancel()[pri:15, instance:CompanyScripts.compCreatePostScripts@703580bf]" started-at="2023-03-02T10:36:14 IST" name="UploadImageAndCancel" finished-at="2023-03-02T10:36:22 IST" duration-ms="8059" status="PASS">
          <reporter-output>
          </reporter-output>
        </test-method> <!-- UploadImageAndCancel -->
        <test-method is-config="true" signature="closeApp(org.testng.ITestResult)[pri:0, instance:CompanyScripts.compCreatePostScripts@703580bf]" started-at="2023-03-02T10:36:22 IST" name="closeApp" finished-at="2023-03-02T10:36:22 IST" duration-ms="619" status="PASS">
          <params>
            <param index="0">
              <value>
                <![CDATA[[TestResult name=UploadImageAndCancel status=SUCCESS method=compCreatePostScripts.UploadImageAndCancel()[pri:15, instance:CompanyScripts.compCreatePostScripts@703580bf] output={null}]]]>
              </value>
            </param>
          </params>
          <reporter-output>
          </reporter-output>
        </test-method> <!-- closeApp -->
        <test-method is-config="true" signature="openApp()[pri:0, instance:CompanyScripts.compCreatePostScripts@703580bf]" started-at="2023-03-02T10:36:22 IST" name="openApp" finished-at="2023-03-02T10:36:26 IST" duration-ms="3909" status="PASS">
          <reporter-output>
          </reporter-output>
        </test-method> <!-- openApp -->
        <test-method signature="public_Distribtor()[pri:16, instance:CompanyScripts.compCreatePostScripts@703580bf]" started-at="2023-03-02T10:36:26 IST" name="public_Distribtor" finished-at="2023-03-02T10:36:34 IST" duration-ms="8147" status="PASS">
          <reporter-output>
          </reporter-output>
        </test-method> <!-- public_Distribtor -->
        <test-method is-config="true" signature="closeApp(org.testng.ITestResult)[pri:0, instance:CompanyScripts.compCreatePostScripts@703580bf]" started-at="2023-03-02T10:36:34 IST" name="closeApp" finished-at="2023-03-02T10:36:35 IST" duration-ms="467" status="PASS">
          <params>
            <param index="0">
              <value>
                <![CDATA[[TestResult name=public_Distribtor status=SUCCESS method=compCreatePostScripts.public_Distribtor()[pri:16, instance:CompanyScripts.compCreatePostScripts@703580bf] output={null}]]]>
              </value>
            </param>
          </params>
          <reporter-output>
          </reporter-output>
        </test-method> <!-- closeApp -->
      </class> <!-- CompanyScripts.compCreatePostScripts -->
      <class name="CompanyScripts.compNetworks">
        <test-method is-config="true" signature="openApp()[pri:0, instance:CompanyScripts.compNetworks@20d28811]" started-at="2023-03-02T10:27:54 IST" name="openApp" finished-at="2023-03-02T10:28:01 IST" duration-ms="6732" status="PASS">
          <reporter-output>
          </reporter-output>
        </test-method> <!-- openApp -->
        <test-method signature="networksPage()[pri:0, instance:CompanyScripts.compNetworks@20d28811]" started-at="2023-03-02T10:28:01 IST" name="networksPage" finished-at="2023-03-02T10:28:07 IST" duration-ms="6444" status="PASS">
          <reporter-output>
          </reporter-output>
        </test-method> <!-- networksPage -->
        <test-method is-config="true" signature="closeApp(org.testng.ITestResult)[pri:0, instance:CompanyScripts.compNetworks@20d28811]" started-at="2023-03-02T10:28:07 IST" name="closeApp" finished-at="2023-03-02T10:28:08 IST" duration-ms="335" status="PASS">
          <params>
            <param index="0">
              <value>
                <![CDATA[[TestResult name=networksPage status=SUCCESS method=compNetworks.networksPage()[pri:0, instance:CompanyScripts.compNetworks@20d28811] output={null}]]]>
              </value>
            </param>
          </params>
          <reporter-output>
          </reporter-output>
        </test-method> <!-- closeApp -->
        <test-method is-config="true" signature="openApp()[pri:0, instance:CompanyScripts.compNetworks@20d28811]" started-at="2023-03-02T10:28:08 IST" name="openApp" finished-at="2023-03-02T10:28:12 IST" duration-ms="4185" status="PASS">
          <reporter-output>
          </reporter-output>
        </test-method> <!-- openApp -->
        <test-method signature="nPendingFeature()[pri:1, instance:CompanyScripts.compNetworks@20d28811]" started-at="2023-03-02T10:28:12 IST" name="nPendingFeature" finished-at="2023-03-02T10:28:17 IST" duration-ms="5115" status="PASS">
          <reporter-output>
          </reporter-output>
        </test-method> <!-- nPendingFeature -->
        <test-method is-config="true" signature="closeApp(org.testng.ITestResult)[pri:0, instance:CompanyScripts.compNetworks@20d28811]" started-at="2023-03-02T10:28:17 IST" name="closeApp" finished-at="2023-03-02T10:28:17 IST" duration-ms="310" status="PASS">
          <params>
            <param index="0">
              <value>
                <![CDATA[[TestResult name=nPendingFeature status=SUCCESS method=compNetworks.nPendingFeature()[pri:1, instance:CompanyScripts.compNetworks@20d28811] output={null}]]]>
              </value>
            </param>
          </params>
          <reporter-output>
          </reporter-output>
        </test-method> <!-- closeApp -->
        <test-method is-config="true" signature="openApp()[pri:0, instance:CompanyScripts.compNetworks@20d28811]" started-at="2023-03-02T10:28:17 IST" name="openApp" finished-at="2023-03-02T10:28:22 IST" duration-ms="4535" status="PASS">
          <reporter-output>
          </reporter-output>
        </test-method> <!-- openApp -->
        <test-method signature="nFollowFeature()[pri:2, instance:CompanyScripts.compNetworks@20d28811]" started-at="2023-03-02T10:28:22 IST" name="nFollowFeature" finished-at="2023-03-02T10:28:27 IST" duration-ms="5594" status="PASS">
          <reporter-output>
          </reporter-output>
        </test-method> <!-- nFollowFeature -->
        <test-method is-config="true" signature="closeApp(org.testng.ITestResult)[pri:0, instance:CompanyScripts.compNetworks@20d28811]" started-at="2023-03-02T10:28:27 IST" name="closeApp" finished-at="2023-03-02T10:28:28 IST" duration-ms="375" status="PASS">
          <params>
            <param index="0">
              <value>
                <![CDATA[[TestResult name=nFollowFeature status=SUCCESS method=compNetworks.nFollowFeature()[pri:2, instance:CompanyScripts.compNetworks@20d28811] output={null}]]]>
              </value>
            </param>
          </params>
          <reporter-output>
          </reporter-output>
        </test-method> <!-- closeApp -->
        <test-method is-config="true" signature="openApp()[pri:0, instance:CompanyScripts.compNetworks@20d28811]" started-at="2023-03-02T10:28:28 IST" name="openApp" finished-at="2023-03-02T10:28:32 IST" duration-ms="4526" status="PASS">
          <reporter-output>
          </reporter-output>
        </test-method> <!-- openApp -->
        <test-method signature="nBlockList()[pri:3, instance:CompanyScripts.compNetworks@20d28811]" started-at="2023-03-02T10:28:32 IST" name="nBlockList" finished-at="2023-03-02T10:28:37 IST" duration-ms="5256" status="PASS">
          <reporter-output>
          </reporter-output>
        </test-method> <!-- nBlockList -->
        <test-method is-config="true" signature="closeApp(org.testng.ITestResult)[pri:0, instance:CompanyScripts.compNetworks@20d28811]" started-at="2023-03-02T10:28:37 IST" name="closeApp" finished-at="2023-03-02T10:28:38 IST" duration-ms="441" status="PASS">
          <params>
            <param index="0">
              <value>
                <![CDATA[[TestResult name=nBlockList status=SUCCESS method=compNetworks.nBlockList()[pri:3, instance:CompanyScripts.compNetworks@20d28811] output={null}]]]>
              </value>
            </param>
          </params>
          <reporter-output>
          </reporter-output>
        </test-method> <!-- closeApp -->
        <test-method is-config="true" signature="openApp()[pri:0, instance:CompanyScripts.compNetworks@20d28811]" started-at="2023-03-02T10:28:38 IST" name="openApp" finished-at="2023-03-02T10:28:43 IST" duration-ms="5215" status="PASS">
          <reporter-output>
          </reporter-output>
        </test-method> <!-- openApp -->
        <test-method signature="All_RelationsFilter()[pri:4, instance:CompanyScripts.compNetworks@20d28811]" started-at="2023-03-02T10:28:43 IST" name="All_RelationsFilter" finished-at="2023-03-02T10:28:49 IST" duration-ms="5705" status="PASS">
          <reporter-output>
          </reporter-output>
        </test-method> <!-- All_RelationsFilter -->
        <test-method is-config="true" signature="closeApp(org.testng.ITestResult)[pri:0, instance:CompanyScripts.compNetworks@20d28811]" started-at="2023-03-02T10:28:49 IST" name="closeApp" finished-at="2023-03-02T10:28:49 IST" duration-ms="412" status="PASS">
          <params>
            <param index="0">
              <value>
                <![CDATA[[TestResult name=All_RelationsFilter status=SUCCESS method=compNetworks.All_RelationsFilter()[pri:4, instance:CompanyScripts.compNetworks@20d28811] output={null}]]]>
              </value>
            </param>
          </params>
          <reporter-output>
          </reporter-output>
        </test-method> <!-- closeApp -->
        <test-method is-config="true" signature="openApp()[pri:0, instance:CompanyScripts.compNetworks@20d28811]" started-at="2023-03-02T10:28:49 IST" name="openApp" finished-at="2023-03-02T10:28:55 IST" duration-ms="5426" status="PASS">
          <reporter-output>
          </reporter-output>
        </test-method> <!-- openApp -->
        <test-method signature="HumanResorseOf_RelationsFilter()[pri:5, instance:CompanyScripts.compNetworks@20d28811]" started-at="2023-03-02T10:28:55 IST" name="HumanResorseOf_RelationsFilter" finished-at="2023-03-02T10:29:01 IST" duration-ms="6483" status="PASS">
          <reporter-output>
          </reporter-output>
        </test-method> <!-- HumanResorseOf_RelationsFilter -->
        <test-method is-config="true" signature="closeApp(org.testng.ITestResult)[pri:0, instance:CompanyScripts.compNetworks@20d28811]" started-at="2023-03-02T10:29:01 IST" name="closeApp" finished-at="2023-03-02T10:29:01 IST" duration-ms="230" status="PASS">
          <params>
            <param index="0">
              <value>
                <![CDATA[[TestResult name=HumanResorseOf_RelationsFilter status=SUCCESS method=compNetworks.HumanResorseOf_RelationsFilter()[pri:5, instance:CompanyScripts.compNetworks@20d28811] output={null}]]]>
              </value>
            </param>
          </params>
          <reporter-output>
          </reporter-output>
        </test-method> <!-- closeApp -->
        <test-method is-config="true" signature="openApp()[pri:0, instance:CompanyScripts.compNetworks@20d28811]" started-at="2023-03-02T10:29:01 IST" name="openApp" finished-at="2023-03-02T10:29:07 IST" duration-ms="5632" status="PASS">
          <reporter-output>
          </reporter-output>
        </test-method> <!-- openApp -->
        <test-method signature="partenerOF_RelationsFilter()[pri:6, instance:CompanyScripts.compNetworks@20d28811]" started-at="2023-03-02T10:29:07 IST" name="partenerOF_RelationsFilter" finished-at="2023-03-02T10:29:14 IST" duration-ms="6515" status="PASS">
          <reporter-output>
          </reporter-output>
        </test-method> <!-- partenerOF_RelationsFilter -->
        <test-method is-config="true" signature="closeApp(org.testng.ITestResult)[pri:0, instance:CompanyScripts.compNetworks@20d28811]" started-at="2023-03-02T10:29:14 IST" name="closeApp" finished-at="2023-03-02T10:29:14 IST" duration-ms="308" status="PASS">
          <params>
            <param index="0">
              <value>
                <![CDATA[[TestResult name=partenerOF_RelationsFilter status=SUCCESS method=compNetworks.partenerOF_RelationsFilter()[pri:6, instance:CompanyScripts.compNetworks@20d28811] output={null}]]]>
              </value>
            </param>
          </params>
          <reporter-output>
          </reporter-output>
        </test-method> <!-- closeApp -->
        <test-method is-config="true" signature="openApp()[pri:0, instance:CompanyScripts.compNetworks@20d28811]" started-at="2023-03-02T10:29:14 IST" name="openApp" finished-at="2023-03-02T10:29:22 IST" duration-ms="7826" status="PASS">
          <reporter-output>
          </reporter-output>
        </test-method> <!-- openApp -->
        <test-method signature="CompanyProfile()[pri:7, instance:CompanyScripts.compNetworks@20d28811]" started-at="2023-03-02T10:29:22 IST" name="CompanyProfile" finished-at="2023-03-02T10:29:34 IST" duration-ms="12082" status="PASS">
          <reporter-output>
          </reporter-output>
        </test-method> <!-- CompanyProfile -->
        <test-method is-config="true" signature="closeApp(org.testng.ITestResult)[pri:0, instance:CompanyScripts.compNetworks@20d28811]" started-at="2023-03-02T10:29:34 IST" name="closeApp" finished-at="2023-03-02T10:29:35 IST" duration-ms="1484" status="PASS">
          <params>
            <param index="0">
              <value>
                <![CDATA[[TestResult name=CompanyProfile status=SUCCESS method=compNetworks.CompanyProfile()[pri:7, instance:CompanyScripts.compNetworks@20d28811] output={null}]]]>
              </value>
            </param>
          </params>
          <reporter-output>
          </reporter-output>
        </test-method> <!-- closeApp -->
        <test-method is-config="true" signature="openApp()[pri:0, instance:CompanyScripts.compNetworks@20d28811]" started-at="2023-03-02T10:29:35 IST" name="openApp" finished-at="2023-03-02T10:29:41 IST" duration-ms="6112" status="PASS">
          <reporter-output>
          </reporter-output>
        </test-method> <!-- openApp -->
        <test-method signature="CompanyFollow_Unfollow()[pri:8, instance:CompanyScripts.compNetworks@20d28811]" started-at="2023-03-02T10:29:41 IST" name="CompanyFollow_Unfollow" finished-at="2023-03-02T10:29:56 IST" duration-ms="14227" status="PASS">
          <reporter-output>
          </reporter-output>
        </test-method> <!-- CompanyFollow_Unfollow -->
        <test-method is-config="true" signature="closeApp(org.testng.ITestResult)[pri:0, instance:CompanyScripts.compNetworks@20d28811]" started-at="2023-03-02T10:29:56 IST" name="closeApp" finished-at="2023-03-02T10:29:56 IST" duration-ms="399" status="PASS">
          <params>
            <param index="0">
              <value>
                <![CDATA[[TestResult name=CompanyFollow_Unfollow status=SUCCESS method=compNetworks.CompanyFollow_Unfollow()[pri:8, instance:CompanyScripts.compNetworks@20d28811] output={null}]]]>
              </value>
            </param>
          </params>
          <reporter-output>
          </reporter-output>
        </test-method> <!-- closeApp -->
        <test-method is-config="true" signature="openApp()[pri:0, instance:CompanyScripts.compNetworks@20d28811]" started-at="2023-03-02T10:29:56 IST" name="openApp" finished-at="2023-03-02T10:30:01 IST" duration-ms="4711" status="PASS">
          <reporter-output>
          </reporter-output>
        </test-method> <!-- openApp -->
        <test-method signature="Recommanded_Industries()[pri:9, instance:CompanyScripts.compNetworks@20d28811]" started-at="2023-03-02T10:30:01 IST" name="Recommanded_Industries" finished-at="2023-03-02T10:30:15 IST" duration-ms="13884" status="PASS">
          <reporter-output>
          </reporter-output>
        </test-method> <!-- Recommanded_Industries -->
        <test-method is-config="true" signature="closeApp(org.testng.ITestResult)[pri:0, instance:CompanyScripts.compNetworks@20d28811]" started-at="2023-03-02T10:30:15 IST" name="closeApp" finished-at="2023-03-02T10:30:16 IST" duration-ms="1292" status="PASS">
          <params>
            <param index="0">
              <value>
                <![CDATA[[TestResult name=Recommanded_Industries status=SUCCESS method=compNetworks.Recommanded_Industries()[pri:9, instance:CompanyScripts.compNetworks@20d28811] output={null}]]]>
              </value>
            </param>
          </params>
          <reporter-output>
          </reporter-output>
        </test-method> <!-- closeApp -->
        <test-method is-config="true" signature="openApp()[pri:0, instance:CompanyScripts.compNetworks@20d28811]" started-at="2023-03-02T10:30:16 IST" name="openApp" finished-at="2023-03-02T10:30:21 IST" duration-ms="5234" status="PASS">
          <reporter-output>
          </reporter-output>
        </test-method> <!-- openApp -->
        <test-method signature="RecInd_NewsFeed()[pri:10, instance:CompanyScripts.compNetworks@20d28811]" started-at="2023-03-02T10:30:21 IST" name="RecInd_NewsFeed" finished-at="2023-03-02T10:30:39 IST" duration-ms="17758" status="PASS">
          <reporter-output>
          </reporter-output>
        </test-method> <!-- RecInd_NewsFeed -->
        <test-method is-config="true" signature="closeApp(org.testng.ITestResult)[pri:0, instance:CompanyScripts.compNetworks@20d28811]" started-at="2023-03-02T10:30:39 IST" name="closeApp" finished-at="2023-03-02T10:30:39 IST" duration-ms="501" status="PASS">
          <params>
            <param index="0">
              <value>
                <![CDATA[[TestResult name=RecInd_NewsFeed status=SUCCESS method=compNetworks.RecInd_NewsFeed()[pri:10, instance:CompanyScripts.compNetworks@20d28811] output={null}]]]>
              </value>
            </param>
          </params>
          <reporter-output>
          </reporter-output>
        </test-method> <!-- closeApp -->
        <test-method is-config="true" signature="openApp()[pri:0, instance:CompanyScripts.compNetworks@20d28811]" started-at="2023-03-02T10:30:39 IST" name="openApp" finished-at="2023-03-02T10:30:46 IST" duration-ms="7088" status="PASS">
          <reporter-output>
          </reporter-output>
        </test-method> <!-- openApp -->
        <test-method signature="InviteBusiness()[pri:11, instance:CompanyScripts.compNetworks@20d28811]" started-at="2023-03-02T10:30:46 IST" name="InviteBusiness" finished-at="2023-03-02T10:30:55 IST" duration-ms="8831" status="PASS">
          <reporter-output>
          </reporter-output>
        </test-method> <!-- InviteBusiness -->
        <test-method is-config="true" signature="closeApp(org.testng.ITestResult)[pri:0, instance:CompanyScripts.compNetworks@20d28811]" started-at="2023-03-02T10:30:55 IST" name="closeApp" finished-at="2023-03-02T10:30:56 IST" duration-ms="354" status="PASS">
          <params>
            <param index="0">
              <value>
                <![CDATA[[TestResult name=InviteBusiness status=SUCCESS method=compNetworks.InviteBusiness()[pri:11, instance:CompanyScripts.compNetworks@20d28811] output={null}]]]>
              </value>
            </param>
          </params>
          <reporter-output>
          </reporter-output>
        </test-method> <!-- closeApp -->
        <test-method is-config="true" signature="openApp()[pri:0, instance:CompanyScripts.compNetworks@20d28811]" started-at="2023-03-02T10:30:56 IST" name="openApp" finished-at="2023-03-02T10:31:00 IST" duration-ms="4857" status="PASS">
          <reporter-output>
          </reporter-output>
        </test-method> <!-- openApp -->
        <test-method signature="WhatsApp_InviteBusiness()[pri:12, instance:CompanyScripts.compNetworks@20d28811]" started-at="2023-03-02T10:31:00 IST" name="WhatsApp_InviteBusiness" finished-at="2023-03-02T10:31:12 IST" duration-ms="12004" status="PASS">
          <reporter-output>
          </reporter-output>
        </test-method> <!-- WhatsApp_InviteBusiness -->
        <test-method is-config="true" signature="closeApp(org.testng.ITestResult)[pri:0, instance:CompanyScripts.compNetworks@20d28811]" started-at="2023-03-02T10:31:12 IST" name="closeApp" finished-at="2023-03-02T10:31:14 IST" duration-ms="1980" status="PASS">
          <params>
            <param index="0">
              <value>
                <![CDATA[[TestResult name=WhatsApp_InviteBusiness status=SUCCESS method=compNetworks.WhatsApp_InviteBusiness()[pri:12, instance:CompanyScripts.compNetworks@20d28811] output={null}]]]>
              </value>
            </param>
          </params>
          <reporter-output>
          </reporter-output>
        </test-method> <!-- closeApp -->
        <test-method is-config="true" signature="openApp()[pri:0, instance:CompanyScripts.compNetworks@20d28811]" started-at="2023-03-02T10:31:14 IST" name="openApp" finished-at="2023-03-02T10:31:19 IST" duration-ms="4202" status="PASS">
          <reporter-output>
          </reporter-output>
        </test-method> <!-- openApp -->
        <test-method signature="Facebook_InviteBusiness()[pri:13, instance:CompanyScripts.compNetworks@20d28811]" started-at="2023-03-02T10:31:19 IST" name="Facebook_InviteBusiness" finished-at="2023-03-02T10:31:29 IST" duration-ms="10776" status="PASS">
          <reporter-output>
          </reporter-output>
        </test-method> <!-- Facebook_InviteBusiness -->
        <test-method is-config="true" signature="closeApp(org.testng.ITestResult)[pri:0, instance:CompanyScripts.compNetworks@20d28811]" started-at="2023-03-02T10:31:29 IST" name="closeApp" finished-at="2023-03-02T10:31:31 IST" duration-ms="1279" status="PASS">
          <params>
            <param index="0">
              <value>
                <![CDATA[[TestResult name=Facebook_InviteBusiness status=SUCCESS method=compNetworks.Facebook_InviteBusiness()[pri:13, instance:CompanyScripts.compNetworks@20d28811] output={null}]]]>
              </value>
            </param>
          </params>
          <reporter-output>
          </reporter-output>
        </test-method> <!-- closeApp -->
        <test-method is-config="true" signature="openApp()[pri:0, instance:CompanyScripts.compNetworks@20d28811]" started-at="2023-03-02T10:31:31 IST" name="openApp" finished-at="2023-03-02T10:31:35 IST" duration-ms="3909" status="PASS">
          <reporter-output>
          </reporter-output>
        </test-method> <!-- openApp -->
        <test-method signature="Twitter_InviteBusiness()[pri:14, instance:CompanyScripts.compNetworks@20d28811]" started-at="2023-03-02T10:31:35 IST" name="Twitter_InviteBusiness" finished-at="2023-03-02T10:31:45 IST" duration-ms="10619" status="PASS">
          <reporter-output>
          </reporter-output>
        </test-method> <!-- Twitter_InviteBusiness -->
        <test-method is-config="true" signature="closeApp(org.testng.ITestResult)[pri:0, instance:CompanyScripts.compNetworks@20d28811]" started-at="2023-03-02T10:31:45 IST" name="closeApp" finished-at="2023-03-02T10:31:46 IST" duration-ms="1229" status="PASS">
          <params>
            <param index="0">
              <value>
                <![CDATA[[TestResult name=Twitter_InviteBusiness status=SUCCESS method=compNetworks.Twitter_InviteBusiness()[pri:14, instance:CompanyScripts.compNetworks@20d28811] output={null}]]]>
              </value>
            </param>
          </params>
          <reporter-output>
          </reporter-output>
        </test-method> <!-- closeApp -->
        <test-method is-config="true" signature="openApp()[pri:0, instance:CompanyScripts.compNetworks@20d28811]" started-at="2023-03-02T10:31:46 IST" name="openApp" finished-at="2023-03-02T10:31:50 IST" duration-ms="3580" status="PASS">
          <reporter-output>
          </reporter-output>
        </test-method> <!-- openApp -->
        <test-method signature="Instagram_InviteBusiness()[pri:15, instance:CompanyScripts.compNetworks@20d28811]" started-at="2023-03-02T10:31:50 IST" name="Instagram_InviteBusiness" finished-at="2023-03-02T10:32:02 IST" duration-ms="11650" status="PASS">
          <reporter-output>
          </reporter-output>
        </test-method> <!-- Instagram_InviteBusiness -->
        <test-method is-config="true" signature="closeApp(org.testng.ITestResult)[pri:0, instance:CompanyScripts.compNetworks@20d28811]" started-at="2023-03-02T10:32:02 IST" name="closeApp" finished-at="2023-03-02T10:32:02 IST" duration-ms="463" status="PASS">
          <params>
            <param index="0">
              <value>
                <![CDATA[[TestResult name=Instagram_InviteBusiness status=SUCCESS method=compNetworks.Instagram_InviteBusiness()[pri:15, instance:CompanyScripts.compNetworks@20d28811] output={null}]]]>
              </value>
            </param>
          </params>
          <reporter-output>
          </reporter-output>
        </test-method> <!-- closeApp -->
        <test-method is-config="true" signature="openApp()[pri:0, instance:CompanyScripts.compNetworks@20d28811]" started-at="2023-03-02T10:32:02 IST" name="openApp" finished-at="2023-03-02T10:32:06 IST" duration-ms="3351" status="PASS">
          <reporter-output>
          </reporter-output>
        </test-method> <!-- openApp -->
        <test-method signature="Linkedin_InviteBusiness()[pri:16, instance:CompanyScripts.compNetworks@20d28811]" started-at="2023-03-02T10:32:06 IST" name="Linkedin_InviteBusiness" finished-at="2023-03-02T10:32:17 IST" duration-ms="11892" status="PASS">
          <reporter-output>
          </reporter-output>
        </test-method> <!-- Linkedin_InviteBusiness -->
        <test-method is-config="true" signature="closeApp(org.testng.ITestResult)[pri:0, instance:CompanyScripts.compNetworks@20d28811]" started-at="2023-03-02T10:32:17 IST" name="closeApp" finished-at="2023-03-02T10:32:19 IST" duration-ms="1324" status="PASS">
          <params>
            <param index="0">
              <value>
                <![CDATA[[TestResult name=Linkedin_InviteBusiness status=SUCCESS method=compNetworks.Linkedin_InviteBusiness()[pri:16, instance:CompanyScripts.compNetworks@20d28811] output={null}]]]>
              </value>
            </param>
          </params>
          <reporter-output>
          </reporter-output>
        </test-method> <!-- closeApp -->
        <test-method is-config="true" signature="openApp()[pri:0, instance:CompanyScripts.compNetworks@20d28811]" started-at="2023-03-02T10:32:19 IST" name="openApp" finished-at="2023-03-02T10:32:22 IST" duration-ms="3340" status="PASS">
          <reporter-output>
          </reporter-output>
        </test-method> <!-- openApp -->
        <test-method signature="Telegram_InviteBusiness()[pri:17, instance:CompanyScripts.compNetworks@20d28811]" started-at="2023-03-02T10:32:22 IST" name="Telegram_InviteBusiness" finished-at="2023-03-02T10:32:35 IST" duration-ms="12807" status="PASS">
          <reporter-output>
          </reporter-output>
        </test-method> <!-- Telegram_InviteBusiness -->
        <test-method is-config="true" signature="closeApp(org.testng.ITestResult)[pri:0, instance:CompanyScripts.compNetworks@20d28811]" started-at="2023-03-02T10:32:35 IST" name="closeApp" finished-at="2023-03-02T10:32:35 IST" duration-ms="335" status="PASS">
          <params>
            <param index="0">
              <value>
                <![CDATA[[TestResult name=Telegram_InviteBusiness status=SUCCESS method=compNetworks.Telegram_InviteBusiness()[pri:17, instance:CompanyScripts.compNetworks@20d28811] output={null}]]]>
              </value>
            </param>
          </params>
          <reporter-output>
          </reporter-output>
        </test-method> <!-- closeApp -->
        <test-method is-config="true" signature="openApp()[pri:0, instance:CompanyScripts.compNetworks@20d28811]" started-at="2023-03-02T10:32:35 IST" name="openApp" finished-at="2023-03-02T10:32:39 IST" duration-ms="3515" status="PASS">
          <reporter-output>
          </reporter-output>
        </test-method> <!-- openApp -->
        <test-method signature="Gmail_InviteBusiness()[pri:18, instance:CompanyScripts.compNetworks@20d28811]" started-at="2023-03-02T10:32:39 IST" name="Gmail_InviteBusiness" finished-at="2023-03-02T10:32:51 IST" duration-ms="12654" status="PASS">
          <reporter-output>
          </reporter-output>
        </test-method> <!-- Gmail_InviteBusiness -->
        <test-method is-config="true" signature="closeApp(org.testng.ITestResult)[pri:0, instance:CompanyScripts.compNetworks@20d28811]" started-at="2023-03-02T10:32:51 IST" name="closeApp" finished-at="2023-03-02T10:32:52 IST" duration-ms="627" status="PASS">
          <params>
            <param index="0">
              <value>
                <![CDATA[[TestResult name=Gmail_InviteBusiness status=SUCCESS method=compNetworks.Gmail_InviteBusiness()[pri:18, instance:CompanyScripts.compNetworks@20d28811] output={null}]]]>
              </value>
            </param>
          </params>
          <reporter-output>
          </reporter-output>
        </test-method> <!-- closeApp -->
      </class> <!-- CompanyScripts.compNetworks -->
      <class name="CompanyScripts.compNewsFeed_Home">
        <test-method is-config="true" signature="openApp()[pri:0, instance:CompanyScripts.compNewsFeed_Home@3e92efc3]" started-at="2023-03-02T10:36:35 IST" name="openApp" finished-at="2023-03-02T10:36:39 IST" duration-ms="3749" status="PASS">
          <reporter-output>
          </reporter-output>
        </test-method> <!-- openApp -->
        <test-method signature="BookmaarkPost_Comment()[pri:0, instance:CompanyScripts.compNewsFeed_Home@3e92efc3]" started-at="2023-03-02T10:36:39 IST" name="BookmaarkPost_Comment" finished-at="2023-03-02T10:37:07 IST" duration-ms="28726" status="PASS">
          <reporter-output>
          </reporter-output>
        </test-method> <!-- BookmaarkPost_Comment -->
        <test-method is-config="true" signature="closeApp(org.testng.ITestResult)[pri:0, instance:CompanyScripts.compNewsFeed_Home@3e92efc3]" started-at="2023-03-02T10:37:07 IST" name="closeApp" finished-at="2023-03-02T10:37:08 IST" duration-ms="369" status="PASS">
          <params>
            <param index="0">
              <value>
                <![CDATA[[TestResult name=BookmaarkPost_Comment status=SUCCESS method=compNewsFeed_Home.BookmaarkPost_Comment()[pri:0, instance:CompanyScripts.compNewsFeed_Home@3e92efc3] output={null}]]]>
              </value>
            </param>
          </params>
          <reporter-output>
          </reporter-output>
        </test-method> <!-- closeApp -->
        <test-method is-config="true" signature="openApp()[pri:0, instance:CompanyScripts.compNewsFeed_Home@3e92efc3]" started-at="2023-03-02T10:37:08 IST" name="openApp" finished-at="2023-03-02T10:37:12 IST" duration-ms="3966" status="PASS">
          <reporter-output>
          </reporter-output>
        </test-method> <!-- openApp -->
        <test-method signature="Edit_Post()[pri:0, instance:CompanyScripts.compNewsFeed_Home@3e92efc3]" started-at="2023-03-02T10:37:12 IST" name="Edit_Post" finished-at="2023-03-02T10:37:22 IST" duration-ms="10764" status="PASS">
          <reporter-output>
          </reporter-output>
        </test-method> <!-- Edit_Post -->
        <test-method is-config="true" signature="closeApp(org.testng.ITestResult)[pri:0, instance:CompanyScripts.compNewsFeed_Home@3e92efc3]" started-at="2023-03-02T10:37:22 IST" name="closeApp" finished-at="2023-03-02T10:37:23 IST" duration-ms="373" status="PASS">
          <params>
            <param index="0">
              <value>
                <![CDATA[[TestResult name=Edit_Post status=SUCCESS method=compNewsFeed_Home.Edit_Post()[pri:0, instance:CompanyScripts.compNewsFeed_Home@3e92efc3] output={null}]]]>
              </value>
            </param>
          </params>
          <reporter-output>
          </reporter-output>
        </test-method> <!-- closeApp -->
        <test-method is-config="true" signature="openApp()[pri:0, instance:CompanyScripts.compNewsFeed_Home@3e92efc3]" started-at="2023-03-02T10:37:23 IST" name="openApp" finished-at="2023-03-02T10:37:26 IST" duration-ms="3673" status="PASS">
          <reporter-output>
          </reporter-output>
        </test-method> <!-- openApp -->
        <test-method retried="true" signature="Delete_Post()[pri:3, instance:CompanyScripts.compNewsFeed_Home@3e92efc3]" started-at="2023-03-02T10:37:26 IST" name="Delete_Post" finished-at="2023-03-02T10:37:41 IST" duration-ms="14655" status="SKIP">
          <exception class="java.lang.AssertionError">
            <message>
              <![CDATA[expected [] but found [News Feed Deleted Successfully!]]]>
            </message>
            <full-stacktrace>
              <![CDATA[java.lang.AssertionError: expected [] but found [News Feed Deleted Successfully!]
at org.testng.Assert.fail(Assert.java:99)
at org.testng.Assert.failNotEquals(Assert.java:1037)
at org.testng.Assert.assertEqualsImpl(Assert.java:140)
at org.testng.Assert.assertEquals(Assert.java:122)
at org.testng.Assert.assertEquals(Assert.java:629)
at org.testng.Assert.assertEquals(Assert.java:639)
at CompanyScripts.compNewsFeed_Home.Delete_Post(compNewsFeed_Home.java:78)
at java.base/jdk.internal.reflect.NativeMethodAccessorImpl.invoke0(Native Method)
at java.base/jdk.internal.reflect.NativeMethodAccessorImpl.invoke(NativeMethodAccessorImpl.java:77)
at java.base/jdk.internal.reflect.DelegatingMethodAccessorImpl.invoke(DelegatingMethodAccessorImpl.java:43)
at java.base/java.lang.reflect.Method.invoke(Method.java:568)
at org.testng.internal.MethodInvocationHelper.invokeMethod(MethodInvocationHelper.java:133)
at org.testng.internal.TestInvoker.invokeMethod(TestInvoker.java:598)
at org.testng.internal.TestInvoker.invokeTestMethod(TestInvoker.java:173)
at org.testng.internal.MethodRunner.runInSequence(MethodRunner.java:46)
at org.testng.internal.TestInvoker$MethodInvocationAgent.invoke(TestInvoker.java:824)
at org.testng.internal.TestInvoker.invokeTestMethods(TestInvoker.java:146)
at org.testng.internal.TestMethodWorker.invokeTestMethods(TestMethodWorker.java:146)
at org.testng.internal.TestMethodWorker.run(TestMethodWorker.java:128)
at java.base/java.util.ArrayList.forEach(ArrayList.java:1511)
at org.testng.TestRunner.privateRun(TestRunner.java:794)
at org.testng.TestRunner.run(TestRunner.java:596)
at org.testng.SuiteRunner.runTest(SuiteRunner.java:377)
at org.testng.SuiteRunner.runSequentially(SuiteRunner.java:371)
at org.testng.SuiteRunner.privateRun(SuiteRunner.java:332)
at org.testng.SuiteRunner.run(SuiteRunner.java:276)
at org.testng.SuiteRunnerWorker.runSuite(SuiteRunnerWorker.java:53)
at org.testng.SuiteRunnerWorker.run(SuiteRunnerWorker.java:96)
at org.testng.TestNG.runSuitesSequentially(TestNG.java:1212)
at org.testng.TestNG.runSuitesLocally(TestNG.java:1134)
at org.testng.TestNG.runSuites(TestNG.java:1063)
at org.testng.TestNG.run(TestNG.java:1031)
at org.apache.maven.surefire.testng.TestNGExecutor.run(TestNGExecutor.java:324)
at org.apache.maven.surefire.testng.TestNGXmlTestSuite.execute(TestNGXmlTestSuite.java:74)
at org.apache.maven.surefire.testng.TestNGProvider.invoke(TestNGProvider.java:123)
at org.apache.maven.surefire.booter.ForkedBooter.runSuitesInProcess(ForkedBooter.java:456)
at org.apache.maven.surefire.booter.ForkedBooter.execute(ForkedBooter.java:169)
at org.apache.maven.surefire.booter.ForkedBooter.run(ForkedBooter.java:595)
at org.apache.maven.surefire.booter.ForkedBooter.main(ForkedBooter.java:581)
]]>
            </full-stacktrace>
          </exception> <!-- java.lang.AssertionError -->
          <reporter-output>
          </reporter-output>
        </test-method> <!-- Delete_Post -->
        <test-method is-config="true" signature="closeApp(org.testng.ITestResult)[pri:0, instance:CompanyScripts.compNewsFeed_Home@3e92efc3]" started-at="2023-03-02T10:37:41 IST" name="closeApp" finished-at="2023-03-02T10:37:41 IST" duration-ms="300" status="PASS">
          <params>
            <param index="0">
              <value>
                <![CDATA[[TestResult name=Delete_Post status=SKIP method=compNewsFeed_Home.Delete_Post()[pri:3, instance:CompanyScripts.compNewsFeed_Home@3e92efc3] output={null}]]]>
              </value>
            </param>
          </params>
          <reporter-output>
          </reporter-output>
        </test-method> <!-- closeApp -->
        <test-method is-config="true" signature="openApp()[pri:0, instance:CompanyScripts.compNewsFeed_Home@3e92efc3]" started-at="2023-03-02T10:37:41 IST" name="openApp" finished-at="2023-03-02T10:37:45 IST" duration-ms="3711" status="PASS">
          <reporter-output>
          </reporter-output>
        </test-method> <!-- openApp -->
        <test-method signature="Delete_Post()[pri:3, instance:CompanyScripts.compNewsFeed_Home@3e92efc3]" started-at="2023-03-02T10:37:45 IST" name="Delete_Post" finished-at="2023-03-02T10:37:59 IST" duration-ms="13885" status="PASS">
          <reporter-output>
          </reporter-output>
        </test-method> <!-- Delete_Post -->
        <test-method is-config="true" signature="closeApp(org.testng.ITestResult)[pri:0, instance:CompanyScripts.compNewsFeed_Home@3e92efc3]" started-at="2023-03-02T10:37:59 IST" name="closeApp" finished-at="2023-03-02T10:38:00 IST" duration-ms="672" status="PASS">
          <params>
            <param index="0">
              <value>
                <![CDATA[[TestResult name=Delete_Post status=SUCCESS method=compNewsFeed_Home.Delete_Post()[pri:3, instance:CompanyScripts.compNewsFeed_Home@3e92efc3] output={null}]]]>
              </value>
            </param>
          </params>
          <reporter-output>
          </reporter-output>
        </test-method> <!-- closeApp -->
        <test-method is-config="true" signature="openApp()[pri:0, instance:CompanyScripts.compNewsFeed_Home@3e92efc3]" started-at="2023-03-02T10:38:00 IST" name="openApp" finished-at="2023-03-02T10:38:03 IST" duration-ms="3688" status="PASS">
          <reporter-output>
          </reporter-output>
        </test-method> <!-- openApp -->
        <test-method signature="Add_to_bookmark()[pri:4, instance:CompanyScripts.compNewsFeed_Home@3e92efc3]" started-at="2023-03-02T10:38:03 IST" name="Add_to_bookmark" finished-at="2023-03-02T10:38:17 IST" duration-ms="13232" status="PASS">
          <reporter-output>
          </reporter-output>
        </test-method> <!-- Add_to_bookmark -->
        <test-method is-config="true" signature="closeApp(org.testng.ITestResult)[pri:0, instance:CompanyScripts.compNewsFeed_Home@3e92efc3]" started-at="2023-03-02T10:38:17 IST" name="closeApp" finished-at="2023-03-02T10:38:17 IST" duration-ms="345" status="PASS">
          <params>
            <param index="0">
              <value>
                <![CDATA[[TestResult name=Add_to_bookmark status=SUCCESS method=compNewsFeed_Home.Add_to_bookmark()[pri:4, instance:CompanyScripts.compNewsFeed_Home@3e92efc3] output={null}]]]>
              </value>
            </param>
          </params>
          <reporter-output>
          </reporter-output>
        </test-method> <!-- closeApp -->
        <test-method is-config="true" signature="openApp()[pri:0, instance:CompanyScripts.compNewsFeed_Home@3e92efc3]" started-at="2023-03-02T10:38:17 IST" name="openApp" finished-at="2023-03-02T10:38:21 IST" duration-ms="3588" status="PASS">
          <reporter-output>
          </reporter-output>
        </test-method> <!-- openApp -->
        <test-method signature="searchFeedwithCompany()[pri:5, instance:CompanyScripts.compNewsFeed_Home@3e92efc3]" started-at="2023-03-02T10:38:21 IST" name="searchFeedwithCompany" finished-at="2023-03-02T10:38:32 IST" duration-ms="11157" status="PASS">
          <reporter-output>
          </reporter-output>
        </test-method> <!-- searchFeedwithCompany -->
        <test-method is-config="true" signature="closeApp(org.testng.ITestResult)[pri:0, instance:CompanyScripts.compNewsFeed_Home@3e92efc3]" started-at="2023-03-02T10:38:32 IST" name="closeApp" finished-at="2023-03-02T10:38:32 IST" duration-ms="330" status="PASS">
          <params>
            <param index="0">
              <value>
                <![CDATA[[TestResult name=searchFeedwithCompany status=SUCCESS method=compNewsFeed_Home.searchFeedwithCompany()[pri:5, instance:CompanyScripts.compNewsFeed_Home@3e92efc3] output={null}]]]>
              </value>
            </param>
          </params>
          <reporter-output>
          </reporter-output>
        </test-method> <!-- closeApp -->
        <test-method is-config="true" signature="openApp()[pri:0, instance:CompanyScripts.compNewsFeed_Home@3e92efc3]" started-at="2023-03-02T10:38:32 IST" name="openApp" finished-at="2023-03-02T10:38:36 IST" duration-ms="3777" status="PASS">
          <reporter-output>
          </reporter-output>
        </test-method> <!-- openApp -->
        <test-method signature="BookmaarkPost_Like()[pri:13, instance:CompanyScripts.compNewsFeed_Home@3e92efc3]" started-at="2023-03-02T10:38:36 IST" name="BookmaarkPost_Like" finished-at="2023-03-02T10:38:56 IST" duration-ms="20467" status="PASS">
          <reporter-output>
          </reporter-output>
        </test-method> <!-- BookmaarkPost_Like -->
        <test-method is-config="true" signature="closeApp(org.testng.ITestResult)[pri:0, instance:CompanyScripts.compNewsFeed_Home@3e92efc3]" started-at="2023-03-02T10:38:56 IST" name="closeApp" finished-at="2023-03-02T10:38:57 IST" duration-ms="389" status="PASS">
          <params>
            <param index="0">
              <value>
                <![CDATA[[TestResult name=BookmaarkPost_Like status=SUCCESS method=compNewsFeed_Home.BookmaarkPost_Like()[pri:13, instance:CompanyScripts.compNewsFeed_Home@3e92efc3] output={null}]]]>
              </value>
            </param>
          </params>
          <reporter-output>
          </reporter-output>
        </test-method> <!-- closeApp -->
        <test-method is-config="true" signature="openApp()[pri:0, instance:CompanyScripts.compNewsFeed_Home@3e92efc3]" started-at="2023-03-02T10:38:57 IST" name="openApp" finished-at="2023-03-02T10:39:00 IST" duration-ms="3821" status="PASS">
          <reporter-output>
          </reporter-output>
        </test-method> <!-- openApp -->
        <test-method signature="BookmaarkPost_share()[pri:15, instance:CompanyScripts.compNewsFeed_Home@3e92efc3]" started-at="2023-03-02T10:39:00 IST" name="BookmaarkPost_share" finished-at="2023-03-02T10:39:26 IST" duration-ms="25639" status="PASS">
          <reporter-output>
          </reporter-output>
        </test-method> <!-- BookmaarkPost_share -->
        <test-method is-config="true" signature="closeApp(org.testng.ITestResult)[pri:0, instance:CompanyScripts.compNewsFeed_Home@3e92efc3]" started-at="2023-03-02T10:39:26 IST" name="closeApp" finished-at="2023-03-02T10:39:28 IST" duration-ms="1477" status="PASS">
          <params>
            <param index="0">
              <value>
                <![CDATA[[TestResult name=BookmaarkPost_share status=SUCCESS method=compNewsFeed_Home.BookmaarkPost_share()[pri:15, instance:CompanyScripts.compNewsFeed_Home@3e92efc3] output={null}]]]>
              </value>
            </param>
          </params>
          <reporter-output>
          </reporter-output>
        </test-method> <!-- closeApp -->
        <test-method is-config="true" signature="openApp()[pri:0, instance:CompanyScripts.compNewsFeed_Home@3e92efc3]" started-at="2023-03-02T10:39:28 IST" name="openApp" finished-at="2023-03-02T10:39:32 IST" duration-ms="3961" status="PASS">
          <reporter-output>
          </reporter-output>
        </test-method> <!-- openApp -->
        <test-method signature="ScrollFeedUntilLoadmore()[pri:16, instance:CompanyScripts.compNewsFeed_Home@3e92efc3]" started-at="2023-03-02T10:39:32 IST" name="ScrollFeedUntilLoadmore" finished-at="2023-03-02T10:39:40 IST" duration-ms="8315" status="PASS">
          <reporter-output>
          </reporter-output>
        </test-method> <!-- ScrollFeedUntilLoadmore -->
        <test-method is-config="true" signature="closeApp(org.testng.ITestResult)[pri:0, instance:CompanyScripts.compNewsFeed_Home@3e92efc3]" started-at="2023-03-02T10:39:40 IST" name="closeApp" finished-at="2023-03-02T10:39:42 IST" duration-ms="1820" status="PASS">
          <params>
            <param index="0">
              <value>
                <![CDATA[[TestResult name=ScrollFeedUntilLoadmore status=SUCCESS method=compNewsFeed_Home.ScrollFeedUntilLoadmore()[pri:16, instance:CompanyScripts.compNewsFeed_Home@3e92efc3] output={null}]]]>
              </value>
            </param>
          </params>
          <reporter-output>
          </reporter-output>
        </test-method> <!-- closeApp -->
        <test-method is-config="true" signature="openApp()[pri:0, instance:CompanyScripts.compNewsFeed_Home@3e92efc3]" started-at="2023-03-02T10:39:42 IST" name="openApp" finished-at="2023-03-02T10:39:45 IST" duration-ms="3648" status="PASS">
          <reporter-output>
          </reporter-output>
        </test-method> <!-- openApp -->
        <test-method signature="LikeAndShareFeedPost()[pri:17, instance:CompanyScripts.compNewsFeed_Home@3e92efc3]" started-at="2023-03-02T10:39:45 IST" name="LikeAndShareFeedPost" finished-at="2023-03-02T10:40:10 IST" duration-ms="25014" status="PASS">
          <reporter-output>
          </reporter-output>
        </test-method> <!-- LikeAndShareFeedPost -->
        <test-method is-config="true" signature="closeApp(org.testng.ITestResult)[pri:0, instance:CompanyScripts.compNewsFeed_Home@3e92efc3]" started-at="2023-03-02T10:40:10 IST" name="closeApp" finished-at="2023-03-02T10:40:11 IST" duration-ms="329" status="PASS">
          <params>
            <param index="0">
              <value>
                <![CDATA[[TestResult name=LikeAndShareFeedPost status=SUCCESS method=compNewsFeed_Home.LikeAndShareFeedPost()[pri:17, instance:CompanyScripts.compNewsFeed_Home@3e92efc3] output={null}]]]>
              </value>
            </param>
          </params>
          <reporter-output>
          </reporter-output>
        </test-method> <!-- closeApp -->
        <test-method is-config="true" signature="openApp()[pri:0, instance:CompanyScripts.compNewsFeed_Home@3e92efc3]" started-at="2023-03-02T10:40:11 IST" name="openApp" finished-at="2023-03-02T10:40:14 IST" duration-ms="3664" status="PASS">
          <reporter-output>
          </reporter-output>
        </test-method> <!-- openApp -->
        <test-method signature="Play_Posted_Video()[pri:18, instance:CompanyScripts.compNewsFeed_Home@3e92efc3]" started-at="2023-03-02T10:40:14 IST" name="Play_Posted_Video" finished-at="2023-03-02T10:40:36 IST" duration-ms="21546" status="PASS">
          <reporter-output>
          </reporter-output>
        </test-method> <!-- Play_Posted_Video -->
        <test-method is-config="true" signature="closeApp(org.testng.ITestResult)[pri:0, instance:CompanyScripts.compNewsFeed_Home@3e92efc3]" started-at="2023-03-02T10:40:36 IST" name="closeApp" finished-at="2023-03-02T10:40:36 IST" duration-ms="416" status="PASS">
          <params>
            <param index="0">
              <value>
                <![CDATA[[TestResult name=Play_Posted_Video status=SUCCESS method=compNewsFeed_Home.Play_Posted_Video()[pri:18, instance:CompanyScripts.compNewsFeed_Home@3e92efc3] output={null}]]]>
              </value>
            </param>
          </params>
          <reporter-output>
          </reporter-output>
        </test-method> <!-- closeApp -->
      </class> <!-- CompanyScripts.compNewsFeed_Home -->
    </test> <!-- Test -->
  </suite> <!-- Suite -->
</testng-results>
