<?xml version="1.0" encoding="UTF-8"?>
<testng-results retried="1" ignored="0" total="45" passed="43" failed="1" skipped="0">
  <reporter-output>
  </reporter-output>
  <suite started-at="2023-03-03T10:17:38 IST" name="Suite" finished-at="2023-03-03T10:29:11 IST" duration-ms="692667">
    <groups>
    </groups>
    <test started-at="2023-03-03T10:17:38 IST" name="Test" finished-at="2023-03-03T10:29:11 IST" duration-ms="692667">
      <class name="CompanyScripts.compCreatePostScripts">
        <test-method is-config="true" signature="openApp()[pri:0, instance:CompanyScripts.compCreatePostScripts@703580bf]" started-at="2023-03-03T10:22:10 IST" name="openApp" finished-at="2023-03-03T10:22:14 IST" duration-ms="3923" status="PASS">
          <reporter-output>
          </reporter-output>
        </test-method> <!-- openApp -->
        <test-method signature="UploadText()[pri:1, instance:CompanyScripts.compCreatePostScripts@703580bf]" started-at="2023-03-03T10:22:14 IST" name="UploadText" finished-at="2023-03-03T10:22:23 IST" duration-ms="8862" status="PASS">
          <reporter-output>
          </reporter-output>
        </test-method> <!-- UploadText -->
        <test-method is-config="true" signature="closeApp(org.testng.ITestResult)[pri:0, instance:CompanyScripts.compCreatePostScripts@703580bf]" started-at="2023-03-03T10:22:23 IST" name="closeApp" finished-at="2023-03-03T10:22:23 IST" duration-ms="361" status="PASS">
          <params>
            <param index="0">
              <value>
                <![CDATA[[TestResult name=UploadText status=SUCCESS method=compCreatePostScripts.UploadText()[pri:1, instance:CompanyScripts.compCreatePostScripts@703580bf] output={null}]]]>
              </value>
            </param>
          </params>
          <reporter-output>
          </reporter-output>
        </test-method> <!-- closeApp -->
        <test-method is-config="true" signature="openApp()[pri:0, instance:CompanyScripts.compCreatePostScripts@703580bf]" started-at="2023-03-03T10:22:23 IST" name="openApp" finished-at="2023-03-03T10:22:26 IST" duration-ms="3179" status="PASS">
          <reporter-output>
          </reporter-output>
        </test-method> <!-- openApp -->
        <test-method signature="UploadImage()[pri:2, instance:CompanyScripts.compCreatePostScripts@703580bf]" started-at="2023-03-03T10:22:26 IST" name="UploadImage" finished-at="2023-03-03T10:22:36 IST" duration-ms="10028" status="PASS">
          <reporter-output>
          </reporter-output>
        </test-method> <!-- UploadImage -->
        <test-method is-config="true" signature="closeApp(org.testng.ITestResult)[pri:0, instance:CompanyScripts.compCreatePostScripts@703580bf]" started-at="2023-03-03T10:22:36 IST" name="closeApp" finished-at="2023-03-03T10:22:37 IST" duration-ms="348" status="PASS">
          <params>
            <param index="0">
              <value>
                <![CDATA[[TestResult name=UploadImage status=SUCCESS method=compCreatePostScripts.UploadImage()[pri:2, instance:CompanyScripts.compCreatePostScripts@703580bf] output={null}]]]>
              </value>
            </param>
          </params>
          <reporter-output>
          </reporter-output>
        </test-method> <!-- closeApp -->
        <test-method is-config="true" signature="openApp()[pri:0, instance:CompanyScripts.compCreatePostScripts@703580bf]" started-at="2023-03-03T10:22:37 IST" name="openApp" finished-at="2023-03-03T10:22:40 IST" duration-ms="3293" status="PASS">
          <reporter-output>
          </reporter-output>
        </test-method> <!-- openApp -->
        <test-method signature="UploadVideo()[pri:3, instance:CompanyScripts.compCreatePostScripts@703580bf]" started-at="2023-03-03T10:22:40 IST" name="UploadVideo" finished-at="2023-03-03T10:22:51 IST" duration-ms="11041" status="PASS">
          <reporter-output>
          </reporter-output>
        </test-method> <!-- UploadVideo -->
        <test-method is-config="true" signature="closeApp(org.testng.ITestResult)[pri:0, instance:CompanyScripts.compCreatePostScripts@703580bf]" started-at="2023-03-03T10:22:51 IST" name="closeApp" finished-at="2023-03-03T10:22:51 IST" duration-ms="334" status="PASS">
          <params>
            <param index="0">
              <value>
                <![CDATA[[TestResult name=UploadVideo status=SUCCESS method=compCreatePostScripts.UploadVideo()[pri:3, instance:CompanyScripts.compCreatePostScripts@703580bf] output={null}]]]>
              </value>
            </param>
          </params>
          <reporter-output>
          </reporter-output>
        </test-method> <!-- closeApp -->
        <test-method is-config="true" signature="openApp()[pri:0, instance:CompanyScripts.compCreatePostScripts@703580bf]" started-at="2023-03-03T10:22:51 IST" name="openApp" finished-at="2023-03-03T10:22:55 IST" duration-ms="3232" status="PASS">
          <reporter-output>
          </reporter-output>
        </test-method> <!-- openApp -->
        <test-method signature="Upload_youtube_Url()[pri:4, instance:CompanyScripts.compCreatePostScripts@703580bf]" started-at="2023-03-03T10:22:55 IST" name="Upload_youtube_Url" finished-at="2023-03-03T10:23:06 IST" duration-ms="11229" status="PASS">
          <reporter-output>
          </reporter-output>
        </test-method> <!-- Upload_youtube_Url -->
        <test-method is-config="true" signature="closeApp(org.testng.ITestResult)[pri:0, instance:CompanyScripts.compCreatePostScripts@703580bf]" started-at="2023-03-03T10:23:06 IST" name="closeApp" finished-at="2023-03-03T10:23:06 IST" duration-ms="474" status="PASS">
          <params>
            <param index="0">
              <value>
                <![CDATA[[TestResult name=Upload_youtube_Url status=SUCCESS method=compCreatePostScripts.Upload_youtube_Url()[pri:4, instance:CompanyScripts.compCreatePostScripts@703580bf] output={null}]]]>
              </value>
            </param>
          </params>
          <reporter-output>
          </reporter-output>
        </test-method> <!-- closeApp -->
        <test-method is-config="true" signature="openApp()[pri:0, instance:CompanyScripts.compCreatePostScripts@703580bf]" started-at="2023-03-03T10:23:06 IST" name="openApp" finished-at="2023-03-03T10:23:10 IST" duration-ms="3285" status="PASS">
          <reporter-output>
          </reporter-output>
        </test-method> <!-- openApp -->
        <test-method signature="upload_Five_Images()[pri:5, instance:CompanyScripts.compCreatePostScripts@703580bf]" started-at="2023-03-03T10:23:10 IST" name="upload_Five_Images" finished-at="2023-03-03T10:23:26 IST" duration-ms="16154" status="PASS">
          <reporter-output>
          </reporter-output>
        </test-method> <!-- upload_Five_Images -->
        <test-method is-config="true" signature="closeApp(org.testng.ITestResult)[pri:0, instance:CompanyScripts.compCreatePostScripts@703580bf]" started-at="2023-03-03T10:23:26 IST" name="closeApp" finished-at="2023-03-03T10:23:26 IST" duration-ms="375" status="PASS">
          <params>
            <param index="0">
              <value>
                <![CDATA[[TestResult name=upload_Five_Images status=SUCCESS method=compCreatePostScripts.upload_Five_Images()[pri:5, instance:CompanyScripts.compCreatePostScripts@703580bf] output={null}]]]>
              </value>
            </param>
          </params>
          <reporter-output>
          </reporter-output>
        </test-method> <!-- closeApp -->
        <test-method is-config="true" signature="openApp()[pri:0, instance:CompanyScripts.compCreatePostScripts@703580bf]" started-at="2023-03-03T10:23:26 IST" name="openApp" finished-at="2023-03-03T10:23:29 IST" duration-ms="3232" status="PASS">
          <reporter-output>
          </reporter-output>
        </test-method> <!-- openApp -->
        <test-method signature="upload_FivePlus_Images()[pri:6, instance:CompanyScripts.compCreatePostScripts@703580bf]" started-at="2023-03-03T10:23:29 IST" name="upload_FivePlus_Images" finished-at="2023-03-03T10:23:47 IST" duration-ms="17941" status="PASS">
          <reporter-output>
          </reporter-output>
        </test-method> <!-- upload_FivePlus_Images -->
        <test-method is-config="true" signature="closeApp(org.testng.ITestResult)[pri:0, instance:CompanyScripts.compCreatePostScripts@703580bf]" started-at="2023-03-03T10:23:47 IST" name="closeApp" finished-at="2023-03-03T10:23:48 IST" duration-ms="310" status="PASS">
          <params>
            <param index="0">
              <value>
                <![CDATA[[TestResult name=upload_FivePlus_Images status=SUCCESS method=compCreatePostScripts.upload_FivePlus_Images()[pri:6, instance:CompanyScripts.compCreatePostScripts@703580bf] output={null}]]]>
              </value>
            </param>
          </params>
          <reporter-output>
          </reporter-output>
        </test-method> <!-- closeApp -->
        <test-method is-config="true" signature="openApp()[pri:0, instance:CompanyScripts.compCreatePostScripts@703580bf]" started-at="2023-03-03T10:23:48 IST" name="openApp" finished-at="2023-03-03T10:23:51 IST" duration-ms="3333" status="PASS">
          <reporter-output>
          </reporter-output>
        </test-method> <!-- openApp -->
        <test-method signature="public_Employees()[pri:8, instance:CompanyScripts.compCreatePostScripts@703580bf]" started-at="2023-03-03T10:23:51 IST" name="public_Employees" finished-at="2023-03-03T10:23:58 IST" duration-ms="6976" status="PASS">
          <reporter-output>
          </reporter-output>
        </test-method> <!-- public_Employees -->
        <test-method is-config="true" signature="closeApp(org.testng.ITestResult)[pri:0, instance:CompanyScripts.compCreatePostScripts@703580bf]" started-at="2023-03-03T10:23:58 IST" name="closeApp" finished-at="2023-03-03T10:23:58 IST" duration-ms="361" status="PASS">
          <params>
            <param index="0">
              <value>
                <![CDATA[[TestResult name=public_Employees status=SUCCESS method=compCreatePostScripts.public_Employees()[pri:8, instance:CompanyScripts.compCreatePostScripts@703580bf] output={null}]]]>
              </value>
            </param>
          </params>
          <reporter-output>
          </reporter-output>
        </test-method> <!-- closeApp -->
        <test-method is-config="true" signature="openApp()[pri:0, instance:CompanyScripts.compCreatePostScripts@703580bf]" started-at="2023-03-03T10:23:58 IST" name="openApp" finished-at="2023-03-03T10:24:02 IST" duration-ms="3300" status="PASS">
          <reporter-output>
          </reporter-output>
        </test-method> <!-- openApp -->
        <test-method signature="public_Manaufacturer()[pri:9, instance:CompanyScripts.compCreatePostScripts@703580bf]" started-at="2023-03-03T10:24:02 IST" name="public_Manaufacturer" finished-at="2023-03-03T10:24:08 IST" duration-ms="6831" status="PASS">
          <reporter-output>
          </reporter-output>
        </test-method> <!-- public_Manaufacturer -->
        <test-method is-config="true" signature="closeApp(org.testng.ITestResult)[pri:0, instance:CompanyScripts.compCreatePostScripts@703580bf]" started-at="2023-03-03T10:24:08 IST" name="closeApp" finished-at="2023-03-03T10:24:09 IST" duration-ms="303" status="PASS">
          <params>
            <param index="0">
              <value>
                <![CDATA[[TestResult name=public_Manaufacturer status=SUCCESS method=compCreatePostScripts.public_Manaufacturer()[pri:9, instance:CompanyScripts.compCreatePostScripts@703580bf] output={null}]]]>
              </value>
            </param>
          </params>
          <reporter-output>
          </reporter-output>
        </test-method> <!-- closeApp -->
        <test-method is-config="true" signature="openApp()[pri:0, instance:CompanyScripts.compCreatePostScripts@703580bf]" started-at="2023-03-03T10:24:09 IST" name="openApp" finished-at="2023-03-03T10:24:12 IST" duration-ms="3061" status="PASS">
          <reporter-output>
          </reporter-output>
        </test-method> <!-- openApp -->
        <test-method signature="public_Share_holder()[pri:10, instance:CompanyScripts.compCreatePostScripts@703580bf]" started-at="2023-03-03T10:24:12 IST" name="public_Share_holder" finished-at="2023-03-03T10:24:19 IST" duration-ms="6814" status="PASS">
          <reporter-output>
          </reporter-output>
        </test-method> <!-- public_Share_holder -->
        <test-method is-config="true" signature="closeApp(org.testng.ITestResult)[pri:0, instance:CompanyScripts.compCreatePostScripts@703580bf]" started-at="2023-03-03T10:24:19 IST" name="closeApp" finished-at="2023-03-03T10:24:19 IST" duration-ms="345" status="PASS">
          <params>
            <param index="0">
              <value>
                <![CDATA[[TestResult name=public_Share_holder status=SUCCESS method=compCreatePostScripts.public_Share_holder()[pri:10, instance:CompanyScripts.compCreatePostScripts@703580bf] output={null}]]]>
              </value>
            </param>
          </params>
          <reporter-output>
          </reporter-output>
        </test-method> <!-- closeApp -->
        <test-method is-config="true" signature="openApp()[pri:0, instance:CompanyScripts.compCreatePostScripts@703580bf]" started-at="2023-03-03T10:24:19 IST" name="openApp" finished-at="2023-03-03T10:24:22 IST" duration-ms="3185" status="PASS">
          <reporter-output>
          </reporter-output>
        </test-method> <!-- openApp -->
        <test-method signature="public_Vendor()[pri:11, instance:CompanyScripts.compCreatePostScripts@703580bf]" started-at="2023-03-03T10:24:22 IST" name="public_Vendor" finished-at="2023-03-03T10:24:29 IST" duration-ms="6711" status="PASS">
          <reporter-output>
          </reporter-output>
        </test-method> <!-- public_Vendor -->
        <test-method is-config="true" signature="closeApp(org.testng.ITestResult)[pri:0, instance:CompanyScripts.compCreatePostScripts@703580bf]" started-at="2023-03-03T10:24:29 IST" name="closeApp" finished-at="2023-03-03T10:24:29 IST" duration-ms="452" status="PASS">
          <params>
            <param index="0">
              <value>
                <![CDATA[[TestResult name=public_Vendor status=SUCCESS method=compCreatePostScripts.public_Vendor()[pri:11, instance:CompanyScripts.compCreatePostScripts@703580bf] output={null}]]]>
              </value>
            </param>
          </params>
          <reporter-output>
          </reporter-output>
        </test-method> <!-- closeApp -->
        <test-method is-config="true" signature="openApp()[pri:0, instance:CompanyScripts.compCreatePostScripts@703580bf]" started-at="2023-03-03T10:24:29 IST" name="openApp" finished-at="2023-03-03T10:24:33 IST" duration-ms="3386" status="PASS">
          <reporter-output>
          </reporter-output>
        </test-method> <!-- openApp -->
        <test-method signature="public_ALL_Man_Vend_Dist()[pri:12, instance:CompanyScripts.compCreatePostScripts@703580bf]" started-at="2023-03-03T10:24:33 IST" name="public_ALL_Man_Vend_Dist" finished-at="2023-03-03T10:24:41 IST" duration-ms="8364" status="PASS">
          <reporter-output>
          </reporter-output>
        </test-method> <!-- public_ALL_Man_Vend_Dist -->
        <test-method is-config="true" signature="closeApp(org.testng.ITestResult)[pri:0, instance:CompanyScripts.compCreatePostScripts@703580bf]" started-at="2023-03-03T10:24:41 IST" name="closeApp" finished-at="2023-03-03T10:24:41 IST" duration-ms="357" status="PASS">
          <params>
            <param index="0">
              <value>
                <![CDATA[[TestResult name=public_ALL_Man_Vend_Dist status=SUCCESS method=compCreatePostScripts.public_ALL_Man_Vend_Dist()[pri:12, instance:CompanyScripts.compCreatePostScripts@703580bf] output={null}]]]>
              </value>
            </param>
          </params>
          <reporter-output>
          </reporter-output>
        </test-method> <!-- closeApp -->
        <test-method is-config="true" signature="openApp()[pri:0, instance:CompanyScripts.compCreatePostScripts@703580bf]" started-at="2023-03-03T10:24:41 IST" name="openApp" finished-at="2023-03-03T10:24:44 IST" duration-ms="2992" status="PASS">
          <reporter-output>
          </reporter-output>
        </test-method> <!-- openApp -->
        <test-method signature="public_ALL_Emp_Part_Share()[pri:13, instance:CompanyScripts.compCreatePostScripts@703580bf]" started-at="2023-03-03T10:24:44 IST" name="public_ALL_Emp_Part_Share" finished-at="2023-03-03T10:24:53 IST" duration-ms="8184" status="PASS">
          <reporter-output>
          </reporter-output>
        </test-method> <!-- public_ALL_Emp_Part_Share -->
        <test-method is-config="true" signature="closeApp(org.testng.ITestResult)[pri:0, instance:CompanyScripts.compCreatePostScripts@703580bf]" started-at="2023-03-03T10:24:53 IST" name="closeApp" finished-at="2023-03-03T10:24:53 IST" duration-ms="500" status="PASS">
          <params>
            <param index="0">
              <value>
                <![CDATA[[TestResult name=public_ALL_Emp_Part_Share status=SUCCESS method=compCreatePostScripts.public_ALL_Emp_Part_Share()[pri:13, instance:CompanyScripts.compCreatePostScripts@703580bf] output={null}]]]>
              </value>
            </param>
          </params>
          <reporter-output>
          </reporter-output>
        </test-method> <!-- closeApp -->
        <test-method is-config="true" signature="openApp()[pri:0, instance:CompanyScripts.compCreatePostScripts@703580bf]" started-at="2023-03-03T10:24:53 IST" name="openApp" finished-at="2023-03-03T10:24:56 IST" duration-ms="3081" status="PASS">
          <reporter-output>
          </reporter-output>
        </test-method> <!-- openApp -->
        <test-method signature="Status_archieve()[pri:14, instance:CompanyScripts.compCreatePostScripts@703580bf]" started-at="2023-03-03T10:24:56 IST" name="Status_archieve" finished-at="2023-03-03T10:25:07 IST" duration-ms="10791" status="PASS">
          <reporter-output>
          </reporter-output>
        </test-method> <!-- Status_archieve -->
        <test-method is-config="true" signature="closeApp(org.testng.ITestResult)[pri:0, instance:CompanyScripts.compCreatePostScripts@703580bf]" started-at="2023-03-03T10:25:07 IST" name="closeApp" finished-at="2023-03-03T10:25:07 IST" duration-ms="333" status="PASS">
          <params>
            <param index="0">
              <value>
                <![CDATA[[TestResult name=Status_archieve status=SUCCESS method=compCreatePostScripts.Status_archieve()[pri:14, instance:CompanyScripts.compCreatePostScripts@703580bf] output={null}]]]>
              </value>
            </param>
          </params>
          <reporter-output>
          </reporter-output>
        </test-method> <!-- closeApp -->
        <test-method is-config="true" signature="openApp()[pri:0, instance:CompanyScripts.compCreatePostScripts@703580bf]" started-at="2023-03-03T10:25:07 IST" name="openApp" finished-at="2023-03-03T10:25:10 IST" duration-ms="2974" status="PASS">
          <reporter-output>
          </reporter-output>
        </test-method> <!-- openApp -->
        <test-method signature="UploadImageAndCancel()[pri:15, instance:CompanyScripts.compCreatePostScripts@703580bf]" started-at="2023-03-03T10:25:10 IST" name="UploadImageAndCancel" finished-at="2023-03-03T10:25:17 IST" duration-ms="6543" status="PASS">
          <reporter-output>
          </reporter-output>
        </test-method> <!-- UploadImageAndCancel -->
        <test-method is-config="true" signature="closeApp(org.testng.ITestResult)[pri:0, instance:CompanyScripts.compCreatePostScripts@703580bf]" started-at="2023-03-03T10:25:17 IST" name="closeApp" finished-at="2023-03-03T10:25:17 IST" duration-ms="295" status="PASS">
          <params>
            <param index="0">
              <value>
                <![CDATA[[TestResult name=UploadImageAndCancel status=SUCCESS method=compCreatePostScripts.UploadImageAndCancel()[pri:15, instance:CompanyScripts.compCreatePostScripts@703580bf] output={null}]]]>
              </value>
            </param>
          </params>
          <reporter-output>
          </reporter-output>
        </test-method> <!-- closeApp -->
        <test-method is-config="true" signature="openApp()[pri:0, instance:CompanyScripts.compCreatePostScripts@703580bf]" started-at="2023-03-03T10:25:17 IST" name="openApp" finished-at="2023-03-03T10:25:20 IST" duration-ms="3029" status="PASS">
          <reporter-output>
          </reporter-output>
        </test-method> <!-- openApp -->
        <test-method signature="public_Distribtor()[pri:16, instance:CompanyScripts.compCreatePostScripts@703580bf]" started-at="2023-03-03T10:25:20 IST" name="public_Distribtor" finished-at="2023-03-03T10:25:27 IST" duration-ms="6995" status="PASS">
          <reporter-output>
          </reporter-output>
        </test-method> <!-- public_Distribtor -->
        <test-method is-config="true" signature="closeApp(org.testng.ITestResult)[pri:0, instance:CompanyScripts.compCreatePostScripts@703580bf]" started-at="2023-03-03T10:25:27 IST" name="closeApp" finished-at="2023-03-03T10:25:27 IST" duration-ms="302" status="PASS">
          <params>
            <param index="0">
              <value>
                <![CDATA[[TestResult name=public_Distribtor status=SUCCESS method=compCreatePostScripts.public_Distribtor()[pri:16, instance:CompanyScripts.compCreatePostScripts@703580bf] output={null}]]]>
              </value>
            </param>
          </params>
          <reporter-output>
          </reporter-output>
        </test-method> <!-- closeApp -->
      </class> <!-- CompanyScripts.compCreatePostScripts -->
      <class name="CompanyScripts.compNetworks">
        <test-method is-config="true" signature="openApp()[pri:0, instance:CompanyScripts.compNetworks@20d28811]" started-at="2023-03-03T10:17:38 IST" name="openApp" finished-at="2023-03-03T10:17:43 IST" duration-ms="5238" status="PASS">
          <reporter-output>
          </reporter-output>
        </test-method> <!-- openApp -->
        <test-method signature="networksPage()[pri:0, instance:CompanyScripts.compNetworks@20d28811]" started-at="2023-03-03T10:17:43 IST" name="networksPage" finished-at="2023-03-03T10:17:50 IST" duration-ms="6872" status="PASS">
          <reporter-output>
          </reporter-output>
        </test-method> <!-- networksPage -->
        <test-method is-config="true" signature="closeApp(org.testng.ITestResult)[pri:0, instance:CompanyScripts.compNetworks@20d28811]" started-at="2023-03-03T10:17:50 IST" name="closeApp" finished-at="2023-03-03T10:17:51 IST" duration-ms="443" status="PASS">
          <params>
            <param index="0">
              <value>
                <![CDATA[[TestResult name=networksPage status=SUCCESS method=compNetworks.networksPage()[pri:0, instance:CompanyScripts.compNetworks@20d28811] output={null}]]]>
              </value>
            </param>
          </params>
          <reporter-output>
          </reporter-output>
        </test-method> <!-- closeApp -->
        <test-method is-config="true" signature="openApp()[pri:0, instance:CompanyScripts.compNetworks@20d28811]" started-at="2023-03-03T10:17:51 IST" name="openApp" finished-at="2023-03-03T10:17:55 IST" duration-ms="4021" status="PASS">
          <reporter-output>
          </reporter-output>
        </test-method> <!-- openApp -->
        <test-method signature="nPendingFeature()[pri:1, instance:CompanyScripts.compNetworks@20d28811]" started-at="2023-03-03T10:17:55 IST" name="nPendingFeature" finished-at="2023-03-03T10:18:01 IST" duration-ms="5696" status="PASS">
          <reporter-output>
          </reporter-output>
        </test-method> <!-- nPendingFeature -->
        <test-method is-config="true" signature="closeApp(org.testng.ITestResult)[pri:0, instance:CompanyScripts.compNetworks@20d28811]" started-at="2023-03-03T10:18:01 IST" name="closeApp" finished-at="2023-03-03T10:18:01 IST" duration-ms="269" status="PASS">
          <params>
            <param index="0">
              <value>
                <![CDATA[[TestResult name=nPendingFeature status=SUCCESS method=compNetworks.nPendingFeature()[pri:1, instance:CompanyScripts.compNetworks@20d28811] output={null}]]]>
              </value>
            </param>
          </params>
          <reporter-output>
          </reporter-output>
        </test-method> <!-- closeApp -->
        <test-method is-config="true" signature="openApp()[pri:0, instance:CompanyScripts.compNetworks@20d28811]" started-at="2023-03-03T10:18:01 IST" name="openApp" finished-at="2023-03-03T10:18:04 IST" duration-ms="3641" status="PASS">
          <reporter-output>
          </reporter-output>
        </test-method> <!-- openApp -->
        <test-method signature="nFollowFeature()[pri:2, instance:CompanyScripts.compNetworks@20d28811]" started-at="2023-03-03T10:18:04 IST" name="nFollowFeature" finished-at="2023-03-03T10:18:10 IST" duration-ms="5443" status="PASS">
          <reporter-output>
          </reporter-output>
        </test-method> <!-- nFollowFeature -->
        <test-method is-config="true" signature="closeApp(org.testng.ITestResult)[pri:0, instance:CompanyScripts.compNetworks@20d28811]" started-at="2023-03-03T10:18:10 IST" name="closeApp" finished-at="2023-03-03T10:18:10 IST" duration-ms="389" status="PASS">
          <params>
            <param index="0">
              <value>
                <![CDATA[[TestResult name=nFollowFeature status=SUCCESS method=compNetworks.nFollowFeature()[pri:2, instance:CompanyScripts.compNetworks@20d28811] output={null}]]]>
              </value>
            </param>
          </params>
          <reporter-output>
          </reporter-output>
        </test-method> <!-- closeApp -->
        <test-method is-config="true" signature="openApp()[pri:0, instance:CompanyScripts.compNetworks@20d28811]" started-at="2023-03-03T10:18:10 IST" name="openApp" finished-at="2023-03-03T10:18:14 IST" duration-ms="3588" status="PASS">
          <reporter-output>
          </reporter-output>
        </test-method> <!-- openApp -->
        <test-method signature="nBlockList()[pri:3, instance:CompanyScripts.compNetworks@20d28811]" started-at="2023-03-03T10:18:14 IST" name="nBlockList" finished-at="2023-03-03T10:18:19 IST" duration-ms="5086" status="PASS">
          <reporter-output>
          </reporter-output>
        </test-method> <!-- nBlockList -->
        <test-method is-config="true" signature="closeApp(org.testng.ITestResult)[pri:0, instance:CompanyScripts.compNetworks@20d28811]" started-at="2023-03-03T10:18:19 IST" name="closeApp" finished-at="2023-03-03T10:18:19 IST" duration-ms="314" status="PASS">
          <params>
            <param index="0">
              <value>
                <![CDATA[[TestResult name=nBlockList status=SUCCESS method=compNetworks.nBlockList()[pri:3, instance:CompanyScripts.compNetworks@20d28811] output={null}]]]>
              </value>
            </param>
          </params>
          <reporter-output>
          </reporter-output>
        </test-method> <!-- closeApp -->
        <test-method is-config="true" signature="openApp()[pri:0, instance:CompanyScripts.compNetworks@20d28811]" started-at="2023-03-03T10:18:19 IST" name="openApp" finished-at="2023-03-03T10:18:23 IST" duration-ms="3370" status="PASS">
          <reporter-output>
          </reporter-output>
        </test-method> <!-- openApp -->
        <test-method signature="All_RelationsFilter()[pri:4, instance:CompanyScripts.compNetworks@20d28811]" started-at="2023-03-03T10:18:23 IST" name="All_RelationsFilter" finished-at="2023-03-03T10:18:29 IST" duration-ms="6364" status="PASS">
          <reporter-output>
          </reporter-output>
        </test-method> <!-- All_RelationsFilter -->
        <test-method is-config="true" signature="closeApp(org.testng.ITestResult)[pri:0, instance:CompanyScripts.compNetworks@20d28811]" started-at="2023-03-03T10:18:29 IST" name="closeApp" finished-at="2023-03-03T10:18:29 IST" duration-ms="302" status="PASS">
          <params>
            <param index="0">
              <value>
                <![CDATA[[TestResult name=All_RelationsFilter status=SUCCESS method=compNetworks.All_RelationsFilter()[pri:4, instance:CompanyScripts.compNetworks@20d28811] output={null}]]]>
              </value>
            </param>
          </params>
          <reporter-output>
          </reporter-output>
        </test-method> <!-- closeApp -->
        <test-method is-config="true" signature="openApp()[pri:0, instance:CompanyScripts.compNetworks@20d28811]" started-at="2023-03-03T10:18:29 IST" name="openApp" finished-at="2023-03-03T10:18:33 IST" duration-ms="4008" status="PASS">
          <reporter-output>
          </reporter-output>
        </test-method> <!-- openApp -->
        <test-method signature="HumanResorseOf_RelationsFilter()[pri:5, instance:CompanyScripts.compNetworks@20d28811]" started-at="2023-03-03T10:18:33 IST" name="HumanResorseOf_RelationsFilter" finished-at="2023-03-03T10:18:40 IST" duration-ms="6785" status="PASS">
          <reporter-output>
          </reporter-output>
        </test-method> <!-- HumanResorseOf_RelationsFilter -->
        <test-method is-config="true" signature="closeApp(org.testng.ITestResult)[pri:0, instance:CompanyScripts.compNetworks@20d28811]" started-at="2023-03-03T10:18:40 IST" name="closeApp" finished-at="2023-03-03T10:18:40 IST" duration-ms="377" status="PASS">
          <params>
            <param index="0">
              <value>
                <![CDATA[[TestResult name=HumanResorseOf_RelationsFilter status=SUCCESS method=compNetworks.HumanResorseOf_RelationsFilter()[pri:5, instance:CompanyScripts.compNetworks@20d28811] output={null}]]]>
              </value>
            </param>
          </params>
          <reporter-output>
          </reporter-output>
        </test-method> <!-- closeApp -->
        <test-method is-config="true" signature="openApp()[pri:0, instance:CompanyScripts.compNetworks@20d28811]" started-at="2023-03-03T10:18:40 IST" name="openApp" finished-at="2023-03-03T10:18:46 IST" duration-ms="5089" status="PASS">
          <reporter-output>
          </reporter-output>
        </test-method> <!-- openApp -->
        <test-method signature="partenerOF_RelationsFilter()[pri:6, instance:CompanyScripts.compNetworks@20d28811]" started-at="2023-03-03T10:18:46 IST" name="partenerOF_RelationsFilter" finished-at="2023-03-03T10:18:52 IST" duration-ms="6667" status="PASS">
          <reporter-output>
          </reporter-output>
        </test-method> <!-- partenerOF_RelationsFilter -->
        <test-method is-config="true" signature="closeApp(org.testng.ITestResult)[pri:0, instance:CompanyScripts.compNetworks@20d28811]" started-at="2023-03-03T10:18:52 IST" name="closeApp" finished-at="2023-03-03T10:18:53 IST" duration-ms="278" status="PASS">
          <params>
            <param index="0">
              <value>
                <![CDATA[[TestResult name=partenerOF_RelationsFilter status=SUCCESS method=compNetworks.partenerOF_RelationsFilter()[pri:6, instance:CompanyScripts.compNetworks@20d28811] output={null}]]]>
              </value>
            </param>
          </params>
          <reporter-output>
          </reporter-output>
        </test-method> <!-- closeApp -->
        <test-method is-config="true" signature="openApp()[pri:0, instance:CompanyScripts.compNetworks@20d28811]" started-at="2023-03-03T10:18:53 IST" name="openApp" finished-at="2023-03-03T10:18:56 IST" duration-ms="3606" status="PASS">
          <reporter-output>
          </reporter-output>
        </test-method> <!-- openApp -->
        <test-method signature="CompanyProfile()[pri:7, instance:CompanyScripts.compNetworks@20d28811]" started-at="2023-03-03T10:18:56 IST" name="CompanyProfile" finished-at="2023-03-03T10:19:06 IST" duration-ms="9738" status="PASS">
          <reporter-output>
          </reporter-output>
        </test-method> <!-- CompanyProfile -->
        <test-method is-config="true" signature="closeApp(org.testng.ITestResult)[pri:0, instance:CompanyScripts.compNetworks@20d28811]" started-at="2023-03-03T10:19:06 IST" name="closeApp" finished-at="2023-03-03T10:19:07 IST" duration-ms="1180" status="PASS">
          <params>
            <param index="0">
              <value>
                <![CDATA[[TestResult name=CompanyProfile status=SUCCESS method=compNetworks.CompanyProfile()[pri:7, instance:CompanyScripts.compNetworks@20d28811] output={null}]]]>
              </value>
            </param>
          </params>
          <reporter-output>
          </reporter-output>
        </test-method> <!-- closeApp -->
        <test-method is-config="true" signature="openApp()[pri:0, instance:CompanyScripts.compNetworks@20d28811]" started-at="2023-03-03T10:19:07 IST" name="openApp" finished-at="2023-03-03T10:19:11 IST" duration-ms="3776" status="PASS">
          <reporter-output>
          </reporter-output>
        </test-method> <!-- openApp -->
        <test-method signature="CompanyFollow_Unfollow()[pri:8, instance:CompanyScripts.compNetworks@20d28811]" started-at="2023-03-03T10:19:11 IST" name="CompanyFollow_Unfollow" finished-at="2023-03-03T10:19:25 IST" duration-ms="14146" status="PASS">
          <reporter-output>
          </reporter-output>
        </test-method> <!-- CompanyFollow_Unfollow -->
        <test-method is-config="true" signature="closeApp(org.testng.ITestResult)[pri:0, instance:CompanyScripts.compNetworks@20d28811]" started-at="2023-03-03T10:19:25 IST" name="closeApp" finished-at="2023-03-03T10:19:25 IST" duration-ms="291" status="PASS">
          <params>
            <param index="0">
              <value>
                <![CDATA[[TestResult name=CompanyFollow_Unfollow status=SUCCESS method=compNetworks.CompanyFollow_Unfollow()[pri:8, instance:CompanyScripts.compNetworks@20d28811] output={null}]]]>
              </value>
            </param>
          </params>
          <reporter-output>
          </reporter-output>
        </test-method> <!-- closeApp -->
        <test-method is-config="true" signature="openApp()[pri:0, instance:CompanyScripts.compNetworks@20d28811]" started-at="2023-03-03T10:19:25 IST" name="openApp" finished-at="2023-03-03T10:19:29 IST" duration-ms="3970" status="PASS">
          <reporter-output>
          </reporter-output>
        </test-method> <!-- openApp -->
        <test-method signature="Recommanded_Industries()[pri:9, instance:CompanyScripts.compNetworks@20d28811]" started-at="2023-03-03T10:19:29 IST" name="Recommanded_Industries" finished-at="2023-03-03T10:19:44 IST" duration-ms="14700" status="PASS">
          <reporter-output>
          </reporter-output>
        </test-method> <!-- Recommanded_Industries -->
        <test-method is-config="true" signature="closeApp(org.testng.ITestResult)[pri:0, instance:CompanyScripts.compNetworks@20d28811]" started-at="2023-03-03T10:19:44 IST" name="closeApp" finished-at="2023-03-03T10:19:44 IST" duration-ms="512" status="PASS">
          <params>
            <param index="0">
              <value>
                <![CDATA[[TestResult name=Recommanded_Industries status=SUCCESS method=compNetworks.Recommanded_Industries()[pri:9, instance:CompanyScripts.compNetworks@20d28811] output={null}]]]>
              </value>
            </param>
          </params>
          <reporter-output>
          </reporter-output>
        </test-method> <!-- closeApp -->
        <test-method is-config="true" signature="openApp()[pri:0, instance:CompanyScripts.compNetworks@20d28811]" started-at="2023-03-03T10:19:44 IST" name="openApp" finished-at="2023-03-03T10:19:48 IST" duration-ms="3611" status="PASS">
          <reporter-output>
          </reporter-output>
        </test-method> <!-- openApp -->
        <test-method signature="RecInd_NewsFeed()[pri:10, instance:CompanyScripts.compNetworks@20d28811]" started-at="2023-03-03T10:19:48 IST" name="RecInd_NewsFeed" finished-at="2023-03-03T10:20:03 IST" duration-ms="14557" status="PASS">
          <reporter-output>
          </reporter-output>
        </test-method> <!-- RecInd_NewsFeed -->
        <test-method is-config="true" signature="closeApp(org.testng.ITestResult)[pri:0, instance:CompanyScripts.compNetworks@20d28811]" started-at="2023-03-03T10:20:03 IST" name="closeApp" finished-at="2023-03-03T10:20:03 IST" duration-ms="328" status="PASS">
          <params>
            <param index="0">
              <value>
                <![CDATA[[TestResult name=RecInd_NewsFeed status=SUCCESS method=compNetworks.RecInd_NewsFeed()[pri:10, instance:CompanyScripts.compNetworks@20d28811] output={null}]]]>
              </value>
            </param>
          </params>
          <reporter-output>
          </reporter-output>
        </test-method> <!-- closeApp -->
        <test-method is-config="true" signature="openApp()[pri:0, instance:CompanyScripts.compNetworks@20d28811]" started-at="2023-03-03T10:20:03 IST" name="openApp" finished-at="2023-03-03T10:20:06 IST" duration-ms="3295" status="PASS">
          <reporter-output>
          </reporter-output>
        </test-method> <!-- openApp -->
        <test-method signature="InviteBusiness()[pri:11, instance:CompanyScripts.compNetworks@20d28811]" started-at="2023-03-03T10:20:06 IST" name="InviteBusiness" finished-at="2023-03-03T10:20:14 IST" duration-ms="8077" status="PASS">
          <reporter-output>
          </reporter-output>
        </test-method> <!-- InviteBusiness -->
        <test-method is-config="true" signature="closeApp(org.testng.ITestResult)[pri:0, instance:CompanyScripts.compNetworks@20d28811]" started-at="2023-03-03T10:20:14 IST" name="closeApp" finished-at="2023-03-03T10:20:15 IST" duration-ms="540" status="PASS">
          <params>
            <param index="0">
              <value>
                <![CDATA[[TestResult name=InviteBusiness status=SUCCESS method=compNetworks.InviteBusiness()[pri:11, instance:CompanyScripts.compNetworks@20d28811] output={null}]]]>
              </value>
            </param>
          </params>
          <reporter-output>
          </reporter-output>
        </test-method> <!-- closeApp -->
        <test-method is-config="true" signature="openApp()[pri:0, instance:CompanyScripts.compNetworks@20d28811]" started-at="2023-03-03T10:20:15 IST" name="openApp" finished-at="2023-03-03T10:20:18 IST" duration-ms="3652" status="PASS">
          <reporter-output>
          </reporter-output>
        </test-method> <!-- openApp -->
        <test-method signature="WhatsApp_InviteBusiness()[pri:12, instance:CompanyScripts.compNetworks@20d28811]" started-at="2023-03-03T10:20:18 IST" name="WhatsApp_InviteBusiness" finished-at="2023-03-03T10:20:31 IST" duration-ms="12188" status="FAIL">
          <exception class="java.lang.AssertionError">
            <message>
              <![CDATA[expected [https://web.whatsapp.com/send?text=https%3A%2F%2Ftestapp.inlink.pro%2Fcompany] but found [https://web.whatsapp.com/]]]>
            </message>
            <full-stacktrace>
              <![CDATA[java.lang.AssertionError: expected [https://web.whatsapp.com/send?text=https%3A%2F%2Ftestapp.inlink.pro%2Fcompany] but found [https://web.whatsapp.com/]
at org.testng.Assert.fail(Assert.java:99)
at org.testng.Assert.failNotEquals(Assert.java:1037)
at org.testng.Assert.assertEqualsImpl(Assert.java:140)
at org.testng.Assert.assertEquals(Assert.java:122)
at org.testng.Assert.assertEquals(Assert.java:629)
at org.testng.Assert.assertEquals(Assert.java:639)
at CompanyScripts.compNetworks.WhatsApp_InviteBusiness(compNetworks.java:292)
at java.base/jdk.internal.reflect.NativeMethodAccessorImpl.invoke0(Native Method)
at java.base/jdk.internal.reflect.NativeMethodAccessorImpl.invoke(NativeMethodAccessorImpl.java:77)
at java.base/jdk.internal.reflect.DelegatingMethodAccessorImpl.invoke(DelegatingMethodAccessorImpl.java:43)
at java.base/java.lang.reflect.Method.invoke(Method.java:568)
at org.testng.internal.MethodInvocationHelper.invokeMethod(MethodInvocationHelper.java:133)
at org.testng.internal.TestInvoker.invokeMethod(TestInvoker.java:598)
at org.testng.internal.TestInvoker.invokeTestMethod(TestInvoker.java:173)
at org.testng.internal.MethodRunner.runInSequence(MethodRunner.java:46)
at org.testng.internal.TestInvoker$MethodInvocationAgent.invoke(TestInvoker.java:824)
at org.testng.internal.TestInvoker.invokeTestMethods(TestInvoker.java:146)
at org.testng.internal.TestMethodWorker.invokeTestMethods(TestMethodWorker.java:146)
at org.testng.internal.TestMethodWorker.run(TestMethodWorker.java:128)
at java.base/java.util.ArrayList.forEach(ArrayList.java:1511)
at org.testng.TestRunner.privateRun(TestRunner.java:794)
at org.testng.TestRunner.run(TestRunner.java:596)
at org.testng.SuiteRunner.runTest(SuiteRunner.java:377)
at org.testng.SuiteRunner.runSequentially(SuiteRunner.java:371)
at org.testng.SuiteRunner.privateRun(SuiteRunner.java:332)
at org.testng.SuiteRunner.run(SuiteRunner.java:276)
at org.testng.SuiteRunnerWorker.runSuite(SuiteRunnerWorker.java:53)
at org.testng.SuiteRunnerWorker.run(SuiteRunnerWorker.java:96)
at org.testng.TestNG.runSuitesSequentially(TestNG.java:1212)
at org.testng.TestNG.runSuitesLocally(TestNG.java:1134)
at org.testng.TestNG.runSuites(TestNG.java:1063)
at org.testng.TestNG.run(TestNG.java:1031)
at org.apache.maven.surefire.testng.TestNGExecutor.run(TestNGExecutor.java:324)
at org.apache.maven.surefire.testng.TestNGXmlTestSuite.execute(TestNGXmlTestSuite.java:74)
at org.apache.maven.surefire.testng.TestNGProvider.invoke(TestNGProvider.java:123)
at org.apache.maven.surefire.booter.ForkedBooter.runSuitesInProcess(ForkedBooter.java:456)
at org.apache.maven.surefire.booter.ForkedBooter.execute(ForkedBooter.java:169)
at org.apache.maven.surefire.booter.ForkedBooter.run(ForkedBooter.java:595)
at org.apache.maven.surefire.booter.ForkedBooter.main(ForkedBooter.java:581)
]]>
            </full-stacktrace>
          </exception> <!-- java.lang.AssertionError -->
          <reporter-output>
          </reporter-output>
        </test-method> <!-- WhatsApp_InviteBusiness -->
        <test-method is-config="true" signature="closeApp(org.testng.ITestResult)[pri:0, instance:CompanyScripts.compNetworks@20d28811]" started-at="2023-03-03T10:20:31 IST" name="closeApp" finished-at="2023-03-03T10:20:32 IST" duration-ms="1002" status="PASS">
          <params>
            <param index="0">
              <value>
                <![CDATA[[TestResult name=WhatsApp_InviteBusiness status=FAILURE method=compNetworks.WhatsApp_InviteBusiness()[pri:12, instance:CompanyScripts.compNetworks@20d28811] output={null}]]]>
              </value>
            </param>
          </params>
          <reporter-output>
          </reporter-output>
        </test-method> <!-- closeApp -->
        <test-method is-config="true" signature="openApp()[pri:0, instance:CompanyScripts.compNetworks@20d28811]" started-at="2023-03-03T10:20:32 IST" name="openApp" finished-at="2023-03-03T10:20:35 IST" duration-ms="3477" status="PASS">
          <reporter-output>
          </reporter-output>
        </test-method> <!-- openApp -->
        <test-method signature="Facebook_InviteBusiness()[pri:13, instance:CompanyScripts.compNetworks@20d28811]" started-at="2023-03-03T10:20:35 IST" name="Facebook_InviteBusiness" finished-at="2023-03-03T10:20:46 IST" duration-ms="10375" status="PASS">
          <reporter-output>
          </reporter-output>
        </test-method> <!-- Facebook_InviteBusiness -->
        <test-method is-config="true" signature="closeApp(org.testng.ITestResult)[pri:0, instance:CompanyScripts.compNetworks@20d28811]" started-at="2023-03-03T10:20:46 IST" name="closeApp" finished-at="2023-03-03T10:20:47 IST" duration-ms="1195" status="PASS">
          <params>
            <param index="0">
              <value>
                <![CDATA[[TestResult name=Facebook_InviteBusiness status=SUCCESS method=compNetworks.Facebook_InviteBusiness()[pri:13, instance:CompanyScripts.compNetworks@20d28811] output={null}]]]>
              </value>
            </param>
          </params>
          <reporter-output>
          </reporter-output>
        </test-method> <!-- closeApp -->
        <test-method is-config="true" signature="openApp()[pri:0, instance:CompanyScripts.compNetworks@20d28811]" started-at="2023-03-03T10:20:47 IST" name="openApp" finished-at="2023-03-03T10:20:50 IST" duration-ms="3231" status="PASS">
          <reporter-output>
          </reporter-output>
        </test-method> <!-- openApp -->
        <test-method signature="Twitter_InviteBusiness()[pri:14, instance:CompanyScripts.compNetworks@20d28811]" started-at="2023-03-03T10:20:50 IST" name="Twitter_InviteBusiness" finished-at="2023-03-03T10:21:03 IST" duration-ms="13006" status="PASS">
          <reporter-output>
          </reporter-output>
        </test-method> <!-- Twitter_InviteBusiness -->
        <test-method is-config="true" signature="closeApp(org.testng.ITestResult)[pri:0, instance:CompanyScripts.compNetworks@20d28811]" started-at="2023-03-03T10:21:03 IST" name="closeApp" finished-at="2023-03-03T10:21:03 IST" duration-ms="328" status="PASS">
          <params>
            <param index="0">
              <value>
                <![CDATA[[TestResult name=Twitter_InviteBusiness status=SUCCESS method=compNetworks.Twitter_InviteBusiness()[pri:14, instance:CompanyScripts.compNetworks@20d28811] output={null}]]]>
              </value>
            </param>
          </params>
          <reporter-output>
          </reporter-output>
        </test-method> <!-- closeApp -->
        <test-method is-config="true" signature="openApp()[pri:0, instance:CompanyScripts.compNetworks@20d28811]" started-at="2023-03-03T10:21:03 IST" name="openApp" finished-at="2023-03-03T10:21:07 IST" duration-ms="3480" status="PASS">
          <reporter-output>
          </reporter-output>
        </test-method> <!-- openApp -->
        <test-method signature="Instagram_InviteBusiness()[pri:15, instance:CompanyScripts.compNetworks@20d28811]" started-at="2023-03-03T10:21:07 IST" name="Instagram_InviteBusiness" finished-at="2023-03-03T10:21:19 IST" duration-ms="12414" status="PASS">
          <reporter-output>
          </reporter-output>
        </test-method> <!-- Instagram_InviteBusiness -->
        <test-method is-config="true" signature="closeApp(org.testng.ITestResult)[pri:0, instance:CompanyScripts.compNetworks@20d28811]" started-at="2023-03-03T10:21:19 IST" name="closeApp" finished-at="2023-03-03T10:21:19 IST" duration-ms="262" status="PASS">
          <params>
            <param index="0">
              <value>
                <![CDATA[[TestResult name=Instagram_InviteBusiness status=SUCCESS method=compNetworks.Instagram_InviteBusiness()[pri:15, instance:CompanyScripts.compNetworks@20d28811] output={null}]]]>
              </value>
            </param>
          </params>
          <reporter-output>
          </reporter-output>
        </test-method> <!-- closeApp -->
        <test-method is-config="true" signature="openApp()[pri:0, instance:CompanyScripts.compNetworks@20d28811]" started-at="2023-03-03T10:21:19 IST" name="openApp" finished-at="2023-03-03T10:21:23 IST" duration-ms="3512" status="PASS">
          <reporter-output>
          </reporter-output>
        </test-method> <!-- openApp -->
        <test-method signature="Linkedin_InviteBusiness()[pri:16, instance:CompanyScripts.compNetworks@20d28811]" started-at="2023-03-03T10:21:23 IST" name="Linkedin_InviteBusiness" finished-at="2023-03-03T10:21:34 IST" duration-ms="11432" status="PASS">
          <reporter-output>
          </reporter-output>
        </test-method> <!-- Linkedin_InviteBusiness -->
        <test-method is-config="true" signature="closeApp(org.testng.ITestResult)[pri:0, instance:CompanyScripts.compNetworks@20d28811]" started-at="2023-03-03T10:21:34 IST" name="closeApp" finished-at="2023-03-03T10:21:35 IST" duration-ms="771" status="PASS">
          <params>
            <param index="0">
              <value>
                <![CDATA[[TestResult name=Linkedin_InviteBusiness status=SUCCESS method=compNetworks.Linkedin_InviteBusiness()[pri:16, instance:CompanyScripts.compNetworks@20d28811] output={null}]]]>
              </value>
            </param>
          </params>
          <reporter-output>
          </reporter-output>
        </test-method> <!-- closeApp -->
        <test-method is-config="true" signature="openApp()[pri:0, instance:CompanyScripts.compNetworks@20d28811]" started-at="2023-03-03T10:21:35 IST" name="openApp" finished-at="2023-03-03T10:21:39 IST" duration-ms="3765" status="PASS">
          <reporter-output>
          </reporter-output>
        </test-method> <!-- openApp -->
        <test-method signature="Telegram_InviteBusiness()[pri:17, instance:CompanyScripts.compNetworks@20d28811]" started-at="2023-03-03T10:21:39 IST" name="Telegram_InviteBusiness" finished-at="2023-03-03T10:21:51 IST" duration-ms="11996" status="PASS">
          <reporter-output>
          </reporter-output>
        </test-method> <!-- Telegram_InviteBusiness -->
        <test-method is-config="true" signature="closeApp(org.testng.ITestResult)[pri:0, instance:CompanyScripts.compNetworks@20d28811]" started-at="2023-03-03T10:21:51 IST" name="closeApp" finished-at="2023-03-03T10:21:51 IST" duration-ms="281" status="PASS">
          <params>
            <param index="0">
              <value>
                <![CDATA[[TestResult name=Telegram_InviteBusiness status=SUCCESS method=compNetworks.Telegram_InviteBusiness()[pri:17, instance:CompanyScripts.compNetworks@20d28811] output={null}]]]>
              </value>
            </param>
          </params>
          <reporter-output>
          </reporter-output>
        </test-method> <!-- closeApp -->
        <test-method is-config="true" signature="openApp()[pri:0, instance:CompanyScripts.compNetworks@20d28811]" started-at="2023-03-03T10:21:51 IST" name="openApp" finished-at="2023-03-03T10:21:55 IST" duration-ms="3753" status="PASS">
          <reporter-output>
          </reporter-output>
        </test-method> <!-- openApp -->
        <test-method signature="Gmail_InviteBusiness()[pri:18, instance:CompanyScripts.compNetworks@20d28811]" started-at="2023-03-03T10:21:55 IST" name="Gmail_InviteBusiness" finished-at="2023-03-03T10:22:09 IST" duration-ms="13862" status="PASS">
          <reporter-output>
          </reporter-output>
        </test-method> <!-- Gmail_InviteBusiness -->
        <test-method is-config="true" signature="closeApp(org.testng.ITestResult)[pri:0, instance:CompanyScripts.compNetworks@20d28811]" started-at="2023-03-03T10:22:09 IST" name="closeApp" finished-at="2023-03-03T10:22:10 IST" duration-ms="1178" status="PASS">
          <params>
            <param index="0">
              <value>
                <![CDATA[[TestResult name=Gmail_InviteBusiness status=SUCCESS method=compNetworks.Gmail_InviteBusiness()[pri:18, instance:CompanyScripts.compNetworks@20d28811] output={null}]]]>
              </value>
            </param>
          </params>
          <reporter-output>
          </reporter-output>
        </test-method> <!-- closeApp -->
      </class> <!-- CompanyScripts.compNetworks -->
      <class name="CompanyScripts.compNewsFeed_Home">
        <test-method is-config="true" signature="openApp()[pri:0, instance:CompanyScripts.compNewsFeed_Home@3e92efc3]" started-at="2023-03-03T10:25:27 IST" name="openApp" finished-at="2023-03-03T10:25:31 IST" duration-ms="3098" status="PASS">
          <reporter-output>
          </reporter-output>
        </test-method> <!-- openApp -->
        <test-method signature="BookmaarkPost_Comment()[pri:0, instance:CompanyScripts.compNewsFeed_Home@3e92efc3]" started-at="2023-03-03T10:25:31 IST" name="BookmaarkPost_Comment" finished-at="2023-03-03T10:25:59 IST" duration-ms="28771" status="PASS">
          <reporter-output>
          </reporter-output>
        </test-method> <!-- BookmaarkPost_Comment -->
        <test-method is-config="true" signature="closeApp(org.testng.ITestResult)[pri:0, instance:CompanyScripts.compNewsFeed_Home@3e92efc3]" started-at="2023-03-03T10:25:59 IST" name="closeApp" finished-at="2023-03-03T10:26:00 IST" duration-ms="334" status="PASS">
          <params>
            <param index="0">
              <value>
                <![CDATA[[TestResult name=BookmaarkPost_Comment status=SUCCESS method=compNewsFeed_Home.BookmaarkPost_Comment()[pri:0, instance:CompanyScripts.compNewsFeed_Home@3e92efc3] output={null}]]]>
              </value>
            </param>
          </params>
          <reporter-output>
          </reporter-output>
        </test-method> <!-- closeApp -->
        <test-method is-config="true" signature="openApp()[pri:0, instance:CompanyScripts.compNewsFeed_Home@3e92efc3]" started-at="2023-03-03T10:26:00 IST" name="openApp" finished-at="2023-03-03T10:26:03 IST" duration-ms="3108" status="PASS">
          <reporter-output>
          </reporter-output>
        </test-method> <!-- openApp -->
        <test-method signature="Edit_Post()[pri:0, instance:CompanyScripts.compNewsFeed_Home@3e92efc3]" started-at="2023-03-03T10:26:03 IST" name="Edit_Post" finished-at="2023-03-03T10:26:13 IST" duration-ms="10702" status="PASS">
          <reporter-output>
          </reporter-output>
        </test-method> <!-- Edit_Post -->
        <test-method is-config="true" signature="closeApp(org.testng.ITestResult)[pri:0, instance:CompanyScripts.compNewsFeed_Home@3e92efc3]" started-at="2023-03-03T10:26:13 IST" name="closeApp" finished-at="2023-03-03T10:26:14 IST" duration-ms="348" status="PASS">
          <params>
            <param index="0">
              <value>
                <![CDATA[[TestResult name=Edit_Post status=SUCCESS method=compNewsFeed_Home.Edit_Post()[pri:0, instance:CompanyScripts.compNewsFeed_Home@3e92efc3] output={null}]]]>
              </value>
            </param>
          </params>
          <reporter-output>
          </reporter-output>
        </test-method> <!-- closeApp -->
        <test-method is-config="true" signature="openApp()[pri:0, instance:CompanyScripts.compNewsFeed_Home@3e92efc3]" started-at="2023-03-03T10:26:14 IST" name="openApp" finished-at="2023-03-03T10:26:17 IST" duration-ms="3127" status="PASS">
          <reporter-output>
          </reporter-output>
        </test-method> <!-- openApp -->
        <test-method retried="true" signature="Delete_Post()[pri:3, instance:CompanyScripts.compNewsFeed_Home@3e92efc3]" started-at="2023-03-03T10:26:17 IST" name="Delete_Post" finished-at="2023-03-03T10:26:31 IST" duration-ms="14068" status="SKIP">
          <exception class="java.lang.AssertionError">
            <message>
              <![CDATA[expected [] but found [News Feed Deleted Successfully!]]]>
            </message>
            <full-stacktrace>
              <![CDATA[java.lang.AssertionError: expected [] but found [News Feed Deleted Successfully!]
at org.testng.Assert.fail(Assert.java:99)
at org.testng.Assert.failNotEquals(Assert.java:1037)
at org.testng.Assert.assertEqualsImpl(Assert.java:140)
at org.testng.Assert.assertEquals(Assert.java:122)
at org.testng.Assert.assertEquals(Assert.java:629)
at org.testng.Assert.assertEquals(Assert.java:639)
at CompanyScripts.compNewsFeed_Home.Delete_Post(compNewsFeed_Home.java:78)
at java.base/jdk.internal.reflect.NativeMethodAccessorImpl.invoke0(Native Method)
at java.base/jdk.internal.reflect.NativeMethodAccessorImpl.invoke(NativeMethodAccessorImpl.java:77)
at java.base/jdk.internal.reflect.DelegatingMethodAccessorImpl.invoke(DelegatingMethodAccessorImpl.java:43)
at java.base/java.lang.reflect.Method.invoke(Method.java:568)
at org.testng.internal.MethodInvocationHelper.invokeMethod(MethodInvocationHelper.java:133)
at org.testng.internal.TestInvoker.invokeMethod(TestInvoker.java:598)
at org.testng.internal.TestInvoker.invokeTestMethod(TestInvoker.java:173)
at org.testng.internal.MethodRunner.runInSequence(MethodRunner.java:46)
at org.testng.internal.TestInvoker$MethodInvocationAgent.invoke(TestInvoker.java:824)
at org.testng.internal.TestInvoker.invokeTestMethods(TestInvoker.java:146)
at org.testng.internal.TestMethodWorker.invokeTestMethods(TestMethodWorker.java:146)
at org.testng.internal.TestMethodWorker.run(TestMethodWorker.java:128)
at java.base/java.util.ArrayList.forEach(ArrayList.java:1511)
at org.testng.TestRunner.privateRun(TestRunner.java:794)
at org.testng.TestRunner.run(TestRunner.java:596)
at org.testng.SuiteRunner.runTest(SuiteRunner.java:377)
at org.testng.SuiteRunner.runSequentially(SuiteRunner.java:371)
at org.testng.SuiteRunner.privateRun(SuiteRunner.java:332)
at org.testng.SuiteRunner.run(SuiteRunner.java:276)
at org.testng.SuiteRunnerWorker.runSuite(SuiteRunnerWorker.java:53)
at org.testng.SuiteRunnerWorker.run(SuiteRunnerWorker.java:96)
at org.testng.TestNG.runSuitesSequentially(TestNG.java:1212)
at org.testng.TestNG.runSuitesLocally(TestNG.java:1134)
at org.testng.TestNG.runSuites(TestNG.java:1063)
at org.testng.TestNG.run(TestNG.java:1031)
at org.apache.maven.surefire.testng.TestNGExecutor.run(TestNGExecutor.java:324)
at org.apache.maven.surefire.testng.TestNGXmlTestSuite.execute(TestNGXmlTestSuite.java:74)
at org.apache.maven.surefire.testng.TestNGProvider.invoke(TestNGProvider.java:123)
at org.apache.maven.surefire.booter.ForkedBooter.runSuitesInProcess(ForkedBooter.java:456)
at org.apache.maven.surefire.booter.ForkedBooter.execute(ForkedBooter.java:169)
at org.apache.maven.surefire.booter.ForkedBooter.run(ForkedBooter.java:595)
at org.apache.maven.surefire.booter.ForkedBooter.main(ForkedBooter.java:581)
]]>
            </full-stacktrace>
          </exception> <!-- java.lang.AssertionError -->
          <reporter-output>
          </reporter-output>
        </test-method> <!-- Delete_Post -->
        <test-method is-config="true" signature="closeApp(org.testng.ITestResult)[pri:0, instance:CompanyScripts.compNewsFeed_Home@3e92efc3]" started-at="2023-03-03T10:26:31 IST" name="closeApp" finished-at="2023-03-03T10:26:31 IST" duration-ms="287" status="PASS">
          <params>
            <param index="0">
              <value>
                <![CDATA[[TestResult name=Delete_Post status=SKIP method=compNewsFeed_Home.Delete_Post()[pri:3, instance:CompanyScripts.compNewsFeed_Home@3e92efc3] output={null}]]]>
              </value>
            </param>
          </params>
          <reporter-output>
          </reporter-output>
        </test-method> <!-- closeApp -->
        <test-method is-config="true" signature="openApp()[pri:0, instance:CompanyScripts.compNewsFeed_Home@3e92efc3]" started-at="2023-03-03T10:26:31 IST" name="openApp" finished-at="2023-03-03T10:26:34 IST" duration-ms="3196" status="PASS">
          <reporter-output>
          </reporter-output>
        </test-method> <!-- openApp -->
        <test-method signature="Delete_Post()[pri:3, instance:CompanyScripts.compNewsFeed_Home@3e92efc3]" started-at="2023-03-03T10:26:34 IST" name="Delete_Post" finished-at="2023-03-03T10:26:47 IST" duration-ms="12995" status="PASS">
          <reporter-output>
          </reporter-output>
        </test-method> <!-- Delete_Post -->
        <test-method is-config="true" signature="closeApp(org.testng.ITestResult)[pri:0, instance:CompanyScripts.compNewsFeed_Home@3e92efc3]" started-at="2023-03-03T10:26:47 IST" name="closeApp" finished-at="2023-03-03T10:26:48 IST" duration-ms="509" status="PASS">
          <params>
            <param index="0">
              <value>
                <![CDATA[[TestResult name=Delete_Post status=SUCCESS method=compNewsFeed_Home.Delete_Post()[pri:3, instance:CompanyScripts.compNewsFeed_Home@3e92efc3] output={null}]]]>
              </value>
            </param>
          </params>
          <reporter-output>
          </reporter-output>
        </test-method> <!-- closeApp -->
        <test-method is-config="true" signature="openApp()[pri:0, instance:CompanyScripts.compNewsFeed_Home@3e92efc3]" started-at="2023-03-03T10:26:48 IST" name="openApp" finished-at="2023-03-03T10:26:51 IST" duration-ms="3224" status="PASS">
          <reporter-output>
          </reporter-output>
        </test-method> <!-- openApp -->
        <test-method signature="Add_to_bookmark()[pri:4, instance:CompanyScripts.compNewsFeed_Home@3e92efc3]" started-at="2023-03-03T10:26:51 IST" name="Add_to_bookmark" finished-at="2023-03-03T10:27:04 IST" duration-ms="12592" status="PASS">
          <reporter-output>
          </reporter-output>
        </test-method> <!-- Add_to_bookmark -->
        <test-method is-config="true" signature="closeApp(org.testng.ITestResult)[pri:0, instance:CompanyScripts.compNewsFeed_Home@3e92efc3]" started-at="2023-03-03T10:27:04 IST" name="closeApp" finished-at="2023-03-03T10:27:04 IST" duration-ms="571" status="PASS">
          <params>
            <param index="0">
              <value>
                <![CDATA[[TestResult name=Add_to_bookmark status=SUCCESS method=compNewsFeed_Home.Add_to_bookmark()[pri:4, instance:CompanyScripts.compNewsFeed_Home@3e92efc3] output={null}]]]>
              </value>
            </param>
          </params>
          <reporter-output>
          </reporter-output>
        </test-method> <!-- closeApp -->
        <test-method is-config="true" signature="openApp()[pri:0, instance:CompanyScripts.compNewsFeed_Home@3e92efc3]" started-at="2023-03-03T10:27:04 IST" name="openApp" finished-at="2023-03-03T10:27:08 IST" duration-ms="3284" status="PASS">
          <reporter-output>
          </reporter-output>
        </test-method> <!-- openApp -->
        <test-method signature="searchFeedwithCompany()[pri:5, instance:CompanyScripts.compNewsFeed_Home@3e92efc3]" started-at="2023-03-03T10:27:08 IST" name="searchFeedwithCompany" finished-at="2023-03-03T10:27:19 IST" duration-ms="10943" status="PASS">
          <reporter-output>
          </reporter-output>
        </test-method> <!-- searchFeedwithCompany -->
        <test-method is-config="true" signature="closeApp(org.testng.ITestResult)[pri:0, instance:CompanyScripts.compNewsFeed_Home@3e92efc3]" started-at="2023-03-03T10:27:19 IST" name="closeApp" finished-at="2023-03-03T10:27:20 IST" duration-ms="1134" status="PASS">
          <params>
            <param index="0">
              <value>
                <![CDATA[[TestResult name=searchFeedwithCompany status=SUCCESS method=compNewsFeed_Home.searchFeedwithCompany()[pri:5, instance:CompanyScripts.compNewsFeed_Home@3e92efc3] output={null}]]]>
              </value>
            </param>
          </params>
          <reporter-output>
          </reporter-output>
        </test-method> <!-- closeApp -->
        <test-method is-config="true" signature="openApp()[pri:0, instance:CompanyScripts.compNewsFeed_Home@3e92efc3]" started-at="2023-03-03T10:27:20 IST" name="openApp" finished-at="2023-03-03T10:27:23 IST" duration-ms="3368" status="PASS">
          <reporter-output>
          </reporter-output>
        </test-method> <!-- openApp -->
        <test-method signature="BookmaarkPost_Like()[pri:13, instance:CompanyScripts.compNewsFeed_Home@3e92efc3]" started-at="2023-03-03T10:27:23 IST" name="BookmaarkPost_Like" finished-at="2023-03-03T10:27:43 IST" duration-ms="19575" status="PASS">
          <reporter-output>
          </reporter-output>
        </test-method> <!-- BookmaarkPost_Like -->
        <test-method is-config="true" signature="closeApp(org.testng.ITestResult)[pri:0, instance:CompanyScripts.compNewsFeed_Home@3e92efc3]" started-at="2023-03-03T10:27:43 IST" name="closeApp" finished-at="2023-03-03T10:27:43 IST" duration-ms="328" status="PASS">
          <params>
            <param index="0">
              <value>
                <![CDATA[[TestResult name=BookmaarkPost_Like status=SUCCESS method=compNewsFeed_Home.BookmaarkPost_Like()[pri:13, instance:CompanyScripts.compNewsFeed_Home@3e92efc3] output={null}]]]>
              </value>
            </param>
          </params>
          <reporter-output>
          </reporter-output>
        </test-method> <!-- closeApp -->
        <test-method is-config="true" signature="openApp()[pri:0, instance:CompanyScripts.compNewsFeed_Home@3e92efc3]" started-at="2023-03-03T10:27:43 IST" name="openApp" finished-at="2023-03-03T10:27:46 IST" duration-ms="3279" status="PASS">
          <reporter-output>
          </reporter-output>
        </test-method> <!-- openApp -->
        <test-method signature="BookmaarkPost_share()[pri:15, instance:CompanyScripts.compNewsFeed_Home@3e92efc3]" started-at="2023-03-03T10:27:46 IST" name="BookmaarkPost_share" finished-at="2023-03-03T10:28:12 IST" duration-ms="25385" status="PASS">
          <reporter-output>
          </reporter-output>
        </test-method> <!-- BookmaarkPost_share -->
        <test-method is-config="true" signature="closeApp(org.testng.ITestResult)[pri:0, instance:CompanyScripts.compNewsFeed_Home@3e92efc3]" started-at="2023-03-03T10:28:12 IST" name="closeApp" finished-at="2023-03-03T10:28:12 IST" duration-ms="347" status="PASS">
          <params>
            <param index="0">
              <value>
                <![CDATA[[TestResult name=BookmaarkPost_share status=SUCCESS method=compNewsFeed_Home.BookmaarkPost_share()[pri:15, instance:CompanyScripts.compNewsFeed_Home@3e92efc3] output={null}]]]>
              </value>
            </param>
          </params>
          <reporter-output>
          </reporter-output>
        </test-method> <!-- closeApp -->
        <test-method is-config="true" signature="openApp()[pri:0, instance:CompanyScripts.compNewsFeed_Home@3e92efc3]" started-at="2023-03-03T10:28:12 IST" name="openApp" finished-at="2023-03-03T10:28:15 IST" duration-ms="3252" status="PASS">
          <reporter-output>
          </reporter-output>
        </test-method> <!-- openApp -->
        <test-method signature="ScrollFeedUntilLoadmore()[pri:16, instance:CompanyScripts.compNewsFeed_Home@3e92efc3]" started-at="2023-03-03T10:28:15 IST" name="ScrollFeedUntilLoadmore" finished-at="2023-03-03T10:28:23 IST" duration-ms="7753" status="PASS">
          <reporter-output>
          </reporter-output>
        </test-method> <!-- ScrollFeedUntilLoadmore -->
        <test-method is-config="true" signature="closeApp(org.testng.ITestResult)[pri:0, instance:CompanyScripts.compNewsFeed_Home@3e92efc3]" started-at="2023-03-03T10:28:23 IST" name="closeApp" finished-at="2023-03-03T10:28:24 IST" duration-ms="545" status="PASS">
          <params>
            <param index="0">
              <value>
                <![CDATA[[TestResult name=ScrollFeedUntilLoadmore status=SUCCESS method=compNewsFeed_Home.ScrollFeedUntilLoadmore()[pri:16, instance:CompanyScripts.compNewsFeed_Home@3e92efc3] output={null}]]]>
              </value>
            </param>
          </params>
          <reporter-output>
          </reporter-output>
        </test-method> <!-- closeApp -->
        <test-method is-config="true" signature="openApp()[pri:0, instance:CompanyScripts.compNewsFeed_Home@3e92efc3]" started-at="2023-03-03T10:28:24 IST" name="openApp" finished-at="2023-03-03T10:28:27 IST" duration-ms="3427" status="PASS">
          <reporter-output>
          </reporter-output>
        </test-method> <!-- openApp -->
        <test-method signature="LikeAndShareFeedPost()[pri:17, instance:CompanyScripts.compNewsFeed_Home@3e92efc3]" started-at="2023-03-03T10:28:27 IST" name="LikeAndShareFeedPost" finished-at="2023-03-03T10:28:49 IST" duration-ms="21538" status="PASS">
          <reporter-output>
          </reporter-output>
        </test-method> <!-- LikeAndShareFeedPost -->
        <test-method is-config="true" signature="closeApp(org.testng.ITestResult)[pri:0, instance:CompanyScripts.compNewsFeed_Home@3e92efc3]" started-at="2023-03-03T10:28:49 IST" name="closeApp" finished-at="2023-03-03T10:28:50 IST" duration-ms="1169" status="PASS">
          <params>
            <param index="0">
              <value>
                <![CDATA[[TestResult name=LikeAndShareFeedPost status=SUCCESS method=compNewsFeed_Home.LikeAndShareFeedPost()[pri:17, instance:CompanyScripts.compNewsFeed_Home@3e92efc3] output={null}]]]>
              </value>
            </param>
          </params>
          <reporter-output>
          </reporter-output>
        </test-method> <!-- closeApp -->
        <test-method is-config="true" signature="openApp()[pri:0, instance:CompanyScripts.compNewsFeed_Home@3e92efc3]" started-at="2023-03-03T10:28:50 IST" name="openApp" finished-at="2023-03-03T10:28:53 IST" duration-ms="3517" status="PASS">
          <reporter-output>
          </reporter-output>
        </test-method> <!-- openApp -->
        <test-method signature="Play_Posted_Video()[pri:18, instance:CompanyScripts.compNewsFeed_Home@3e92efc3]" started-at="2023-03-03T10:28:53 IST" name="Play_Posted_Video" finished-at="2023-03-03T10:29:10 IST" duration-ms="17276" status="PASS">
          <reporter-output>
          </reporter-output>
        </test-method> <!-- Play_Posted_Video -->
        <test-method is-config="true" signature="closeApp(org.testng.ITestResult)[pri:0, instance:CompanyScripts.compNewsFeed_Home@3e92efc3]" started-at="2023-03-03T10:29:10 IST" name="closeApp" finished-at="2023-03-03T10:29:11 IST" duration-ms="357" status="PASS">
          <params>
            <param index="0">
              <value>
                <![CDATA[[TestResult name=Play_Posted_Video status=SUCCESS method=compNewsFeed_Home.Play_Posted_Video()[pri:18, instance:CompanyScripts.compNewsFeed_Home@3e92efc3] output={null}]]]>
              </value>
            </param>
          </params>
          <reporter-output>
          </reporter-output>
        </test-method> <!-- closeApp -->
      </class> <!-- CompanyScripts.compNewsFeed_Home -->
    </test> <!-- Test -->
  </suite> <!-- Suite -->
</testng-results>
