<?xml version="1.0" encoding="UTF-8"?>
<testng-results ignored="0" total="9" passed="9" failed="0" skipped="0">
  <reporter-output>
  </reporter-output>
  <suite started-at="2023-02-28T17:46:24 IST" name="Suite" finished-at="2023-02-28T17:48:06 IST" duration-ms="101203">
    <groups>
    </groups>
    <test started-at="2023-02-28T17:46:24 IST" name="Test" finished-at="2023-02-28T17:48:06 IST" duration-ms="101203">
      <class name="CompanyScripts.compNetworks">
        <test-method is-config="true" signature="openApp()[pri:0, instance:CompanyScripts.compNetworks@769e7ee8]" started-at="2023-02-28T17:46:24 IST" name="openApp" finished-at="2023-02-28T17:46:30 IST" duration-ms="5776" status="PASS">
          <reporter-output>
          </reporter-output>
        </test-method> <!-- openApp -->
        <test-method signature="networksPage()[pri:0, instance:CompanyScripts.compNetworks@769e7ee8]" started-at="2023-02-28T17:46:30 IST" name="networksPage" finished-at="2023-02-28T17:46:35 IST" duration-ms="4817" status="PASS">
          <reporter-output>
          </reporter-output>
        </test-method> <!-- networksPage -->
        <test-method is-config="true" signature="closeApp(org.testng.ITestResult)[pri:0, instance:CompanyScripts.compNetworks@769e7ee8]" started-at="2023-02-28T17:46:35 IST" name="closeApp" finished-at="2023-02-28T17:46:35 IST" duration-ms="363" status="PASS">
          <params>
            <param index="0">
              <value>
                <![CDATA[[TestResult name=networksPage status=SUCCESS method=compNetworks.networksPage()[pri:0, instance:CompanyScripts.compNetworks@769e7ee8] output={null}]]]>
              </value>
            </param>
          </params>
          <reporter-output>
          </reporter-output>
        </test-method> <!-- closeApp -->
        <test-method is-config="true" signature="openApp()[pri:0, instance:CompanyScripts.compNetworks@769e7ee8]" started-at="2023-02-28T17:46:35 IST" name="openApp" finished-at="2023-02-28T17:46:39 IST" duration-ms="3729" status="PASS">
          <reporter-output>
          </reporter-output>
        </test-method> <!-- openApp -->
        <test-method signature="nPendingFeature()[pri:1, instance:CompanyScripts.compNetworks@769e7ee8]" started-at="2023-02-28T17:46:39 IST" name="nPendingFeature" finished-at="2023-02-28T17:46:44 IST" duration-ms="4974" status="PASS">
          <reporter-output>
          </reporter-output>
        </test-method> <!-- nPendingFeature -->
        <test-method is-config="true" signature="closeApp(org.testng.ITestResult)[pri:0, instance:CompanyScripts.compNetworks@769e7ee8]" started-at="2023-02-28T17:46:44 IST" name="closeApp" finished-at="2023-02-28T17:46:44 IST" duration-ms="388" status="PASS">
          <params>
            <param index="0">
              <value>
                <![CDATA[[TestResult name=nPendingFeature status=SUCCESS method=compNetworks.nPendingFeature()[pri:1, instance:CompanyScripts.compNetworks@769e7ee8] output={null}]]]>
              </value>
            </param>
          </params>
          <reporter-output>
          </reporter-output>
        </test-method> <!-- closeApp -->
        <test-method is-config="true" signature="openApp()[pri:0, instance:CompanyScripts.compNetworks@769e7ee8]" started-at="2023-02-28T17:46:44 IST" name="openApp" finished-at="2023-02-28T17:46:49 IST" duration-ms="4896" status="PASS">
          <reporter-output>
          </reporter-output>
        </test-method> <!-- openApp -->
        <test-method signature="nFollowFeature()[pri:2, instance:CompanyScripts.compNetworks@769e7ee8]" started-at="2023-02-28T17:46:49 IST" name="nFollowFeature" finished-at="2023-02-28T17:46:55 IST" duration-ms="5700" status="PASS">
          <reporter-output>
          </reporter-output>
        </test-method> <!-- nFollowFeature -->
        <test-method is-config="true" signature="closeApp(org.testng.ITestResult)[pri:0, instance:CompanyScripts.compNetworks@769e7ee8]" started-at="2023-02-28T17:46:55 IST" name="closeApp" finished-at="2023-02-28T17:46:55 IST" duration-ms="318" status="PASS">
          <params>
            <param index="0">
              <value>
                <![CDATA[[TestResult name=nFollowFeature status=SUCCESS method=compNetworks.nFollowFeature()[pri:2, instance:CompanyScripts.compNetworks@769e7ee8] output={null}]]]>
              </value>
            </param>
          </params>
          <reporter-output>
          </reporter-output>
        </test-method> <!-- closeApp -->
        <test-method is-config="true" signature="openApp()[pri:0, instance:CompanyScripts.compNetworks@769e7ee8]" started-at="2023-02-28T17:46:55 IST" name="openApp" finished-at="2023-02-28T17:47:00 IST" duration-ms="4174" status="PASS">
          <reporter-output>
          </reporter-output>
        </test-method> <!-- openApp -->
        <test-method signature="nBlockList()[pri:3, instance:CompanyScripts.compNetworks@769e7ee8]" started-at="2023-02-28T17:47:00 IST" name="nBlockList" finished-at="2023-02-28T17:47:05 IST" duration-ms="5075" status="PASS">
          <reporter-output>
          </reporter-output>
        </test-method> <!-- nBlockList -->
        <test-method is-config="true" signature="closeApp(org.testng.ITestResult)[pri:0, instance:CompanyScripts.compNetworks@769e7ee8]" started-at="2023-02-28T17:47:05 IST" name="closeApp" finished-at="2023-02-28T17:47:05 IST" duration-ms="396" status="PASS">
          <params>
            <param index="0">
              <value>
                <![CDATA[[TestResult name=nBlockList status=SUCCESS method=compNetworks.nBlockList()[pri:3, instance:CompanyScripts.compNetworks@769e7ee8] output={null}]]]>
              </value>
            </param>
          </params>
          <reporter-output>
          </reporter-output>
        </test-method> <!-- closeApp -->
        <test-method is-config="true" signature="openApp()[pri:0, instance:CompanyScripts.compNetworks@769e7ee8]" started-at="2023-02-28T17:47:05 IST" name="openApp" finished-at="2023-02-28T17:47:09 IST" duration-ms="4017" status="PASS">
          <reporter-output>
          </reporter-output>
        </test-method> <!-- openApp -->
        <test-method signature="All_RelationsFilter()[pri:4, instance:CompanyScripts.compNetworks@769e7ee8]" started-at="2023-02-28T17:47:09 IST" name="All_RelationsFilter" finished-at="2023-02-28T17:47:14 IST" duration-ms="5425" status="PASS">
          <reporter-output>
          </reporter-output>
        </test-method> <!-- All_RelationsFilter -->
        <test-method is-config="true" signature="closeApp(org.testng.ITestResult)[pri:0, instance:CompanyScripts.compNetworks@769e7ee8]" started-at="2023-02-28T17:47:14 IST" name="closeApp" finished-at="2023-02-28T17:47:15 IST" duration-ms="449" status="PASS">
          <params>
            <param index="0">
              <value>
                <![CDATA[[TestResult name=All_RelationsFilter status=SUCCESS method=compNetworks.All_RelationsFilter()[pri:4, instance:CompanyScripts.compNetworks@769e7ee8] output={null}]]]>
              </value>
            </param>
          </params>
          <reporter-output>
          </reporter-output>
        </test-method> <!-- closeApp -->
        <test-method is-config="true" signature="openApp()[pri:0, instance:CompanyScripts.compNetworks@769e7ee8]" started-at="2023-02-28T17:47:15 IST" name="openApp" finished-at="2023-02-28T17:47:19 IST" duration-ms="3665" status="PASS">
          <reporter-output>
          </reporter-output>
        </test-method> <!-- openApp -->
        <test-method signature="HumanResorseOf_RelationsFilter()[pri:5, instance:CompanyScripts.compNetworks@769e7ee8]" started-at="2023-02-28T17:47:19 IST" name="HumanResorseOf_RelationsFilter" finished-at="2023-02-28T17:47:24 IST" duration-ms="5871" status="PASS">
          <reporter-output>
          </reporter-output>
        </test-method> <!-- HumanResorseOf_RelationsFilter -->
        <test-method is-config="true" signature="closeApp(org.testng.ITestResult)[pri:0, instance:CompanyScripts.compNetworks@769e7ee8]" started-at="2023-02-28T17:47:24 IST" name="closeApp" finished-at="2023-02-28T17:47:25 IST" duration-ms="372" status="PASS">
          <params>
            <param index="0">
              <value>
                <![CDATA[[TestResult name=HumanResorseOf_RelationsFilter status=SUCCESS method=compNetworks.HumanResorseOf_RelationsFilter()[pri:5, instance:CompanyScripts.compNetworks@769e7ee8] output={null}]]]>
              </value>
            </param>
          </params>
          <reporter-output>
          </reporter-output>
        </test-method> <!-- closeApp -->
        <test-method is-config="true" signature="openApp()[pri:0, instance:CompanyScripts.compNetworks@769e7ee8]" started-at="2023-02-28T17:47:25 IST" name="openApp" finished-at="2023-02-28T17:47:29 IST" duration-ms="4182" status="PASS">
          <reporter-output>
          </reporter-output>
        </test-method> <!-- openApp -->
        <test-method signature="partenerOF_RelationsFilter()[pri:6, instance:CompanyScripts.compNetworks@769e7ee8]" started-at="2023-02-28T17:47:29 IST" name="partenerOF_RelationsFilter" finished-at="2023-02-28T17:47:35 IST" duration-ms="5612" status="PASS">
          <reporter-output>
          </reporter-output>
        </test-method> <!-- partenerOF_RelationsFilter -->
        <test-method is-config="true" signature="closeApp(org.testng.ITestResult)[pri:0, instance:CompanyScripts.compNetworks@769e7ee8]" started-at="2023-02-28T17:47:35 IST" name="closeApp" finished-at="2023-02-28T17:47:35 IST" duration-ms="318" status="PASS">
          <params>
            <param index="0">
              <value>
                <![CDATA[[TestResult name=partenerOF_RelationsFilter status=SUCCESS method=compNetworks.partenerOF_RelationsFilter()[pri:6, instance:CompanyScripts.compNetworks@769e7ee8] output={null}]]]>
              </value>
            </param>
          </params>
          <reporter-output>
          </reporter-output>
        </test-method> <!-- closeApp -->
        <test-method is-config="true" signature="openApp()[pri:0, instance:CompanyScripts.compNetworks@769e7ee8]" started-at="2023-02-28T17:47:35 IST" name="openApp" finished-at="2023-02-28T17:47:39 IST" duration-ms="4004" status="PASS">
          <reporter-output>
          </reporter-output>
        </test-method> <!-- openApp -->
        <test-method signature="CompanyProfile()[pri:7, instance:CompanyScripts.compNetworks@769e7ee8]" started-at="2023-02-28T17:47:39 IST" name="CompanyProfile" finished-at="2023-02-28T17:47:48 IST" duration-ms="9168" status="PASS">
          <reporter-output>
          </reporter-output>
        </test-method> <!-- CompanyProfile -->
        <test-method is-config="true" signature="closeApp(org.testng.ITestResult)[pri:0, instance:CompanyScripts.compNetworks@769e7ee8]" started-at="2023-02-28T17:47:48 IST" name="closeApp" finished-at="2023-02-28T17:47:49 IST" duration-ms="727" status="PASS">
          <params>
            <param index="0">
              <value>
                <![CDATA[[TestResult name=CompanyProfile status=SUCCESS method=compNetworks.CompanyProfile()[pri:7, instance:CompanyScripts.compNetworks@769e7ee8] output={null}]]]>
              </value>
            </param>
          </params>
          <reporter-output>
          </reporter-output>
        </test-method> <!-- closeApp -->
        <test-method is-config="true" signature="openApp()[pri:0, instance:CompanyScripts.compNetworks@769e7ee8]" started-at="2023-02-28T17:47:49 IST" name="openApp" finished-at="2023-02-28T17:47:53 IST" duration-ms="3887" status="PASS">
          <reporter-output>
          </reporter-output>
        </test-method> <!-- openApp -->
        <test-method signature="CompanyFollow_Unfollow()[pri:8, instance:CompanyScripts.compNetworks@769e7ee8]" started-at="2023-02-28T17:47:53 IST" name="CompanyFollow_Unfollow" finished-at="2023-02-28T17:48:05 IST" duration-ms="12489" status="PASS">
          <reporter-output>
          </reporter-output>
        </test-method> <!-- CompanyFollow_Unfollow -->
        <test-method is-config="true" signature="closeApp(org.testng.ITestResult)[pri:0, instance:CompanyScripts.compNetworks@769e7ee8]" started-at="2023-02-28T17:48:05 IST" name="closeApp" finished-at="2023-02-28T17:48:06 IST" duration-ms="340" status="PASS">
          <params>
            <param index="0">
              <value>
                <![CDATA[[TestResult name=CompanyFollow_Unfollow status=SUCCESS method=compNetworks.CompanyFollow_Unfollow()[pri:8, instance:CompanyScripts.compNetworks@769e7ee8] output={null}]]]>
              </value>
            </param>
          </params>
          <reporter-output>
          </reporter-output>
        </test-method> <!-- closeApp -->
      </class> <!-- CompanyScripts.compNetworks -->
    </test> <!-- Test -->
  </suite> <!-- Suite -->
</testng-results>
