<?xml version="1.0" encoding="UTF-8"?>
<testng-results retried="3" ignored="0" total="47" passed="44" failed="0" skipped="0">
  <reporter-output>
  </reporter-output>
  <suite started-at="2023-03-01T16:58:56 IST" name="Suite" finished-at="2023-03-01T17:11:36 IST" duration-ms="760040">
    <groups>
    </groups>
    <test started-at="2023-03-01T16:58:56 IST" name="Test" finished-at="2023-03-01T17:11:36 IST" duration-ms="760040">
      <class name="CompanyScripts.compCreatePostScripts">
        <test-method is-config="true" signature="openApp()[pri:0, instance:CompanyScripts.compCreatePostScripts@703580bf]" started-at="2023-03-01T17:04:30 IST" name="openApp" finished-at="2023-03-01T17:04:34 IST" duration-ms="3263" status="PASS">
          <reporter-output>
          </reporter-output>
        </test-method> <!-- openApp -->
        <test-method signature="UploadText()[pri:1, instance:CompanyScripts.compCreatePostScripts@703580bf]" started-at="2023-03-01T17:04:34 IST" name="UploadText" finished-at="2023-03-01T17:04:43 IST" duration-ms="9123" status="PASS">
          <reporter-output>
          </reporter-output>
        </test-method> <!-- UploadText -->
        <test-method is-config="true" signature="closeApp(org.testng.ITestResult)[pri:0, instance:CompanyScripts.compCreatePostScripts@703580bf]" started-at="2023-03-01T17:04:43 IST" name="closeApp" finished-at="2023-03-01T17:04:44 IST" duration-ms="1282" status="PASS">
          <params>
            <param index="0">
              <value>
                <![CDATA[[TestResult name=UploadText status=SUCCESS method=compCreatePostScripts.UploadText()[pri:1, instance:CompanyScripts.compCreatePostScripts@703580bf] output={null}]]]>
              </value>
            </param>
          </params>
          <reporter-output>
          </reporter-output>
        </test-method> <!-- closeApp -->
        <test-method is-config="true" signature="openApp()[pri:0, instance:CompanyScripts.compCreatePostScripts@703580bf]" started-at="2023-03-01T17:04:44 IST" name="openApp" finished-at="2023-03-01T17:04:48 IST" duration-ms="3560" status="PASS">
          <reporter-output>
          </reporter-output>
        </test-method> <!-- openApp -->
        <test-method signature="UploadImage()[pri:2, instance:CompanyScripts.compCreatePostScripts@703580bf]" started-at="2023-03-01T17:04:48 IST" name="UploadImage" finished-at="2023-03-01T17:04:56 IST" duration-ms="8779" status="PASS">
          <reporter-output>
          </reporter-output>
        </test-method> <!-- UploadImage -->
        <test-method is-config="true" signature="closeApp(org.testng.ITestResult)[pri:0, instance:CompanyScripts.compCreatePostScripts@703580bf]" started-at="2023-03-01T17:04:56 IST" name="closeApp" finished-at="2023-03-01T17:04:57 IST" duration-ms="448" status="PASS">
          <params>
            <param index="0">
              <value>
                <![CDATA[[TestResult name=UploadImage status=SUCCESS method=compCreatePostScripts.UploadImage()[pri:2, instance:CompanyScripts.compCreatePostScripts@703580bf] output={null}]]]>
              </value>
            </param>
          </params>
          <reporter-output>
          </reporter-output>
        </test-method> <!-- closeApp -->
        <test-method is-config="true" signature="openApp()[pri:0, instance:CompanyScripts.compCreatePostScripts@703580bf]" started-at="2023-03-01T17:04:57 IST" name="openApp" finished-at="2023-03-01T17:05:00 IST" duration-ms="3447" status="PASS">
          <reporter-output>
          </reporter-output>
        </test-method> <!-- openApp -->
        <test-method signature="UploadVideo()[pri:3, instance:CompanyScripts.compCreatePostScripts@703580bf]" started-at="2023-03-01T17:05:00 IST" name="UploadVideo" finished-at="2023-03-01T17:05:13 IST" duration-ms="12167" status="PASS">
          <reporter-output>
          </reporter-output>
        </test-method> <!-- UploadVideo -->
        <test-method is-config="true" signature="closeApp(org.testng.ITestResult)[pri:0, instance:CompanyScripts.compCreatePostScripts@703580bf]" started-at="2023-03-01T17:05:13 IST" name="closeApp" finished-at="2023-03-01T17:05:13 IST" duration-ms="405" status="PASS">
          <params>
            <param index="0">
              <value>
                <![CDATA[[TestResult name=UploadVideo status=SUCCESS method=compCreatePostScripts.UploadVideo()[pri:3, instance:CompanyScripts.compCreatePostScripts@703580bf] output={null}]]]>
              </value>
            </param>
          </params>
          <reporter-output>
          </reporter-output>
        </test-method> <!-- closeApp -->
        <test-method is-config="true" signature="openApp()[pri:0, instance:CompanyScripts.compCreatePostScripts@703580bf]" started-at="2023-03-01T17:05:13 IST" name="openApp" finished-at="2023-03-01T17:05:16 IST" duration-ms="3445" status="PASS">
          <reporter-output>
          </reporter-output>
        </test-method> <!-- openApp -->
        <test-method signature="Upload_youtube_Url()[pri:4, instance:CompanyScripts.compCreatePostScripts@703580bf]" started-at="2023-03-01T17:05:16 IST" name="Upload_youtube_Url" finished-at="2023-03-01T17:05:28 IST" duration-ms="12112" status="PASS">
          <reporter-output>
          </reporter-output>
        </test-method> <!-- Upload_youtube_Url -->
        <test-method is-config="true" signature="closeApp(org.testng.ITestResult)[pri:0, instance:CompanyScripts.compCreatePostScripts@703580bf]" started-at="2023-03-01T17:05:28 IST" name="closeApp" finished-at="2023-03-01T17:05:29 IST" duration-ms="256" status="PASS">
          <params>
            <param index="0">
              <value>
                <![CDATA[[TestResult name=Upload_youtube_Url status=SUCCESS method=compCreatePostScripts.Upload_youtube_Url()[pri:4, instance:CompanyScripts.compCreatePostScripts@703580bf] output={null}]]]>
              </value>
            </param>
          </params>
          <reporter-output>
          </reporter-output>
        </test-method> <!-- closeApp -->
        <test-method is-config="true" signature="openApp()[pri:0, instance:CompanyScripts.compCreatePostScripts@703580bf]" started-at="2023-03-01T17:05:29 IST" name="openApp" finished-at="2023-03-01T17:05:32 IST" duration-ms="3458" status="PASS">
          <reporter-output>
          </reporter-output>
        </test-method> <!-- openApp -->
        <test-method signature="upload_Five_Images()[pri:5, instance:CompanyScripts.compCreatePostScripts@703580bf]" started-at="2023-03-01T17:05:32 IST" name="upload_Five_Images" finished-at="2023-03-01T17:05:51 IST" duration-ms="18730" status="PASS">
          <reporter-output>
          </reporter-output>
        </test-method> <!-- upload_Five_Images -->
        <test-method is-config="true" signature="closeApp(org.testng.ITestResult)[pri:0, instance:CompanyScripts.compCreatePostScripts@703580bf]" started-at="2023-03-01T17:05:51 IST" name="closeApp" finished-at="2023-03-01T17:05:51 IST" duration-ms="366" status="PASS">
          <params>
            <param index="0">
              <value>
                <![CDATA[[TestResult name=upload_Five_Images status=SUCCESS method=compCreatePostScripts.upload_Five_Images()[pri:5, instance:CompanyScripts.compCreatePostScripts@703580bf] output={null}]]]>
              </value>
            </param>
          </params>
          <reporter-output>
          </reporter-output>
        </test-method> <!-- closeApp -->
        <test-method is-config="true" signature="openApp()[pri:0, instance:CompanyScripts.compCreatePostScripts@703580bf]" started-at="2023-03-01T17:05:51 IST" name="openApp" finished-at="2023-03-01T17:05:55 IST" duration-ms="3250" status="PASS">
          <reporter-output>
          </reporter-output>
        </test-method> <!-- openApp -->
        <test-method signature="upload_FivePlus_Images()[pri:6, instance:CompanyScripts.compCreatePostScripts@703580bf]" started-at="2023-03-01T17:05:55 IST" name="upload_FivePlus_Images" finished-at="2023-03-01T17:06:12 IST" duration-ms="17598" status="PASS">
          <reporter-output>
          </reporter-output>
        </test-method> <!-- upload_FivePlus_Images -->
        <test-method is-config="true" signature="closeApp(org.testng.ITestResult)[pri:0, instance:CompanyScripts.compCreatePostScripts@703580bf]" started-at="2023-03-01T17:06:12 IST" name="closeApp" finished-at="2023-03-01T17:06:13 IST" duration-ms="379" status="PASS">
          <params>
            <param index="0">
              <value>
                <![CDATA[[TestResult name=upload_FivePlus_Images status=SUCCESS method=compCreatePostScripts.upload_FivePlus_Images()[pri:6, instance:CompanyScripts.compCreatePostScripts@703580bf] output={null}]]]>
              </value>
            </param>
          </params>
          <reporter-output>
          </reporter-output>
        </test-method> <!-- closeApp -->
        <test-method is-config="true" signature="openApp()[pri:0, instance:CompanyScripts.compCreatePostScripts@703580bf]" started-at="2023-03-01T17:06:13 IST" name="openApp" finished-at="2023-03-01T17:06:16 IST" duration-ms="3395" status="PASS">
          <reporter-output>
          </reporter-output>
        </test-method> <!-- openApp -->
        <test-method signature="public_Employees()[pri:8, instance:CompanyScripts.compCreatePostScripts@703580bf]" started-at="2023-03-01T17:06:16 IST" name="public_Employees" finished-at="2023-03-01T17:06:23 IST" duration-ms="6958" status="PASS">
          <reporter-output>
          </reporter-output>
        </test-method> <!-- public_Employees -->
        <test-method is-config="true" signature="closeApp(org.testng.ITestResult)[pri:0, instance:CompanyScripts.compCreatePostScripts@703580bf]" started-at="2023-03-01T17:06:23 IST" name="closeApp" finished-at="2023-03-01T17:06:24 IST" duration-ms="720" status="PASS">
          <params>
            <param index="0">
              <value>
                <![CDATA[[TestResult name=public_Employees status=SUCCESS method=compCreatePostScripts.public_Employees()[pri:8, instance:CompanyScripts.compCreatePostScripts@703580bf] output={null}]]]>
              </value>
            </param>
          </params>
          <reporter-output>
          </reporter-output>
        </test-method> <!-- closeApp -->
        <test-method is-config="true" signature="openApp()[pri:0, instance:CompanyScripts.compCreatePostScripts@703580bf]" started-at="2023-03-01T17:06:24 IST" name="openApp" finished-at="2023-03-01T17:06:27 IST" duration-ms="3380" status="PASS">
          <reporter-output>
          </reporter-output>
        </test-method> <!-- openApp -->
        <test-method signature="public_Manaufacturer()[pri:9, instance:CompanyScripts.compCreatePostScripts@703580bf]" started-at="2023-03-01T17:06:27 IST" name="public_Manaufacturer" finished-at="2023-03-01T17:06:34 IST" duration-ms="6893" status="PASS">
          <reporter-output>
          </reporter-output>
        </test-method> <!-- public_Manaufacturer -->
        <test-method is-config="true" signature="closeApp(org.testng.ITestResult)[pri:0, instance:CompanyScripts.compCreatePostScripts@703580bf]" started-at="2023-03-01T17:06:34 IST" name="closeApp" finished-at="2023-03-01T17:06:34 IST" duration-ms="455" status="PASS">
          <params>
            <param index="0">
              <value>
                <![CDATA[[TestResult name=public_Manaufacturer status=SUCCESS method=compCreatePostScripts.public_Manaufacturer()[pri:9, instance:CompanyScripts.compCreatePostScripts@703580bf] output={null}]]]>
              </value>
            </param>
          </params>
          <reporter-output>
          </reporter-output>
        </test-method> <!-- closeApp -->
        <test-method is-config="true" signature="openApp()[pri:0, instance:CompanyScripts.compCreatePostScripts@703580bf]" started-at="2023-03-01T17:06:34 IST" name="openApp" finished-at="2023-03-01T17:06:38 IST" duration-ms="3253" status="PASS">
          <reporter-output>
          </reporter-output>
        </test-method> <!-- openApp -->
        <test-method signature="public_Share_holder()[pri:10, instance:CompanyScripts.compCreatePostScripts@703580bf]" started-at="2023-03-01T17:06:38 IST" name="public_Share_holder" finished-at="2023-03-01T17:06:46 IST" duration-ms="8022" status="PASS">
          <reporter-output>
          </reporter-output>
        </test-method> <!-- public_Share_holder -->
        <test-method is-config="true" signature="closeApp(org.testng.ITestResult)[pri:0, instance:CompanyScripts.compCreatePostScripts@703580bf]" started-at="2023-03-01T17:06:46 IST" name="closeApp" finished-at="2023-03-01T17:06:46 IST" duration-ms="494" status="PASS">
          <params>
            <param index="0">
              <value>
                <![CDATA[[TestResult name=public_Share_holder status=SUCCESS method=compCreatePostScripts.public_Share_holder()[pri:10, instance:CompanyScripts.compCreatePostScripts@703580bf] output={null}]]]>
              </value>
            </param>
          </params>
          <reporter-output>
          </reporter-output>
        </test-method> <!-- closeApp -->
        <test-method is-config="true" signature="openApp()[pri:0, instance:CompanyScripts.compCreatePostScripts@703580bf]" started-at="2023-03-01T17:06:46 IST" name="openApp" finished-at="2023-03-01T17:06:50 IST" duration-ms="4302" status="PASS">
          <reporter-output>
          </reporter-output>
        </test-method> <!-- openApp -->
        <test-method signature="public_Vendor()[pri:11, instance:CompanyScripts.compCreatePostScripts@703580bf]" started-at="2023-03-01T17:06:50 IST" name="public_Vendor" finished-at="2023-03-01T17:06:57 IST" duration-ms="6731" status="PASS">
          <reporter-output>
          </reporter-output>
        </test-method> <!-- public_Vendor -->
        <test-method is-config="true" signature="closeApp(org.testng.ITestResult)[pri:0, instance:CompanyScripts.compCreatePostScripts@703580bf]" started-at="2023-03-01T17:06:57 IST" name="closeApp" finished-at="2023-03-01T17:06:57 IST" duration-ms="307" status="PASS">
          <params>
            <param index="0">
              <value>
                <![CDATA[[TestResult name=public_Vendor status=SUCCESS method=compCreatePostScripts.public_Vendor()[pri:11, instance:CompanyScripts.compCreatePostScripts@703580bf] output={null}]]]>
              </value>
            </param>
          </params>
          <reporter-output>
          </reporter-output>
        </test-method> <!-- closeApp -->
        <test-method is-config="true" signature="openApp()[pri:0, instance:CompanyScripts.compCreatePostScripts@703580bf]" started-at="2023-03-01T17:06:57 IST" name="openApp" finished-at="2023-03-01T17:07:01 IST" duration-ms="3341" status="PASS">
          <reporter-output>
          </reporter-output>
        </test-method> <!-- openApp -->
        <test-method signature="public_ALL_Man_Vend_Dist()[pri:12, instance:CompanyScripts.compCreatePostScripts@703580bf]" started-at="2023-03-01T17:07:01 IST" name="public_ALL_Man_Vend_Dist" finished-at="2023-03-01T17:07:10 IST" duration-ms="9226" status="PASS">
          <reporter-output>
          </reporter-output>
        </test-method> <!-- public_ALL_Man_Vend_Dist -->
        <test-method is-config="true" signature="closeApp(org.testng.ITestResult)[pri:0, instance:CompanyScripts.compCreatePostScripts@703580bf]" started-at="2023-03-01T17:07:10 IST" name="closeApp" finished-at="2023-03-01T17:07:11 IST" duration-ms="1480" status="PASS">
          <params>
            <param index="0">
              <value>
                <![CDATA[[TestResult name=public_ALL_Man_Vend_Dist status=SUCCESS method=compCreatePostScripts.public_ALL_Man_Vend_Dist()[pri:12, instance:CompanyScripts.compCreatePostScripts@703580bf] output={null}]]]>
              </value>
            </param>
          </params>
          <reporter-output>
          </reporter-output>
        </test-method> <!-- closeApp -->
        <test-method is-config="true" signature="openApp()[pri:0, instance:CompanyScripts.compCreatePostScripts@703580bf]" started-at="2023-03-01T17:07:11 IST" name="openApp" finished-at="2023-03-01T17:07:15 IST" duration-ms="3377" status="PASS">
          <reporter-output>
          </reporter-output>
        </test-method> <!-- openApp -->
        <test-method signature="public_ALL_Emp_Part_Share()[pri:13, instance:CompanyScripts.compCreatePostScripts@703580bf]" started-at="2023-03-01T17:07:15 IST" name="public_ALL_Emp_Part_Share" finished-at="2023-03-01T17:07:24 IST" duration-ms="9513" status="PASS">
          <reporter-output>
          </reporter-output>
        </test-method> <!-- public_ALL_Emp_Part_Share -->
        <test-method is-config="true" signature="closeApp(org.testng.ITestResult)[pri:0, instance:CompanyScripts.compCreatePostScripts@703580bf]" started-at="2023-03-01T17:07:24 IST" name="closeApp" finished-at="2023-03-01T17:07:26 IST" duration-ms="1350" status="PASS">
          <params>
            <param index="0">
              <value>
                <![CDATA[[TestResult name=public_ALL_Emp_Part_Share status=SUCCESS method=compCreatePostScripts.public_ALL_Emp_Part_Share()[pri:13, instance:CompanyScripts.compCreatePostScripts@703580bf] output={null}]]]>
              </value>
            </param>
          </params>
          <reporter-output>
          </reporter-output>
        </test-method> <!-- closeApp -->
        <test-method is-config="true" signature="openApp()[pri:0, instance:CompanyScripts.compCreatePostScripts@703580bf]" started-at="2023-03-01T17:07:26 IST" name="openApp" finished-at="2023-03-01T17:07:29 IST" duration-ms="3406" status="PASS">
          <reporter-output>
          </reporter-output>
        </test-method> <!-- openApp -->
        <test-method signature="Status_archieve()[pri:14, instance:CompanyScripts.compCreatePostScripts@703580bf]" started-at="2023-03-01T17:07:29 IST" name="Status_archieve" finished-at="2023-03-01T17:07:40 IST" duration-ms="11295" status="PASS">
          <reporter-output>
          </reporter-output>
        </test-method> <!-- Status_archieve -->
        <test-method is-config="true" signature="closeApp(org.testng.ITestResult)[pri:0, instance:CompanyScripts.compCreatePostScripts@703580bf]" started-at="2023-03-01T17:07:40 IST" name="closeApp" finished-at="2023-03-01T17:07:41 IST" duration-ms="379" status="PASS">
          <params>
            <param index="0">
              <value>
                <![CDATA[[TestResult name=Status_archieve status=SUCCESS method=compCreatePostScripts.Status_archieve()[pri:14, instance:CompanyScripts.compCreatePostScripts@703580bf] output={null}]]]>
              </value>
            </param>
          </params>
          <reporter-output>
          </reporter-output>
        </test-method> <!-- closeApp -->
        <test-method is-config="true" signature="openApp()[pri:0, instance:CompanyScripts.compCreatePostScripts@703580bf]" started-at="2023-03-01T17:07:41 IST" name="openApp" finished-at="2023-03-01T17:07:44 IST" duration-ms="3526" status="PASS">
          <reporter-output>
          </reporter-output>
        </test-method> <!-- openApp -->
        <test-method signature="UploadImageAndCancel()[pri:15, instance:CompanyScripts.compCreatePostScripts@703580bf]" started-at="2023-03-01T17:07:44 IST" name="UploadImageAndCancel" finished-at="2023-03-01T17:07:51 IST" duration-ms="6427" status="PASS">
          <reporter-output>
          </reporter-output>
        </test-method> <!-- UploadImageAndCancel -->
        <test-method is-config="true" signature="closeApp(org.testng.ITestResult)[pri:0, instance:CompanyScripts.compCreatePostScripts@703580bf]" started-at="2023-03-01T17:07:51 IST" name="closeApp" finished-at="2023-03-01T17:07:52 IST" duration-ms="1199" status="PASS">
          <params>
            <param index="0">
              <value>
                <![CDATA[[TestResult name=UploadImageAndCancel status=SUCCESS method=compCreatePostScripts.UploadImageAndCancel()[pri:15, instance:CompanyScripts.compCreatePostScripts@703580bf] output={null}]]]>
              </value>
            </param>
          </params>
          <reporter-output>
          </reporter-output>
        </test-method> <!-- closeApp -->
        <test-method is-config="true" signature="openApp()[pri:0, instance:CompanyScripts.compCreatePostScripts@703580bf]" started-at="2023-03-01T17:07:52 IST" name="openApp" finished-at="2023-03-01T17:07:56 IST" duration-ms="3663" status="PASS">
          <reporter-output>
          </reporter-output>
        </test-method> <!-- openApp -->
        <test-method signature="public_Distribtor()[pri:16, instance:CompanyScripts.compCreatePostScripts@703580bf]" started-at="2023-03-01T17:07:56 IST" name="public_Distribtor" finished-at="2023-03-01T17:08:03 IST" duration-ms="7695" status="PASS">
          <reporter-output>
          </reporter-output>
        </test-method> <!-- public_Distribtor -->
        <test-method is-config="true" signature="closeApp(org.testng.ITestResult)[pri:0, instance:CompanyScripts.compCreatePostScripts@703580bf]" started-at="2023-03-01T17:08:03 IST" name="closeApp" finished-at="2023-03-01T17:08:05 IST" duration-ms="1319" status="PASS">
          <params>
            <param index="0">
              <value>
                <![CDATA[[TestResult name=public_Distribtor status=SUCCESS method=compCreatePostScripts.public_Distribtor()[pri:16, instance:CompanyScripts.compCreatePostScripts@703580bf] output={null}]]]>
              </value>
            </param>
          </params>
          <reporter-output>
          </reporter-output>
        </test-method> <!-- closeApp -->
      </class> <!-- CompanyScripts.compCreatePostScripts -->
      <class name="CompanyScripts.compNetworks">
        <test-method is-config="true" signature="openApp()[pri:0, instance:CompanyScripts.compNetworks@20d28811]" started-at="2023-03-01T16:58:56 IST" name="openApp" finished-at="2023-03-01T16:59:03 IST" duration-ms="6726" status="PASS">
          <reporter-output>
          </reporter-output>
        </test-method> <!-- openApp -->
        <test-method signature="networksPage()[pri:0, instance:CompanyScripts.compNetworks@20d28811]" started-at="2023-03-01T16:59:03 IST" name="networksPage" finished-at="2023-03-01T16:59:09 IST" duration-ms="6390" status="PASS">
          <reporter-output>
          </reporter-output>
        </test-method> <!-- networksPage -->
        <test-method is-config="true" signature="closeApp(org.testng.ITestResult)[pri:0, instance:CompanyScripts.compNetworks@20d28811]" started-at="2023-03-01T16:59:09 IST" name="closeApp" finished-at="2023-03-01T16:59:10 IST" duration-ms="326" status="PASS">
          <params>
            <param index="0">
              <value>
                <![CDATA[[TestResult name=networksPage status=SUCCESS method=compNetworks.networksPage()[pri:0, instance:CompanyScripts.compNetworks@20d28811] output={null}]]]>
              </value>
            </param>
          </params>
          <reporter-output>
          </reporter-output>
        </test-method> <!-- closeApp -->
        <test-method is-config="true" signature="openApp()[pri:0, instance:CompanyScripts.compNetworks@20d28811]" started-at="2023-03-01T16:59:10 IST" name="openApp" finished-at="2023-03-01T16:59:14 IST" duration-ms="4151" status="PASS">
          <reporter-output>
          </reporter-output>
        </test-method> <!-- openApp -->
        <test-method signature="nPendingFeature()[pri:1, instance:CompanyScripts.compNetworks@20d28811]" started-at="2023-03-01T16:59:14 IST" name="nPendingFeature" finished-at="2023-03-01T16:59:19 IST" duration-ms="4962" status="PASS">
          <reporter-output>
          </reporter-output>
        </test-method> <!-- nPendingFeature -->
        <test-method is-config="true" signature="closeApp(org.testng.ITestResult)[pri:0, instance:CompanyScripts.compNetworks@20d28811]" started-at="2023-03-01T16:59:19 IST" name="closeApp" finished-at="2023-03-01T16:59:19 IST" duration-ms="232" status="PASS">
          <params>
            <param index="0">
              <value>
                <![CDATA[[TestResult name=nPendingFeature status=SUCCESS method=compNetworks.nPendingFeature()[pri:1, instance:CompanyScripts.compNetworks@20d28811] output={null}]]]>
              </value>
            </param>
          </params>
          <reporter-output>
          </reporter-output>
        </test-method> <!-- closeApp -->
        <test-method is-config="true" signature="openApp()[pri:0, instance:CompanyScripts.compNetworks@20d28811]" started-at="2023-03-01T16:59:19 IST" name="openApp" finished-at="2023-03-01T16:59:23 IST" duration-ms="3676" status="PASS">
          <reporter-output>
          </reporter-output>
        </test-method> <!-- openApp -->
        <test-method signature="nFollowFeature()[pri:2, instance:CompanyScripts.compNetworks@20d28811]" started-at="2023-03-01T16:59:23 IST" name="nFollowFeature" finished-at="2023-03-01T16:59:28 IST" duration-ms="4993" status="PASS">
          <reporter-output>
          </reporter-output>
        </test-method> <!-- nFollowFeature -->
        <test-method is-config="true" signature="closeApp(org.testng.ITestResult)[pri:0, instance:CompanyScripts.compNetworks@20d28811]" started-at="2023-03-01T16:59:28 IST" name="closeApp" finished-at="2023-03-01T16:59:28 IST" duration-ms="725" status="PASS">
          <params>
            <param index="0">
              <value>
                <![CDATA[[TestResult name=nFollowFeature status=SUCCESS method=compNetworks.nFollowFeature()[pri:2, instance:CompanyScripts.compNetworks@20d28811] output={null}]]]>
              </value>
            </param>
          </params>
          <reporter-output>
          </reporter-output>
        </test-method> <!-- closeApp -->
        <test-method is-config="true" signature="openApp()[pri:0, instance:CompanyScripts.compNetworks@20d28811]" started-at="2023-03-01T16:59:28 IST" name="openApp" finished-at="2023-03-01T16:59:32 IST" duration-ms="3843" status="PASS">
          <reporter-output>
          </reporter-output>
        </test-method> <!-- openApp -->
        <test-method signature="nBlockList()[pri:3, instance:CompanyScripts.compNetworks@20d28811]" started-at="2023-03-01T16:59:32 IST" name="nBlockList" finished-at="2023-03-01T16:59:37 IST" duration-ms="4956" status="PASS">
          <reporter-output>
          </reporter-output>
        </test-method> <!-- nBlockList -->
        <test-method is-config="true" signature="closeApp(org.testng.ITestResult)[pri:0, instance:CompanyScripts.compNetworks@20d28811]" started-at="2023-03-01T16:59:37 IST" name="closeApp" finished-at="2023-03-01T16:59:37 IST" duration-ms="260" status="PASS">
          <params>
            <param index="0">
              <value>
                <![CDATA[[TestResult name=nBlockList status=SUCCESS method=compNetworks.nBlockList()[pri:3, instance:CompanyScripts.compNetworks@20d28811] output={null}]]]>
              </value>
            </param>
          </params>
          <reporter-output>
          </reporter-output>
        </test-method> <!-- closeApp -->
        <test-method is-config="true" signature="openApp()[pri:0, instance:CompanyScripts.compNetworks@20d28811]" started-at="2023-03-01T16:59:37 IST" name="openApp" finished-at="2023-03-01T16:59:41 IST" duration-ms="3651" status="PASS">
          <reporter-output>
          </reporter-output>
        </test-method> <!-- openApp -->
        <test-method signature="All_RelationsFilter()[pri:4, instance:CompanyScripts.compNetworks@20d28811]" started-at="2023-03-01T16:59:41 IST" name="All_RelationsFilter" finished-at="2023-03-01T16:59:47 IST" duration-ms="6019" status="PASS">
          <reporter-output>
          </reporter-output>
        </test-method> <!-- All_RelationsFilter -->
        <test-method is-config="true" signature="closeApp(org.testng.ITestResult)[pri:0, instance:CompanyScripts.compNetworks@20d28811]" started-at="2023-03-01T16:59:47 IST" name="closeApp" finished-at="2023-03-01T16:59:47 IST" duration-ms="277" status="PASS">
          <params>
            <param index="0">
              <value>
                <![CDATA[[TestResult name=All_RelationsFilter status=SUCCESS method=compNetworks.All_RelationsFilter()[pri:4, instance:CompanyScripts.compNetworks@20d28811] output={null}]]]>
              </value>
            </param>
          </params>
          <reporter-output>
          </reporter-output>
        </test-method> <!-- closeApp -->
        <test-method is-config="true" signature="openApp()[pri:0, instance:CompanyScripts.compNetworks@20d28811]" started-at="2023-03-01T16:59:47 IST" name="openApp" finished-at="2023-03-01T16:59:51 IST" duration-ms="3683" status="PASS">
          <reporter-output>
          </reporter-output>
        </test-method> <!-- openApp -->
        <test-method signature="HumanResorseOf_RelationsFilter()[pri:5, instance:CompanyScripts.compNetworks@20d28811]" started-at="2023-03-01T16:59:51 IST" name="HumanResorseOf_RelationsFilter" finished-at="2023-03-01T16:59:57 IST" duration-ms="5818" status="PASS">
          <reporter-output>
          </reporter-output>
        </test-method> <!-- HumanResorseOf_RelationsFilter -->
        <test-method is-config="true" signature="closeApp(org.testng.ITestResult)[pri:0, instance:CompanyScripts.compNetworks@20d28811]" started-at="2023-03-01T16:59:57 IST" name="closeApp" finished-at="2023-03-01T16:59:57 IST" duration-ms="228" status="PASS">
          <params>
            <param index="0">
              <value>
                <![CDATA[[TestResult name=HumanResorseOf_RelationsFilter status=SUCCESS method=compNetworks.HumanResorseOf_RelationsFilter()[pri:5, instance:CompanyScripts.compNetworks@20d28811] output={null}]]]>
              </value>
            </param>
          </params>
          <reporter-output>
          </reporter-output>
        </test-method> <!-- closeApp -->
        <test-method is-config="true" signature="openApp()[pri:0, instance:CompanyScripts.compNetworks@20d28811]" started-at="2023-03-01T16:59:57 IST" name="openApp" finished-at="2023-03-01T17:00:01 IST" duration-ms="3836" status="PASS">
          <reporter-output>
          </reporter-output>
        </test-method> <!-- openApp -->
        <test-method signature="partenerOF_RelationsFilter()[pri:6, instance:CompanyScripts.compNetworks@20d28811]" started-at="2023-03-01T17:00:01 IST" name="partenerOF_RelationsFilter" finished-at="2023-03-01T17:00:07 IST" duration-ms="5872" status="PASS">
          <reporter-output>
          </reporter-output>
        </test-method> <!-- partenerOF_RelationsFilter -->
        <test-method is-config="true" signature="closeApp(org.testng.ITestResult)[pri:0, instance:CompanyScripts.compNetworks@20d28811]" started-at="2023-03-01T17:00:07 IST" name="closeApp" finished-at="2023-03-01T17:00:07 IST" duration-ms="257" status="PASS">
          <params>
            <param index="0">
              <value>
                <![CDATA[[TestResult name=partenerOF_RelationsFilter status=SUCCESS method=compNetworks.partenerOF_RelationsFilter()[pri:6, instance:CompanyScripts.compNetworks@20d28811] output={null}]]]>
              </value>
            </param>
          </params>
          <reporter-output>
          </reporter-output>
        </test-method> <!-- closeApp -->
        <test-method is-config="true" signature="openApp()[pri:0, instance:CompanyScripts.compNetworks@20d28811]" started-at="2023-03-01T17:00:07 IST" name="openApp" finished-at="2023-03-01T17:00:11 IST" duration-ms="3544" status="PASS">
          <reporter-output>
          </reporter-output>
        </test-method> <!-- openApp -->
        <test-method signature="CompanyProfile()[pri:7, instance:CompanyScripts.compNetworks@20d28811]" started-at="2023-03-01T17:00:11 IST" name="CompanyProfile" finished-at="2023-03-01T17:00:20 IST" duration-ms="9620" status="PASS">
          <reporter-output>
          </reporter-output>
        </test-method> <!-- CompanyProfile -->
        <test-method is-config="true" signature="closeApp(org.testng.ITestResult)[pri:0, instance:CompanyScripts.compNetworks@20d28811]" started-at="2023-03-01T17:00:20 IST" name="closeApp" finished-at="2023-03-01T17:00:21 IST" duration-ms="1132" status="PASS">
          <params>
            <param index="0">
              <value>
                <![CDATA[[TestResult name=CompanyProfile status=SUCCESS method=compNetworks.CompanyProfile()[pri:7, instance:CompanyScripts.compNetworks@20d28811] output={null}]]]>
              </value>
            </param>
          </params>
          <reporter-output>
          </reporter-output>
        </test-method> <!-- closeApp -->
        <test-method is-config="true" signature="openApp()[pri:0, instance:CompanyScripts.compNetworks@20d28811]" started-at="2023-03-01T17:00:21 IST" name="openApp" finished-at="2023-03-01T17:00:26 IST" duration-ms="4435" status="PASS">
          <reporter-output>
          </reporter-output>
        </test-method> <!-- openApp -->
        <test-method retried="true" signature="CompanyFollow_Unfollow()[pri:8, instance:CompanyScripts.compNetworks@20d28811]" started-at="2023-03-01T17:00:26 IST" name="CompanyFollow_Unfollow" finished-at="2023-03-01T17:00:49 IST" duration-ms="23203" status="SKIP">
          <exception class="org.openqa.selenium.NoSuchElementException">
            <message>
              <![CDATA[no such element: Unable to locate element: {"method":"xpath","selector":"//button[@id='f3']"}
  (Session info: chrome=110.0.5481.178)
For documentation on this error, please visit: https://www.seleniumhq.org/exceptions/no_such_element.html
Build info: version: '3.141.59', revision: 'e82be7d358', time: '2018-11-14T08:17:03'
System info: host: 'TEST-010', ip: '172.16.16.97', os.name: 'Windows 10', os.arch: 'amd64', os.version: '10.0', java.version: '17.0.6'
Driver info: org.openqa.selenium.chrome.ChromeDriver
Capabilities {acceptInsecureCerts: false, browserName: chrome, browserVersion: 110.0.5481.178, chrome: {chromedriverVersion: 110.0.5481.77 (65ed616c6e8e..., userDataDir: C:\Users\SOHEL~1.TES\AppDat...}, goog:chromeOptions: {debuggerAddress: localhost:59801}, javascriptEnabled: true, networkConnectionEnabled: false, pageLoadStrategy: normal, platform: WINDOWS, platformName: WINDOWS, proxy: Proxy(), setWindowRect: true, strictFileInteractability: false, timeouts: {implicit: 0, pageLoad: 300000, script: 30000}, unhandledPromptBehavior: dismiss and notify, webauthn:extension:credBlob: true, webauthn:extension:largeBlob: true, webauthn:virtualAuthenticators: true}
Session ID: d877bc8f2c89c2566047dd5cacd9842b
*** Element info: {Using=xpath, value=//button[@id='f3']}]]>
            </message>
            <full-stacktrace>
              <![CDATA[org.openqa.selenium.NoSuchElementException: no such element: Unable to locate element: {"method":"xpath","selector":"//button[@id='f3']"}
  (Session info: chrome=110.0.5481.178)
For documentation on this error, please visit: https://www.seleniumhq.org/exceptions/no_such_element.html
Build info: version: '3.141.59', revision: 'e82be7d358', time: '2018-11-14T08:17:03'
System info: host: 'TEST-010', ip: '172.16.16.97', os.name: 'Windows 10', os.arch: 'amd64', os.version: '10.0', java.version: '17.0.6'
Driver info: org.openqa.selenium.chrome.ChromeDriver
Capabilities {acceptInsecureCerts: false, browserName: chrome, browserVersion: 110.0.5481.178, chrome: {chromedriverVersion: 110.0.5481.77 (65ed616c6e8e..., userDataDir: C:\Users\SOHEL~1.TES\AppDat...}, goog:chromeOptions: {debuggerAddress: localhost:59801}, javascriptEnabled: true, networkConnectionEnabled: false, pageLoadStrategy: normal, platform: WINDOWS, platformName: WINDOWS, proxy: Proxy(), setWindowRect: true, strictFileInteractability: false, timeouts: {implicit: 0, pageLoad: 300000, script: 30000}, unhandledPromptBehavior: dismiss and notify, webauthn:extension:credBlob: true, webauthn:extension:largeBlob: true, webauthn:virtualAuthenticators: true}
Session ID: d877bc8f2c89c2566047dd5cacd9842b
*** Element info: {Using=xpath, value=//button[@id='f3']}
at java.base/jdk.internal.reflect.NativeConstructorAccessorImpl.newInstance0(Native Method)
at java.base/jdk.internal.reflect.NativeConstructorAccessorImpl.newInstance(NativeConstructorAccessorImpl.java:77)
at java.base/jdk.internal.reflect.DelegatingConstructorAccessorImpl.newInstance(DelegatingConstructorAccessorImpl.java:45)
at java.base/java.lang.reflect.Constructor.newInstanceWithCaller(Constructor.java:499)
at java.base/java.lang.reflect.Constructor.newInstance(Constructor.java:480)
at org.openqa.selenium.remote.http.W3CHttpResponseCodec.createException(W3CHttpResponseCodec.java:187)
at org.openqa.selenium.remote.http.W3CHttpResponseCodec.decode(W3CHttpResponseCodec.java:122)
at org.openqa.selenium.remote.http.W3CHttpResponseCodec.decode(W3CHttpResponseCodec.java:49)
at org.openqa.selenium.remote.HttpCommandExecutor.execute(HttpCommandExecutor.java:158)
at org.openqa.selenium.remote.service.DriverCommandExecutor.execute(DriverCommandExecutor.java:83)
at org.openqa.selenium.remote.RemoteWebDriver.execute(RemoteWebDriver.java:552)
at org.openqa.selenium.remote.RemoteWebDriver.findElement(RemoteWebDriver.java:323)
at org.openqa.selenium.remote.RemoteWebDriver.findElementByXPath(RemoteWebDriver.java:428)
at org.openqa.selenium.By$ByXPath.findElement(By.java:353)
at org.openqa.selenium.remote.RemoteWebDriver.findElement(RemoteWebDriver.java:315)
at org.openqa.selenium.support.pagefactory.DefaultElementLocator.findElement(DefaultElementLocator.java:69)
at org.openqa.selenium.support.pagefactory.internal.LocatingElementHandler.invoke(LocatingElementHandler.java:38)
at jdk.proxy2/jdk.proxy2.$Proxy9.click(Unknown Source)
at pomPages.NetworksPage.Unfollow(NetworksPage.java:213)
at CompanyScripts.compNetworks.CompanyFollow_Unfollow(compNetworks.java:156)
at java.base/jdk.internal.reflect.NativeMethodAccessorImpl.invoke0(Native Method)
at java.base/jdk.internal.reflect.NativeMethodAccessorImpl.invoke(NativeMethodAccessorImpl.java:77)
at java.base/jdk.internal.reflect.DelegatingMethodAccessorImpl.invoke(DelegatingMethodAccessorImpl.java:43)
at java.base/java.lang.reflect.Method.invoke(Method.java:568)
at org.testng.internal.MethodInvocationHelper.invokeMethod(MethodInvocationHelper.java:133)
at org.testng.internal.TestInvoker.invokeMethod(TestInvoker.java:598)
at org.testng.internal.TestInvoker.invokeTestMethod(TestInvoker.java:173)
at org.testng.internal.MethodRunner.runInSequence(MethodRunner.java:46)
at org.testng.internal.TestInvoker$MethodInvocationAgent.invoke(TestInvoker.java:824)
at org.testng.internal.TestInvoker.invokeTestMethods(TestInvoker.java:146)
at org.testng.internal.TestMethodWorker.invokeTestMethods(TestMethodWorker.java:146)
at org.testng.internal.TestMethodWorker.run(TestMethodWorker.java:128)
at java.base/java.util.ArrayList.forEach(ArrayList.java:1511)
at org.testng.TestRunner.privateRun(TestRunner.java:794)
at org.testng.TestRunner.run(TestRunner.java:596)
at org.testng.SuiteRunner.runTest(SuiteRunner.java:377)
at org.testng.SuiteRunner.runSequentially(SuiteRunner.java:371)
at org.testng.SuiteRunner.privateRun(SuiteRunner.java:332)
at org.testng.SuiteRunner.run(SuiteRunner.java:276)
at org.testng.SuiteRunnerWorker.runSuite(SuiteRunnerWorker.java:53)
at org.testng.SuiteRunnerWorker.run(SuiteRunnerWorker.java:96)
at org.testng.TestNG.runSuitesSequentially(TestNG.java:1212)
at org.testng.TestNG.runSuitesLocally(TestNG.java:1134)
at org.testng.TestNG.runSuites(TestNG.java:1063)
at org.testng.TestNG.run(TestNG.java:1031)
at org.apache.maven.surefire.testng.TestNGExecutor.run(TestNGExecutor.java:324)
at org.apache.maven.surefire.testng.TestNGXmlTestSuite.execute(TestNGXmlTestSuite.java:74)
at org.apache.maven.surefire.testng.TestNGProvider.invoke(TestNGProvider.java:123)
at org.apache.maven.surefire.booter.ForkedBooter.runSuitesInProcess(ForkedBooter.java:456)
at org.apache.maven.surefire.booter.ForkedBooter.execute(ForkedBooter.java:169)
at org.apache.maven.surefire.booter.ForkedBooter.run(ForkedBooter.java:595)
at org.apache.maven.surefire.booter.ForkedBooter.main(ForkedBooter.java:581)
]]>
            </full-stacktrace>
          </exception> <!-- org.openqa.selenium.NoSuchElementException -->
          <reporter-output>
          </reporter-output>
        </test-method> <!-- CompanyFollow_Unfollow -->
        <test-method is-config="true" signature="closeApp(org.testng.ITestResult)[pri:0, instance:CompanyScripts.compNetworks@20d28811]" started-at="2023-03-01T17:00:49 IST" name="closeApp" finished-at="2023-03-01T17:00:49 IST" duration-ms="270" status="PASS">
          <params>
            <param index="0">
              <value>
                <![CDATA[[TestResult name=CompanyFollow_Unfollow status=SKIP method=compNetworks.CompanyFollow_Unfollow()[pri:8, instance:CompanyScripts.compNetworks@20d28811] output={null}]]]>
              </value>
            </param>
          </params>
          <reporter-output>
          </reporter-output>
        </test-method> <!-- closeApp -->
        <test-method is-config="true" signature="openApp()[pri:0, instance:CompanyScripts.compNetworks@20d28811]" started-at="2023-03-01T17:00:49 IST" name="openApp" finished-at="2023-03-01T17:00:53 IST" duration-ms="3744" status="PASS">
          <reporter-output>
          </reporter-output>
        </test-method> <!-- openApp -->
        <test-method retried="true" signature="CompanyFollow_Unfollow()[pri:8, instance:CompanyScripts.compNetworks@20d28811]" started-at="2023-03-01T17:00:53 IST" name="CompanyFollow_Unfollow" finished-at="2023-03-01T17:01:14 IST" duration-ms="21024" status="SKIP">
          <exception class="org.openqa.selenium.NoSuchElementException">
            <message>
              <![CDATA[no such element: Unable to locate element: {"method":"xpath","selector":"//button[@id='f3']"}
  (Session info: chrome=110.0.5481.178)
For documentation on this error, please visit: https://www.seleniumhq.org/exceptions/no_such_element.html
Build info: version: '3.141.59', revision: 'e82be7d358', time: '2018-11-14T08:17:03'
System info: host: 'TEST-010', ip: '172.16.16.97', os.name: 'Windows 10', os.arch: 'amd64', os.version: '10.0', java.version: '17.0.6'
Driver info: org.openqa.selenium.chrome.ChromeDriver
Capabilities {acceptInsecureCerts: false, browserName: chrome, browserVersion: 110.0.5481.178, chrome: {chromedriverVersion: 110.0.5481.77 (65ed616c6e8e..., userDataDir: C:\Users\SOHEL~1.TES\AppDat...}, goog:chromeOptions: {debuggerAddress: localhost:59849}, javascriptEnabled: true, networkConnectionEnabled: false, pageLoadStrategy: normal, platform: WINDOWS, platformName: WINDOWS, proxy: Proxy(), setWindowRect: true, strictFileInteractability: false, timeouts: {implicit: 0, pageLoad: 300000, script: 30000}, unhandledPromptBehavior: dismiss and notify, webauthn:extension:credBlob: true, webauthn:extension:largeBlob: true, webauthn:virtualAuthenticators: true}
Session ID: 28302831e3b4e1b937dd5fbd809c4b12
*** Element info: {Using=xpath, value=//button[@id='f3']}]]>
            </message>
            <full-stacktrace>
              <![CDATA[org.openqa.selenium.NoSuchElementException: no such element: Unable to locate element: {"method":"xpath","selector":"//button[@id='f3']"}
  (Session info: chrome=110.0.5481.178)
For documentation on this error, please visit: https://www.seleniumhq.org/exceptions/no_such_element.html
Build info: version: '3.141.59', revision: 'e82be7d358', time: '2018-11-14T08:17:03'
System info: host: 'TEST-010', ip: '172.16.16.97', os.name: 'Windows 10', os.arch: 'amd64', os.version: '10.0', java.version: '17.0.6'
Driver info: org.openqa.selenium.chrome.ChromeDriver
Capabilities {acceptInsecureCerts: false, browserName: chrome, browserVersion: 110.0.5481.178, chrome: {chromedriverVersion: 110.0.5481.77 (65ed616c6e8e..., userDataDir: C:\Users\SOHEL~1.TES\AppDat...}, goog:chromeOptions: {debuggerAddress: localhost:59849}, javascriptEnabled: true, networkConnectionEnabled: false, pageLoadStrategy: normal, platform: WINDOWS, platformName: WINDOWS, proxy: Proxy(), setWindowRect: true, strictFileInteractability: false, timeouts: {implicit: 0, pageLoad: 300000, script: 30000}, unhandledPromptBehavior: dismiss and notify, webauthn:extension:credBlob: true, webauthn:extension:largeBlob: true, webauthn:virtualAuthenticators: true}
Session ID: 28302831e3b4e1b937dd5fbd809c4b12
*** Element info: {Using=xpath, value=//button[@id='f3']}
at java.base/jdk.internal.reflect.NativeConstructorAccessorImpl.newInstance0(Native Method)
at java.base/jdk.internal.reflect.NativeConstructorAccessorImpl.newInstance(NativeConstructorAccessorImpl.java:77)
at java.base/jdk.internal.reflect.DelegatingConstructorAccessorImpl.newInstance(DelegatingConstructorAccessorImpl.java:45)
at java.base/java.lang.reflect.Constructor.newInstanceWithCaller(Constructor.java:499)
at java.base/java.lang.reflect.Constructor.newInstance(Constructor.java:480)
at org.openqa.selenium.remote.http.W3CHttpResponseCodec.createException(W3CHttpResponseCodec.java:187)
at org.openqa.selenium.remote.http.W3CHttpResponseCodec.decode(W3CHttpResponseCodec.java:122)
at org.openqa.selenium.remote.http.W3CHttpResponseCodec.decode(W3CHttpResponseCodec.java:49)
at org.openqa.selenium.remote.HttpCommandExecutor.execute(HttpCommandExecutor.java:158)
at org.openqa.selenium.remote.service.DriverCommandExecutor.execute(DriverCommandExecutor.java:83)
at org.openqa.selenium.remote.RemoteWebDriver.execute(RemoteWebDriver.java:552)
at org.openqa.selenium.remote.RemoteWebDriver.findElement(RemoteWebDriver.java:323)
at org.openqa.selenium.remote.RemoteWebDriver.findElementByXPath(RemoteWebDriver.java:428)
at org.openqa.selenium.By$ByXPath.findElement(By.java:353)
at org.openqa.selenium.remote.RemoteWebDriver.findElement(RemoteWebDriver.java:315)
at org.openqa.selenium.support.pagefactory.DefaultElementLocator.findElement(DefaultElementLocator.java:69)
at org.openqa.selenium.support.pagefactory.internal.LocatingElementHandler.invoke(LocatingElementHandler.java:38)
at jdk.proxy2/jdk.proxy2.$Proxy9.click(Unknown Source)
at pomPages.NetworksPage.Unfollow(NetworksPage.java:213)
at CompanyScripts.compNetworks.CompanyFollow_Unfollow(compNetworks.java:156)
at java.base/jdk.internal.reflect.NativeMethodAccessorImpl.invoke0(Native Method)
at java.base/jdk.internal.reflect.NativeMethodAccessorImpl.invoke(NativeMethodAccessorImpl.java:77)
at java.base/jdk.internal.reflect.DelegatingMethodAccessorImpl.invoke(DelegatingMethodAccessorImpl.java:43)
at java.base/java.lang.reflect.Method.invoke(Method.java:568)
at org.testng.internal.MethodInvocationHelper.invokeMethod(MethodInvocationHelper.java:133)
at org.testng.internal.TestInvoker.invokeMethod(TestInvoker.java:598)
at org.testng.internal.TestInvoker.retryFailed(TestInvoker.java:213)
at org.testng.internal.MethodRunner.runInSequence(MethodRunner.java:58)
at org.testng.internal.TestInvoker$MethodInvocationAgent.invoke(TestInvoker.java:824)
at org.testng.internal.TestInvoker.invokeTestMethods(TestInvoker.java:146)
at org.testng.internal.TestMethodWorker.invokeTestMethods(TestMethodWorker.java:146)
at org.testng.internal.TestMethodWorker.run(TestMethodWorker.java:128)
at java.base/java.util.ArrayList.forEach(ArrayList.java:1511)
at org.testng.TestRunner.privateRun(TestRunner.java:794)
at org.testng.TestRunner.run(TestRunner.java:596)
at org.testng.SuiteRunner.runTest(SuiteRunner.java:377)
at org.testng.SuiteRunner.runSequentially(SuiteRunner.java:371)
at org.testng.SuiteRunner.privateRun(SuiteRunner.java:332)
at org.testng.SuiteRunner.run(SuiteRunner.java:276)
at org.testng.SuiteRunnerWorker.runSuite(SuiteRunnerWorker.java:53)
at org.testng.SuiteRunnerWorker.run(SuiteRunnerWorker.java:96)
at org.testng.TestNG.runSuitesSequentially(TestNG.java:1212)
at org.testng.TestNG.runSuitesLocally(TestNG.java:1134)
at org.testng.TestNG.runSuites(TestNG.java:1063)
at org.testng.TestNG.run(TestNG.java:1031)
at org.apache.maven.surefire.testng.TestNGExecutor.run(TestNGExecutor.java:324)
at org.apache.maven.surefire.testng.TestNGXmlTestSuite.execute(TestNGXmlTestSuite.java:74)
at org.apache.maven.surefire.testng.TestNGProvider.invoke(TestNGProvider.java:123)
at org.apache.maven.surefire.booter.ForkedBooter.runSuitesInProcess(ForkedBooter.java:456)
at org.apache.maven.surefire.booter.ForkedBooter.execute(ForkedBooter.java:169)
at org.apache.maven.surefire.booter.ForkedBooter.run(ForkedBooter.java:595)
at org.apache.maven.surefire.booter.ForkedBooter.main(ForkedBooter.java:581)
]]>
            </full-stacktrace>
          </exception> <!-- org.openqa.selenium.NoSuchElementException -->
          <reporter-output>
          </reporter-output>
        </test-method> <!-- CompanyFollow_Unfollow -->
        <test-method is-config="true" signature="closeApp(org.testng.ITestResult)[pri:0, instance:CompanyScripts.compNetworks@20d28811]" started-at="2023-03-01T17:01:14 IST" name="closeApp" finished-at="2023-03-01T17:01:14 IST" duration-ms="275" status="PASS">
          <params>
            <param index="0">
              <value>
                <![CDATA[[TestResult name=CompanyFollow_Unfollow status=SKIP method=compNetworks.CompanyFollow_Unfollow()[pri:8, instance:CompanyScripts.compNetworks@20d28811] output={null}]]]>
              </value>
            </param>
          </params>
          <reporter-output>
          </reporter-output>
        </test-method> <!-- closeApp -->
        <test-method is-config="true" signature="openApp()[pri:0, instance:CompanyScripts.compNetworks@20d28811]" started-at="2023-03-01T17:01:14 IST" name="openApp" finished-at="2023-03-01T17:01:18 IST" duration-ms="3531" status="PASS">
          <reporter-output>
          </reporter-output>
        </test-method> <!-- openApp -->
        <test-method retried="true" signature="CompanyFollow_Unfollow()[pri:8, instance:CompanyScripts.compNetworks@20d28811]" started-at="2023-03-01T17:01:18 IST" name="CompanyFollow_Unfollow" finished-at="2023-03-01T17:01:39 IST" duration-ms="21291" status="SKIP">
          <exception class="org.openqa.selenium.NoSuchElementException">
            <message>
              <![CDATA[no such element: Unable to locate element: {"method":"xpath","selector":"//button[@id='f3']"}
  (Session info: chrome=110.0.5481.178)
For documentation on this error, please visit: https://www.seleniumhq.org/exceptions/no_such_element.html
Build info: version: '3.141.59', revision: 'e82be7d358', time: '2018-11-14T08:17:03'
System info: host: 'TEST-010', ip: '172.16.16.97', os.name: 'Windows 10', os.arch: 'amd64', os.version: '10.0', java.version: '17.0.6'
Driver info: org.openqa.selenium.chrome.ChromeDriver
Capabilities {acceptInsecureCerts: false, browserName: chrome, browserVersion: 110.0.5481.178, chrome: {chromedriverVersion: 110.0.5481.77 (65ed616c6e8e..., userDataDir: C:\Users\SOHEL~1.TES\AppDat...}, goog:chromeOptions: {debuggerAddress: localhost:59894}, javascriptEnabled: true, networkConnectionEnabled: false, pageLoadStrategy: normal, platform: WINDOWS, platformName: WINDOWS, proxy: Proxy(), setWindowRect: true, strictFileInteractability: false, timeouts: {implicit: 0, pageLoad: 300000, script: 30000}, unhandledPromptBehavior: dismiss and notify, webauthn:extension:credBlob: true, webauthn:extension:largeBlob: true, webauthn:virtualAuthenticators: true}
Session ID: 553136f8e4e4044987a74c5fea5159ce
*** Element info: {Using=xpath, value=//button[@id='f3']}]]>
            </message>
            <full-stacktrace>
              <![CDATA[org.openqa.selenium.NoSuchElementException: no such element: Unable to locate element: {"method":"xpath","selector":"//button[@id='f3']"}
  (Session info: chrome=110.0.5481.178)
For documentation on this error, please visit: https://www.seleniumhq.org/exceptions/no_such_element.html
Build info: version: '3.141.59', revision: 'e82be7d358', time: '2018-11-14T08:17:03'
System info: host: 'TEST-010', ip: '172.16.16.97', os.name: 'Windows 10', os.arch: 'amd64', os.version: '10.0', java.version: '17.0.6'
Driver info: org.openqa.selenium.chrome.ChromeDriver
Capabilities {acceptInsecureCerts: false, browserName: chrome, browserVersion: 110.0.5481.178, chrome: {chromedriverVersion: 110.0.5481.77 (65ed616c6e8e..., userDataDir: C:\Users\SOHEL~1.TES\AppDat...}, goog:chromeOptions: {debuggerAddress: localhost:59894}, javascriptEnabled: true, networkConnectionEnabled: false, pageLoadStrategy: normal, platform: WINDOWS, platformName: WINDOWS, proxy: Proxy(), setWindowRect: true, strictFileInteractability: false, timeouts: {implicit: 0, pageLoad: 300000, script: 30000}, unhandledPromptBehavior: dismiss and notify, webauthn:extension:credBlob: true, webauthn:extension:largeBlob: true, webauthn:virtualAuthenticators: true}
Session ID: 553136f8e4e4044987a74c5fea5159ce
*** Element info: {Using=xpath, value=//button[@id='f3']}
at java.base/jdk.internal.reflect.NativeConstructorAccessorImpl.newInstance0(Native Method)
at java.base/jdk.internal.reflect.NativeConstructorAccessorImpl.newInstance(NativeConstructorAccessorImpl.java:77)
at java.base/jdk.internal.reflect.DelegatingConstructorAccessorImpl.newInstance(DelegatingConstructorAccessorImpl.java:45)
at java.base/java.lang.reflect.Constructor.newInstanceWithCaller(Constructor.java:499)
at java.base/java.lang.reflect.Constructor.newInstance(Constructor.java:480)
at org.openqa.selenium.remote.http.W3CHttpResponseCodec.createException(W3CHttpResponseCodec.java:187)
at org.openqa.selenium.remote.http.W3CHttpResponseCodec.decode(W3CHttpResponseCodec.java:122)
at org.openqa.selenium.remote.http.W3CHttpResponseCodec.decode(W3CHttpResponseCodec.java:49)
at org.openqa.selenium.remote.HttpCommandExecutor.execute(HttpCommandExecutor.java:158)
at org.openqa.selenium.remote.service.DriverCommandExecutor.execute(DriverCommandExecutor.java:83)
at org.openqa.selenium.remote.RemoteWebDriver.execute(RemoteWebDriver.java:552)
at org.openqa.selenium.remote.RemoteWebDriver.findElement(RemoteWebDriver.java:323)
at org.openqa.selenium.remote.RemoteWebDriver.findElementByXPath(RemoteWebDriver.java:428)
at org.openqa.selenium.By$ByXPath.findElement(By.java:353)
at org.openqa.selenium.remote.RemoteWebDriver.findElement(RemoteWebDriver.java:315)
at org.openqa.selenium.support.pagefactory.DefaultElementLocator.findElement(DefaultElementLocator.java:69)
at org.openqa.selenium.support.pagefactory.internal.LocatingElementHandler.invoke(LocatingElementHandler.java:38)
at jdk.proxy2/jdk.proxy2.$Proxy9.click(Unknown Source)
at pomPages.NetworksPage.Unfollow(NetworksPage.java:213)
at CompanyScripts.compNetworks.CompanyFollow_Unfollow(compNetworks.java:156)
at java.base/jdk.internal.reflect.NativeMethodAccessorImpl.invoke0(Native Method)
at java.base/jdk.internal.reflect.NativeMethodAccessorImpl.invoke(NativeMethodAccessorImpl.java:77)
at java.base/jdk.internal.reflect.DelegatingMethodAccessorImpl.invoke(DelegatingMethodAccessorImpl.java:43)
at java.base/java.lang.reflect.Method.invoke(Method.java:568)
at org.testng.internal.MethodInvocationHelper.invokeMethod(MethodInvocationHelper.java:133)
at org.testng.internal.TestInvoker.invokeMethod(TestInvoker.java:598)
at org.testng.internal.TestInvoker.retryFailed(TestInvoker.java:213)
at org.testng.internal.MethodRunner.runInSequence(MethodRunner.java:58)
at org.testng.internal.TestInvoker$MethodInvocationAgent.invoke(TestInvoker.java:824)
at org.testng.internal.TestInvoker.invokeTestMethods(TestInvoker.java:146)
at org.testng.internal.TestMethodWorker.invokeTestMethods(TestMethodWorker.java:146)
at org.testng.internal.TestMethodWorker.run(TestMethodWorker.java:128)
at java.base/java.util.ArrayList.forEach(ArrayList.java:1511)
at org.testng.TestRunner.privateRun(TestRunner.java:794)
at org.testng.TestRunner.run(TestRunner.java:596)
at org.testng.SuiteRunner.runTest(SuiteRunner.java:377)
at org.testng.SuiteRunner.runSequentially(SuiteRunner.java:371)
at org.testng.SuiteRunner.privateRun(SuiteRunner.java:332)
at org.testng.SuiteRunner.run(SuiteRunner.java:276)
at org.testng.SuiteRunnerWorker.runSuite(SuiteRunnerWorker.java:53)
at org.testng.SuiteRunnerWorker.run(SuiteRunnerWorker.java:96)
at org.testng.TestNG.runSuitesSequentially(TestNG.java:1212)
at org.testng.TestNG.runSuitesLocally(TestNG.java:1134)
at org.testng.TestNG.runSuites(TestNG.java:1063)
at org.testng.TestNG.run(TestNG.java:1031)
at org.apache.maven.surefire.testng.TestNGExecutor.run(TestNGExecutor.java:324)
at org.apache.maven.surefire.testng.TestNGXmlTestSuite.execute(TestNGXmlTestSuite.java:74)
at org.apache.maven.surefire.testng.TestNGProvider.invoke(TestNGProvider.java:123)
at org.apache.maven.surefire.booter.ForkedBooter.runSuitesInProcess(ForkedBooter.java:456)
at org.apache.maven.surefire.booter.ForkedBooter.execute(ForkedBooter.java:169)
at org.apache.maven.surefire.booter.ForkedBooter.run(ForkedBooter.java:595)
at org.apache.maven.surefire.booter.ForkedBooter.main(ForkedBooter.java:581)
]]>
            </full-stacktrace>
          </exception> <!-- org.openqa.selenium.NoSuchElementException -->
          <reporter-output>
          </reporter-output>
        </test-method> <!-- CompanyFollow_Unfollow -->
        <test-method is-config="true" signature="closeApp(org.testng.ITestResult)[pri:0, instance:CompanyScripts.compNetworks@20d28811]" started-at="2023-03-01T17:01:39 IST" name="closeApp" finished-at="2023-03-01T17:01:39 IST" duration-ms="293" status="PASS">
          <params>
            <param index="0">
              <value>
                <![CDATA[[TestResult name=CompanyFollow_Unfollow status=SKIP method=compNetworks.CompanyFollow_Unfollow()[pri:8, instance:CompanyScripts.compNetworks@20d28811] output={null}]]]>
              </value>
            </param>
          </params>
          <reporter-output>
          </reporter-output>
        </test-method> <!-- closeApp -->
        <test-method is-config="true" signature="openApp()[pri:0, instance:CompanyScripts.compNetworks@20d28811]" started-at="2023-03-01T17:01:39 IST" name="openApp" finished-at="2023-03-01T17:01:43 IST" duration-ms="3659" status="PASS">
          <reporter-output>
          </reporter-output>
        </test-method> <!-- openApp -->
        <test-method signature="CompanyFollow_Unfollow()[pri:8, instance:CompanyScripts.compNetworks@20d28811]" started-at="2023-03-01T17:01:43 IST" name="CompanyFollow_Unfollow" finished-at="2023-03-01T17:01:55 IST" duration-ms="12460" status="PASS">
          <reporter-output>
          </reporter-output>
        </test-method> <!-- CompanyFollow_Unfollow -->
        <test-method is-config="true" signature="closeApp(org.testng.ITestResult)[pri:0, instance:CompanyScripts.compNetworks@20d28811]" started-at="2023-03-01T17:01:55 IST" name="closeApp" finished-at="2023-03-01T17:01:56 IST" duration-ms="443" status="PASS">
          <params>
            <param index="0">
              <value>
                <![CDATA[[TestResult name=CompanyFollow_Unfollow status=SUCCESS method=compNetworks.CompanyFollow_Unfollow()[pri:8, instance:CompanyScripts.compNetworks@20d28811] output={null}]]]>
              </value>
            </param>
          </params>
          <reporter-output>
          </reporter-output>
        </test-method> <!-- closeApp -->
        <test-method is-config="true" signature="openApp()[pri:0, instance:CompanyScripts.compNetworks@20d28811]" started-at="2023-03-01T17:01:56 IST" name="openApp" finished-at="2023-03-01T17:02:00 IST" duration-ms="3643" status="PASS">
          <reporter-output>
          </reporter-output>
        </test-method> <!-- openApp -->
        <test-method signature="Recommanded_Industries()[pri:9, instance:CompanyScripts.compNetworks@20d28811]" started-at="2023-03-01T17:02:00 IST" name="Recommanded_Industries" finished-at="2023-03-01T17:02:12 IST" duration-ms="12842" status="PASS">
          <reporter-output>
          </reporter-output>
        </test-method> <!-- Recommanded_Industries -->
        <test-method is-config="true" signature="closeApp(org.testng.ITestResult)[pri:0, instance:CompanyScripts.compNetworks@20d28811]" started-at="2023-03-01T17:02:12 IST" name="closeApp" finished-at="2023-03-01T17:02:13 IST" duration-ms="331" status="PASS">
          <params>
            <param index="0">
              <value>
                <![CDATA[[TestResult name=Recommanded_Industries status=SUCCESS method=compNetworks.Recommanded_Industries()[pri:9, instance:CompanyScripts.compNetworks@20d28811] output={null}]]]>
              </value>
            </param>
          </params>
          <reporter-output>
          </reporter-output>
        </test-method> <!-- closeApp -->
        <test-method is-config="true" signature="openApp()[pri:0, instance:CompanyScripts.compNetworks@20d28811]" started-at="2023-03-01T17:02:13 IST" name="openApp" finished-at="2023-03-01T17:02:17 IST" duration-ms="3989" status="PASS">
          <reporter-output>
          </reporter-output>
        </test-method> <!-- openApp -->
        <test-method signature="RecInd_NewsFeed()[pri:10, instance:CompanyScripts.compNetworks@20d28811]" started-at="2023-03-01T17:02:17 IST" name="RecInd_NewsFeed" finished-at="2023-03-01T17:02:30 IST" duration-ms="13746" status="PASS">
          <reporter-output>
          </reporter-output>
        </test-method> <!-- RecInd_NewsFeed -->
        <test-method is-config="true" signature="closeApp(org.testng.ITestResult)[pri:0, instance:CompanyScripts.compNetworks@20d28811]" started-at="2023-03-01T17:02:30 IST" name="closeApp" finished-at="2023-03-01T17:02:31 IST" duration-ms="287" status="PASS">
          <params>
            <param index="0">
              <value>
                <![CDATA[[TestResult name=RecInd_NewsFeed status=SUCCESS method=compNetworks.RecInd_NewsFeed()[pri:10, instance:CompanyScripts.compNetworks@20d28811] output={null}]]]>
              </value>
            </param>
          </params>
          <reporter-output>
          </reporter-output>
        </test-method> <!-- closeApp -->
        <test-method is-config="true" signature="openApp()[pri:0, instance:CompanyScripts.compNetworks@20d28811]" started-at="2023-03-01T17:02:31 IST" name="openApp" finished-at="2023-03-01T17:02:34 IST" duration-ms="3275" status="PASS">
          <reporter-output>
          </reporter-output>
        </test-method> <!-- openApp -->
        <test-method signature="InviteBusiness()[pri:11, instance:CompanyScripts.compNetworks@20d28811]" started-at="2023-03-01T17:02:34 IST" name="InviteBusiness" finished-at="2023-03-01T17:02:43 IST" duration-ms="8708" status="PASS">
          <reporter-output>
          </reporter-output>
        </test-method> <!-- InviteBusiness -->
        <test-method is-config="true" signature="closeApp(org.testng.ITestResult)[pri:0, instance:CompanyScripts.compNetworks@20d28811]" started-at="2023-03-01T17:02:43 IST" name="closeApp" finished-at="2023-03-01T17:02:43 IST" duration-ms="279" status="PASS">
          <params>
            <param index="0">
              <value>
                <![CDATA[[TestResult name=InviteBusiness status=SUCCESS method=compNetworks.InviteBusiness()[pri:11, instance:CompanyScripts.compNetworks@20d28811] output={null}]]]>
              </value>
            </param>
          </params>
          <reporter-output>
          </reporter-output>
        </test-method> <!-- closeApp -->
        <test-method is-config="true" signature="openApp()[pri:0, instance:CompanyScripts.compNetworks@20d28811]" started-at="2023-03-01T17:02:43 IST" name="openApp" finished-at="2023-03-01T17:02:46 IST" duration-ms="3369" status="PASS">
          <reporter-output>
          </reporter-output>
        </test-method> <!-- openApp -->
        <test-method signature="WhatsApp_InviteBusiness()[pri:12, instance:CompanyScripts.compNetworks@20d28811]" started-at="2023-03-01T17:02:46 IST" name="WhatsApp_InviteBusiness" finished-at="2023-03-01T17:02:57 IST" duration-ms="10449" status="PASS">
          <reporter-output>
          </reporter-output>
        </test-method> <!-- WhatsApp_InviteBusiness -->
        <test-method is-config="true" signature="closeApp(org.testng.ITestResult)[pri:0, instance:CompanyScripts.compNetworks@20d28811]" started-at="2023-03-01T17:02:57 IST" name="closeApp" finished-at="2023-03-01T17:02:58 IST" duration-ms="1602" status="PASS">
          <params>
            <param index="0">
              <value>
                <![CDATA[[TestResult name=WhatsApp_InviteBusiness status=SUCCESS method=compNetworks.WhatsApp_InviteBusiness()[pri:12, instance:CompanyScripts.compNetworks@20d28811] output={null}]]]>
              </value>
            </param>
          </params>
          <reporter-output>
          </reporter-output>
        </test-method> <!-- closeApp -->
        <test-method is-config="true" signature="openApp()[pri:0, instance:CompanyScripts.compNetworks@20d28811]" started-at="2023-03-01T17:02:58 IST" name="openApp" finished-at="2023-03-01T17:03:02 IST" duration-ms="3443" status="PASS">
          <reporter-output>
          </reporter-output>
        </test-method> <!-- openApp -->
        <test-method signature="Facebook_InviteBusiness()[pri:13, instance:CompanyScripts.compNetworks@20d28811]" started-at="2023-03-01T17:03:02 IST" name="Facebook_InviteBusiness" finished-at="2023-03-01T17:03:12 IST" duration-ms="10418" status="PASS">
          <reporter-output>
          </reporter-output>
        </test-method> <!-- Facebook_InviteBusiness -->
        <test-method is-config="true" signature="closeApp(org.testng.ITestResult)[pri:0, instance:CompanyScripts.compNetworks@20d28811]" started-at="2023-03-01T17:03:12 IST" name="closeApp" finished-at="2023-03-01T17:03:13 IST" duration-ms="964" status="PASS">
          <params>
            <param index="0">
              <value>
                <![CDATA[[TestResult name=Facebook_InviteBusiness status=SUCCESS method=compNetworks.Facebook_InviteBusiness()[pri:13, instance:CompanyScripts.compNetworks@20d28811] output={null}]]]>
              </value>
            </param>
          </params>
          <reporter-output>
          </reporter-output>
        </test-method> <!-- closeApp -->
        <test-method is-config="true" signature="openApp()[pri:0, instance:CompanyScripts.compNetworks@20d28811]" started-at="2023-03-01T17:03:13 IST" name="openApp" finished-at="2023-03-01T17:03:17 IST" duration-ms="3584" status="PASS">
          <reporter-output>
          </reporter-output>
        </test-method> <!-- openApp -->
        <test-method signature="Twitter_InviteBusiness()[pri:14, instance:CompanyScripts.compNetworks@20d28811]" started-at="2023-03-01T17:03:17 IST" name="Twitter_InviteBusiness" finished-at="2023-03-01T17:03:27 IST" duration-ms="10231" status="PASS">
          <reporter-output>
          </reporter-output>
        </test-method> <!-- Twitter_InviteBusiness -->
        <test-method is-config="true" signature="closeApp(org.testng.ITestResult)[pri:0, instance:CompanyScripts.compNetworks@20d28811]" started-at="2023-03-01T17:03:27 IST" name="closeApp" finished-at="2023-03-01T17:03:28 IST" duration-ms="1166" status="PASS">
          <params>
            <param index="0">
              <value>
                <![CDATA[[TestResult name=Twitter_InviteBusiness status=SUCCESS method=compNetworks.Twitter_InviteBusiness()[pri:14, instance:CompanyScripts.compNetworks@20d28811] output={null}]]]>
              </value>
            </param>
          </params>
          <reporter-output>
          </reporter-output>
        </test-method> <!-- closeApp -->
        <test-method is-config="true" signature="openApp()[pri:0, instance:CompanyScripts.compNetworks@20d28811]" started-at="2023-03-01T17:03:28 IST" name="openApp" finished-at="2023-03-01T17:03:32 IST" duration-ms="3345" status="PASS">
          <reporter-output>
          </reporter-output>
        </test-method> <!-- openApp -->
        <test-method signature="Instagram_InviteBusiness()[pri:15, instance:CompanyScripts.compNetworks@20d28811]" started-at="2023-03-01T17:03:32 IST" name="Instagram_InviteBusiness" finished-at="2023-03-01T17:03:42 IST" duration-ms="10875" status="PASS">
          <reporter-output>
          </reporter-output>
        </test-method> <!-- Instagram_InviteBusiness -->
        <test-method is-config="true" signature="closeApp(org.testng.ITestResult)[pri:0, instance:CompanyScripts.compNetworks@20d28811]" started-at="2023-03-01T17:03:42 IST" name="closeApp" finished-at="2023-03-01T17:03:43 IST" duration-ms="772" status="PASS">
          <params>
            <param index="0">
              <value>
                <![CDATA[[TestResult name=Instagram_InviteBusiness status=SUCCESS method=compNetworks.Instagram_InviteBusiness()[pri:15, instance:CompanyScripts.compNetworks@20d28811] output={null}]]]>
              </value>
            </param>
          </params>
          <reporter-output>
          </reporter-output>
        </test-method> <!-- closeApp -->
        <test-method is-config="true" signature="openApp()[pri:0, instance:CompanyScripts.compNetworks@20d28811]" started-at="2023-03-01T17:03:43 IST" name="openApp" finished-at="2023-03-01T17:03:46 IST" duration-ms="3067" status="PASS">
          <reporter-output>
          </reporter-output>
        </test-method> <!-- openApp -->
        <test-method signature="Linkedin_InviteBusiness()[pri:16, instance:CompanyScripts.compNetworks@20d28811]" started-at="2023-03-01T17:03:46 IST" name="Linkedin_InviteBusiness" finished-at="2023-03-01T17:03:57 IST" duration-ms="10792" status="PASS">
          <reporter-output>
          </reporter-output>
        </test-method> <!-- Linkedin_InviteBusiness -->
        <test-method is-config="true" signature="closeApp(org.testng.ITestResult)[pri:0, instance:CompanyScripts.compNetworks@20d28811]" started-at="2023-03-01T17:03:57 IST" name="closeApp" finished-at="2023-03-01T17:03:58 IST" duration-ms="768" status="PASS">
          <params>
            <param index="0">
              <value>
                <![CDATA[[TestResult name=Linkedin_InviteBusiness status=SUCCESS method=compNetworks.Linkedin_InviteBusiness()[pri:16, instance:CompanyScripts.compNetworks@20d28811] output={null}]]]>
              </value>
            </param>
          </params>
          <reporter-output>
          </reporter-output>
        </test-method> <!-- closeApp -->
        <test-method is-config="true" signature="openApp()[pri:0, instance:CompanyScripts.compNetworks@20d28811]" started-at="2023-03-01T17:03:58 IST" name="openApp" finished-at="2023-03-01T17:04:01 IST" duration-ms="3302" status="PASS">
          <reporter-output>
          </reporter-output>
        </test-method> <!-- openApp -->
        <test-method signature="Telegram_InviteBusiness()[pri:17, instance:CompanyScripts.compNetworks@20d28811]" started-at="2023-03-01T17:04:01 IST" name="Telegram_InviteBusiness" finished-at="2023-03-01T17:04:13 IST" duration-ms="11459" status="PASS">
          <reporter-output>
          </reporter-output>
        </test-method> <!-- Telegram_InviteBusiness -->
        <test-method is-config="true" signature="closeApp(org.testng.ITestResult)[pri:0, instance:CompanyScripts.compNetworks@20d28811]" started-at="2023-03-01T17:04:13 IST" name="closeApp" finished-at="2023-03-01T17:04:13 IST" duration-ms="225" status="PASS">
          <params>
            <param index="0">
              <value>
                <![CDATA[[TestResult name=Telegram_InviteBusiness status=SUCCESS method=compNetworks.Telegram_InviteBusiness()[pri:17, instance:CompanyScripts.compNetworks@20d28811] output={null}]]]>
              </value>
            </param>
          </params>
          <reporter-output>
          </reporter-output>
        </test-method> <!-- closeApp -->
        <test-method is-config="true" signature="openApp()[pri:0, instance:CompanyScripts.compNetworks@20d28811]" started-at="2023-03-01T17:04:13 IST" name="openApp" finished-at="2023-03-01T17:04:17 IST" duration-ms="3887" status="PASS">
          <reporter-output>
          </reporter-output>
        </test-method> <!-- openApp -->
        <test-method signature="Gmail_InviteBusiness()[pri:18, instance:CompanyScripts.compNetworks@20d28811]" started-at="2023-03-01T17:04:17 IST" name="Gmail_InviteBusiness" finished-at="2023-03-01T17:04:30 IST" duration-ms="13010" status="PASS">
          <reporter-output>
          </reporter-output>
        </test-method> <!-- Gmail_InviteBusiness -->
        <test-method is-config="true" signature="closeApp(org.testng.ITestResult)[pri:0, instance:CompanyScripts.compNetworks@20d28811]" started-at="2023-03-01T17:04:30 IST" name="closeApp" finished-at="2023-03-01T17:04:30 IST" duration-ms="648" status="PASS">
          <params>
            <param index="0">
              <value>
                <![CDATA[[TestResult name=Gmail_InviteBusiness status=SUCCESS method=compNetworks.Gmail_InviteBusiness()[pri:18, instance:CompanyScripts.compNetworks@20d28811] output={null}]]]>
              </value>
            </param>
          </params>
          <reporter-output>
          </reporter-output>
        </test-method> <!-- closeApp -->
      </class> <!-- CompanyScripts.compNetworks -->
      <class name="CompanyScripts.compNewsFeed_Home">
        <test-method is-config="true" signature="openApp()[pri:0, instance:CompanyScripts.compNewsFeed_Home@3e92efc3]" started-at="2023-03-01T17:08:05 IST" name="openApp" finished-at="2023-03-01T17:08:08 IST" duration-ms="3775" status="PASS">
          <reporter-output>
          </reporter-output>
        </test-method> <!-- openApp -->
        <test-method signature="BookmaarkPost_Comment()[pri:0, instance:CompanyScripts.compNewsFeed_Home@3e92efc3]" started-at="2023-03-01T17:08:08 IST" name="BookmaarkPost_Comment" finished-at="2023-03-01T17:08:40 IST" duration-ms="31554" status="PASS">
          <reporter-output>
          </reporter-output>
        </test-method> <!-- BookmaarkPost_Comment -->
        <test-method is-config="true" signature="closeApp(org.testng.ITestResult)[pri:0, instance:CompanyScripts.compNewsFeed_Home@3e92efc3]" started-at="2023-03-01T17:08:40 IST" name="closeApp" finished-at="2023-03-01T17:08:40 IST" duration-ms="312" status="PASS">
          <params>
            <param index="0">
              <value>
                <![CDATA[[TestResult name=BookmaarkPost_Comment status=SUCCESS method=compNewsFeed_Home.BookmaarkPost_Comment()[pri:0, instance:CompanyScripts.compNewsFeed_Home@3e92efc3] output={null}]]]>
              </value>
            </param>
          </params>
          <reporter-output>
          </reporter-output>
        </test-method> <!-- closeApp -->
        <test-method is-config="true" signature="openApp()[pri:0, instance:CompanyScripts.compNewsFeed_Home@3e92efc3]" started-at="2023-03-01T17:08:40 IST" name="openApp" finished-at="2023-03-01T17:08:44 IST" duration-ms="3494" status="PASS">
          <reporter-output>
          </reporter-output>
        </test-method> <!-- openApp -->
        <test-method signature="Edit_Post()[pri:0, instance:CompanyScripts.compNewsFeed_Home@3e92efc3]" started-at="2023-03-01T17:08:44 IST" name="Edit_Post" finished-at="2023-03-01T17:08:54 IST" duration-ms="10541" status="PASS">
          <reporter-output>
          </reporter-output>
        </test-method> <!-- Edit_Post -->
        <test-method is-config="true" signature="closeApp(org.testng.ITestResult)[pri:0, instance:CompanyScripts.compNewsFeed_Home@3e92efc3]" started-at="2023-03-01T17:08:54 IST" name="closeApp" finished-at="2023-03-01T17:08:55 IST" duration-ms="417" status="PASS">
          <params>
            <param index="0">
              <value>
                <![CDATA[[TestResult name=Edit_Post status=SUCCESS method=compNewsFeed_Home.Edit_Post()[pri:0, instance:CompanyScripts.compNewsFeed_Home@3e92efc3] output={null}]]]>
              </value>
            </param>
          </params>
          <reporter-output>
          </reporter-output>
        </test-method> <!-- closeApp -->
        <test-method is-config="true" signature="openApp()[pri:0, instance:CompanyScripts.compNewsFeed_Home@3e92efc3]" started-at="2023-03-01T17:08:55 IST" name="openApp" finished-at="2023-03-01T17:08:58 IST" duration-ms="3508" status="PASS">
          <reporter-output>
          </reporter-output>
        </test-method> <!-- openApp -->
        <test-method signature="Delete_Post()[pri:3, instance:CompanyScripts.compNewsFeed_Home@3e92efc3]" started-at="2023-03-01T17:08:58 IST" name="Delete_Post" finished-at="2023-03-01T17:09:12 IST" duration-ms="13329" status="PASS">
          <reporter-output>
          </reporter-output>
        </test-method> <!-- Delete_Post -->
        <test-method is-config="true" signature="closeApp(org.testng.ITestResult)[pri:0, instance:CompanyScripts.compNewsFeed_Home@3e92efc3]" started-at="2023-03-01T17:09:12 IST" name="closeApp" finished-at="2023-03-01T17:09:12 IST" duration-ms="661" status="PASS">
          <params>
            <param index="0">
              <value>
                <![CDATA[[TestResult name=Delete_Post status=SUCCESS method=compNewsFeed_Home.Delete_Post()[pri:3, instance:CompanyScripts.compNewsFeed_Home@3e92efc3] output={null}]]]>
              </value>
            </param>
          </params>
          <reporter-output>
          </reporter-output>
        </test-method> <!-- closeApp -->
        <test-method is-config="true" signature="openApp()[pri:0, instance:CompanyScripts.compNewsFeed_Home@3e92efc3]" started-at="2023-03-01T17:09:12 IST" name="openApp" finished-at="2023-03-01T17:09:16 IST" duration-ms="3362" status="PASS">
          <reporter-output>
          </reporter-output>
        </test-method> <!-- openApp -->
        <test-method signature="Add_to_bookmark()[pri:4, instance:CompanyScripts.compNewsFeed_Home@3e92efc3]" started-at="2023-03-01T17:09:16 IST" name="Add_to_bookmark" finished-at="2023-03-01T17:09:28 IST" duration-ms="12380" status="PASS">
          <reporter-output>
          </reporter-output>
        </test-method> <!-- Add_to_bookmark -->
        <test-method is-config="true" signature="closeApp(org.testng.ITestResult)[pri:0, instance:CompanyScripts.compNewsFeed_Home@3e92efc3]" started-at="2023-03-01T17:09:28 IST" name="closeApp" finished-at="2023-03-01T17:09:28 IST" duration-ms="327" status="PASS">
          <params>
            <param index="0">
              <value>
                <![CDATA[[TestResult name=Add_to_bookmark status=SUCCESS method=compNewsFeed_Home.Add_to_bookmark()[pri:4, instance:CompanyScripts.compNewsFeed_Home@3e92efc3] output={null}]]]>
              </value>
            </param>
          </params>
          <reporter-output>
          </reporter-output>
        </test-method> <!-- closeApp -->
        <test-method is-config="true" signature="openApp()[pri:0, instance:CompanyScripts.compNewsFeed_Home@3e92efc3]" started-at="2023-03-01T17:09:28 IST" name="openApp" finished-at="2023-03-01T17:09:32 IST" duration-ms="3558" status="PASS">
          <reporter-output>
          </reporter-output>
        </test-method> <!-- openApp -->
        <test-method signature="searchFeedwithCompany()[pri:5, instance:CompanyScripts.compNewsFeed_Home@3e92efc3]" started-at="2023-03-01T17:09:32 IST" name="searchFeedwithCompany" finished-at="2023-03-01T17:09:43 IST" duration-ms="10993" status="PASS">
          <reporter-output>
          </reporter-output>
        </test-method> <!-- searchFeedwithCompany -->
        <test-method is-config="true" signature="closeApp(org.testng.ITestResult)[pri:0, instance:CompanyScripts.compNewsFeed_Home@3e92efc3]" started-at="2023-03-01T17:09:43 IST" name="closeApp" finished-at="2023-03-01T17:09:44 IST" duration-ms="1181" status="PASS">
          <params>
            <param index="0">
              <value>
                <![CDATA[[TestResult name=searchFeedwithCompany status=SUCCESS method=compNewsFeed_Home.searchFeedwithCompany()[pri:5, instance:CompanyScripts.compNewsFeed_Home@3e92efc3] output={null}]]]>
              </value>
            </param>
          </params>
          <reporter-output>
          </reporter-output>
        </test-method> <!-- closeApp -->
        <test-method is-config="true" signature="openApp()[pri:0, instance:CompanyScripts.compNewsFeed_Home@3e92efc3]" started-at="2023-03-01T17:09:44 IST" name="openApp" finished-at="2023-03-01T17:09:48 IST" duration-ms="3550" status="PASS">
          <reporter-output>
          </reporter-output>
        </test-method> <!-- openApp -->
        <test-method signature="BookmaarkPost_Like()[pri:13, instance:CompanyScripts.compNewsFeed_Home@3e92efc3]" started-at="2023-03-01T17:09:48 IST" name="BookmaarkPost_Like" finished-at="2023-03-01T17:10:08 IST" duration-ms="20297" status="PASS">
          <reporter-output>
          </reporter-output>
        </test-method> <!-- BookmaarkPost_Like -->
        <test-method is-config="true" signature="closeApp(org.testng.ITestResult)[pri:0, instance:CompanyScripts.compNewsFeed_Home@3e92efc3]" started-at="2023-03-01T17:10:08 IST" name="closeApp" finished-at="2023-03-01T17:10:08 IST" duration-ms="476" status="PASS">
          <params>
            <param index="0">
              <value>
                <![CDATA[[TestResult name=BookmaarkPost_Like status=SUCCESS method=compNewsFeed_Home.BookmaarkPost_Like()[pri:13, instance:CompanyScripts.compNewsFeed_Home@3e92efc3] output={null}]]]>
              </value>
            </param>
          </params>
          <reporter-output>
          </reporter-output>
        </test-method> <!-- closeApp -->
        <test-method is-config="true" signature="openApp()[pri:0, instance:CompanyScripts.compNewsFeed_Home@3e92efc3]" started-at="2023-03-01T17:10:08 IST" name="openApp" finished-at="2023-03-01T17:10:12 IST" duration-ms="3553" status="PASS">
          <reporter-output>
          </reporter-output>
        </test-method> <!-- openApp -->
        <test-method signature="BookmaarkPost_share()[pri:15, instance:CompanyScripts.compNewsFeed_Home@3e92efc3]" started-at="2023-03-01T17:10:12 IST" name="BookmaarkPost_share" finished-at="2023-03-01T17:10:37 IST" duration-ms="25151" status="PASS">
          <reporter-output>
          </reporter-output>
        </test-method> <!-- BookmaarkPost_share -->
        <test-method is-config="true" signature="closeApp(org.testng.ITestResult)[pri:0, instance:CompanyScripts.compNewsFeed_Home@3e92efc3]" started-at="2023-03-01T17:10:37 IST" name="closeApp" finished-at="2023-03-01T17:10:37 IST" duration-ms="356" status="PASS">
          <params>
            <param index="0">
              <value>
                <![CDATA[[TestResult name=BookmaarkPost_share status=SUCCESS method=compNewsFeed_Home.BookmaarkPost_share()[pri:15, instance:CompanyScripts.compNewsFeed_Home@3e92efc3] output={null}]]]>
              </value>
            </param>
          </params>
          <reporter-output>
          </reporter-output>
        </test-method> <!-- closeApp -->
        <test-method is-config="true" signature="openApp()[pri:0, instance:CompanyScripts.compNewsFeed_Home@3e92efc3]" started-at="2023-03-01T17:10:37 IST" name="openApp" finished-at="2023-03-01T17:10:41 IST" duration-ms="3387" status="PASS">
          <reporter-output>
          </reporter-output>
        </test-method> <!-- openApp -->
        <test-method signature="ScrollFeedUntilLoadmore()[pri:16, instance:CompanyScripts.compNewsFeed_Home@3e92efc3]" started-at="2023-03-01T17:10:41 IST" name="ScrollFeedUntilLoadmore" finished-at="2023-03-01T17:10:48 IST" duration-ms="7694" status="PASS">
          <reporter-output>
          </reporter-output>
        </test-method> <!-- ScrollFeedUntilLoadmore -->
        <test-method is-config="true" signature="closeApp(org.testng.ITestResult)[pri:0, instance:CompanyScripts.compNewsFeed_Home@3e92efc3]" started-at="2023-03-01T17:10:48 IST" name="closeApp" finished-at="2023-03-01T17:10:49 IST" duration-ms="453" status="PASS">
          <params>
            <param index="0">
              <value>
                <![CDATA[[TestResult name=ScrollFeedUntilLoadmore status=SUCCESS method=compNewsFeed_Home.ScrollFeedUntilLoadmore()[pri:16, instance:CompanyScripts.compNewsFeed_Home@3e92efc3] output={null}]]]>
              </value>
            </param>
          </params>
          <reporter-output>
          </reporter-output>
        </test-method> <!-- closeApp -->
        <test-method is-config="true" signature="openApp()[pri:0, instance:CompanyScripts.compNewsFeed_Home@3e92efc3]" started-at="2023-03-01T17:10:49 IST" name="openApp" finished-at="2023-03-01T17:10:52 IST" duration-ms="3442" status="PASS">
          <reporter-output>
          </reporter-output>
        </test-method> <!-- openApp -->
        <test-method signature="LikeAndShareFeedPost()[pri:17, instance:CompanyScripts.compNewsFeed_Home@3e92efc3]" started-at="2023-03-01T17:10:52 IST" name="LikeAndShareFeedPost" finished-at="2023-03-01T17:11:14 IST" duration-ms="22022" status="PASS">
          <reporter-output>
          </reporter-output>
        </test-method> <!-- LikeAndShareFeedPost -->
        <test-method is-config="true" signature="closeApp(org.testng.ITestResult)[pri:0, instance:CompanyScripts.compNewsFeed_Home@3e92efc3]" started-at="2023-03-01T17:11:14 IST" name="closeApp" finished-at="2023-03-01T17:11:15 IST" duration-ms="362" status="PASS">
          <params>
            <param index="0">
              <value>
                <![CDATA[[TestResult name=LikeAndShareFeedPost status=SUCCESS method=compNewsFeed_Home.LikeAndShareFeedPost()[pri:17, instance:CompanyScripts.compNewsFeed_Home@3e92efc3] output={null}]]]>
              </value>
            </param>
          </params>
          <reporter-output>
          </reporter-output>
        </test-method> <!-- closeApp -->
        <test-method is-config="true" signature="openApp()[pri:0, instance:CompanyScripts.compNewsFeed_Home@3e92efc3]" started-at="2023-03-01T17:11:15 IST" name="openApp" finished-at="2023-03-01T17:11:18 IST" duration-ms="3570" status="PASS">
          <reporter-output>
          </reporter-output>
        </test-method> <!-- openApp -->
        <test-method signature="Play_Posted_Video()[pri:18, instance:CompanyScripts.compNewsFeed_Home@3e92efc3]" started-at="2023-03-01T17:11:18 IST" name="Play_Posted_Video" finished-at="2023-03-01T17:11:36 IST" duration-ms="17321" status="PASS">
          <reporter-output>
          </reporter-output>
        </test-method> <!-- Play_Posted_Video -->
        <test-method is-config="true" signature="closeApp(org.testng.ITestResult)[pri:0, instance:CompanyScripts.compNewsFeed_Home@3e92efc3]" started-at="2023-03-01T17:11:36 IST" name="closeApp" finished-at="2023-03-01T17:11:36 IST" duration-ms="425" status="PASS">
          <params>
            <param index="0">
              <value>
                <![CDATA[[TestResult name=Play_Posted_Video status=SUCCESS method=compNewsFeed_Home.Play_Posted_Video()[pri:18, instance:CompanyScripts.compNewsFeed_Home@3e92efc3] output={null}]]]>
              </value>
            </param>
          </params>
          <reporter-output>
          </reporter-output>
        </test-method> <!-- closeApp -->
      </class> <!-- CompanyScripts.compNewsFeed_Home -->
    </test> <!-- Test -->
  </suite> <!-- Suite -->
</testng-results>
