<?xml version="1.0" encoding="UTF-8"?>
<testng-results ignored="0" total="11" passed="11" failed="0" skipped="0">
  <reporter-output>
  </reporter-output>
  <suite started-at="2023-03-10T17:56:38 IST" name="Suite" finished-at="2023-03-10T17:59:17 IST" duration-ms="158877">
    <groups>
    </groups>
    <test started-at="2023-03-10T17:56:38 IST" name="Test" finished-at="2023-03-10T17:59:17 IST" duration-ms="158877">
      <class name="CompanyScripts.resourcesScripts">
        <test-method is-config="true" signature="openApp()[pri:0, instance:CompanyScripts.resourcesScripts@6193932a]" started-at="2023-03-10T17:56:39 IST" name="openApp" finished-at="2023-03-10T17:56:44 IST" duration-ms="5939" status="PASS">
          <reporter-output>
          </reporter-output>
        </test-method> <!-- openApp -->
        <test-method signature="ResourcesPage()[pri:1, instance:CompanyScripts.resourcesScripts@6193932a]" started-at="2023-03-10T17:56:44 IST" name="ResourcesPage" finished-at="2023-03-10T17:56:49 IST" duration-ms="4025" status="PASS">
          <reporter-output>
          </reporter-output>
        </test-method> <!-- ResourcesPage -->
        <test-method is-config="true" signature="closeApp(org.testng.ITestResult)[pri:0, instance:CompanyScripts.resourcesScripts@6193932a]" started-at="2023-03-10T17:56:49 IST" name="closeApp" finished-at="2023-03-10T17:56:49 IST" duration-ms="363" status="PASS">
          <params>
            <param index="0">
              <value>
                <![CDATA[[TestResult name=ResourcesPage status=SUCCESS method=resourcesScripts.ResourcesPage()[pri:1, instance:CompanyScripts.resourcesScripts@6193932a] output={null}]]]>
              </value>
            </param>
          </params>
          <reporter-output>
          </reporter-output>
        </test-method> <!-- closeApp -->
        <test-method is-config="true" signature="openApp()[pri:0, instance:CompanyScripts.resourcesScripts@6193932a]" started-at="2023-03-10T17:56:49 IST" name="openApp" finished-at="2023-03-10T17:56:53 IST" duration-ms="4382" status="PASS">
          <reporter-output>
          </reporter-output>
        </test-method> <!-- openApp -->
        <test-method signature="Create_Category()[pri:2, instance:CompanyScripts.resourcesScripts@6193932a]" started-at="2023-03-10T17:56:53 IST" name="Create_Category" finished-at="2023-03-10T17:57:03 IST" duration-ms="9528" status="PASS">
          <reporter-output>
          </reporter-output>
        </test-method> <!-- Create_Category -->
        <test-method is-config="true" signature="closeApp(org.testng.ITestResult)[pri:0, instance:CompanyScripts.resourcesScripts@6193932a]" started-at="2023-03-10T17:57:03 IST" name="closeApp" finished-at="2023-03-10T17:57:03 IST" duration-ms="603" status="PASS">
          <params>
            <param index="0">
              <value>
                <![CDATA[[TestResult name=Create_Category status=SUCCESS method=resourcesScripts.Create_Category()[pri:2, instance:CompanyScripts.resourcesScripts@6193932a] output={null}]]]>
              </value>
            </param>
          </params>
          <reporter-output>
          </reporter-output>
        </test-method> <!-- closeApp -->
        <test-method is-config="true" signature="openApp()[pri:0, instance:CompanyScripts.resourcesScripts@6193932a]" started-at="2023-03-10T17:57:03 IST" name="openApp" finished-at="2023-03-10T17:57:08 IST" duration-ms="4305" status="PASS">
          <reporter-output>
          </reporter-output>
        </test-method> <!-- openApp -->
        <test-method signature="Update_Category()[pri:3, instance:CompanyScripts.resourcesScripts@6193932a]" started-at="2023-03-10T17:57:08 IST" name="Update_Category" finished-at="2023-03-10T17:57:19 IST" duration-ms="10910" status="PASS">
          <reporter-output>
          </reporter-output>
        </test-method> <!-- Update_Category -->
        <test-method is-config="true" signature="closeApp(org.testng.ITestResult)[pri:0, instance:CompanyScripts.resourcesScripts@6193932a]" started-at="2023-03-10T17:57:19 IST" name="closeApp" finished-at="2023-03-10T17:57:19 IST" duration-ms="466" status="PASS">
          <params>
            <param index="0">
              <value>
                <![CDATA[[TestResult name=Update_Category status=SUCCESS method=resourcesScripts.Update_Category()[pri:3, instance:CompanyScripts.resourcesScripts@6193932a] output={null}]]]>
              </value>
            </param>
          </params>
          <reporter-output>
          </reporter-output>
        </test-method> <!-- closeApp -->
        <test-method is-config="true" signature="openApp()[pri:0, instance:CompanyScripts.resourcesScripts@6193932a]" started-at="2023-03-10T17:57:19 IST" name="openApp" finished-at="2023-03-10T17:57:23 IST" duration-ms="3836" status="PASS">
          <reporter-output>
          </reporter-output>
        </test-method> <!-- openApp -->
        <test-method signature="Delete_Category()[pri:4, instance:CompanyScripts.resourcesScripts@6193932a]" started-at="2023-03-10T17:57:23 IST" name="Delete_Category" finished-at="2023-03-10T17:57:31 IST" duration-ms="7881" status="PASS">
          <reporter-output>
          </reporter-output>
        </test-method> <!-- Delete_Category -->
        <test-method is-config="true" signature="closeApp(org.testng.ITestResult)[pri:0, instance:CompanyScripts.resourcesScripts@6193932a]" started-at="2023-03-10T17:57:31 IST" name="closeApp" finished-at="2023-03-10T17:57:32 IST" duration-ms="1194" status="PASS">
          <params>
            <param index="0">
              <value>
                <![CDATA[[TestResult name=Delete_Category status=SUCCESS method=resourcesScripts.Delete_Category()[pri:4, instance:CompanyScripts.resourcesScripts@6193932a] output={null}]]]>
              </value>
            </param>
          </params>
          <reporter-output>
          </reporter-output>
        </test-method> <!-- closeApp -->
        <test-method is-config="true" signature="openApp()[pri:0, instance:CompanyScripts.resourcesScripts@6193932a]" started-at="2023-03-10T17:57:32 IST" name="openApp" finished-at="2023-03-10T17:57:36 IST" duration-ms="3721" status="PASS">
          <reporter-output>
          </reporter-output>
        </test-method> <!-- openApp -->
        <test-method signature="Create_category()[pri:5, instance:CompanyScripts.resourcesScripts@6193932a]" started-at="2023-03-10T17:57:36 IST" name="Create_category" finished-at="2023-03-10T17:57:44 IST" duration-ms="8066" status="PASS">
          <reporter-output>
          </reporter-output>
        </test-method> <!-- Create_category -->
        <test-method is-config="true" signature="closeApp(org.testng.ITestResult)[pri:0, instance:CompanyScripts.resourcesScripts@6193932a]" started-at="2023-03-10T17:57:44 IST" name="closeApp" finished-at="2023-03-10T17:57:44 IST" duration-ms="370" status="PASS">
          <params>
            <param index="0">
              <value>
                <![CDATA[[TestResult name=Create_category status=SUCCESS method=resourcesScripts.Create_category()[pri:5, instance:CompanyScripts.resourcesScripts@6193932a] output={null}]]]>
              </value>
            </param>
          </params>
          <reporter-output>
          </reporter-output>
        </test-method> <!-- closeApp -->
        <test-method is-config="true" signature="openApp()[pri:0, instance:CompanyScripts.resourcesScripts@6193932a]" started-at="2023-03-10T17:57:44 IST" name="openApp" finished-at="2023-03-10T17:57:48 IST" duration-ms="4248" status="PASS">
          <reporter-output>
          </reporter-output>
        </test-method> <!-- openApp -->
        <test-method signature="CreateSub_Category()[pri:6, instance:CompanyScripts.resourcesScripts@6193932a]" started-at="2023-03-10T17:57:48 IST" name="CreateSub_Category" finished-at="2023-03-10T17:58:00 IST" duration-ms="11510" status="PASS">
          <reporter-output>
          </reporter-output>
        </test-method> <!-- CreateSub_Category -->
        <test-method is-config="true" signature="closeApp(org.testng.ITestResult)[pri:0, instance:CompanyScripts.resourcesScripts@6193932a]" started-at="2023-03-10T17:58:00 IST" name="closeApp" finished-at="2023-03-10T17:58:01 IST" duration-ms="887" status="PASS">
          <params>
            <param index="0">
              <value>
                <![CDATA[[TestResult name=CreateSub_Category status=SUCCESS method=resourcesScripts.CreateSub_Category()[pri:6, instance:CompanyScripts.resourcesScripts@6193932a] output={null}]]]>
              </value>
            </param>
          </params>
          <reporter-output>
          </reporter-output>
        </test-method> <!-- closeApp -->
        <test-method is-config="true" signature="openApp()[pri:0, instance:CompanyScripts.resourcesScripts@6193932a]" started-at="2023-03-10T17:58:01 IST" name="openApp" finished-at="2023-03-10T17:58:05 IST" duration-ms="3851" status="PASS">
          <reporter-output>
          </reporter-output>
        </test-method> <!-- openApp -->
        <test-method signature="Create_Content()[pri:7, instance:CompanyScripts.resourcesScripts@6193932a]" started-at="2023-03-10T17:58:05 IST" name="Create_Content" finished-at="2023-03-10T17:58:28 IST" duration-ms="23128" status="PASS">
          <reporter-output>
          </reporter-output>
        </test-method> <!-- Create_Content -->
        <test-method is-config="true" signature="closeApp(org.testng.ITestResult)[pri:0, instance:CompanyScripts.resourcesScripts@6193932a]" started-at="2023-03-10T17:58:28 IST" name="closeApp" finished-at="2023-03-10T17:58:28 IST" duration-ms="367" status="PASS">
          <params>
            <param index="0">
              <value>
                <![CDATA[[TestResult name=Create_Content status=SUCCESS method=resourcesScripts.Create_Content()[pri:7, instance:CompanyScripts.resourcesScripts@6193932a] output={null}]]]>
              </value>
            </param>
          </params>
          <reporter-output>
          </reporter-output>
        </test-method> <!-- closeApp -->
        <test-method is-config="true" signature="openApp()[pri:0, instance:CompanyScripts.resourcesScripts@6193932a]" started-at="2023-03-10T17:58:28 IST" name="openApp" finished-at="2023-03-10T17:58:32 IST" duration-ms="3997" status="PASS">
          <reporter-output>
          </reporter-output>
        </test-method> <!-- openApp -->
        <test-method signature="Delete_Content()[pri:8, instance:CompanyScripts.resourcesScripts@6193932a]" started-at="2023-03-10T17:58:32 IST" name="Delete_Content" finished-at="2023-03-10T17:58:48 IST" duration-ms="15476" status="PASS">
          <reporter-output>
          </reporter-output>
        </test-method> <!-- Delete_Content -->
        <test-method is-config="true" signature="closeApp(org.testng.ITestResult)[pri:0, instance:CompanyScripts.resourcesScripts@6193932a]" started-at="2023-03-10T17:58:48 IST" name="closeApp" finished-at="2023-03-10T17:58:48 IST" duration-ms="321" status="PASS">
          <params>
            <param index="0">
              <value>
                <![CDATA[[TestResult name=Delete_Content status=SUCCESS method=resourcesScripts.Delete_Content()[pri:8, instance:CompanyScripts.resourcesScripts@6193932a] output={null}]]]>
              </value>
            </param>
          </params>
          <reporter-output>
          </reporter-output>
        </test-method> <!-- closeApp -->
        <test-method is-config="true" signature="openApp()[pri:0, instance:CompanyScripts.resourcesScripts@6193932a]" started-at="2023-03-10T17:58:48 IST" name="openApp" finished-at="2023-03-10T17:58:52 IST" duration-ms="4430" status="PASS">
          <reporter-output>
          </reporter-output>
        </test-method> <!-- openApp -->
        <test-method signature="AllFilter()[pri:10, instance:CompanyScripts.resourcesScripts@6193932a]" started-at="2023-03-10T17:58:52 IST" name="AllFilter" finished-at="2023-03-10T17:58:59 IST" duration-ms="6448" status="PASS">
          <reporter-output>
          </reporter-output>
        </test-method> <!-- AllFilter -->
        <test-method is-config="true" signature="closeApp(org.testng.ITestResult)[pri:0, instance:CompanyScripts.resourcesScripts@6193932a]" started-at="2023-03-10T17:58:59 IST" name="closeApp" finished-at="2023-03-10T17:58:59 IST" duration-ms="297" status="PASS">
          <params>
            <param index="0">
              <value>
                <![CDATA[[TestResult name=AllFilter status=SUCCESS method=resourcesScripts.AllFilter()[pri:10, instance:CompanyScripts.resourcesScripts@6193932a] output={null}]]]>
              </value>
            </param>
          </params>
          <reporter-output>
          </reporter-output>
        </test-method> <!-- closeApp -->
        <test-method is-config="true" signature="openApp()[pri:0, instance:CompanyScripts.resourcesScripts@6193932a]" started-at="2023-03-10T17:58:59 IST" name="openApp" finished-at="2023-03-10T17:59:03 IST" duration-ms="3578" status="PASS">
          <reporter-output>
          </reporter-output>
        </test-method> <!-- openApp -->
        <test-method signature="EnabledFilter()[pri:11, instance:CompanyScripts.resourcesScripts@6193932a]" started-at="2023-03-10T17:59:03 IST" name="EnabledFilter" finished-at="2023-03-10T17:59:08 IST" duration-ms="5202" status="PASS">
          <reporter-output>
          </reporter-output>
        </test-method> <!-- EnabledFilter -->
        <test-method is-config="true" signature="closeApp(org.testng.ITestResult)[pri:0, instance:CompanyScripts.resourcesScripts@6193932a]" started-at="2023-03-10T17:59:08 IST" name="closeApp" finished-at="2023-03-10T17:59:08 IST" duration-ms="260" status="PASS">
          <params>
            <param index="0">
              <value>
                <![CDATA[[TestResult name=EnabledFilter status=SUCCESS method=resourcesScripts.EnabledFilter()[pri:11, instance:CompanyScripts.resourcesScripts@6193932a] output={null}]]]>
              </value>
            </param>
          </params>
          <reporter-output>
          </reporter-output>
        </test-method> <!-- closeApp -->
        <test-method is-config="true" signature="openApp()[pri:0, instance:CompanyScripts.resourcesScripts@6193932a]" started-at="2023-03-10T17:59:08 IST" name="openApp" finished-at="2023-03-10T17:59:12 IST" duration-ms="3609" status="PASS">
          <reporter-output>
          </reporter-output>
        </test-method> <!-- openApp -->
        <test-method signature="DisableFilter()[pri:12, instance:CompanyScripts.resourcesScripts@6193932a]" started-at="2023-03-10T17:59:12 IST" name="DisableFilter" finished-at="2023-03-10T17:59:17 IST" duration-ms="5312" status="PASS">
          <reporter-output>
          </reporter-output>
        </test-method> <!-- DisableFilter -->
        <test-method is-config="true" signature="closeApp(org.testng.ITestResult)[pri:0, instance:CompanyScripts.resourcesScripts@6193932a]" started-at="2023-03-10T17:59:17 IST" name="closeApp" finished-at="2023-03-10T17:59:17 IST" duration-ms="286" status="PASS">
          <params>
            <param index="0">
              <value>
                <![CDATA[[TestResult name=DisableFilter status=SUCCESS method=resourcesScripts.DisableFilter()[pri:12, instance:CompanyScripts.resourcesScripts@6193932a] output={null}]]]>
              </value>
            </param>
          </params>
          <reporter-output>
          </reporter-output>
        </test-method> <!-- closeApp -->
      </class> <!-- CompanyScripts.resourcesScripts -->
    </test> <!-- Test -->
  </suite> <!-- Suite -->
</testng-results>
